---------------------------------------------------------------
[2020-09-22T11:09:04+08:00] 39.99.138.33 GET pingshen.hbhb.vip/
[运行时间：0.025532s] [吞吐率：39.17req/s] [内存消耗：2,225.15kb] [文件加载：75]
[ info ] [ LANG ] /www/wwwroot/pingshen/thinkphp/lang/zh-cn.php
[ info ] [ LANG ] /www/wwwroot/pingshen/application/admin//lang/zh-cn.php
[ info ] [ ROUTE ] array (
)
[ info ] [ HEADER ] array (
  'host' => 'pingshen.hbhb.vip',
  'connection' => 'close',
  'accept' => '*/*',
  'accept-encoding' => 'gzip;q=1.0,deflate;q=0.6,identity;q=0.3',
  'user-agent' => 'WhatWeb/0.4.8-dev',
  'content-type' => '',
  'content-length' => '',
)
[ info ] [ PARAM ] array (
)
---------------------------------------------------------------
[2020-09-22T11:09:04+08:00] 39.99.138.33 GET pingshen.hbhb.vip/elm/public/
[运行时间：0.034143s] [吞吐率：29.29req/s] [内存消耗：2,116.87kb] [文件加载：69]
[ info ] [ LANG ] /www/wwwroot/pingshen/thinkphp/lang/zh-cn.php
[ info ] [ ROUTE ] array (
)
[ info ] [ HEADER ] array (
  'host' => 'pingshen.hbhb.vip',
  'connection' => 'close',
  'accept' => '*/*',
  'accept-encoding' => 'gzip;q=1.0,deflate;q=0.6,identity;q=0.3',
  'user-agent' => 'WhatWeb/0.4.8-dev',
  'content-type' => '',
  'content-length' => '',
)
[ info ] [ PARAM ] array (
)
---------------------------------------------------------------
[2020-09-22T11:09:04+08:00] 39.99.138.33 GET pingshen.hbhb.vip/
[运行时间：0.024053s] [吞吐率：41.57req/s] [内存消耗：2,225.15kb] [文件加载：75]
[ info ] [ LANG ] /www/wwwroot/pingshen/thinkphp/lang/zh-cn.php
[ info ] [ LANG ] /www/wwwroot/pingshen/application/admin//lang/zh-cn.php
[ info ] [ ROUTE ] array (
)
[ info ] [ HEADER ] array (
  'host' => 'pingshen.hbhb.vip',
  'connection' => 'close',
  'accept' => '*/*',
  'accept-encoding' => 'gzip;q=1.0,deflate;q=0.6,identity;q=0.3',
  'user-agent' => 'WhatWeb/0.4.8-dev',
  'content-type' => '',
  'content-length' => '',
)
[ info ] [ PARAM ] array (
)
---------------------------------------------------------------
[2020-09-22T11:09:04+08:00] 39.99.138.33 GET pingshen.hbhb.vip/
[运行时间：0.023786s] [吞吐率：42.04req/s] [内存消耗：2,225.15kb] [文件加载：75]
[ info ] [ LANG ] /www/wwwroot/pingshen/thinkphp/lang/zh-cn.php
[ info ] [ LANG ] /www/wwwroot/pingshen/application/admin//lang/zh-cn.php
[ info ] [ ROUTE ] array (
)
[ info ] [ HEADER ] array (
  'host' => 'pingshen.hbhb.vip',
  'connection' => 'close',
  'accept' => '*/*',
  'accept-encoding' => 'gzip;q=1.0,deflate;q=0.6,identity;q=0.3',
  'user-agent' => 'WhatWeb/0.4.8-dev',
  'content-type' => '',
  'content-length' => '',
)
[ info ] [ PARAM ] array (
)
---------------------------------------------------------------
[2020-09-22T11:09:05+08:00] 39.99.138.33 GET pingshen.hbhb.vip/eng/js/lang_en_us.js
[运行时间：0.024533s] [吞吐率：40.76req/s] [内存消耗：2,116.63kb] [文件加载：69]
[ info ] [ LANG ] /www/wwwroot/pingshen/thinkphp/lang/zh-cn.php
[ info ] [ ROUTE ] array (
)
[ info ] [ HEADER ] array (
  'host' => 'pingshen.hbhb.vip',
  'user-agent' => 'Ruby',
  'accept' => '*/*',
  'accept-encoding' => 'gzip;q=1.0,deflate;q=0.6,identity;q=0.3',
  'content-type' => '',
  'content-length' => '',
)
[ info ] [ PARAM ] array (
)
---------------------------------------------------------------
[2020-09-22T11:09:05+08:00] 39.99.138.33 GET pingshen.hbhb.vip/Public/home/js/5.js?a=qqqq
[运行时间：0.023366s] [吞吐率：42.80req/s] [内存消耗：2,117.52kb] [文件加载：69]
[ info ] [ LANG ] /www/wwwroot/pingshen/thinkphp/lang/zh-cn.php
[ info ] [ ROUTE ] array (
)
[ info ] [ HEADER ] array (
  'host' => 'pingshen.hbhb.vip',
  'connection' => 'close',
  'accept' => '*/*',
  'accept-encoding' => 'gzip;q=1.0,deflate;q=0.6,identity;q=0.3',
  'user-agent' => 'WhatWeb/0.4.8-dev',
  'content-type' => '',
  'content-length' => '',
)
[ info ] [ PARAM ] array (
  'a' => 'qqqq',
)
---------------------------------------------------------------
[2020-09-22T11:09:05+08:00] 39.99.138.33 GET pingshen.hbhb.vip/code/images/base.css
[运行时间：0.022614s] [吞吐率：44.22req/s] [内存消耗：2,116.87kb] [文件加载：69]
[ info ] [ LANG ] /www/wwwroot/pingshen/thinkphp/lang/zh-cn.php
[ info ] [ ROUTE ] array (
)
[ info ] [ HEADER ] array (
  'host' => 'pingshen.hbhb.vip',
  'connection' => 'close',
  'accept' => '*/*',
  'accept-encoding' => 'gzip;q=1.0,deflate;q=0.6,identity;q=0.3',
  'user-agent' => 'WhatWeb/0.4.8-dev',
  'content-type' => '',
  'content-length' => '',
)
[ info ] [ PARAM ] array (
)
---------------------------------------------------------------
[2020-09-22T11:09:05+08:00] 39.99.138.33 GET pingshen.hbhb.vip/cp1.html
[运行时间：0.024084s] [吞吐率：41.52req/s] [内存消耗：2,116.78kb] [文件加载：69]
[ info ] [ LANG ] /www/wwwroot/pingshen/thinkphp/lang/zh-cn.php
[ info ] [ ROUTE ] array (
)
[ info ] [ HEADER ] array (
  'host' => 'pingshen.hbhb.vip',
  'connection' => 'close',
  'accept' => '*/*',
  'accept-encoding' => 'gzip;q=1.0,deflate;q=0.6,identity;q=0.3',
  'user-agent' => 'WhatWeb/0.4.8-dev',
  'content-type' => '',
  'content-length' => '',
)
[ info ] [ PARAM ] array (
)
---------------------------------------------------------------
[2020-09-22T11:09:05+08:00] 39.99.138.33 GET pingshen.hbhb.vip/init.js
[运行时间：0.023789s] [吞吐率：42.04req/s] [内存消耗：2,116.74kb] [文件加载：69]
[ info ] [ LANG ] /www/wwwroot/pingshen/thinkphp/lang/zh-cn.php
[ info ] [ ROUTE ] array (
)
[ info ] [ HEADER ] array (
  'host' => 'pingshen.hbhb.vip',
  'connection' => 'close',
  'accept' => '*/*',
  'accept-encoding' => 'gzip;q=1.0,deflate;q=0.6,identity;q=0.3',
  'user-agent' => 'WhatWeb/0.4.8-dev',
  'content-type' => '',
  'content-length' => '',
)
[ info ] [ PARAM ] array (
)
---------------------------------------------------------------
[2020-09-22T11:09:05+08:00] 39.99.138.33 GET pingshen.hbhb.vip/manzfb
[运行时间：0.022800s] [吞吐率：43.86req/s] [内存消耗：2,116.74kb] [文件加载：69]
[ info ] [ LANG ] /www/wwwroot/pingshen/thinkphp/lang/zh-cn.php
[ info ] [ ROUTE ] array (
)
[ info ] [ HEADER ] array (
  'host' => 'pingshen.hbhb.vip',
  'connection' => 'close',
  'accept' => '*/*',
  'accept-encoding' => 'gzip;q=1.0,deflate;q=0.6,identity;q=0.3',
  'user-agent' => 'WhatWeb/0.4.8-dev',
  'content-type' => '',
  'content-length' => '',
)
[ info ] [ PARAM ] array (
)
---------------------------------------------------------------
[2020-09-22T11:09:05+08:00] 39.99.138.33 GET pingshen.hbhb.vip/Public/xx/ptlogin/zfb.png
[运行时间：0.023152s] [吞吐率：43.19req/s] [内存消耗：2,116.85kb] [文件加载：69]
[ info ] [ LANG ] /www/wwwroot/pingshen/thinkphp/lang/zh-cn.php
[ info ] [ ROUTE ] array (
)
[ info ] [ HEADER ] array (
  'host' => 'pingshen.hbhb.vip',
  'connection' => 'close',
  'accept' => '*/*',
  'accept-encoding' => 'gzip;q=1.0,deflate;q=0.6,identity;q=0.3',
  'user-agent' => 'WhatWeb/0.4.8-dev',
  'content-type' => '',
  'content-length' => '',
)
[ info ] [ PARAM ] array (
)
---------------------------------------------------------------
[2020-09-22T11:09:05+08:00] 39.99.138.33 GET pingshen.hbhb.vip/Index/zfb
[运行时间：0.023535s] [吞吐率：42.49req/s] [内存消耗：2,116.80kb] [文件加载：69]
[ info ] [ LANG ] /www/wwwroot/pingshen/thinkphp/lang/zh-cn.php
[ info ] [ ROUTE ] array (
)
[ info ] [ HEADER ] array (
  'host' => 'pingshen.hbhb.vip',
  'connection' => 'close',
  'accept' => '*/*',
  'accept-encoding' => 'gzip;q=1.0,deflate;q=0.6,identity;q=0.3',
  'user-agent' => 'WhatWeb/0.4.8-dev',
  'content-type' => '',
  'content-length' => '',
)
[ info ] [ PARAM ] array (
)
---------------------------------------------------------------
[2020-09-22T11:09:05+08:00] 39.99.138.33 GET pingshen.hbhb.vip/Index/zfb
[运行时间：0.021841s] [吞吐率：45.79req/s] [内存消耗：2,116.80kb] [文件加载：69]
[ info ] [ LANG ] /www/wwwroot/pingshen/thinkphp/lang/zh-cn.php
[ info ] [ ROUTE ] array (
)
[ info ] [ HEADER ] array (
  'host' => 'pingshen.hbhb.vip',
  'connection' => 'close',
  'accept' => '*/*',
  'accept-encoding' => 'gzip;q=1.0,deflate;q=0.6,identity;q=0.3',
  'user-agent' => 'WhatWeb/0.4.8-dev',
  'content-type' => '',
  'content-length' => '',
)
[ info ] [ PARAM ] array (
)
---------------------------------------------------------------
[2020-09-22T11:09:05+08:00] 39.99.138.33 GET pingshen.hbhb.vip/theme/6/OgPAgbONDiKhITIVYmdn.css
[运行时间：0.017361s] [吞吐率：57.60req/s] [内存消耗：1,661.91kb] [文件加载：57]
[ info ] [ LANG ] /www/wwwroot/pingshen/thinkphp/lang/zh-cn.php
---------------------------------------------------------------
[2020-09-22T11:09:06+08:00] 39.99.138.33 GET pingshen.hbhb.vip/htuer.png
[运行时间：0.022553s] [吞吐率：44.34req/s] [内存消耗：2,116.75kb] [文件加载：69]
[ info ] [ LANG ] /www/wwwroot/pingshen/thinkphp/lang/zh-cn.php
[ info ] [ ROUTE ] array (
)
[ info ] [ HEADER ] array (
  'host' => 'pingshen.hbhb.vip',
  'connection' => 'close',
  'accept' => '*/*',
  'accept-encoding' => 'gzip;q=1.0,deflate;q=0.6,identity;q=0.3',
  'user-agent' => 'WhatWeb/0.4.8-dev',
  'content-type' => '',
  'content-length' => '',
)
[ info ] [ PARAM ] array (
)
---------------------------------------------------------------
[2020-09-22T11:09:06+08:00] 39.99.138.33 GET pingshen.hbhb.vip/zz/details.css
[运行时间：0.022725s] [吞吐率：44.00req/s] [内存消耗：2,116.84kb] [文件加载：69]
[ info ] [ LANG ] /www/wwwroot/pingshen/thinkphp/lang/zh-cn.php
[ info ] [ ROUTE ] array (
)
[ info ] [ HEADER ] array (
  'host' => 'pingshen.hbhb.vip',
  'connection' => 'close',
  'accept' => '*/*',
  'accept-encoding' => 'gzip;q=1.0,deflate;q=0.6,identity;q=0.3',
  'user-agent' => 'WhatWeb/0.4.8-dev',
  'content-type' => '',
  'content-length' => '',
)
[ info ] [ PARAM ] array (
)
---------------------------------------------------------------
[2020-09-22T11:09:06+08:00] 39.99.138.33 GET pingshen.hbhb.vip/detail/details.css
[运行时间：0.022929s] [吞吐率：43.61req/s] [内存消耗：2,116.84kb] [文件加载：69]
[ info ] [ LANG ] /www/wwwroot/pingshen/thinkphp/lang/zh-cn.php
[ info ] [ ROUTE ] array (
)
[ info ] [ HEADER ] array (
  'host' => 'pingshen.hbhb.vip',
  'connection' => 'close',
  'accept' => '*/*',
  'accept-encoding' => 'gzip;q=1.0,deflate;q=0.6,identity;q=0.3',
  'user-agent' => 'WhatWeb/0.4.8-dev',
  'content-type' => '',
  'content-length' => '',
)
[ info ] [ PARAM ] array (
)
---------------------------------------------------------------
[2020-09-22T11:09:06+08:00] 39.99.138.33 GET pingshen.hbhb.vip/admin/login/index.html
[运行时间：0.025700s] [吞吐率：38.91req/s] [内存消耗：2,210.26kb] [文件加载：77]
[ info ] [ LANG ] /www/wwwroot/pingshen/thinkphp/lang/zh-cn.php
[ info ] [ LANG ] /www/wwwroot/pingshen/application/admin//lang/zh-cn.php
[ info ] [ ROUTE ] array (
)
[ info ] [ HEADER ] array (
  'host' => 'pingshen.hbhb.vip',
  'connection' => 'close',
  'accept' => '*/*',
  'accept-encoding' => 'gzip;q=1.0,deflate;q=0.6,identity;q=0.3',
  'user-agent' => 'WhatWeb/0.4.8-dev',
  'content-type' => '',
  'content-length' => '',
)
[ info ] [ PARAM ] array (
)
[ info ] [ VIEW ] /www/wwwroot/pingshen/application/admin/view/login/index.html [ array (
) ]
[ error ] [8]未定义变量: system[/www/wwwroot/pingshen/runtime/temp/b8b184884121afc82a66e9b20efb8822.php:37]
---------------------------------------------------------------
[2020-09-22T11:09:06+08:00] 39.99.138.33 GET pingshen.hbhb.vip/elm/public/
[运行时间：0.024138s] [吞吐率：41.43req/s] [内存消耗：2,116.87kb] [文件加载：69]
[ info ] [ LANG ] /www/wwwroot/pingshen/thinkphp/lang/zh-cn.php
[ info ] [ ROUTE ] array (
)
[ info ] [ HEADER ] array (
  'host' => 'pingshen.hbhb.vip',
  'connection' => 'close',
  'accept' => '*/*',
  'accept-encoding' => 'gzip;q=1.0,deflate;q=0.6,identity;q=0.3',
  'user-agent' => 'WhatWeb/0.4.8-dev',
  'content-type' => '',
  'content-length' => '',
)
[ info ] [ PARAM ] array (
)
---------------------------------------------------------------
[2020-09-22T11:09:06+08:00] 39.99.138.33 GET pingshen.hbhb.vip/
[运行时间：0.025966s] [吞吐率：38.51req/s] [内存消耗：2,225.15kb] [文件加载：75]
[ info ] [ LANG ] /www/wwwroot/pingshen/thinkphp/lang/zh-cn.php
[ info ] [ LANG ] /www/wwwroot/pingshen/application/admin//lang/zh-cn.php
[ info ] [ ROUTE ] array (
)
[ info ] [ HEADER ] array (
  'host' => 'pingshen.hbhb.vip',
  'connection' => 'close',
  'accept' => '*/*',
  'accept-encoding' => 'gzip;q=1.0,deflate;q=0.6,identity;q=0.3',
  'user-agent' => 'WhatWeb/0.4.8-dev',
  'content-type' => '',
  'content-length' => '',
)
[ info ] [ PARAM ] array (
)
---------------------------------------------------------------
[2020-09-22T11:09:06+08:00] 39.99.138.33 GET pingshen.hbhb.vip/
[运行时间：0.045247s] [吞吐率：22.10req/s] [内存消耗：2,225.15kb] [文件加载：75]
[ info ] [ LANG ] /www/wwwroot/pingshen/thinkphp/lang/zh-cn.php
[ info ] [ LANG ] /www/wwwroot/pingshen/application/admin//lang/zh-cn.php
[ info ] [ ROUTE ] array (
)
[ info ] [ HEADER ] array (
  'host' => 'pingshen.hbhb.vip',
  'connection' => 'close',
  'accept' => '*/*',
  'accept-encoding' => 'gzip;q=1.0,deflate;q=0.6,identity;q=0.3',
  'user-agent' => 'WhatWeb/0.4.8-dev',
  'content-type' => '',
  'content-length' => '',
)
[ info ] [ PARAM ] array (
)
---------------------------------------------------------------
[2020-09-22T11:09:06+08:00] 39.99.138.33 GET pingshen.hbhb.vip/eng/js/lang_en_us.js
[运行时间：0.022292s] [吞吐率：44.86req/s] [内存消耗：2,116.63kb] [文件加载：69]
[ info ] [ LANG ] /www/wwwroot/pingshen/thinkphp/lang/zh-cn.php
[ info ] [ ROUTE ] array (
)
[ info ] [ HEADER ] array (
  'host' => 'pingshen.hbhb.vip',
  'user-agent' => 'Ruby',
  'accept' => '*/*',
  'accept-encoding' => 'gzip;q=1.0,deflate;q=0.6,identity;q=0.3',
  'content-type' => '',
  'content-length' => '',
)
[ info ] [ PARAM ] array (
)
---------------------------------------------------------------
[2020-09-22T11:09:06+08:00] 39.99.138.33 GET pingshen.hbhb.vip/Public/home/js/5.js?a=qqqq
[运行时间：0.022400s] [吞吐率：44.64req/s] [内存消耗：2,117.52kb] [文件加载：69]
[ info ] [ LANG ] /www/wwwroot/pingshen/thinkphp/lang/zh-cn.php
[ info ] [ ROUTE ] array (
)
[ info ] [ HEADER ] array (
  'host' => 'pingshen.hbhb.vip',
  'connection' => 'close',
  'accept' => '*/*',
  'accept-encoding' => 'gzip;q=1.0,deflate;q=0.6,identity;q=0.3',
  'user-agent' => 'WhatWeb/0.4.8-dev',
  'content-type' => '',
  'content-length' => '',
)
[ info ] [ PARAM ] array (
  'a' => 'qqqq',
)
---------------------------------------------------------------
[2020-09-22T11:09:06+08:00] 39.99.138.33 GET pingshen.hbhb.vip/code/images/base.css
[运行时间：0.022122s] [吞吐率：45.20req/s] [内存消耗：2,116.87kb] [文件加载：69]
[ info ] [ LANG ] /www/wwwroot/pingshen/thinkphp/lang/zh-cn.php
[ info ] [ ROUTE ] array (
)
[ info ] [ HEADER ] array (
  'host' => 'pingshen.hbhb.vip',
  'connection' => 'close',
  'accept' => '*/*',
  'accept-encoding' => 'gzip;q=1.0,deflate;q=0.6,identity;q=0.3',
  'user-agent' => 'WhatWeb/0.4.8-dev',
  'content-type' => '',
  'content-length' => '',
)
[ info ] [ PARAM ] array (
)
---------------------------------------------------------------
[2020-09-22T11:09:07+08:00] 39.99.138.33 GET pingshen.hbhb.vip/cp1.html
[运行时间：0.022319s] [吞吐率：44.81req/s] [内存消耗：2,116.78kb] [文件加载：69]
[ info ] [ LANG ] /www/wwwroot/pingshen/thinkphp/lang/zh-cn.php
[ info ] [ ROUTE ] array (
)
[ info ] [ HEADER ] array (
  'host' => 'pingshen.hbhb.vip',
  'connection' => 'close',
  'accept' => '*/*',
  'accept-encoding' => 'gzip;q=1.0,deflate;q=0.6,identity;q=0.3',
  'user-agent' => 'WhatWeb/0.4.8-dev',
  'content-type' => '',
  'content-length' => '',
)
[ info ] [ PARAM ] array (
)
---------------------------------------------------------------
[2020-09-22T11:09:07+08:00] 39.99.138.33 GET pingshen.hbhb.vip/init.js
[运行时间：0.023298s] [吞吐率：42.92req/s] [内存消耗：2,116.74kb] [文件加载：69]
[ info ] [ LANG ] /www/wwwroot/pingshen/thinkphp/lang/zh-cn.php
[ info ] [ ROUTE ] array (
)
[ info ] [ HEADER ] array (
  'host' => 'pingshen.hbhb.vip',
  'connection' => 'close',
  'accept' => '*/*',
  'accept-encoding' => 'gzip;q=1.0,deflate;q=0.6,identity;q=0.3',
  'user-agent' => 'WhatWeb/0.4.8-dev',
  'content-type' => '',
  'content-length' => '',
)
[ info ] [ PARAM ] array (
)
---------------------------------------------------------------
[2020-09-22T11:09:07+08:00] 39.99.138.33 GET pingshen.hbhb.vip/manzfb
[运行时间：0.022032s] [吞吐率：45.39req/s] [内存消耗：2,116.74kb] [文件加载：69]
[ info ] [ LANG ] /www/wwwroot/pingshen/thinkphp/lang/zh-cn.php
[ info ] [ ROUTE ] array (
)
[ info ] [ HEADER ] array (
  'host' => 'pingshen.hbhb.vip',
  'connection' => 'close',
  'accept' => '*/*',
  'accept-encoding' => 'gzip;q=1.0,deflate;q=0.6,identity;q=0.3',
  'user-agent' => 'WhatWeb/0.4.8-dev',
  'content-type' => '',
  'content-length' => '',
)
[ info ] [ PARAM ] array (
)
---------------------------------------------------------------
[2020-09-22T11:09:07+08:00] 39.99.138.33 GET pingshen.hbhb.vip/Public/xx/ptlogin/zfb.png
[运行时间：0.023257s] [吞吐率：43.00req/s] [内存消耗：2,116.85kb] [文件加载：69]
[ info ] [ LANG ] /www/wwwroot/pingshen/thinkphp/lang/zh-cn.php
[ info ] [ ROUTE ] array (
)
[ info ] [ HEADER ] array (
  'host' => 'pingshen.hbhb.vip',
  'connection' => 'close',
  'accept' => '*/*',
  'accept-encoding' => 'gzip;q=1.0,deflate;q=0.6,identity;q=0.3',
  'user-agent' => 'WhatWeb/0.4.8-dev',
  'content-type' => '',
  'content-length' => '',
)
[ info ] [ PARAM ] array (
)
---------------------------------------------------------------
[2020-09-22T11:09:07+08:00] 39.99.138.33 GET pingshen.hbhb.vip/Index/zfb
[运行时间：0.022867s] [吞吐率：43.73req/s] [内存消耗：2,116.80kb] [文件加载：69]
[ info ] [ LANG ] /www/wwwroot/pingshen/thinkphp/lang/zh-cn.php
[ info ] [ ROUTE ] array (
)
[ info ] [ HEADER ] array (
  'host' => 'pingshen.hbhb.vip',
  'connection' => 'close',
  'accept' => '*/*',
  'accept-encoding' => 'gzip;q=1.0,deflate;q=0.6,identity;q=0.3',
  'user-agent' => 'WhatWeb/0.4.8-dev',
  'content-type' => '',
  'content-length' => '',
)
[ info ] [ PARAM ] array (
)
---------------------------------------------------------------
[2020-09-22T11:09:07+08:00] 39.99.138.33 GET pingshen.hbhb.vip/Index/zfb
[运行时间：0.023175s] [吞吐率：43.15req/s] [内存消耗：2,116.80kb] [文件加载：69]
[ info ] [ LANG ] /www/wwwroot/pingshen/thinkphp/lang/zh-cn.php
[ info ] [ ROUTE ] array (
)
[ info ] [ HEADER ] array (
  'host' => 'pingshen.hbhb.vip',
  'connection' => 'close',
  'accept' => '*/*',
  'accept-encoding' => 'gzip;q=1.0,deflate;q=0.6,identity;q=0.3',
  'user-agent' => 'WhatWeb/0.4.8-dev',
  'content-type' => '',
  'content-length' => '',
)
[ info ] [ PARAM ] array (
)
---------------------------------------------------------------
[2020-09-22T11:09:07+08:00] 39.99.138.33 GET pingshen.hbhb.vip/theme/6/OgPAgbONDiKhITIVYmdn.css
[运行时间：0.017004s] [吞吐率：58.81req/s] [内存消耗：1,661.91kb] [文件加载：57]
[ info ] [ LANG ] /www/wwwroot/pingshen/thinkphp/lang/zh-cn.php
---------------------------------------------------------------
[2020-09-22T11:09:07+08:00] 39.99.138.33 GET pingshen.hbhb.vip/zz/details.css
[运行时间：0.023483s] [吞吐率：42.58req/s] [内存消耗：2,116.84kb] [文件加载：69]
[ info ] [ LANG ] /www/wwwroot/pingshen/thinkphp/lang/zh-cn.php
[ info ] [ ROUTE ] array (
)
[ info ] [ HEADER ] array (
  'host' => 'pingshen.hbhb.vip',
  'connection' => 'close',
  'accept' => '*/*',
  'accept-encoding' => 'gzip;q=1.0,deflate;q=0.6,identity;q=0.3',
  'user-agent' => 'WhatWeb/0.4.8-dev',
  'content-type' => '',
  'content-length' => '',
)
[ info ] [ PARAM ] array (
)
---------------------------------------------------------------
[2020-09-22T11:09:07+08:00] 39.99.138.33 GET pingshen.hbhb.vip/detail/details.css
[运行时间：0.021860s] [吞吐率：45.75req/s] [内存消耗：2,116.84kb] [文件加载：69]
[ info ] [ LANG ] /www/wwwroot/pingshen/thinkphp/lang/zh-cn.php
[ info ] [ ROUTE ] array (
)
[ info ] [ HEADER ] array (
  'host' => 'pingshen.hbhb.vip',
  'connection' => 'close',
  'accept' => '*/*',
  'accept-encoding' => 'gzip;q=1.0,deflate;q=0.6,identity;q=0.3',
  'user-agent' => 'WhatWeb/0.4.8-dev',
  'content-type' => '',
  'content-length' => '',
)
[ info ] [ PARAM ] array (
)
---------------------------------------------------------------
[2020-09-22T15:45:52+08:00] 106.14.187.229 GET pingshen.hbhb.vip/
[运行时间：0.023946s] [吞吐率：41.76req/s] [内存消耗：2,225.12kb] [文件加载：75]
[ info ] [ LANG ] /www/wwwroot/pingshen/thinkphp/lang/zh-cn.php
[ info ] [ LANG ] /www/wwwroot/pingshen/application/admin//lang/zh-cn.php
[ info ] [ ROUTE ] array (
)
[ info ] [ HEADER ] array (
  'accept-encoding' => 'gzip',
  'connection' => 'Keep-Alive',
  'host' => 'pingshen.hbhb.vip',
  'user-agent' => 'Mozilla/5.0 (X11; Ubuntu; Linux x86_64; rv:36.0) Gecko/20100101 Firefox/36.0',
  'content-type' => '',
  'content-length' => '',
)
[ info ] [ PARAM ] array (
)
---------------------------------------------------------------
[2020-09-22T15:45:53+08:00] 106.14.187.229 GET pingshen.hbhb.vip/admin/login/index.html
[运行时间：0.020839s] [吞吐率：47.99req/s] [内存消耗：2,210.23kb] [文件加载：77]
[ info ] [ LANG ] /www/wwwroot/pingshen/thinkphp/lang/zh-cn.php
[ info ] [ LANG ] /www/wwwroot/pingshen/application/admin//lang/zh-cn.php
[ info ] [ ROUTE ] array (
)
[ info ] [ HEADER ] array (
  'accept-encoding' => 'gzip',
  'connection' => 'Keep-Alive',
  'host' => 'pingshen.hbhb.vip',
  'user-agent' => 'Mozilla/5.0 (X11; Ubuntu; Linux x86_64; rv:36.0) Gecko/20100101 Firefox/36.0',
  'content-type' => '',
  'content-length' => '',
)
[ info ] [ PARAM ] array (
)
[ info ] [ VIEW ] /www/wwwroot/pingshen/application/admin/view/login/index.html [ array (
) ]
[ error ] [8]未定义变量: system[/www/wwwroot/pingshen/runtime/temp/b8b184884121afc82a66e9b20efb8822.php:37]
---------------------------------------------------------------
[2020-09-22T15:45:54+08:00] 106.14.187.229 GET pingshen.hbhb.vip/admin/index/index.html
[运行时间：0.020814s] [吞吐率：48.04req/s] [内存消耗：2,225.32kb] [文件加载：75]
[ info ] [ LANG ] /www/wwwroot/pingshen/thinkphp/lang/zh-cn.php
[ info ] [ LANG ] /www/wwwroot/pingshen/application/admin//lang/zh-cn.php
[ info ] [ ROUTE ] array (
)
[ info ] [ HEADER ] array (
  'accept-encoding' => 'gzip',
  'connection' => 'Keep-Alive',
  'host' => 'pingshen.hbhb.vip',
  'user-agent' => 'Mozilla/5.0 (X11; Ubuntu; Linux x86_64; rv:36.0) Gecko/20100101 Firefox/36.0',
  'content-type' => '',
  'content-length' => '',
)
[ info ] [ PARAM ] array (
)
---------------------------------------------------------------
[2020-09-22T15:45:54+08:00] 106.14.187.229 GET pingshen.hbhb.vip/admin/login/index.html
[运行时间：0.021057s] [吞吐率：47.49req/s] [内存消耗：2,210.23kb] [文件加载：77]
[ info ] [ LANG ] /www/wwwroot/pingshen/thinkphp/lang/zh-cn.php
[ info ] [ LANG ] /www/wwwroot/pingshen/application/admin//lang/zh-cn.php
[ info ] [ ROUTE ] array (
)
[ info ] [ HEADER ] array (
  'accept-encoding' => 'gzip',
  'connection' => 'Keep-Alive',
  'host' => 'pingshen.hbhb.vip',
  'user-agent' => 'Mozilla/5.0 (X11; Ubuntu; Linux x86_64; rv:36.0) Gecko/20100101 Firefox/36.0',
  'content-type' => '',
  'content-length' => '',
)
[ info ] [ PARAM ] array (
)
[ info ] [ VIEW ] /www/wwwroot/pingshen/application/admin/view/login/index.html [ array (
) ]
[ error ] [8]未定义变量: system[/www/wwwroot/pingshen/runtime/temp/b8b184884121afc82a66e9b20efb8822.php:37]
