---------------------------------------------------------------
[2020-08-14T16:45:27+08:00] 39.98.110.143 GET pingshen.hbhb.vip/
[运行时间：0.042211s] [吞吐率：23.69req/s] [内存消耗：2,225.15kb] [文件加载：75]
[ info ] [ LANG ] /www/wwwroot/pingshen/thinkphp/lang/zh-cn.php
[ info ] [ LANG ] /www/wwwroot/pingshen/application/admin//lang/zh-cn.php
[ info ] [ ROUTE ] array (
)
[ info ] [ HEADER ] array (
  'host' => 'pingshen.hbhb.vip',
  'connection' => 'close',
  'accept' => '*/*',
  'accept-encoding' => 'gzip;q=1.0,deflate;q=0.6,identity;q=0.3',
  'user-agent' => 'WhatWeb/0.4.8-dev',
  'content-type' => '',
  'content-length' => '',
)
[ info ] [ PARAM ] array (
)
---------------------------------------------------------------
[2020-08-14T16:45:27+08:00] 39.98.110.143 GET pingshen.hbhb.vip/elm/public/
[运行时间：0.022157s] [吞吐率：45.13req/s] [内存消耗：2,116.87kb] [文件加载：69]
[ info ] [ LANG ] /www/wwwroot/pingshen/thinkphp/lang/zh-cn.php
[ info ] [ ROUTE ] array (
)
[ info ] [ HEADER ] array (
  'host' => 'pingshen.hbhb.vip',
  'connection' => 'close',
  'accept' => '*/*',
  'accept-encoding' => 'gzip;q=1.0,deflate;q=0.6,identity;q=0.3',
  'user-agent' => 'WhatWeb/0.4.8-dev',
  'content-type' => '',
  'content-length' => '',
)
[ info ] [ PARAM ] array (
)
---------------------------------------------------------------
[2020-08-14T16:45:27+08:00] 39.98.110.143 GET pingshen.hbhb.vip/
[运行时间：0.021142s] [吞吐率：47.30req/s] [内存消耗：2,225.15kb] [文件加载：75]
[ info ] [ LANG ] /www/wwwroot/pingshen/thinkphp/lang/zh-cn.php
[ info ] [ LANG ] /www/wwwroot/pingshen/application/admin//lang/zh-cn.php
[ info ] [ ROUTE ] array (
)
[ info ] [ HEADER ] array (
  'host' => 'pingshen.hbhb.vip',
  'connection' => 'close',
  'accept' => '*/*',
  'accept-encoding' => 'gzip;q=1.0,deflate;q=0.6,identity;q=0.3',
  'user-agent' => 'WhatWeb/0.4.8-dev',
  'content-type' => '',
  'content-length' => '',
)
[ info ] [ PARAM ] array (
)
---------------------------------------------------------------
[2020-08-14T16:45:27+08:00] 39.98.110.143 GET pingshen.hbhb.vip/
[运行时间：0.020746s] [吞吐率：48.20req/s] [内存消耗：2,225.15kb] [文件加载：75]
[ info ] [ LANG ] /www/wwwroot/pingshen/thinkphp/lang/zh-cn.php
[ info ] [ LANG ] /www/wwwroot/pingshen/application/admin//lang/zh-cn.php
[ info ] [ ROUTE ] array (
)
[ info ] [ HEADER ] array (
  'host' => 'pingshen.hbhb.vip',
  'connection' => 'close',
  'accept' => '*/*',
  'accept-encoding' => 'gzip;q=1.0,deflate;q=0.6,identity;q=0.3',
  'user-agent' => 'WhatWeb/0.4.8-dev',
  'content-type' => '',
  'content-length' => '',
)
[ info ] [ PARAM ] array (
)
---------------------------------------------------------------
[2020-08-14T16:45:27+08:00] 39.98.110.143 GET pingshen.hbhb.vip/eng/js/lang_en_us.js
[运行时间：0.020313s] [吞吐率：49.23req/s] [内存消耗：2,116.63kb] [文件加载：69]
[ info ] [ LANG ] /www/wwwroot/pingshen/thinkphp/lang/zh-cn.php
[ info ] [ ROUTE ] array (
)
[ info ] [ HEADER ] array (
  'host' => 'pingshen.hbhb.vip',
  'user-agent' => 'Ruby',
  'accept' => '*/*',
  'accept-encoding' => 'gzip;q=1.0,deflate;q=0.6,identity;q=0.3',
  'content-type' => '',
  'content-length' => '',
)
[ info ] [ PARAM ] array (
)
---------------------------------------------------------------
[2020-08-14T16:45:27+08:00] 39.98.110.143 GET pingshen.hbhb.vip/Public/home/js/5.js?a=qqqq
[运行时间：0.020128s] [吞吐率：49.68req/s] [内存消耗：2,117.52kb] [文件加载：69]
[ info ] [ LANG ] /www/wwwroot/pingshen/thinkphp/lang/zh-cn.php
[ info ] [ ROUTE ] array (
)
[ info ] [ HEADER ] array (
  'host' => 'pingshen.hbhb.vip',
  'connection' => 'close',
  'accept' => '*/*',
  'accept-encoding' => 'gzip;q=1.0,deflate;q=0.6,identity;q=0.3',
  'user-agent' => 'WhatWeb/0.4.8-dev',
  'content-type' => '',
  'content-length' => '',
)
[ info ] [ PARAM ] array (
  'a' => 'qqqq',
)
---------------------------------------------------------------
[2020-08-14T16:45:28+08:00] 39.98.110.143 GET pingshen.hbhb.vip/code/images/base.css
[运行时间：0.021072s] [吞吐率：47.46req/s] [内存消耗：2,116.87kb] [文件加载：69]
[ info ] [ LANG ] /www/wwwroot/pingshen/thinkphp/lang/zh-cn.php
[ info ] [ ROUTE ] array (
)
[ info ] [ HEADER ] array (
  'host' => 'pingshen.hbhb.vip',
  'connection' => 'close',
  'accept' => '*/*',
  'accept-encoding' => 'gzip;q=1.0,deflate;q=0.6,identity;q=0.3',
  'user-agent' => 'WhatWeb/0.4.8-dev',
  'content-type' => '',
  'content-length' => '',
)
[ info ] [ PARAM ] array (
)
---------------------------------------------------------------
[2020-08-14T16:45:28+08:00] 39.98.110.143 GET pingshen.hbhb.vip/cp1.html
[运行时间：0.020079s] [吞吐率：49.80req/s] [内存消耗：2,116.78kb] [文件加载：69]
[ info ] [ LANG ] /www/wwwroot/pingshen/thinkphp/lang/zh-cn.php
[ info ] [ ROUTE ] array (
)
[ info ] [ HEADER ] array (
  'host' => 'pingshen.hbhb.vip',
  'connection' => 'close',
  'accept' => '*/*',
  'accept-encoding' => 'gzip;q=1.0,deflate;q=0.6,identity;q=0.3',
  'user-agent' => 'WhatWeb/0.4.8-dev',
  'content-type' => '',
  'content-length' => '',
)
[ info ] [ PARAM ] array (
)
---------------------------------------------------------------
[2020-08-14T16:45:28+08:00] 39.98.110.143 GET pingshen.hbhb.vip/init.js
[运行时间：0.020874s] [吞吐率：47.91req/s] [内存消耗：2,116.74kb] [文件加载：69]
[ info ] [ LANG ] /www/wwwroot/pingshen/thinkphp/lang/zh-cn.php
[ info ] [ ROUTE ] array (
)
[ info ] [ HEADER ] array (
  'host' => 'pingshen.hbhb.vip',
  'connection' => 'close',
  'accept' => '*/*',
  'accept-encoding' => 'gzip;q=1.0,deflate;q=0.6,identity;q=0.3',
  'user-agent' => 'WhatWeb/0.4.8-dev',
  'content-type' => '',
  'content-length' => '',
)
[ info ] [ PARAM ] array (
)
---------------------------------------------------------------
[2020-08-14T16:45:28+08:00] 39.98.110.143 GET pingshen.hbhb.vip/manzfb
[运行时间：0.019891s] [吞吐率：50.27req/s] [内存消耗：2,116.74kb] [文件加载：69]
[ info ] [ LANG ] /www/wwwroot/pingshen/thinkphp/lang/zh-cn.php
[ info ] [ ROUTE ] array (
)
[ info ] [ HEADER ] array (
  'host' => 'pingshen.hbhb.vip',
  'connection' => 'close',
  'accept' => '*/*',
  'accept-encoding' => 'gzip;q=1.0,deflate;q=0.6,identity;q=0.3',
  'user-agent' => 'WhatWeb/0.4.8-dev',
  'content-type' => '',
  'content-length' => '',
)
[ info ] [ PARAM ] array (
)
---------------------------------------------------------------
[2020-08-14T16:45:28+08:00] 39.98.110.143 GET pingshen.hbhb.vip/Public/xx/ptlogin/zfb.png
[运行时间：0.020354s] [吞吐率：49.13req/s] [内存消耗：2,116.85kb] [文件加载：69]
[ info ] [ LANG ] /www/wwwroot/pingshen/thinkphp/lang/zh-cn.php
[ info ] [ ROUTE ] array (
)
[ info ] [ HEADER ] array (
  'host' => 'pingshen.hbhb.vip',
  'connection' => 'close',
  'accept' => '*/*',
  'accept-encoding' => 'gzip;q=1.0,deflate;q=0.6,identity;q=0.3',
  'user-agent' => 'WhatWeb/0.4.8-dev',
  'content-type' => '',
  'content-length' => '',
)
[ info ] [ PARAM ] array (
)
---------------------------------------------------------------
[2020-08-14T16:45:28+08:00] 39.98.110.143 GET pingshen.hbhb.vip/Index/zfb
[运行时间：0.020247s] [吞吐率：49.39req/s] [内存消耗：2,116.80kb] [文件加载：69]
[ info ] [ LANG ] /www/wwwroot/pingshen/thinkphp/lang/zh-cn.php
[ info ] [ ROUTE ] array (
)
[ info ] [ HEADER ] array (
  'host' => 'pingshen.hbhb.vip',
  'connection' => 'close',
  'accept' => '*/*',
  'accept-encoding' => 'gzip;q=1.0,deflate;q=0.6,identity;q=0.3',
  'user-agent' => 'WhatWeb/0.4.8-dev',
  'content-type' => '',
  'content-length' => '',
)
[ info ] [ PARAM ] array (
)
---------------------------------------------------------------
[2020-08-14T16:45:28+08:00] 39.98.110.143 GET pingshen.hbhb.vip/Index/zfb
[运行时间：0.020349s] [吞吐率：49.14req/s] [内存消耗：2,116.80kb] [文件加载：69]
[ info ] [ LANG ] /www/wwwroot/pingshen/thinkphp/lang/zh-cn.php
[ info ] [ ROUTE ] array (
)
[ info ] [ HEADER ] array (
  'host' => 'pingshen.hbhb.vip',
  'connection' => 'close',
  'accept' => '*/*',
  'accept-encoding' => 'gzip;q=1.0,deflate;q=0.6,identity;q=0.3',
  'user-agent' => 'WhatWeb/0.4.8-dev',
  'content-type' => '',
  'content-length' => '',
)
[ info ] [ PARAM ] array (
)
---------------------------------------------------------------
[2020-08-14T16:45:28+08:00] 39.98.110.143 GET pingshen.hbhb.vip/theme/6/OgPAgbONDiKhITIVYmdn.css
[运行时间：0.016368s] [吞吐率：61.10req/s] [内存消耗：1,661.91kb] [文件加载：57]
[ info ] [ LANG ] /www/wwwroot/pingshen/thinkphp/lang/zh-cn.php
---------------------------------------------------------------
[2020-08-14T16:45:29+08:00] 39.98.110.143 GET pingshen.hbhb.vip/htuer.png
[运行时间：0.020816s] [吞吐率：48.04req/s] [内存消耗：2,116.75kb] [文件加载：69]
[ info ] [ LANG ] /www/wwwroot/pingshen/thinkphp/lang/zh-cn.php
[ info ] [ ROUTE ] array (
)
[ info ] [ HEADER ] array (
  'host' => 'pingshen.hbhb.vip',
  'connection' => 'close',
  'accept' => '*/*',
  'accept-encoding' => 'gzip;q=1.0,deflate;q=0.6,identity;q=0.3',
  'user-agent' => 'WhatWeb/0.4.8-dev',
  'content-type' => '',
  'content-length' => '',
)
[ info ] [ PARAM ] array (
)
---------------------------------------------------------------
[2020-08-14T16:45:29+08:00] 39.98.110.143 GET pingshen.hbhb.vip/zz/details.css
[运行时间：0.020500s] [吞吐率：48.78req/s] [内存消耗：2,116.84kb] [文件加载：69]
[ info ] [ LANG ] /www/wwwroot/pingshen/thinkphp/lang/zh-cn.php
[ info ] [ ROUTE ] array (
)
[ info ] [ HEADER ] array (
  'host' => 'pingshen.hbhb.vip',
  'connection' => 'close',
  'accept' => '*/*',
  'accept-encoding' => 'gzip;q=1.0,deflate;q=0.6,identity;q=0.3',
  'user-agent' => 'WhatWeb/0.4.8-dev',
  'content-type' => '',
  'content-length' => '',
)
[ info ] [ PARAM ] array (
)
---------------------------------------------------------------
[2020-08-14T16:45:29+08:00] 39.98.110.143 GET pingshen.hbhb.vip/detail/details.css
[运行时间：0.020457s] [吞吐率：48.88req/s] [内存消耗：2,116.84kb] [文件加载：69]
[ info ] [ LANG ] /www/wwwroot/pingshen/thinkphp/lang/zh-cn.php
[ info ] [ ROUTE ] array (
)
[ info ] [ HEADER ] array (
  'host' => 'pingshen.hbhb.vip',
  'connection' => 'close',
  'accept' => '*/*',
  'accept-encoding' => 'gzip;q=1.0,deflate;q=0.6,identity;q=0.3',
  'user-agent' => 'WhatWeb/0.4.8-dev',
  'content-type' => '',
  'content-length' => '',
)
[ info ] [ PARAM ] array (
)
---------------------------------------------------------------
[2020-08-14T16:45:29+08:00] 39.98.110.143 GET pingshen.hbhb.vip/admin/login/index.html
[运行时间：0.108595s] [吞吐率：9.21req/s] [内存消耗：2,210.26kb] [文件加载：77]
[ info ] [ LANG ] /www/wwwroot/pingshen/thinkphp/lang/zh-cn.php
[ info ] [ LANG ] /www/wwwroot/pingshen/application/admin//lang/zh-cn.php
[ info ] [ ROUTE ] array (
)
[ info ] [ HEADER ] array (
  'host' => 'pingshen.hbhb.vip',
  'connection' => 'close',
  'accept' => '*/*',
  'accept-encoding' => 'gzip;q=1.0,deflate;q=0.6,identity;q=0.3',
  'user-agent' => 'WhatWeb/0.4.8-dev',
  'content-type' => '',
  'content-length' => '',
)
[ info ] [ PARAM ] array (
)
[ info ] [ VIEW ] /www/wwwroot/pingshen/application/admin/view/login/index.html [ array (
) ]
[ error ] [8]未定义变量: system[/www/wwwroot/pingshen/runtime/temp/b8b184884121afc82a66e9b20efb8822.php:37]
---------------------------------------------------------------
[2020-08-14T16:45:29+08:00] 39.98.110.143 GET pingshen.hbhb.vip/elm/public/
[运行时间：0.020491s] [吞吐率：48.80req/s] [内存消耗：2,116.87kb] [文件加载：69]
[ info ] [ LANG ] /www/wwwroot/pingshen/thinkphp/lang/zh-cn.php
[ info ] [ ROUTE ] array (
)
[ info ] [ HEADER ] array (
  'host' => 'pingshen.hbhb.vip',
  'connection' => 'close',
  'accept' => '*/*',
  'accept-encoding' => 'gzip;q=1.0,deflate;q=0.6,identity;q=0.3',
  'user-agent' => 'WhatWeb/0.4.8-dev',
  'content-type' => '',
  'content-length' => '',
)
[ info ] [ PARAM ] array (
)
---------------------------------------------------------------
[2020-08-14T16:45:29+08:00] 39.98.110.143 GET pingshen.hbhb.vip/
[运行时间：0.020882s] [吞吐率：47.89req/s] [内存消耗：2,225.15kb] [文件加载：75]
[ info ] [ LANG ] /www/wwwroot/pingshen/thinkphp/lang/zh-cn.php
[ info ] [ LANG ] /www/wwwroot/pingshen/application/admin//lang/zh-cn.php
[ info ] [ ROUTE ] array (
)
[ info ] [ HEADER ] array (
  'host' => 'pingshen.hbhb.vip',
  'connection' => 'close',
  'accept' => '*/*',
  'accept-encoding' => 'gzip;q=1.0,deflate;q=0.6,identity;q=0.3',
  'user-agent' => 'WhatWeb/0.4.8-dev',
  'content-type' => '',
  'content-length' => '',
)
[ info ] [ PARAM ] array (
)
---------------------------------------------------------------
[2020-08-14T16:45:29+08:00] 39.98.110.143 GET pingshen.hbhb.vip/
[运行时间：0.020651s] [吞吐率：48.42req/s] [内存消耗：2,225.15kb] [文件加载：75]
[ info ] [ LANG ] /www/wwwroot/pingshen/thinkphp/lang/zh-cn.php
[ info ] [ LANG ] /www/wwwroot/pingshen/application/admin//lang/zh-cn.php
[ info ] [ ROUTE ] array (
)
[ info ] [ HEADER ] array (
  'host' => 'pingshen.hbhb.vip',
  'connection' => 'close',
  'accept' => '*/*',
  'accept-encoding' => 'gzip;q=1.0,deflate;q=0.6,identity;q=0.3',
  'user-agent' => 'WhatWeb/0.4.8-dev',
  'content-type' => '',
  'content-length' => '',
)
[ info ] [ PARAM ] array (
)
---------------------------------------------------------------
[2020-08-14T16:45:29+08:00] 39.98.110.143 GET pingshen.hbhb.vip/eng/js/lang_en_us.js
[运行时间：0.019919s] [吞吐率：50.20req/s] [内存消耗：2,116.63kb] [文件加载：69]
[ info ] [ LANG ] /www/wwwroot/pingshen/thinkphp/lang/zh-cn.php
[ info ] [ ROUTE ] array (
)
[ info ] [ HEADER ] array (
  'host' => 'pingshen.hbhb.vip',
  'user-agent' => 'Ruby',
  'accept' => '*/*',
  'accept-encoding' => 'gzip;q=1.0,deflate;q=0.6,identity;q=0.3',
  'content-type' => '',
  'content-length' => '',
)
[ info ] [ PARAM ] array (
)
---------------------------------------------------------------
[2020-08-14T16:45:29+08:00] 39.98.110.143 GET pingshen.hbhb.vip/Public/home/js/5.js?a=qqqq
[运行时间：0.019956s] [吞吐率：50.11req/s] [内存消耗：2,117.52kb] [文件加载：69]
[ info ] [ LANG ] /www/wwwroot/pingshen/thinkphp/lang/zh-cn.php
[ info ] [ ROUTE ] array (
)
[ info ] [ HEADER ] array (
  'host' => 'pingshen.hbhb.vip',
  'connection' => 'close',
  'accept' => '*/*',
  'accept-encoding' => 'gzip;q=1.0,deflate;q=0.6,identity;q=0.3',
  'user-agent' => 'WhatWeb/0.4.8-dev',
  'content-type' => '',
  'content-length' => '',
)
[ info ] [ PARAM ] array (
  'a' => 'qqqq',
)
---------------------------------------------------------------
[2020-08-14T16:45:30+08:00] 39.98.110.143 GET pingshen.hbhb.vip/code/images/base.css
[运行时间：0.020019s] [吞吐率：49.95req/s] [内存消耗：2,116.87kb] [文件加载：69]
[ info ] [ LANG ] /www/wwwroot/pingshen/thinkphp/lang/zh-cn.php
[ info ] [ ROUTE ] array (
)
[ info ] [ HEADER ] array (
  'host' => 'pingshen.hbhb.vip',
  'connection' => 'close',
  'accept' => '*/*',
  'accept-encoding' => 'gzip;q=1.0,deflate;q=0.6,identity;q=0.3',
  'user-agent' => 'WhatWeb/0.4.8-dev',
  'content-type' => '',
  'content-length' => '',
)
[ info ] [ PARAM ] array (
)
---------------------------------------------------------------
[2020-08-14T16:45:30+08:00] 39.98.110.143 GET pingshen.hbhb.vip/cp1.html
[运行时间：0.020021s] [吞吐率：49.95req/s] [内存消耗：2,116.78kb] [文件加载：69]
[ info ] [ LANG ] /www/wwwroot/pingshen/thinkphp/lang/zh-cn.php
[ info ] [ ROUTE ] array (
)
[ info ] [ HEADER ] array (
  'host' => 'pingshen.hbhb.vip',
  'connection' => 'close',
  'accept' => '*/*',
  'accept-encoding' => 'gzip;q=1.0,deflate;q=0.6,identity;q=0.3',
  'user-agent' => 'WhatWeb/0.4.8-dev',
  'content-type' => '',
  'content-length' => '',
)
[ info ] [ PARAM ] array (
)
---------------------------------------------------------------
[2020-08-14T16:45:30+08:00] 39.98.110.143 GET pingshen.hbhb.vip/init.js
[运行时间：0.020320s] [吞吐率：49.21req/s] [内存消耗：2,116.74kb] [文件加载：69]
[ info ] [ LANG ] /www/wwwroot/pingshen/thinkphp/lang/zh-cn.php
[ info ] [ ROUTE ] array (
)
[ info ] [ HEADER ] array (
  'host' => 'pingshen.hbhb.vip',
  'connection' => 'close',
  'accept' => '*/*',
  'accept-encoding' => 'gzip;q=1.0,deflate;q=0.6,identity;q=0.3',
  'user-agent' => 'WhatWeb/0.4.8-dev',
  'content-type' => '',
  'content-length' => '',
)
[ info ] [ PARAM ] array (
)
---------------------------------------------------------------
[2020-08-14T16:45:30+08:00] 39.98.110.143 GET pingshen.hbhb.vip/manzfb
[运行时间：0.020308s] [吞吐率：49.24req/s] [内存消耗：2,116.74kb] [文件加载：69]
[ info ] [ LANG ] /www/wwwroot/pingshen/thinkphp/lang/zh-cn.php
[ info ] [ ROUTE ] array (
)
[ info ] [ HEADER ] array (
  'host' => 'pingshen.hbhb.vip',
  'connection' => 'close',
  'accept' => '*/*',
  'accept-encoding' => 'gzip;q=1.0,deflate;q=0.6,identity;q=0.3',
  'user-agent' => 'WhatWeb/0.4.8-dev',
  'content-type' => '',
  'content-length' => '',
)
[ info ] [ PARAM ] array (
)
---------------------------------------------------------------
[2020-08-14T16:45:30+08:00] 39.98.110.143 GET pingshen.hbhb.vip/Public/xx/ptlogin/zfb.png
[运行时间：0.020018s] [吞吐率：49.96req/s] [内存消耗：2,116.85kb] [文件加载：69]
[ info ] [ LANG ] /www/wwwroot/pingshen/thinkphp/lang/zh-cn.php
[ info ] [ ROUTE ] array (
)
[ info ] [ HEADER ] array (
  'host' => 'pingshen.hbhb.vip',
  'connection' => 'close',
  'accept' => '*/*',
  'accept-encoding' => 'gzip;q=1.0,deflate;q=0.6,identity;q=0.3',
  'user-agent' => 'WhatWeb/0.4.8-dev',
  'content-type' => '',
  'content-length' => '',
)
[ info ] [ PARAM ] array (
)
---------------------------------------------------------------
[2020-08-14T16:45:30+08:00] 39.98.110.143 GET pingshen.hbhb.vip/Index/zfb
[运行时间：0.020459s] [吞吐率：48.88req/s] [内存消耗：2,116.80kb] [文件加载：69]
[ info ] [ LANG ] /www/wwwroot/pingshen/thinkphp/lang/zh-cn.php
[ info ] [ ROUTE ] array (
)
[ info ] [ HEADER ] array (
  'host' => 'pingshen.hbhb.vip',
  'connection' => 'close',
  'accept' => '*/*',
  'accept-encoding' => 'gzip;q=1.0,deflate;q=0.6,identity;q=0.3',
  'user-agent' => 'WhatWeb/0.4.8-dev',
  'content-type' => '',
  'content-length' => '',
)
[ info ] [ PARAM ] array (
)
---------------------------------------------------------------
[2020-08-14T16:45:31+08:00] 39.98.110.143 GET pingshen.hbhb.vip/Index/zfb
[运行时间：0.020223s] [吞吐率：49.45req/s] [内存消耗：2,116.80kb] [文件加载：69]
[ info ] [ LANG ] /www/wwwroot/pingshen/thinkphp/lang/zh-cn.php
[ info ] [ ROUTE ] array (
)
[ info ] [ HEADER ] array (
  'host' => 'pingshen.hbhb.vip',
  'connection' => 'close',
  'accept' => '*/*',
  'accept-encoding' => 'gzip;q=1.0,deflate;q=0.6,identity;q=0.3',
  'user-agent' => 'WhatWeb/0.4.8-dev',
  'content-type' => '',
  'content-length' => '',
)
[ info ] [ PARAM ] array (
)
---------------------------------------------------------------
[2020-08-14T16:45:31+08:00] 39.98.110.143 GET pingshen.hbhb.vip/theme/6/OgPAgbONDiKhITIVYmdn.css
[运行时间：0.016152s] [吞吐率：61.91req/s] [内存消耗：1,661.91kb] [文件加载：57]
[ info ] [ LANG ] /www/wwwroot/pingshen/thinkphp/lang/zh-cn.php
---------------------------------------------------------------
[2020-08-14T16:45:31+08:00] 39.98.110.143 GET pingshen.hbhb.vip/zz/details.css
[运行时间：0.020101s] [吞吐率：49.75req/s] [内存消耗：2,116.84kb] [文件加载：69]
[ info ] [ LANG ] /www/wwwroot/pingshen/thinkphp/lang/zh-cn.php
[ info ] [ ROUTE ] array (
)
[ info ] [ HEADER ] array (
  'host' => 'pingshen.hbhb.vip',
  'connection' => 'close',
  'accept' => '*/*',
  'accept-encoding' => 'gzip;q=1.0,deflate;q=0.6,identity;q=0.3',
  'user-agent' => 'WhatWeb/0.4.8-dev',
  'content-type' => '',
  'content-length' => '',
)
[ info ] [ PARAM ] array (
)
---------------------------------------------------------------
[2020-08-14T16:45:31+08:00] 39.98.110.143 GET pingshen.hbhb.vip/detail/details.css
[运行时间：0.019798s] [吞吐率：50.51req/s] [内存消耗：2,116.84kb] [文件加载：69]
[ info ] [ LANG ] /www/wwwroot/pingshen/thinkphp/lang/zh-cn.php
[ info ] [ ROUTE ] array (
)
[ info ] [ HEADER ] array (
  'host' => 'pingshen.hbhb.vip',
  'connection' => 'close',
  'accept' => '*/*',
  'accept-encoding' => 'gzip;q=1.0,deflate;q=0.6,identity;q=0.3',
  'user-agent' => 'WhatWeb/0.4.8-dev',
  'content-type' => '',
  'content-length' => '',
)
[ info ] [ PARAM ] array (
)
---------------------------------------------------------------
[2020-08-14T16:46:13+08:00] 39.99.251.31 GET pingshen.hbhb.vip/
[运行时间：0.021156s] [吞吐率：47.27req/s] [内存消耗：2,225.15kb] [文件加载：75]
[ info ] [ LANG ] /www/wwwroot/pingshen/thinkphp/lang/zh-cn.php
[ info ] [ LANG ] /www/wwwroot/pingshen/application/admin//lang/zh-cn.php
[ info ] [ ROUTE ] array (
)
[ info ] [ HEADER ] array (
  'host' => 'pingshen.hbhb.vip',
  'connection' => 'close',
  'accept' => '*/*',
  'accept-encoding' => 'gzip;q=1.0,deflate;q=0.6,identity;q=0.3',
  'user-agent' => 'WhatWeb/0.4.8-dev',
  'content-type' => '',
  'content-length' => '',
)
[ info ] [ PARAM ] array (
)
---------------------------------------------------------------
[2020-08-14T16:46:13+08:00] 39.99.251.31 GET pingshen.hbhb.vip/elm/public/
[运行时间：0.020077s] [吞吐率：49.81req/s] [内存消耗：2,116.87kb] [文件加载：69]
[ info ] [ LANG ] /www/wwwroot/pingshen/thinkphp/lang/zh-cn.php
[ info ] [ ROUTE ] array (
)
[ info ] [ HEADER ] array (
  'host' => 'pingshen.hbhb.vip',
  'connection' => 'close',
  'accept' => '*/*',
  'accept-encoding' => 'gzip;q=1.0,deflate;q=0.6,identity;q=0.3',
  'user-agent' => 'WhatWeb/0.4.8-dev',
  'content-type' => '',
  'content-length' => '',
)
[ info ] [ PARAM ] array (
)
---------------------------------------------------------------
[2020-08-14T16:46:13+08:00] 39.99.251.31 GET pingshen.hbhb.vip/
[运行时间：0.020442s] [吞吐率：48.92req/s] [内存消耗：2,225.15kb] [文件加载：75]
[ info ] [ LANG ] /www/wwwroot/pingshen/thinkphp/lang/zh-cn.php
[ info ] [ LANG ] /www/wwwroot/pingshen/application/admin//lang/zh-cn.php
[ info ] [ ROUTE ] array (
)
[ info ] [ HEADER ] array (
  'host' => 'pingshen.hbhb.vip',
  'connection' => 'close',
  'accept' => '*/*',
  'accept-encoding' => 'gzip;q=1.0,deflate;q=0.6,identity;q=0.3',
  'user-agent' => 'WhatWeb/0.4.8-dev',
  'content-type' => '',
  'content-length' => '',
)
[ info ] [ PARAM ] array (
)
---------------------------------------------------------------
[2020-08-14T16:46:13+08:00] 39.99.251.31 GET pingshen.hbhb.vip/
[运行时间：0.020493s] [吞吐率：48.80req/s] [内存消耗：2,225.15kb] [文件加载：75]
[ info ] [ LANG ] /www/wwwroot/pingshen/thinkphp/lang/zh-cn.php
[ info ] [ LANG ] /www/wwwroot/pingshen/application/admin//lang/zh-cn.php
[ info ] [ ROUTE ] array (
)
[ info ] [ HEADER ] array (
  'host' => 'pingshen.hbhb.vip',
  'connection' => 'close',
  'accept' => '*/*',
  'accept-encoding' => 'gzip;q=1.0,deflate;q=0.6,identity;q=0.3',
  'user-agent' => 'WhatWeb/0.4.8-dev',
  'content-type' => '',
  'content-length' => '',
)
[ info ] [ PARAM ] array (
)
---------------------------------------------------------------
[2020-08-14T16:46:13+08:00] 39.99.251.31 GET pingshen.hbhb.vip/eng/js/lang_en_us.js
[运行时间：0.019840s] [吞吐率：50.40req/s] [内存消耗：2,116.63kb] [文件加载：69]
[ info ] [ LANG ] /www/wwwroot/pingshen/thinkphp/lang/zh-cn.php
[ info ] [ ROUTE ] array (
)
[ info ] [ HEADER ] array (
  'host' => 'pingshen.hbhb.vip',
  'user-agent' => 'Ruby',
  'accept' => '*/*',
  'accept-encoding' => 'gzip;q=1.0,deflate;q=0.6,identity;q=0.3',
  'content-type' => '',
  'content-length' => '',
)
[ info ] [ PARAM ] array (
)
---------------------------------------------------------------
[2020-08-14T16:46:13+08:00] 39.99.251.31 GET pingshen.hbhb.vip/Public/home/js/5.js?a=qqqq
[运行时间：0.020005s] [吞吐率：49.99req/s] [内存消耗：2,117.52kb] [文件加载：69]
[ info ] [ LANG ] /www/wwwroot/pingshen/thinkphp/lang/zh-cn.php
[ info ] [ ROUTE ] array (
)
[ info ] [ HEADER ] array (
  'host' => 'pingshen.hbhb.vip',
  'connection' => 'close',
  'accept' => '*/*',
  'accept-encoding' => 'gzip;q=1.0,deflate;q=0.6,identity;q=0.3',
  'user-agent' => 'WhatWeb/0.4.8-dev',
  'content-type' => '',
  'content-length' => '',
)
[ info ] [ PARAM ] array (
  'a' => 'qqqq',
)
---------------------------------------------------------------
[2020-08-14T16:46:14+08:00] 39.99.251.31 GET pingshen.hbhb.vip/code/images/base.css
[运行时间：0.020809s] [吞吐率：48.06req/s] [内存消耗：2,116.87kb] [文件加载：69]
[ info ] [ LANG ] /www/wwwroot/pingshen/thinkphp/lang/zh-cn.php
[ info ] [ ROUTE ] array (
)
[ info ] [ HEADER ] array (
  'host' => 'pingshen.hbhb.vip',
  'connection' => 'close',
  'accept' => '*/*',
  'accept-encoding' => 'gzip;q=1.0,deflate;q=0.6,identity;q=0.3',
  'user-agent' => 'WhatWeb/0.4.8-dev',
  'content-type' => '',
  'content-length' => '',
)
[ info ] [ PARAM ] array (
)
---------------------------------------------------------------
[2020-08-14T16:46:14+08:00] 39.99.251.31 GET pingshen.hbhb.vip/cp1.html
[运行时间：0.020334s] [吞吐率：49.18req/s] [内存消耗：2,116.78kb] [文件加载：69]
[ info ] [ LANG ] /www/wwwroot/pingshen/thinkphp/lang/zh-cn.php
[ info ] [ ROUTE ] array (
)
[ info ] [ HEADER ] array (
  'host' => 'pingshen.hbhb.vip',
  'connection' => 'close',
  'accept' => '*/*',
  'accept-encoding' => 'gzip;q=1.0,deflate;q=0.6,identity;q=0.3',
  'user-agent' => 'WhatWeb/0.4.8-dev',
  'content-type' => '',
  'content-length' => '',
)
[ info ] [ PARAM ] array (
)
---------------------------------------------------------------
[2020-08-14T16:46:14+08:00] 39.99.251.31 GET pingshen.hbhb.vip/init.js
[运行时间：0.020011s] [吞吐率：49.97req/s] [内存消耗：2,116.74kb] [文件加载：69]
[ info ] [ LANG ] /www/wwwroot/pingshen/thinkphp/lang/zh-cn.php
[ info ] [ ROUTE ] array (
)
[ info ] [ HEADER ] array (
  'host' => 'pingshen.hbhb.vip',
  'connection' => 'close',
  'accept' => '*/*',
  'accept-encoding' => 'gzip;q=1.0,deflate;q=0.6,identity;q=0.3',
  'user-agent' => 'WhatWeb/0.4.8-dev',
  'content-type' => '',
  'content-length' => '',
)
[ info ] [ PARAM ] array (
)
---------------------------------------------------------------
[2020-08-14T16:46:14+08:00] 39.99.251.31 GET pingshen.hbhb.vip/manzfb
[运行时间：0.020861s] [吞吐率：47.94req/s] [内存消耗：2,116.74kb] [文件加载：69]
[ info ] [ LANG ] /www/wwwroot/pingshen/thinkphp/lang/zh-cn.php
[ info ] [ ROUTE ] array (
)
[ info ] [ HEADER ] array (
  'host' => 'pingshen.hbhb.vip',
  'connection' => 'close',
  'accept' => '*/*',
  'accept-encoding' => 'gzip;q=1.0,deflate;q=0.6,identity;q=0.3',
  'user-agent' => 'WhatWeb/0.4.8-dev',
  'content-type' => '',
  'content-length' => '',
)
[ info ] [ PARAM ] array (
)
---------------------------------------------------------------
[2020-08-14T16:46:14+08:00] 39.99.251.31 GET pingshen.hbhb.vip/Public/xx/ptlogin/zfb.png
[运行时间：0.021034s] [吞吐率：47.54req/s] [内存消耗：2,116.85kb] [文件加载：69]
[ info ] [ LANG ] /www/wwwroot/pingshen/thinkphp/lang/zh-cn.php
[ info ] [ ROUTE ] array (
)
[ info ] [ HEADER ] array (
  'host' => 'pingshen.hbhb.vip',
  'connection' => 'close',
  'accept' => '*/*',
  'accept-encoding' => 'gzip;q=1.0,deflate;q=0.6,identity;q=0.3',
  'user-agent' => 'WhatWeb/0.4.8-dev',
  'content-type' => '',
  'content-length' => '',
)
[ info ] [ PARAM ] array (
)
---------------------------------------------------------------
[2020-08-14T16:46:14+08:00] 39.99.251.31 GET pingshen.hbhb.vip/Index/zfb
[运行时间：0.020552s] [吞吐率：48.66req/s] [内存消耗：2,116.80kb] [文件加载：69]
[ info ] [ LANG ] /www/wwwroot/pingshen/thinkphp/lang/zh-cn.php
[ info ] [ ROUTE ] array (
)
[ info ] [ HEADER ] array (
  'host' => 'pingshen.hbhb.vip',
  'connection' => 'close',
  'accept' => '*/*',
  'accept-encoding' => 'gzip;q=1.0,deflate;q=0.6,identity;q=0.3',
  'user-agent' => 'WhatWeb/0.4.8-dev',
  'content-type' => '',
  'content-length' => '',
)
[ info ] [ PARAM ] array (
)
---------------------------------------------------------------
[2020-08-14T16:46:14+08:00] 39.99.251.31 GET pingshen.hbhb.vip/Index/zfb
[运行时间：0.020338s] [吞吐率：49.17req/s] [内存消耗：2,116.80kb] [文件加载：69]
[ info ] [ LANG ] /www/wwwroot/pingshen/thinkphp/lang/zh-cn.php
[ info ] [ ROUTE ] array (
)
[ info ] [ HEADER ] array (
  'host' => 'pingshen.hbhb.vip',
  'connection' => 'close',
  'accept' => '*/*',
  'accept-encoding' => 'gzip;q=1.0,deflate;q=0.6,identity;q=0.3',
  'user-agent' => 'WhatWeb/0.4.8-dev',
  'content-type' => '',
  'content-length' => '',
)
[ info ] [ PARAM ] array (
)
---------------------------------------------------------------
[2020-08-14T16:46:14+08:00] 39.99.251.31 GET pingshen.hbhb.vip/theme/6/OgPAgbONDiKhITIVYmdn.css
[运行时间：0.015216s] [吞吐率：65.72req/s] [内存消耗：1,661.91kb] [文件加载：57]
[ info ] [ LANG ] /www/wwwroot/pingshen/thinkphp/lang/zh-cn.php
---------------------------------------------------------------
[2020-08-14T16:46:14+08:00] 39.99.251.31 GET pingshen.hbhb.vip/htuer.png
[运行时间：0.019851s] [吞吐率：50.37req/s] [内存消耗：2,116.75kb] [文件加载：69]
[ info ] [ LANG ] /www/wwwroot/pingshen/thinkphp/lang/zh-cn.php
[ info ] [ ROUTE ] array (
)
[ info ] [ HEADER ] array (
  'host' => 'pingshen.hbhb.vip',
  'connection' => 'close',
  'accept' => '*/*',
  'accept-encoding' => 'gzip;q=1.0,deflate;q=0.6,identity;q=0.3',
  'user-agent' => 'WhatWeb/0.4.8-dev',
  'content-type' => '',
  'content-length' => '',
)
[ info ] [ PARAM ] array (
)
---------------------------------------------------------------
[2020-08-14T16:46:14+08:00] 39.99.251.31 GET pingshen.hbhb.vip/zz/details.css
[运行时间：0.020078s] [吞吐率：49.81req/s] [内存消耗：2,116.84kb] [文件加载：69]
[ info ] [ LANG ] /www/wwwroot/pingshen/thinkphp/lang/zh-cn.php
[ info ] [ ROUTE ] array (
)
[ info ] [ HEADER ] array (
  'host' => 'pingshen.hbhb.vip',
  'connection' => 'close',
  'accept' => '*/*',
  'accept-encoding' => 'gzip;q=1.0,deflate;q=0.6,identity;q=0.3',
  'user-agent' => 'WhatWeb/0.4.8-dev',
  'content-type' => '',
  'content-length' => '',
)
[ info ] [ PARAM ] array (
)
---------------------------------------------------------------
[2020-08-14T16:46:15+08:00] 39.99.251.31 GET pingshen.hbhb.vip/detail/details.css
[运行时间：0.020435s] [吞吐率：48.94req/s] [内存消耗：2,116.84kb] [文件加载：69]
[ info ] [ LANG ] /www/wwwroot/pingshen/thinkphp/lang/zh-cn.php
[ info ] [ ROUTE ] array (
)
[ info ] [ HEADER ] array (
  'host' => 'pingshen.hbhb.vip',
  'connection' => 'close',
  'accept' => '*/*',
  'accept-encoding' => 'gzip;q=1.0,deflate;q=0.6,identity;q=0.3',
  'user-agent' => 'WhatWeb/0.4.8-dev',
  'content-type' => '',
  'content-length' => '',
)
[ info ] [ PARAM ] array (
)
---------------------------------------------------------------
[2020-08-14T16:46:15+08:00] 39.99.251.31 GET pingshen.hbhb.vip/admin/login/index.html
[运行时间：0.021490s] [吞吐率：46.53req/s] [内存消耗：2,210.26kb] [文件加载：77]
[ info ] [ LANG ] /www/wwwroot/pingshen/thinkphp/lang/zh-cn.php
[ info ] [ LANG ] /www/wwwroot/pingshen/application/admin//lang/zh-cn.php
[ info ] [ ROUTE ] array (
)
[ info ] [ HEADER ] array (
  'host' => 'pingshen.hbhb.vip',
  'connection' => 'close',
  'accept' => '*/*',
  'accept-encoding' => 'gzip;q=1.0,deflate;q=0.6,identity;q=0.3',
  'user-agent' => 'WhatWeb/0.4.8-dev',
  'content-type' => '',
  'content-length' => '',
)
[ info ] [ PARAM ] array (
)
[ info ] [ VIEW ] /www/wwwroot/pingshen/application/admin/view/login/index.html [ array (
) ]
[ error ] [8]未定义变量: system[/www/wwwroot/pingshen/runtime/temp/b8b184884121afc82a66e9b20efb8822.php:37]
---------------------------------------------------------------
[2020-08-14T16:46:15+08:00] 39.99.251.31 GET pingshen.hbhb.vip/elm/public/
[运行时间：0.021054s] [吞吐率：47.50req/s] [内存消耗：2,116.87kb] [文件加载：69]
[ info ] [ LANG ] /www/wwwroot/pingshen/thinkphp/lang/zh-cn.php
[ info ] [ ROUTE ] array (
)
[ info ] [ HEADER ] array (
  'host' => 'pingshen.hbhb.vip',
  'connection' => 'close',
  'accept' => '*/*',
  'accept-encoding' => 'gzip;q=1.0,deflate;q=0.6,identity;q=0.3',
  'user-agent' => 'WhatWeb/0.4.8-dev',
  'content-type' => '',
  'content-length' => '',
)
[ info ] [ PARAM ] array (
)
---------------------------------------------------------------
[2020-08-14T16:46:15+08:00] 39.99.251.31 GET pingshen.hbhb.vip/
[运行时间：0.021404s] [吞吐率：46.72req/s] [内存消耗：2,225.15kb] [文件加载：75]
[ info ] [ LANG ] /www/wwwroot/pingshen/thinkphp/lang/zh-cn.php
[ info ] [ LANG ] /www/wwwroot/pingshen/application/admin//lang/zh-cn.php
[ info ] [ ROUTE ] array (
)
[ info ] [ HEADER ] array (
  'host' => 'pingshen.hbhb.vip',
  'connection' => 'close',
  'accept' => '*/*',
  'accept-encoding' => 'gzip;q=1.0,deflate;q=0.6,identity;q=0.3',
  'user-agent' => 'WhatWeb/0.4.8-dev',
  'content-type' => '',
  'content-length' => '',
)
[ info ] [ PARAM ] array (
)
---------------------------------------------------------------
[2020-08-14T16:46:15+08:00] 39.99.251.31 GET pingshen.hbhb.vip/
[运行时间：0.020695s] [吞吐率：48.32req/s] [内存消耗：2,225.15kb] [文件加载：75]
[ info ] [ LANG ] /www/wwwroot/pingshen/thinkphp/lang/zh-cn.php
[ info ] [ LANG ] /www/wwwroot/pingshen/application/admin//lang/zh-cn.php
[ info ] [ ROUTE ] array (
)
[ info ] [ HEADER ] array (
  'host' => 'pingshen.hbhb.vip',
  'connection' => 'close',
  'accept' => '*/*',
  'accept-encoding' => 'gzip;q=1.0,deflate;q=0.6,identity;q=0.3',
  'user-agent' => 'WhatWeb/0.4.8-dev',
  'content-type' => '',
  'content-length' => '',
)
[ info ] [ PARAM ] array (
)
---------------------------------------------------------------
[2020-08-14T16:46:15+08:00] 39.99.251.31 GET pingshen.hbhb.vip/eng/js/lang_en_us.js
[运行时间：0.020269s] [吞吐率：49.34req/s] [内存消耗：2,116.63kb] [文件加载：69]
[ info ] [ LANG ] /www/wwwroot/pingshen/thinkphp/lang/zh-cn.php
[ info ] [ ROUTE ] array (
)
[ info ] [ HEADER ] array (
  'host' => 'pingshen.hbhb.vip',
  'user-agent' => 'Ruby',
  'accept' => '*/*',
  'accept-encoding' => 'gzip;q=1.0,deflate;q=0.6,identity;q=0.3',
  'content-type' => '',
  'content-length' => '',
)
[ info ] [ PARAM ] array (
)
---------------------------------------------------------------
[2020-08-14T16:46:15+08:00] 39.99.251.31 GET pingshen.hbhb.vip/Public/home/js/5.js?a=qqqq
[运行时间：0.020873s] [吞吐率：47.91req/s] [内存消耗：2,117.52kb] [文件加载：69]
[ info ] [ LANG ] /www/wwwroot/pingshen/thinkphp/lang/zh-cn.php
[ info ] [ ROUTE ] array (
)
[ info ] [ HEADER ] array (
  'host' => 'pingshen.hbhb.vip',
  'connection' => 'close',
  'accept' => '*/*',
  'accept-encoding' => 'gzip;q=1.0,deflate;q=0.6,identity;q=0.3',
  'user-agent' => 'WhatWeb/0.4.8-dev',
  'content-type' => '',
  'content-length' => '',
)
[ info ] [ PARAM ] array (
  'a' => 'qqqq',
)
---------------------------------------------------------------
[2020-08-14T16:46:15+08:00] 39.99.251.31 GET pingshen.hbhb.vip/code/images/base.css
[运行时间：0.020697s] [吞吐率：48.32req/s] [内存消耗：2,116.87kb] [文件加载：69]
[ info ] [ LANG ] /www/wwwroot/pingshen/thinkphp/lang/zh-cn.php
[ info ] [ ROUTE ] array (
)
[ info ] [ HEADER ] array (
  'host' => 'pingshen.hbhb.vip',
  'connection' => 'close',
  'accept' => '*/*',
  'accept-encoding' => 'gzip;q=1.0,deflate;q=0.6,identity;q=0.3',
  'user-agent' => 'WhatWeb/0.4.8-dev',
  'content-type' => '',
  'content-length' => '',
)
[ info ] [ PARAM ] array (
)
---------------------------------------------------------------
[2020-08-14T16:46:15+08:00] 39.99.251.31 GET pingshen.hbhb.vip/cp1.html
[运行时间：0.020271s] [吞吐率：49.33req/s] [内存消耗：2,116.78kb] [文件加载：69]
[ info ] [ LANG ] /www/wwwroot/pingshen/thinkphp/lang/zh-cn.php
[ info ] [ ROUTE ] array (
)
[ info ] [ HEADER ] array (
  'host' => 'pingshen.hbhb.vip',
  'connection' => 'close',
  'accept' => '*/*',
  'accept-encoding' => 'gzip;q=1.0,deflate;q=0.6,identity;q=0.3',
  'user-agent' => 'WhatWeb/0.4.8-dev',
  'content-type' => '',
  'content-length' => '',
)
[ info ] [ PARAM ] array (
)
---------------------------------------------------------------
[2020-08-14T16:46:15+08:00] 39.99.251.31 GET pingshen.hbhb.vip/init.js
[运行时间：0.021034s] [吞吐率：47.54req/s] [内存消耗：2,116.74kb] [文件加载：69]
[ info ] [ LANG ] /www/wwwroot/pingshen/thinkphp/lang/zh-cn.php
[ info ] [ ROUTE ] array (
)
[ info ] [ HEADER ] array (
  'host' => 'pingshen.hbhb.vip',
  'connection' => 'close',
  'accept' => '*/*',
  'accept-encoding' => 'gzip;q=1.0,deflate;q=0.6,identity;q=0.3',
  'user-agent' => 'WhatWeb/0.4.8-dev',
  'content-type' => '',
  'content-length' => '',
)
[ info ] [ PARAM ] array (
)
---------------------------------------------------------------
[2020-08-14T16:46:15+08:00] 39.99.251.31 GET pingshen.hbhb.vip/manzfb
[运行时间：0.020064s] [吞吐率：49.84req/s] [内存消耗：2,116.74kb] [文件加载：69]
[ info ] [ LANG ] /www/wwwroot/pingshen/thinkphp/lang/zh-cn.php
[ info ] [ ROUTE ] array (
)
[ info ] [ HEADER ] array (
  'host' => 'pingshen.hbhb.vip',
  'connection' => 'close',
  'accept' => '*/*',
  'accept-encoding' => 'gzip;q=1.0,deflate;q=0.6,identity;q=0.3',
  'user-agent' => 'WhatWeb/0.4.8-dev',
  'content-type' => '',
  'content-length' => '',
)
[ info ] [ PARAM ] array (
)
---------------------------------------------------------------
[2020-08-14T16:46:16+08:00] 39.99.251.31 GET pingshen.hbhb.vip/Public/xx/ptlogin/zfb.png
[运行时间：0.020341s] [吞吐率：49.16req/s] [内存消耗：2,116.85kb] [文件加载：69]
[ info ] [ LANG ] /www/wwwroot/pingshen/thinkphp/lang/zh-cn.php
[ info ] [ ROUTE ] array (
)
[ info ] [ HEADER ] array (
  'host' => 'pingshen.hbhb.vip',
  'connection' => 'close',
  'accept' => '*/*',
  'accept-encoding' => 'gzip;q=1.0,deflate;q=0.6,identity;q=0.3',
  'user-agent' => 'WhatWeb/0.4.8-dev',
  'content-type' => '',
  'content-length' => '',
)
[ info ] [ PARAM ] array (
)
---------------------------------------------------------------
[2020-08-14T16:46:16+08:00] 39.99.251.31 GET pingshen.hbhb.vip/Index/zfb
[运行时间：0.020860s] [吞吐率：47.94req/s] [内存消耗：2,116.80kb] [文件加载：69]
[ info ] [ LANG ] /www/wwwroot/pingshen/thinkphp/lang/zh-cn.php
[ info ] [ ROUTE ] array (
)
[ info ] [ HEADER ] array (
  'host' => 'pingshen.hbhb.vip',
  'connection' => 'close',
  'accept' => '*/*',
  'accept-encoding' => 'gzip;q=1.0,deflate;q=0.6,identity;q=0.3',
  'user-agent' => 'WhatWeb/0.4.8-dev',
  'content-type' => '',
  'content-length' => '',
)
[ info ] [ PARAM ] array (
)
---------------------------------------------------------------
[2020-08-14T16:46:16+08:00] 39.99.251.31 GET pingshen.hbhb.vip/Index/zfb
[运行时间：0.021099s] [吞吐率：47.40req/s] [内存消耗：2,116.80kb] [文件加载：69]
[ info ] [ LANG ] /www/wwwroot/pingshen/thinkphp/lang/zh-cn.php
[ info ] [ ROUTE ] array (
)
[ info ] [ HEADER ] array (
  'host' => 'pingshen.hbhb.vip',
  'connection' => 'close',
  'accept' => '*/*',
  'accept-encoding' => 'gzip;q=1.0,deflate;q=0.6,identity;q=0.3',
  'user-agent' => 'WhatWeb/0.4.8-dev',
  'content-type' => '',
  'content-length' => '',
)
[ info ] [ PARAM ] array (
)
---------------------------------------------------------------
[2020-08-14T16:46:16+08:00] 39.99.251.31 GET pingshen.hbhb.vip/theme/6/OgPAgbONDiKhITIVYmdn.css
[运行时间：0.015466s] [吞吐率：64.66req/s] [内存消耗：1,661.91kb] [文件加载：57]
[ info ] [ LANG ] /www/wwwroot/pingshen/thinkphp/lang/zh-cn.php
---------------------------------------------------------------
[2020-08-14T16:46:16+08:00] 39.99.251.31 GET pingshen.hbhb.vip/zz/details.css
[运行时间：0.021122s] [吞吐率：47.34req/s] [内存消耗：2,116.84kb] [文件加载：69]
[ info ] [ LANG ] /www/wwwroot/pingshen/thinkphp/lang/zh-cn.php
[ info ] [ ROUTE ] array (
)
[ info ] [ HEADER ] array (
  'host' => 'pingshen.hbhb.vip',
  'connection' => 'close',
  'accept' => '*/*',
  'accept-encoding' => 'gzip;q=1.0,deflate;q=0.6,identity;q=0.3',
  'user-agent' => 'WhatWeb/0.4.8-dev',
  'content-type' => '',
  'content-length' => '',
)
[ info ] [ PARAM ] array (
)
---------------------------------------------------------------
[2020-08-14T16:46:16+08:00] 39.99.251.31 GET pingshen.hbhb.vip/detail/details.css
[运行时间：0.020148s] [吞吐率：49.63req/s] [内存消耗：2,116.84kb] [文件加载：69]
[ info ] [ LANG ] /www/wwwroot/pingshen/thinkphp/lang/zh-cn.php
[ info ] [ ROUTE ] array (
)
[ info ] [ HEADER ] array (
  'host' => 'pingshen.hbhb.vip',
  'connection' => 'close',
  'accept' => '*/*',
  'accept-encoding' => 'gzip;q=1.0,deflate;q=0.6,identity;q=0.3',
  'user-agent' => 'WhatWeb/0.4.8-dev',
  'content-type' => '',
  'content-length' => '',
)
[ info ] [ PARAM ] array (
)
---------------------------------------------------------------
[2020-08-14T22:37:35+08:00] 39.101.183.103 GET pingshen.hbhb.vip/
[运行时间：0.022067s] [吞吐率：45.32req/s] [内存消耗：2,225.15kb] [文件加载：75]
[ info ] [ LANG ] /www/wwwroot/pingshen/thinkphp/lang/zh-cn.php
[ info ] [ LANG ] /www/wwwroot/pingshen/application/admin//lang/zh-cn.php
[ info ] [ ROUTE ] array (
)
[ info ] [ HEADER ] array (
  'host' => 'pingshen.hbhb.vip',
  'connection' => 'close',
  'accept' => '*/*',
  'accept-encoding' => 'gzip;q=1.0,deflate;q=0.6,identity;q=0.3',
  'user-agent' => 'WhatWeb/0.4.8-dev',
  'content-type' => '',
  'content-length' => '',
)
[ info ] [ PARAM ] array (
)
---------------------------------------------------------------
[2020-08-14T22:37:35+08:00] 39.101.183.103 GET pingshen.hbhb.vip/elm/public/
[运行时间：0.021182s] [吞吐率：47.21req/s] [内存消耗：2,116.87kb] [文件加载：69]
[ info ] [ LANG ] /www/wwwroot/pingshen/thinkphp/lang/zh-cn.php
[ info ] [ ROUTE ] array (
)
[ info ] [ HEADER ] array (
  'host' => 'pingshen.hbhb.vip',
  'connection' => 'close',
  'accept' => '*/*',
  'accept-encoding' => 'gzip;q=1.0,deflate;q=0.6,identity;q=0.3',
  'user-agent' => 'WhatWeb/0.4.8-dev',
  'content-type' => '',
  'content-length' => '',
)
[ info ] [ PARAM ] array (
)
---------------------------------------------------------------
[2020-08-14T22:37:35+08:00] 39.101.183.103 GET pingshen.hbhb.vip/
[运行时间：0.020890s] [吞吐率：47.87req/s] [内存消耗：2,225.15kb] [文件加载：75]
[ info ] [ LANG ] /www/wwwroot/pingshen/thinkphp/lang/zh-cn.php
[ info ] [ LANG ] /www/wwwroot/pingshen/application/admin//lang/zh-cn.php
[ info ] [ ROUTE ] array (
)
[ info ] [ HEADER ] array (
  'host' => 'pingshen.hbhb.vip',
  'connection' => 'close',
  'accept' => '*/*',
  'accept-encoding' => 'gzip;q=1.0,deflate;q=0.6,identity;q=0.3',
  'user-agent' => 'WhatWeb/0.4.8-dev',
  'content-type' => '',
  'content-length' => '',
)
[ info ] [ PARAM ] array (
)
---------------------------------------------------------------
[2020-08-14T22:37:35+08:00] 39.101.183.103 GET pingshen.hbhb.vip/
[运行时间：0.020737s] [吞吐率：48.22req/s] [内存消耗：2,225.15kb] [文件加载：75]
[ info ] [ LANG ] /www/wwwroot/pingshen/thinkphp/lang/zh-cn.php
[ info ] [ LANG ] /www/wwwroot/pingshen/application/admin//lang/zh-cn.php
[ info ] [ ROUTE ] array (
)
[ info ] [ HEADER ] array (
  'host' => 'pingshen.hbhb.vip',
  'connection' => 'close',
  'accept' => '*/*',
  'accept-encoding' => 'gzip;q=1.0,deflate;q=0.6,identity;q=0.3',
  'user-agent' => 'WhatWeb/0.4.8-dev',
  'content-type' => '',
  'content-length' => '',
)
[ info ] [ PARAM ] array (
)
---------------------------------------------------------------
[2020-08-14T22:37:35+08:00] 39.101.183.103 GET pingshen.hbhb.vip/eng/js/lang_en_us.js
[运行时间：0.020210s] [吞吐率：49.48req/s] [内存消耗：2,116.63kb] [文件加载：69]
[ info ] [ LANG ] /www/wwwroot/pingshen/thinkphp/lang/zh-cn.php
[ info ] [ ROUTE ] array (
)
[ info ] [ HEADER ] array (
  'host' => 'pingshen.hbhb.vip',
  'user-agent' => 'Ruby',
  'accept' => '*/*',
  'accept-encoding' => 'gzip;q=1.0,deflate;q=0.6,identity;q=0.3',
  'content-type' => '',
  'content-length' => '',
)
[ info ] [ PARAM ] array (
)
---------------------------------------------------------------
[2020-08-14T22:37:35+08:00] 39.101.183.103 GET pingshen.hbhb.vip/Public/home/js/5.js?a=qqqq
[运行时间：0.019941s] [吞吐率：50.15req/s] [内存消耗：2,117.52kb] [文件加载：69]
[ info ] [ LANG ] /www/wwwroot/pingshen/thinkphp/lang/zh-cn.php
[ info ] [ ROUTE ] array (
)
[ info ] [ HEADER ] array (
  'host' => 'pingshen.hbhb.vip',
  'connection' => 'close',
  'accept' => '*/*',
  'accept-encoding' => 'gzip;q=1.0,deflate;q=0.6,identity;q=0.3',
  'user-agent' => 'WhatWeb/0.4.8-dev',
  'content-type' => '',
  'content-length' => '',
)
[ info ] [ PARAM ] array (
  'a' => 'qqqq',
)
---------------------------------------------------------------
[2020-08-14T22:37:35+08:00] 39.101.183.103 GET pingshen.hbhb.vip/code/images/base.css
[运行时间：0.020503s] [吞吐率：48.77req/s] [内存消耗：2,116.87kb] [文件加载：69]
[ info ] [ LANG ] /www/wwwroot/pingshen/thinkphp/lang/zh-cn.php
[ info ] [ ROUTE ] array (
)
[ info ] [ HEADER ] array (
  'host' => 'pingshen.hbhb.vip',
  'connection' => 'close',
  'accept' => '*/*',
  'accept-encoding' => 'gzip;q=1.0,deflate;q=0.6,identity;q=0.3',
  'user-agent' => 'WhatWeb/0.4.8-dev',
  'content-type' => '',
  'content-length' => '',
)
[ info ] [ PARAM ] array (
)
---------------------------------------------------------------
[2020-08-14T22:37:36+08:00] 39.101.183.103 GET pingshen.hbhb.vip/cp1.html
[运行时间：0.019882s] [吞吐率：50.30req/s] [内存消耗：2,116.78kb] [文件加载：69]
[ info ] [ LANG ] /www/wwwroot/pingshen/thinkphp/lang/zh-cn.php
[ info ] [ ROUTE ] array (
)
[ info ] [ HEADER ] array (
  'host' => 'pingshen.hbhb.vip',
  'connection' => 'close',
  'accept' => '*/*',
  'accept-encoding' => 'gzip;q=1.0,deflate;q=0.6,identity;q=0.3',
  'user-agent' => 'WhatWeb/0.4.8-dev',
  'content-type' => '',
  'content-length' => '',
)
[ info ] [ PARAM ] array (
)
---------------------------------------------------------------
[2020-08-14T22:37:36+08:00] 39.101.183.103 GET pingshen.hbhb.vip/init.js
[运行时间：0.020438s] [吞吐率：48.93req/s] [内存消耗：2,116.74kb] [文件加载：69]
[ info ] [ LANG ] /www/wwwroot/pingshen/thinkphp/lang/zh-cn.php
[ info ] [ ROUTE ] array (
)
[ info ] [ HEADER ] array (
  'host' => 'pingshen.hbhb.vip',
  'connection' => 'close',
  'accept' => '*/*',
  'accept-encoding' => 'gzip;q=1.0,deflate;q=0.6,identity;q=0.3',
  'user-agent' => 'WhatWeb/0.4.8-dev',
  'content-type' => '',
  'content-length' => '',
)
[ info ] [ PARAM ] array (
)
---------------------------------------------------------------
[2020-08-14T22:37:36+08:00] 39.101.183.103 GET pingshen.hbhb.vip/manzfb
[运行时间：0.020130s] [吞吐率：49.68req/s] [内存消耗：2,116.74kb] [文件加载：69]
[ info ] [ LANG ] /www/wwwroot/pingshen/thinkphp/lang/zh-cn.php
[ info ] [ ROUTE ] array (
)
[ info ] [ HEADER ] array (
  'host' => 'pingshen.hbhb.vip',
  'connection' => 'close',
  'accept' => '*/*',
  'accept-encoding' => 'gzip;q=1.0,deflate;q=0.6,identity;q=0.3',
  'user-agent' => 'WhatWeb/0.4.8-dev',
  'content-type' => '',
  'content-length' => '',
)
[ info ] [ PARAM ] array (
)
---------------------------------------------------------------
[2020-08-14T22:37:36+08:00] 39.101.183.103 GET pingshen.hbhb.vip/Public/xx/ptlogin/zfb.png
[运行时间：0.021005s] [吞吐率：47.61req/s] [内存消耗：2,116.85kb] [文件加载：69]
[ info ] [ LANG ] /www/wwwroot/pingshen/thinkphp/lang/zh-cn.php
[ info ] [ ROUTE ] array (
)
[ info ] [ HEADER ] array (
  'host' => 'pingshen.hbhb.vip',
  'connection' => 'close',
  'accept' => '*/*',
  'accept-encoding' => 'gzip;q=1.0,deflate;q=0.6,identity;q=0.3',
  'user-agent' => 'WhatWeb/0.4.8-dev',
  'content-type' => '',
  'content-length' => '',
)
[ info ] [ PARAM ] array (
)
---------------------------------------------------------------
[2020-08-14T22:37:40+08:00] 39.101.183.103 GET pingshen.hbhb.vip/Index/zfb
[运行时间：0.019827s] [吞吐率：50.44req/s] [内存消耗：2,116.80kb] [文件加载：69]
[ info ] [ LANG ] /www/wwwroot/pingshen/thinkphp/lang/zh-cn.php
[ info ] [ ROUTE ] array (
)
[ info ] [ HEADER ] array (
  'host' => 'pingshen.hbhb.vip',
  'connection' => 'close',
  'accept' => '*/*',
  'accept-encoding' => 'gzip;q=1.0,deflate;q=0.6,identity;q=0.3',
  'user-agent' => 'WhatWeb/0.4.8-dev',
  'content-type' => '',
  'content-length' => '',
)
[ info ] [ PARAM ] array (
)
---------------------------------------------------------------
[2020-08-14T22:37:41+08:00] 39.101.183.103 GET pingshen.hbhb.vip/Index/zfb
[运行时间：0.019841s] [吞吐率：50.40req/s] [内存消耗：2,116.80kb] [文件加载：69]
[ info ] [ LANG ] /www/wwwroot/pingshen/thinkphp/lang/zh-cn.php
[ info ] [ ROUTE ] array (
)
[ info ] [ HEADER ] array (
  'host' => 'pingshen.hbhb.vip',
  'connection' => 'close',
  'accept' => '*/*',
  'accept-encoding' => 'gzip;q=1.0,deflate;q=0.6,identity;q=0.3',
  'user-agent' => 'WhatWeb/0.4.8-dev',
  'content-type' => '',
  'content-length' => '',
)
[ info ] [ PARAM ] array (
)
---------------------------------------------------------------
[2020-08-14T22:37:41+08:00] 39.101.183.103 GET pingshen.hbhb.vip/theme/6/OgPAgbONDiKhITIVYmdn.css
[运行时间：0.016071s] [吞吐率：62.22req/s] [内存消耗：1,661.91kb] [文件加载：57]
[ info ] [ LANG ] /www/wwwroot/pingshen/thinkphp/lang/zh-cn.php
---------------------------------------------------------------
[2020-08-14T22:37:41+08:00] 39.101.183.103 GET pingshen.hbhb.vip/htuer.png
[运行时间：0.020819s] [吞吐率：48.03req/s] [内存消耗：2,116.75kb] [文件加载：69]
[ info ] [ LANG ] /www/wwwroot/pingshen/thinkphp/lang/zh-cn.php
[ info ] [ ROUTE ] array (
)
[ info ] [ HEADER ] array (
  'host' => 'pingshen.hbhb.vip',
  'connection' => 'close',
  'accept' => '*/*',
  'accept-encoding' => 'gzip;q=1.0,deflate;q=0.6,identity;q=0.3',
  'user-agent' => 'WhatWeb/0.4.8-dev',
  'content-type' => '',
  'content-length' => '',
)
[ info ] [ PARAM ] array (
)
---------------------------------------------------------------
[2020-08-14T22:37:41+08:00] 39.101.183.103 GET pingshen.hbhb.vip/zz/details.css
[运行时间：0.021003s] [吞吐率：47.61req/s] [内存消耗：2,116.84kb] [文件加载：69]
[ info ] [ LANG ] /www/wwwroot/pingshen/thinkphp/lang/zh-cn.php
[ info ] [ ROUTE ] array (
)
[ info ] [ HEADER ] array (
  'host' => 'pingshen.hbhb.vip',
  'connection' => 'close',
  'accept' => '*/*',
  'accept-encoding' => 'gzip;q=1.0,deflate;q=0.6,identity;q=0.3',
  'user-agent' => 'WhatWeb/0.4.8-dev',
  'content-type' => '',
  'content-length' => '',
)
[ info ] [ PARAM ] array (
)
---------------------------------------------------------------
[2020-08-14T22:37:41+08:00] 39.101.183.103 GET pingshen.hbhb.vip/detail/details.css
[运行时间：0.020220s] [吞吐率：49.46req/s] [内存消耗：2,116.84kb] [文件加载：69]
[ info ] [ LANG ] /www/wwwroot/pingshen/thinkphp/lang/zh-cn.php
[ info ] [ ROUTE ] array (
)
[ info ] [ HEADER ] array (
  'host' => 'pingshen.hbhb.vip',
  'connection' => 'close',
  'accept' => '*/*',
  'accept-encoding' => 'gzip;q=1.0,deflate;q=0.6,identity;q=0.3',
  'user-agent' => 'WhatWeb/0.4.8-dev',
  'content-type' => '',
  'content-length' => '',
)
[ info ] [ PARAM ] array (
)
---------------------------------------------------------------
[2020-08-14T22:37:41+08:00] 39.101.183.103 GET pingshen.hbhb.vip/admin/login/index.html
[运行时间：0.021093s] [吞吐率：47.41req/s] [内存消耗：2,210.26kb] [文件加载：77]
[ info ] [ LANG ] /www/wwwroot/pingshen/thinkphp/lang/zh-cn.php
[ info ] [ LANG ] /www/wwwroot/pingshen/application/admin//lang/zh-cn.php
[ info ] [ ROUTE ] array (
)
[ info ] [ HEADER ] array (
  'host' => 'pingshen.hbhb.vip',
  'connection' => 'close',
  'accept' => '*/*',
  'accept-encoding' => 'gzip;q=1.0,deflate;q=0.6,identity;q=0.3',
  'user-agent' => 'WhatWeb/0.4.8-dev',
  'content-type' => '',
  'content-length' => '',
)
[ info ] [ PARAM ] array (
)
[ info ] [ VIEW ] /www/wwwroot/pingshen/application/admin/view/login/index.html [ array (
) ]
[ error ] [8]未定义变量: system[/www/wwwroot/pingshen/runtime/temp/b8b184884121afc82a66e9b20efb8822.php:37]
---------------------------------------------------------------
[2020-08-14T22:37:41+08:00] 39.101.183.103 GET pingshen.hbhb.vip/elm/public/
[运行时间：0.020324s] [吞吐率：49.20req/s] [内存消耗：2,116.87kb] [文件加载：69]
[ info ] [ LANG ] /www/wwwroot/pingshen/thinkphp/lang/zh-cn.php
[ info ] [ ROUTE ] array (
)
[ info ] [ HEADER ] array (
  'host' => 'pingshen.hbhb.vip',
  'connection' => 'close',
  'accept' => '*/*',
  'accept-encoding' => 'gzip;q=1.0,deflate;q=0.6,identity;q=0.3',
  'user-agent' => 'WhatWeb/0.4.8-dev',
  'content-type' => '',
  'content-length' => '',
)
[ info ] [ PARAM ] array (
)
---------------------------------------------------------------
[2020-08-14T22:37:41+08:00] 39.101.183.103 GET pingshen.hbhb.vip/
[运行时间：0.021225s] [吞吐率：47.11req/s] [内存消耗：2,225.15kb] [文件加载：75]
[ info ] [ LANG ] /www/wwwroot/pingshen/thinkphp/lang/zh-cn.php
[ info ] [ LANG ] /www/wwwroot/pingshen/application/admin//lang/zh-cn.php
[ info ] [ ROUTE ] array (
)
[ info ] [ HEADER ] array (
  'host' => 'pingshen.hbhb.vip',
  'connection' => 'close',
  'accept' => '*/*',
  'accept-encoding' => 'gzip;q=1.0,deflate;q=0.6,identity;q=0.3',
  'user-agent' => 'WhatWeb/0.4.8-dev',
  'content-type' => '',
  'content-length' => '',
)
[ info ] [ PARAM ] array (
)
---------------------------------------------------------------
[2020-08-14T22:37:41+08:00] 39.101.183.103 GET pingshen.hbhb.vip/
[运行时间：0.020606s] [吞吐率：48.53req/s] [内存消耗：2,225.15kb] [文件加载：75]
[ info ] [ LANG ] /www/wwwroot/pingshen/thinkphp/lang/zh-cn.php
[ info ] [ LANG ] /www/wwwroot/pingshen/application/admin//lang/zh-cn.php
[ info ] [ ROUTE ] array (
)
[ info ] [ HEADER ] array (
  'host' => 'pingshen.hbhb.vip',
  'connection' => 'close',
  'accept' => '*/*',
  'accept-encoding' => 'gzip;q=1.0,deflate;q=0.6,identity;q=0.3',
  'user-agent' => 'WhatWeb/0.4.8-dev',
  'content-type' => '',
  'content-length' => '',
)
[ info ] [ PARAM ] array (
)
---------------------------------------------------------------
[2020-08-14T22:37:41+08:00] 39.101.183.103 GET pingshen.hbhb.vip/eng/js/lang_en_us.js
[运行时间：0.020710s] [吞吐率：48.29req/s] [内存消耗：2,116.63kb] [文件加载：69]
[ info ] [ LANG ] /www/wwwroot/pingshen/thinkphp/lang/zh-cn.php
[ info ] [ ROUTE ] array (
)
[ info ] [ HEADER ] array (
  'host' => 'pingshen.hbhb.vip',
  'user-agent' => 'Ruby',
  'accept' => '*/*',
  'accept-encoding' => 'gzip;q=1.0,deflate;q=0.6,identity;q=0.3',
  'content-type' => '',
  'content-length' => '',
)
[ info ] [ PARAM ] array (
)
---------------------------------------------------------------
[2020-08-14T22:37:41+08:00] 39.101.183.103 GET pingshen.hbhb.vip/Public/home/js/5.js?a=qqqq
[运行时间：0.020561s] [吞吐率：48.64req/s] [内存消耗：2,117.52kb] [文件加载：69]
[ info ] [ LANG ] /www/wwwroot/pingshen/thinkphp/lang/zh-cn.php
[ info ] [ ROUTE ] array (
)
[ info ] [ HEADER ] array (
  'host' => 'pingshen.hbhb.vip',
  'connection' => 'close',
  'accept' => '*/*',
  'accept-encoding' => 'gzip;q=1.0,deflate;q=0.6,identity;q=0.3',
  'user-agent' => 'WhatWeb/0.4.8-dev',
  'content-type' => '',
  'content-length' => '',
)
[ info ] [ PARAM ] array (
  'a' => 'qqqq',
)
---------------------------------------------------------------
[2020-08-14T22:37:42+08:00] 39.101.183.103 GET pingshen.hbhb.vip/code/images/base.css
[运行时间：0.020889s] [吞吐率：47.87req/s] [内存消耗：2,116.87kb] [文件加载：69]
[ info ] [ LANG ] /www/wwwroot/pingshen/thinkphp/lang/zh-cn.php
[ info ] [ ROUTE ] array (
)
[ info ] [ HEADER ] array (
  'host' => 'pingshen.hbhb.vip',
  'connection' => 'close',
  'accept' => '*/*',
  'accept-encoding' => 'gzip;q=1.0,deflate;q=0.6,identity;q=0.3',
  'user-agent' => 'WhatWeb/0.4.8-dev',
  'content-type' => '',
  'content-length' => '',
)
[ info ] [ PARAM ] array (
)
---------------------------------------------------------------
[2020-08-14T22:37:42+08:00] 39.101.183.103 GET pingshen.hbhb.vip/cp1.html
[运行时间：0.020147s] [吞吐率：49.63req/s] [内存消耗：2,116.78kb] [文件加载：69]
[ info ] [ LANG ] /www/wwwroot/pingshen/thinkphp/lang/zh-cn.php
[ info ] [ ROUTE ] array (
)
[ info ] [ HEADER ] array (
  'host' => 'pingshen.hbhb.vip',
  'connection' => 'close',
  'accept' => '*/*',
  'accept-encoding' => 'gzip;q=1.0,deflate;q=0.6,identity;q=0.3',
  'user-agent' => 'WhatWeb/0.4.8-dev',
  'content-type' => '',
  'content-length' => '',
)
[ info ] [ PARAM ] array (
)
---------------------------------------------------------------
[2020-08-14T22:37:42+08:00] 39.101.183.103 GET pingshen.hbhb.vip/init.js
[运行时间：0.020906s] [吞吐率：47.83req/s] [内存消耗：2,116.74kb] [文件加载：69]
[ info ] [ LANG ] /www/wwwroot/pingshen/thinkphp/lang/zh-cn.php
[ info ] [ ROUTE ] array (
)
[ info ] [ HEADER ] array (
  'host' => 'pingshen.hbhb.vip',
  'connection' => 'close',
  'accept' => '*/*',
  'accept-encoding' => 'gzip;q=1.0,deflate;q=0.6,identity;q=0.3',
  'user-agent' => 'WhatWeb/0.4.8-dev',
  'content-type' => '',
  'content-length' => '',
)
[ info ] [ PARAM ] array (
)
---------------------------------------------------------------
[2020-08-14T22:37:42+08:00] 39.101.183.103 GET pingshen.hbhb.vip/manzfb
[运行时间：0.020264s] [吞吐率：49.35req/s] [内存消耗：2,116.74kb] [文件加载：69]
[ info ] [ LANG ] /www/wwwroot/pingshen/thinkphp/lang/zh-cn.php
[ info ] [ ROUTE ] array (
)
[ info ] [ HEADER ] array (
  'host' => 'pingshen.hbhb.vip',
  'connection' => 'close',
  'accept' => '*/*',
  'accept-encoding' => 'gzip;q=1.0,deflate;q=0.6,identity;q=0.3',
  'user-agent' => 'WhatWeb/0.4.8-dev',
  'content-type' => '',
  'content-length' => '',
)
[ info ] [ PARAM ] array (
)
---------------------------------------------------------------
[2020-08-14T22:37:42+08:00] 39.101.183.103 GET pingshen.hbhb.vip/Public/xx/ptlogin/zfb.png
[运行时间：0.019906s] [吞吐率：50.24req/s] [内存消耗：2,116.85kb] [文件加载：69]
[ info ] [ LANG ] /www/wwwroot/pingshen/thinkphp/lang/zh-cn.php
[ info ] [ ROUTE ] array (
)
[ info ] [ HEADER ] array (
  'host' => 'pingshen.hbhb.vip',
  'connection' => 'close',
  'accept' => '*/*',
  'accept-encoding' => 'gzip;q=1.0,deflate;q=0.6,identity;q=0.3',
  'user-agent' => 'WhatWeb/0.4.8-dev',
  'content-type' => '',
  'content-length' => '',
)
[ info ] [ PARAM ] array (
)
---------------------------------------------------------------
[2020-08-14T22:37:46+08:00] 39.101.183.103 GET pingshen.hbhb.vip/Index/zfb
[运行时间：0.020249s] [吞吐率：49.38req/s] [内存消耗：2,116.80kb] [文件加载：69]
[ info ] [ LANG ] /www/wwwroot/pingshen/thinkphp/lang/zh-cn.php
[ info ] [ ROUTE ] array (
)
[ info ] [ HEADER ] array (
  'host' => 'pingshen.hbhb.vip',
  'connection' => 'close',
  'accept' => '*/*',
  'accept-encoding' => 'gzip;q=1.0,deflate;q=0.6,identity;q=0.3',
  'user-agent' => 'WhatWeb/0.4.8-dev',
  'content-type' => '',
  'content-length' => '',
)
[ info ] [ PARAM ] array (
)
---------------------------------------------------------------
[2020-08-14T22:37:46+08:00] 39.101.183.103 GET pingshen.hbhb.vip/Index/zfb
[运行时间：0.021077s] [吞吐率：47.44req/s] [内存消耗：2,116.80kb] [文件加载：69]
[ info ] [ LANG ] /www/wwwroot/pingshen/thinkphp/lang/zh-cn.php
[ info ] [ ROUTE ] array (
)
[ info ] [ HEADER ] array (
  'host' => 'pingshen.hbhb.vip',
  'connection' => 'close',
  'accept' => '*/*',
  'accept-encoding' => 'gzip;q=1.0,deflate;q=0.6,identity;q=0.3',
  'user-agent' => 'WhatWeb/0.4.8-dev',
  'content-type' => '',
  'content-length' => '',
)
[ info ] [ PARAM ] array (
)
---------------------------------------------------------------
[2020-08-14T22:37:46+08:00] 39.101.183.103 GET pingshen.hbhb.vip/theme/6/OgPAgbONDiKhITIVYmdn.css
[运行时间：0.016282s] [吞吐率：61.42req/s] [内存消耗：1,661.91kb] [文件加载：57]
[ info ] [ LANG ] /www/wwwroot/pingshen/thinkphp/lang/zh-cn.php
---------------------------------------------------------------
[2020-08-14T22:37:47+08:00] 39.101.183.103 GET pingshen.hbhb.vip/zz/details.css
[运行时间：0.020822s] [吞吐率：48.03req/s] [内存消耗：2,116.84kb] [文件加载：69]
[ info ] [ LANG ] /www/wwwroot/pingshen/thinkphp/lang/zh-cn.php
[ info ] [ ROUTE ] array (
)
[ info ] [ HEADER ] array (
  'host' => 'pingshen.hbhb.vip',
  'connection' => 'close',
  'accept' => '*/*',
  'accept-encoding' => 'gzip;q=1.0,deflate;q=0.6,identity;q=0.3',
  'user-agent' => 'WhatWeb/0.4.8-dev',
  'content-type' => '',
  'content-length' => '',
)
[ info ] [ PARAM ] array (
)
---------------------------------------------------------------
[2020-08-14T22:37:47+08:00] 39.101.183.103 GET pingshen.hbhb.vip/detail/details.css
[运行时间：0.020777s] [吞吐率：48.13req/s] [内存消耗：2,116.84kb] [文件加载：69]
[ info ] [ LANG ] /www/wwwroot/pingshen/thinkphp/lang/zh-cn.php
[ info ] [ ROUTE ] array (
)
[ info ] [ HEADER ] array (
  'host' => 'pingshen.hbhb.vip',
  'connection' => 'close',
  'accept' => '*/*',
  'accept-encoding' => 'gzip;q=1.0,deflate;q=0.6,identity;q=0.3',
  'user-agent' => 'WhatWeb/0.4.8-dev',
  'content-type' => '',
  'content-length' => '',
)
[ info ] [ PARAM ] array (
)
---------------------------------------------------------------
[2020-08-14T23:43:17+08:00] 39.101.192.21 GET pingshen.hbhb.vip/
[运行时间：0.021214s] [吞吐率：47.14req/s] [内存消耗：2,225.15kb] [文件加载：75]
[ info ] [ LANG ] /www/wwwroot/pingshen/thinkphp/lang/zh-cn.php
[ info ] [ LANG ] /www/wwwroot/pingshen/application/admin//lang/zh-cn.php
[ info ] [ ROUTE ] array (
)
[ info ] [ HEADER ] array (
  'host' => 'pingshen.hbhb.vip',
  'connection' => 'close',
  'accept' => '*/*',
  'accept-encoding' => 'gzip;q=1.0,deflate;q=0.6,identity;q=0.3',
  'user-agent' => 'WhatWeb/0.4.8-dev',
  'content-type' => '',
  'content-length' => '',
)
[ info ] [ PARAM ] array (
)
---------------------------------------------------------------
[2020-08-14T23:43:17+08:00] 39.101.192.21 GET pingshen.hbhb.vip/elm/public/
[运行时间：0.022039s] [吞吐率：45.37req/s] [内存消耗：2,116.87kb] [文件加载：69]
[ info ] [ LANG ] /www/wwwroot/pingshen/thinkphp/lang/zh-cn.php
[ info ] [ ROUTE ] array (
)
[ info ] [ HEADER ] array (
  'host' => 'pingshen.hbhb.vip',
  'connection' => 'close',
  'accept' => '*/*',
  'accept-encoding' => 'gzip;q=1.0,deflate;q=0.6,identity;q=0.3',
  'user-agent' => 'WhatWeb/0.4.8-dev',
  'content-type' => '',
  'content-length' => '',
)
[ info ] [ PARAM ] array (
)
---------------------------------------------------------------
[2020-08-14T23:43:17+08:00] 39.101.192.21 GET pingshen.hbhb.vip/
[运行时间：0.021423s] [吞吐率：46.68req/s] [内存消耗：2,225.15kb] [文件加载：75]
[ info ] [ LANG ] /www/wwwroot/pingshen/thinkphp/lang/zh-cn.php
[ info ] [ LANG ] /www/wwwroot/pingshen/application/admin//lang/zh-cn.php
[ info ] [ ROUTE ] array (
)
[ info ] [ HEADER ] array (
  'host' => 'pingshen.hbhb.vip',
  'connection' => 'close',
  'accept' => '*/*',
  'accept-encoding' => 'gzip;q=1.0,deflate;q=0.6,identity;q=0.3',
  'user-agent' => 'WhatWeb/0.4.8-dev',
  'content-type' => '',
  'content-length' => '',
)
[ info ] [ PARAM ] array (
)
---------------------------------------------------------------
[2020-08-14T23:43:17+08:00] 39.101.192.21 GET pingshen.hbhb.vip/
[运行时间：0.025984s] [吞吐率：38.49req/s] [内存消耗：2,225.15kb] [文件加载：75]
[ info ] [ LANG ] /www/wwwroot/pingshen/thinkphp/lang/zh-cn.php
[ info ] [ LANG ] /www/wwwroot/pingshen/application/admin//lang/zh-cn.php
[ info ] [ ROUTE ] array (
)
[ info ] [ HEADER ] array (
  'host' => 'pingshen.hbhb.vip',
  'connection' => 'close',
  'accept' => '*/*',
  'accept-encoding' => 'gzip;q=1.0,deflate;q=0.6,identity;q=0.3',
  'user-agent' => 'WhatWeb/0.4.8-dev',
  'content-type' => '',
  'content-length' => '',
)
[ info ] [ PARAM ] array (
)
---------------------------------------------------------------
[2020-08-14T23:43:18+08:00] 39.101.192.21 GET pingshen.hbhb.vip/eng/js/lang_en_us.js
[运行时间：0.019950s] [吞吐率：50.12req/s] [内存消耗：2,116.63kb] [文件加载：69]
[ info ] [ LANG ] /www/wwwroot/pingshen/thinkphp/lang/zh-cn.php
[ info ] [ ROUTE ] array (
)
[ info ] [ HEADER ] array (
  'host' => 'pingshen.hbhb.vip',
  'user-agent' => 'Ruby',
  'accept' => '*/*',
  'accept-encoding' => 'gzip;q=1.0,deflate;q=0.6,identity;q=0.3',
  'content-type' => '',
  'content-length' => '',
)
[ info ] [ PARAM ] array (
)
---------------------------------------------------------------
[2020-08-14T23:43:18+08:00] 39.101.192.21 GET pingshen.hbhb.vip/Public/home/js/5.js?a=qqqq
[运行时间：0.020446s] [吞吐率：48.91req/s] [内存消耗：2,117.52kb] [文件加载：69]
[ info ] [ LANG ] /www/wwwroot/pingshen/thinkphp/lang/zh-cn.php
[ info ] [ ROUTE ] array (
)
[ info ] [ HEADER ] array (
  'host' => 'pingshen.hbhb.vip',
  'connection' => 'close',
  'accept' => '*/*',
  'accept-encoding' => 'gzip;q=1.0,deflate;q=0.6,identity;q=0.3',
  'user-agent' => 'WhatWeb/0.4.8-dev',
  'content-type' => '',
  'content-length' => '',
)
[ info ] [ PARAM ] array (
  'a' => 'qqqq',
)
---------------------------------------------------------------
[2020-08-14T23:43:18+08:00] 39.101.192.21 GET pingshen.hbhb.vip/code/images/base.css
[运行时间：0.021327s] [吞吐率：46.89req/s] [内存消耗：2,116.87kb] [文件加载：69]
[ info ] [ LANG ] /www/wwwroot/pingshen/thinkphp/lang/zh-cn.php
[ info ] [ ROUTE ] array (
)
[ info ] [ HEADER ] array (
  'host' => 'pingshen.hbhb.vip',
  'connection' => 'close',
  'accept' => '*/*',
  'accept-encoding' => 'gzip;q=1.0,deflate;q=0.6,identity;q=0.3',
  'user-agent' => 'WhatWeb/0.4.8-dev',
  'content-type' => '',
  'content-length' => '',
)
[ info ] [ PARAM ] array (
)
---------------------------------------------------------------
[2020-08-14T23:43:18+08:00] 39.101.192.21 GET pingshen.hbhb.vip/cp1.html
[运行时间：0.019855s] [吞吐率：50.37req/s] [内存消耗：2,116.78kb] [文件加载：69]
[ info ] [ LANG ] /www/wwwroot/pingshen/thinkphp/lang/zh-cn.php
[ info ] [ ROUTE ] array (
)
[ info ] [ HEADER ] array (
  'host' => 'pingshen.hbhb.vip',
  'connection' => 'close',
  'accept' => '*/*',
  'accept-encoding' => 'gzip;q=1.0,deflate;q=0.6,identity;q=0.3',
  'user-agent' => 'WhatWeb/0.4.8-dev',
  'content-type' => '',
  'content-length' => '',
)
[ info ] [ PARAM ] array (
)
---------------------------------------------------------------
[2020-08-14T23:43:18+08:00] 39.101.192.21 GET pingshen.hbhb.vip/init.js
[运行时间：0.019799s] [吞吐率：50.51req/s] [内存消耗：2,116.74kb] [文件加载：69]
[ info ] [ LANG ] /www/wwwroot/pingshen/thinkphp/lang/zh-cn.php
[ info ] [ ROUTE ] array (
)
[ info ] [ HEADER ] array (
  'host' => 'pingshen.hbhb.vip',
  'connection' => 'close',
  'accept' => '*/*',
  'accept-encoding' => 'gzip;q=1.0,deflate;q=0.6,identity;q=0.3',
  'user-agent' => 'WhatWeb/0.4.8-dev',
  'content-type' => '',
  'content-length' => '',
)
[ info ] [ PARAM ] array (
)
---------------------------------------------------------------
[2020-08-14T23:43:18+08:00] 39.101.192.21 GET pingshen.hbhb.vip/manzfb
[运行时间：0.019944s] [吞吐率：50.14req/s] [内存消耗：2,116.74kb] [文件加载：69]
[ info ] [ LANG ] /www/wwwroot/pingshen/thinkphp/lang/zh-cn.php
[ info ] [ ROUTE ] array (
)
[ info ] [ HEADER ] array (
  'host' => 'pingshen.hbhb.vip',
  'connection' => 'close',
  'accept' => '*/*',
  'accept-encoding' => 'gzip;q=1.0,deflate;q=0.6,identity;q=0.3',
  'user-agent' => 'WhatWeb/0.4.8-dev',
  'content-type' => '',
  'content-length' => '',
)
[ info ] [ PARAM ] array (
)
---------------------------------------------------------------
[2020-08-14T23:43:19+08:00] 39.101.192.21 GET pingshen.hbhb.vip/Public/xx/ptlogin/zfb.png
[运行时间：0.020352s] [吞吐率：49.13req/s] [内存消耗：2,116.85kb] [文件加载：69]
[ info ] [ LANG ] /www/wwwroot/pingshen/thinkphp/lang/zh-cn.php
[ info ] [ ROUTE ] array (
)
[ info ] [ HEADER ] array (
  'host' => 'pingshen.hbhb.vip',
  'connection' => 'close',
  'accept' => '*/*',
  'accept-encoding' => 'gzip;q=1.0,deflate;q=0.6,identity;q=0.3',
  'user-agent' => 'WhatWeb/0.4.8-dev',
  'content-type' => '',
  'content-length' => '',
)
[ info ] [ PARAM ] array (
)
---------------------------------------------------------------
[2020-08-14T23:43:24+08:00] 39.101.192.21 GET pingshen.hbhb.vip/Index/zfb
[运行时间：0.021208s] [吞吐率：47.15req/s] [内存消耗：2,116.80kb] [文件加载：69]
[ info ] [ LANG ] /www/wwwroot/pingshen/thinkphp/lang/zh-cn.php
[ info ] [ ROUTE ] array (
)
[ info ] [ HEADER ] array (
  'host' => 'pingshen.hbhb.vip',
  'connection' => 'close',
  'accept' => '*/*',
  'accept-encoding' => 'gzip;q=1.0,deflate;q=0.6,identity;q=0.3',
  'user-agent' => 'WhatWeb/0.4.8-dev',
  'content-type' => '',
  'content-length' => '',
)
[ info ] [ PARAM ] array (
)
---------------------------------------------------------------
[2020-08-14T23:43:24+08:00] 39.101.192.21 GET pingshen.hbhb.vip/Index/zfb
[运行时间：0.020219s] [吞吐率：49.46req/s] [内存消耗：2,116.80kb] [文件加载：69]
[ info ] [ LANG ] /www/wwwroot/pingshen/thinkphp/lang/zh-cn.php
[ info ] [ ROUTE ] array (
)
[ info ] [ HEADER ] array (
  'host' => 'pingshen.hbhb.vip',
  'connection' => 'close',
  'accept' => '*/*',
  'accept-encoding' => 'gzip;q=1.0,deflate;q=0.6,identity;q=0.3',
  'user-agent' => 'WhatWeb/0.4.8-dev',
  'content-type' => '',
  'content-length' => '',
)
[ info ] [ PARAM ] array (
)
---------------------------------------------------------------
[2020-08-14T23:43:24+08:00] 39.101.192.21 GET pingshen.hbhb.vip/theme/6/OgPAgbONDiKhITIVYmdn.css
[运行时间：0.015163s] [吞吐率：65.95req/s] [内存消耗：1,661.91kb] [文件加载：57]
[ info ] [ LANG ] /www/wwwroot/pingshen/thinkphp/lang/zh-cn.php
---------------------------------------------------------------
[2020-08-14T23:43:24+08:00] 39.101.192.21 GET pingshen.hbhb.vip/htuer.png
[运行时间：0.019709s] [吞吐率：50.74req/s] [内存消耗：2,116.75kb] [文件加载：69]
[ info ] [ LANG ] /www/wwwroot/pingshen/thinkphp/lang/zh-cn.php
[ info ] [ ROUTE ] array (
)
[ info ] [ HEADER ] array (
  'host' => 'pingshen.hbhb.vip',
  'connection' => 'close',
  'accept' => '*/*',
  'accept-encoding' => 'gzip;q=1.0,deflate;q=0.6,identity;q=0.3',
  'user-agent' => 'WhatWeb/0.4.8-dev',
  'content-type' => '',
  'content-length' => '',
)
[ info ] [ PARAM ] array (
)
---------------------------------------------------------------
[2020-08-14T23:43:24+08:00] 39.101.192.21 GET pingshen.hbhb.vip/zz/details.css
[运行时间：0.020341s] [吞吐率：49.16req/s] [内存消耗：2,116.84kb] [文件加载：69]
[ info ] [ LANG ] /www/wwwroot/pingshen/thinkphp/lang/zh-cn.php
[ info ] [ ROUTE ] array (
)
[ info ] [ HEADER ] array (
  'host' => 'pingshen.hbhb.vip',
  'connection' => 'close',
  'accept' => '*/*',
  'accept-encoding' => 'gzip;q=1.0,deflate;q=0.6,identity;q=0.3',
  'user-agent' => 'WhatWeb/0.4.8-dev',
  'content-type' => '',
  'content-length' => '',
)
[ info ] [ PARAM ] array (
)
---------------------------------------------------------------
[2020-08-14T23:43:24+08:00] 39.101.192.21 GET pingshen.hbhb.vip/detail/details.css
[运行时间：0.020513s] [吞吐率：48.75req/s] [内存消耗：2,116.84kb] [文件加载：69]
[ info ] [ LANG ] /www/wwwroot/pingshen/thinkphp/lang/zh-cn.php
[ info ] [ ROUTE ] array (
)
[ info ] [ HEADER ] array (
  'host' => 'pingshen.hbhb.vip',
  'connection' => 'close',
  'accept' => '*/*',
  'accept-encoding' => 'gzip;q=1.0,deflate;q=0.6,identity;q=0.3',
  'user-agent' => 'WhatWeb/0.4.8-dev',
  'content-type' => '',
  'content-length' => '',
)
[ info ] [ PARAM ] array (
)
---------------------------------------------------------------
[2020-08-14T23:43:25+08:00] 39.101.192.21 GET pingshen.hbhb.vip/admin/login/index.html
[运行时间：0.021614s] [吞吐率：46.27req/s] [内存消耗：2,210.26kb] [文件加载：77]
[ info ] [ LANG ] /www/wwwroot/pingshen/thinkphp/lang/zh-cn.php
[ info ] [ LANG ] /www/wwwroot/pingshen/application/admin//lang/zh-cn.php
[ info ] [ ROUTE ] array (
)
[ info ] [ HEADER ] array (
  'host' => 'pingshen.hbhb.vip',
  'connection' => 'close',
  'accept' => '*/*',
  'accept-encoding' => 'gzip;q=1.0,deflate;q=0.6,identity;q=0.3',
  'user-agent' => 'WhatWeb/0.4.8-dev',
  'content-type' => '',
  'content-length' => '',
)
[ info ] [ PARAM ] array (
)
[ info ] [ VIEW ] /www/wwwroot/pingshen/application/admin/view/login/index.html [ array (
) ]
[ error ] [8]未定义变量: system[/www/wwwroot/pingshen/runtime/temp/b8b184884121afc82a66e9b20efb8822.php:37]
---------------------------------------------------------------
[2020-08-14T23:43:25+08:00] 39.101.192.21 GET pingshen.hbhb.vip/elm/public/
[运行时间：0.020278s] [吞吐率：49.31req/s] [内存消耗：2,116.87kb] [文件加载：69]
[ info ] [ LANG ] /www/wwwroot/pingshen/thinkphp/lang/zh-cn.php
[ info ] [ ROUTE ] array (
)
[ info ] [ HEADER ] array (
  'host' => 'pingshen.hbhb.vip',
  'connection' => 'close',
  'accept' => '*/*',
  'accept-encoding' => 'gzip;q=1.0,deflate;q=0.6,identity;q=0.3',
  'user-agent' => 'WhatWeb/0.4.8-dev',
  'content-type' => '',
  'content-length' => '',
)
[ info ] [ PARAM ] array (
)
---------------------------------------------------------------
[2020-08-14T23:43:25+08:00] 39.101.192.21 GET pingshen.hbhb.vip/
[运行时间：0.029366s] [吞吐率：34.05req/s] [内存消耗：2,225.15kb] [文件加载：75]
[ info ] [ LANG ] /www/wwwroot/pingshen/thinkphp/lang/zh-cn.php
[ info ] [ LANG ] /www/wwwroot/pingshen/application/admin//lang/zh-cn.php
[ info ] [ ROUTE ] array (
)
[ info ] [ HEADER ] array (
  'host' => 'pingshen.hbhb.vip',
  'connection' => 'close',
  'accept' => '*/*',
  'accept-encoding' => 'gzip;q=1.0,deflate;q=0.6,identity;q=0.3',
  'user-agent' => 'WhatWeb/0.4.8-dev',
  'content-type' => '',
  'content-length' => '',
)
[ info ] [ PARAM ] array (
)
---------------------------------------------------------------
[2020-08-14T23:43:25+08:00] 39.101.192.21 GET pingshen.hbhb.vip/
[运行时间：0.021279s] [吞吐率：46.99req/s] [内存消耗：2,225.15kb] [文件加载：75]
[ info ] [ LANG ] /www/wwwroot/pingshen/thinkphp/lang/zh-cn.php
[ info ] [ LANG ] /www/wwwroot/pingshen/application/admin//lang/zh-cn.php
[ info ] [ ROUTE ] array (
)
[ info ] [ HEADER ] array (
  'host' => 'pingshen.hbhb.vip',
  'connection' => 'close',
  'accept' => '*/*',
  'accept-encoding' => 'gzip;q=1.0,deflate;q=0.6,identity;q=0.3',
  'user-agent' => 'WhatWeb/0.4.8-dev',
  'content-type' => '',
  'content-length' => '',
)
[ info ] [ PARAM ] array (
)
---------------------------------------------------------------
[2020-08-14T23:43:25+08:00] 39.101.192.21 GET pingshen.hbhb.vip/eng/js/lang_en_us.js
[运行时间：0.020057s] [吞吐率：49.86req/s] [内存消耗：2,116.63kb] [文件加载：69]
[ info ] [ LANG ] /www/wwwroot/pingshen/thinkphp/lang/zh-cn.php
[ info ] [ ROUTE ] array (
)
[ info ] [ HEADER ] array (
  'host' => 'pingshen.hbhb.vip',
  'user-agent' => 'Ruby',
  'accept' => '*/*',
  'accept-encoding' => 'gzip;q=1.0,deflate;q=0.6,identity;q=0.3',
  'content-type' => '',
  'content-length' => '',
)
[ info ] [ PARAM ] array (
)
---------------------------------------------------------------
[2020-08-14T23:43:25+08:00] 39.101.192.21 GET pingshen.hbhb.vip/Public/home/js/5.js?a=qqqq
[运行时间：0.019936s] [吞吐率：50.16req/s] [内存消耗：2,117.52kb] [文件加载：69]
[ info ] [ LANG ] /www/wwwroot/pingshen/thinkphp/lang/zh-cn.php
[ info ] [ ROUTE ] array (
)
[ info ] [ HEADER ] array (
  'host' => 'pingshen.hbhb.vip',
  'connection' => 'close',
  'accept' => '*/*',
  'accept-encoding' => 'gzip;q=1.0,deflate;q=0.6,identity;q=0.3',
  'user-agent' => 'WhatWeb/0.4.8-dev',
  'content-type' => '',
  'content-length' => '',
)
[ info ] [ PARAM ] array (
  'a' => 'qqqq',
)
---------------------------------------------------------------
[2020-08-14T23:43:25+08:00] 39.101.192.21 GET pingshen.hbhb.vip/code/images/base.css
[运行时间：0.020555s] [吞吐率：48.65req/s] [内存消耗：2,116.87kb] [文件加载：69]
[ info ] [ LANG ] /www/wwwroot/pingshen/thinkphp/lang/zh-cn.php
[ info ] [ ROUTE ] array (
)
[ info ] [ HEADER ] array (
  'host' => 'pingshen.hbhb.vip',
  'connection' => 'close',
  'accept' => '*/*',
  'accept-encoding' => 'gzip;q=1.0,deflate;q=0.6,identity;q=0.3',
  'user-agent' => 'WhatWeb/0.4.8-dev',
  'content-type' => '',
  'content-length' => '',
)
[ info ] [ PARAM ] array (
)
---------------------------------------------------------------
[2020-08-14T23:43:25+08:00] 39.101.192.21 GET pingshen.hbhb.vip/cp1.html
[运行时间：0.020489s] [吞吐率：48.81req/s] [内存消耗：2,116.78kb] [文件加载：69]
[ info ] [ LANG ] /www/wwwroot/pingshen/thinkphp/lang/zh-cn.php
[ info ] [ ROUTE ] array (
)
[ info ] [ HEADER ] array (
  'host' => 'pingshen.hbhb.vip',
  'connection' => 'close',
  'accept' => '*/*',
  'accept-encoding' => 'gzip;q=1.0,deflate;q=0.6,identity;q=0.3',
  'user-agent' => 'WhatWeb/0.4.8-dev',
  'content-type' => '',
  'content-length' => '',
)
[ info ] [ PARAM ] array (
)
---------------------------------------------------------------
[2020-08-14T23:43:25+08:00] 39.101.192.21 GET pingshen.hbhb.vip/init.js
[运行时间：0.020308s] [吞吐率：49.24req/s] [内存消耗：2,116.74kb] [文件加载：69]
[ info ] [ LANG ] /www/wwwroot/pingshen/thinkphp/lang/zh-cn.php
[ info ] [ ROUTE ] array (
)
[ info ] [ HEADER ] array (
  'host' => 'pingshen.hbhb.vip',
  'connection' => 'close',
  'accept' => '*/*',
  'accept-encoding' => 'gzip;q=1.0,deflate;q=0.6,identity;q=0.3',
  'user-agent' => 'WhatWeb/0.4.8-dev',
  'content-type' => '',
  'content-length' => '',
)
[ info ] [ PARAM ] array (
)
---------------------------------------------------------------
[2020-08-14T23:43:25+08:00] 39.101.192.21 GET pingshen.hbhb.vip/manzfb
[运行时间：0.021368s] [吞吐率：46.80req/s] [内存消耗：2,116.74kb] [文件加载：69]
[ info ] [ LANG ] /www/wwwroot/pingshen/thinkphp/lang/zh-cn.php
[ info ] [ ROUTE ] array (
)
[ info ] [ HEADER ] array (
  'host' => 'pingshen.hbhb.vip',
  'connection' => 'close',
  'accept' => '*/*',
  'accept-encoding' => 'gzip;q=1.0,deflate;q=0.6,identity;q=0.3',
  'user-agent' => 'WhatWeb/0.4.8-dev',
  'content-type' => '',
  'content-length' => '',
)
[ info ] [ PARAM ] array (
)
---------------------------------------------------------------
[2020-08-14T23:43:25+08:00] 39.101.192.21 GET pingshen.hbhb.vip/Public/xx/ptlogin/zfb.png
[运行时间：0.020563s] [吞吐率：48.63req/s] [内存消耗：2,116.85kb] [文件加载：69]
[ info ] [ LANG ] /www/wwwroot/pingshen/thinkphp/lang/zh-cn.php
[ info ] [ ROUTE ] array (
)
[ info ] [ HEADER ] array (
  'host' => 'pingshen.hbhb.vip',
  'connection' => 'close',
  'accept' => '*/*',
  'accept-encoding' => 'gzip;q=1.0,deflate;q=0.6,identity;q=0.3',
  'user-agent' => 'WhatWeb/0.4.8-dev',
  'content-type' => '',
  'content-length' => '',
)
[ info ] [ PARAM ] array (
)
---------------------------------------------------------------
[2020-08-14T23:43:30+08:00] 39.101.192.21 GET pingshen.hbhb.vip/Index/zfb
[运行时间：0.020711s] [吞吐率：48.28req/s] [内存消耗：2,116.80kb] [文件加载：69]
[ info ] [ LANG ] /www/wwwroot/pingshen/thinkphp/lang/zh-cn.php
[ info ] [ ROUTE ] array (
)
[ info ] [ HEADER ] array (
  'host' => 'pingshen.hbhb.vip',
  'connection' => 'close',
  'accept' => '*/*',
  'accept-encoding' => 'gzip;q=1.0,deflate;q=0.6,identity;q=0.3',
  'user-agent' => 'WhatWeb/0.4.8-dev',
  'content-type' => '',
  'content-length' => '',
)
[ info ] [ PARAM ] array (
)
---------------------------------------------------------------
[2020-08-14T23:43:30+08:00] 39.101.192.21 GET pingshen.hbhb.vip/Index/zfb
[运行时间：0.021418s] [吞吐率：46.69req/s] [内存消耗：2,116.80kb] [文件加载：69]
[ info ] [ LANG ] /www/wwwroot/pingshen/thinkphp/lang/zh-cn.php
[ info ] [ ROUTE ] array (
)
[ info ] [ HEADER ] array (
  'host' => 'pingshen.hbhb.vip',
  'connection' => 'close',
  'accept' => '*/*',
  'accept-encoding' => 'gzip;q=1.0,deflate;q=0.6,identity;q=0.3',
  'user-agent' => 'WhatWeb/0.4.8-dev',
  'content-type' => '',
  'content-length' => '',
)
[ info ] [ PARAM ] array (
)
---------------------------------------------------------------
[2020-08-14T23:43:30+08:00] 39.101.192.21 GET pingshen.hbhb.vip/theme/6/OgPAgbONDiKhITIVYmdn.css
[运行时间：0.015774s] [吞吐率：63.40req/s] [内存消耗：1,661.91kb] [文件加载：57]
[ info ] [ LANG ] /www/wwwroot/pingshen/thinkphp/lang/zh-cn.php
---------------------------------------------------------------
[2020-08-14T23:43:30+08:00] 39.101.192.21 GET pingshen.hbhb.vip/zz/details.css
[运行时间：0.020635s] [吞吐率：48.46req/s] [内存消耗：2,116.84kb] [文件加载：69]
[ info ] [ LANG ] /www/wwwroot/pingshen/thinkphp/lang/zh-cn.php
[ info ] [ ROUTE ] array (
)
[ info ] [ HEADER ] array (
  'host' => 'pingshen.hbhb.vip',
  'connection' => 'close',
  'accept' => '*/*',
  'accept-encoding' => 'gzip;q=1.0,deflate;q=0.6,identity;q=0.3',
  'user-agent' => 'WhatWeb/0.4.8-dev',
  'content-type' => '',
  'content-length' => '',
)
[ info ] [ PARAM ] array (
)
---------------------------------------------------------------
[2020-08-14T23:43:30+08:00] 39.101.192.21 GET pingshen.hbhb.vip/detail/details.css
[运行时间：0.020956s] [吞吐率：47.72req/s] [内存消耗：2,116.84kb] [文件加载：69]
[ info ] [ LANG ] /www/wwwroot/pingshen/thinkphp/lang/zh-cn.php
[ info ] [ ROUTE ] array (
)
[ info ] [ HEADER ] array (
  'host' => 'pingshen.hbhb.vip',
  'connection' => 'close',
  'accept' => '*/*',
  'accept-encoding' => 'gzip;q=1.0,deflate;q=0.6,identity;q=0.3',
  'user-agent' => 'WhatWeb/0.4.8-dev',
  'content-type' => '',
  'content-length' => '',
)
[ info ] [ PARAM ] array (
)
---------------------------------------------------------------
[2020-08-14T23:48:25+08:00] 131.220.6.156 GET pingshen.hbhb.vip/
[运行时间：0.021581s] [吞吐率：46.34req/s] [内存消耗：2,225.30kb] [文件加载：75]
[ info ] [ LANG ] /www/wwwroot/pingshen/thinkphp/lang/zh-cn.php
[ info ] [ LANG ] /www/wwwroot/pingshen/application/admin//lang/zh-cn.php
[ info ] [ ROUTE ] array (
)
[ info ] [ HEADER ] array (
  'accept-encoding' => 'gzip, deflate',
  'accept' => '*/*',
  'user-agent' => 'Mozilla/5.0 (X11; Linux x86_64) AppleWebKit/537.36 (KHTML, like Gecko) Chrome/79.0.3945.79 Safari/537.36',
  'host' => 'pingshen.hbhb.vip',
  'content-type' => '',
  'content-length' => '',
)
[ info ] [ PARAM ] array (
)
---------------------------------------------------------------
[2020-08-14T23:48:26+08:00] 131.220.6.156 GET pingshen.hbhb.vip/admin/login/index.html
[运行时间：0.021534s] [吞吐率：46.44req/s] [内存消耗：2,210.28kb] [文件加载：77]
[ info ] [ LANG ] /www/wwwroot/pingshen/thinkphp/lang/zh-cn.php
[ info ] [ LANG ] /www/wwwroot/pingshen/application/admin//lang/zh-cn.php
[ info ] [ ROUTE ] array (
)
[ info ] [ HEADER ] array (
  'accept-encoding' => 'gzip, deflate',
  'accept' => '*/*',
  'user-agent' => 'Mozilla/5.0 (X11; Linux x86_64) AppleWebKit/537.36 (KHTML, like Gecko) Chrome/79.0.3945.79 Safari/537.36',
  'host' => 'pingshen.hbhb.vip',
  'content-type' => '',
  'content-length' => '',
)
[ info ] [ PARAM ] array (
)
[ info ] [ VIEW ] /www/wwwroot/pingshen/application/admin/view/login/index.html [ array (
) ]
[ error ] [8]未定义变量: system[/www/wwwroot/pingshen/runtime/temp/b8b184884121afc82a66e9b20efb8822.php:37]
