---------------------------------------------------------------
[2020-08-27T03:01:10+08:00] 209.17.96.122 GET pingshen.hbhb.vip/
[运行时间：0.345989s] [吞吐率：2.89req/s] [内存消耗：2,224.85kb] [文件加载：75]
[ info ] [ LANG ] /www/wwwroot/pingshen/thinkphp/lang/zh-cn.php
[ info ] [ LANG ] /www/wwwroot/pingshen/application/admin//lang/zh-cn.php
[ info ] [ ROUTE ] array (
)
[ info ] [ HEADER ] array (
  'user-agent' => 'Mozilla/5.0 (compatible; Nimbostratus-Bot/v1.3.2; http://cloudsystemnetworks.com)',
  'host' => 'pingshen.hbhb.vip',
  'content-type' => '',
  'content-length' => '',
)
[ info ] [ PARAM ] array (
)
---------------------------------------------------------------
[2020-08-27T08:50:53+08:00] 47.101.196.170 GET pingshen.hbhb.vip/
[运行时间：0.020616s] [吞吐率：48.51req/s] [内存消耗：2,225.12kb] [文件加载：75]
[ info ] [ LANG ] /www/wwwroot/pingshen/thinkphp/lang/zh-cn.php
[ info ] [ LANG ] /www/wwwroot/pingshen/application/admin//lang/zh-cn.php
[ info ] [ ROUTE ] array (
)
[ info ] [ HEADER ] array (
  'accept-encoding' => 'gzip',
  'connection' => 'Keep-Alive',
  'host' => 'pingshen.hbhb.vip',
  'user-agent' => 'Mozilla/5.0 (X11; Ubuntu; Linux x86_64; rv:36.0) Gecko/20100101 Firefox/36.0',
  'content-type' => '',
  'content-length' => '',
)
[ info ] [ PARAM ] array (
)
---------------------------------------------------------------
[2020-08-27T08:50:53+08:00] 47.101.196.170 GET pingshen.hbhb.vip/admin/login/index.html
[运行时间：0.067577s] [吞吐率：14.80req/s] [内存消耗：2,210.23kb] [文件加载：77]
[ info ] [ LANG ] /www/wwwroot/pingshen/thinkphp/lang/zh-cn.php
[ info ] [ LANG ] /www/wwwroot/pingshen/application/admin//lang/zh-cn.php
[ info ] [ ROUTE ] array (
)
[ info ] [ HEADER ] array (
  'accept-encoding' => 'gzip',
  'connection' => 'Keep-Alive',
  'host' => 'pingshen.hbhb.vip',
  'user-agent' => 'Mozilla/5.0 (X11; Ubuntu; Linux x86_64; rv:36.0) Gecko/20100101 Firefox/36.0',
  'content-type' => '',
  'content-length' => '',
)
[ info ] [ PARAM ] array (
)
[ info ] [ VIEW ] /www/wwwroot/pingshen/application/admin/view/login/index.html [ array (
) ]
[ error ] [8]未定义变量: system[/www/wwwroot/pingshen/runtime/temp/b8b184884121afc82a66e9b20efb8822.php:37]
---------------------------------------------------------------
[2020-08-27T08:50:54+08:00] 47.101.196.170 GET pingshen.hbhb.vip/admin/index/index.html
[运行时间：0.021644s] [吞吐率：46.20req/s] [内存消耗：2,225.32kb] [文件加载：75]
[ info ] [ LANG ] /www/wwwroot/pingshen/thinkphp/lang/zh-cn.php
[ info ] [ LANG ] /www/wwwroot/pingshen/application/admin//lang/zh-cn.php
[ info ] [ ROUTE ] array (
)
[ info ] [ HEADER ] array (
  'accept-encoding' => 'gzip',
  'connection' => 'Keep-Alive',
  'host' => 'pingshen.hbhb.vip',
  'user-agent' => 'Mozilla/5.0 (X11; Ubuntu; Linux x86_64; rv:36.0) Gecko/20100101 Firefox/36.0',
  'content-type' => '',
  'content-length' => '',
)
[ info ] [ PARAM ] array (
)
---------------------------------------------------------------
[2020-08-27T08:50:54+08:00] 47.101.196.170 GET pingshen.hbhb.vip/admin/login/index.html
[运行时间：0.021493s] [吞吐率：46.53req/s] [内存消耗：2,210.23kb] [文件加载：77]
[ info ] [ LANG ] /www/wwwroot/pingshen/thinkphp/lang/zh-cn.php
[ info ] [ LANG ] /www/wwwroot/pingshen/application/admin//lang/zh-cn.php
[ info ] [ ROUTE ] array (
)
[ info ] [ HEADER ] array (
  'accept-encoding' => 'gzip',
  'connection' => 'Keep-Alive',
  'host' => 'pingshen.hbhb.vip',
  'user-agent' => 'Mozilla/5.0 (X11; Ubuntu; Linux x86_64; rv:36.0) Gecko/20100101 Firefox/36.0',
  'content-type' => '',
  'content-length' => '',
)
[ info ] [ PARAM ] array (
)
[ info ] [ VIEW ] /www/wwwroot/pingshen/application/admin/view/login/index.html [ array (
) ]
[ error ] [8]未定义变量: system[/www/wwwroot/pingshen/runtime/temp/b8b184884121afc82a66e9b20efb8822.php:37]
---------------------------------------------------------------
[2020-08-27T11:21:01+08:00] 39.101.195.116 GET pingshen.hbhb.vip/
[运行时间：0.021269s] [吞吐率：47.02req/s] [内存消耗：2,225.15kb] [文件加载：75]
[ info ] [ LANG ] /www/wwwroot/pingshen/thinkphp/lang/zh-cn.php
[ info ] [ LANG ] /www/wwwroot/pingshen/application/admin//lang/zh-cn.php
[ info ] [ ROUTE ] array (
)
[ info ] [ HEADER ] array (
  'host' => 'pingshen.hbhb.vip',
  'connection' => 'close',
  'accept' => '*/*',
  'accept-encoding' => 'gzip;q=1.0,deflate;q=0.6,identity;q=0.3',
  'user-agent' => 'WhatWeb/0.4.8-dev',
  'content-type' => '',
  'content-length' => '',
)
[ info ] [ PARAM ] array (
)
---------------------------------------------------------------
[2020-08-27T11:21:01+08:00] 39.101.195.116 GET pingshen.hbhb.vip/elm/public/
[运行时间：0.022578s] [吞吐率：44.29req/s] [内存消耗：2,116.87kb] [文件加载：69]
[ info ] [ LANG ] /www/wwwroot/pingshen/thinkphp/lang/zh-cn.php
[ info ] [ ROUTE ] array (
)
[ info ] [ HEADER ] array (
  'host' => 'pingshen.hbhb.vip',
  'connection' => 'close',
  'accept' => '*/*',
  'accept-encoding' => 'gzip;q=1.0,deflate;q=0.6,identity;q=0.3',
  'user-agent' => 'WhatWeb/0.4.8-dev',
  'content-type' => '',
  'content-length' => '',
)
[ info ] [ PARAM ] array (
)
---------------------------------------------------------------
[2020-08-27T11:21:01+08:00] 39.101.195.116 GET pingshen.hbhb.vip/
[运行时间：0.020622s] [吞吐率：48.49req/s] [内存消耗：2,225.15kb] [文件加载：75]
[ info ] [ LANG ] /www/wwwroot/pingshen/thinkphp/lang/zh-cn.php
[ info ] [ LANG ] /www/wwwroot/pingshen/application/admin//lang/zh-cn.php
[ info ] [ ROUTE ] array (
)
[ info ] [ HEADER ] array (
  'host' => 'pingshen.hbhb.vip',
  'connection' => 'close',
  'accept' => '*/*',
  'accept-encoding' => 'gzip;q=1.0,deflate;q=0.6,identity;q=0.3',
  'user-agent' => 'WhatWeb/0.4.8-dev',
  'content-type' => '',
  'content-length' => '',
)
[ info ] [ PARAM ] array (
)
---------------------------------------------------------------
[2020-08-27T11:21:01+08:00] 39.101.195.116 GET pingshen.hbhb.vip/
[运行时间：0.021956s] [吞吐率：45.55req/s] [内存消耗：2,225.15kb] [文件加载：75]
[ info ] [ LANG ] /www/wwwroot/pingshen/thinkphp/lang/zh-cn.php
[ info ] [ LANG ] /www/wwwroot/pingshen/application/admin//lang/zh-cn.php
[ info ] [ ROUTE ] array (
)
[ info ] [ HEADER ] array (
  'host' => 'pingshen.hbhb.vip',
  'connection' => 'close',
  'accept' => '*/*',
  'accept-encoding' => 'gzip;q=1.0,deflate;q=0.6,identity;q=0.3',
  'user-agent' => 'WhatWeb/0.4.8-dev',
  'content-type' => '',
  'content-length' => '',
)
[ info ] [ PARAM ] array (
)
---------------------------------------------------------------
[2020-08-27T11:21:01+08:00] 39.101.195.116 GET pingshen.hbhb.vip/eng/js/lang_en_us.js
[运行时间：0.020237s] [吞吐率：49.41req/s] [内存消耗：2,116.63kb] [文件加载：69]
[ info ] [ LANG ] /www/wwwroot/pingshen/thinkphp/lang/zh-cn.php
[ info ] [ ROUTE ] array (
)
[ info ] [ HEADER ] array (
  'host' => 'pingshen.hbhb.vip',
  'user-agent' => 'Ruby',
  'accept' => '*/*',
  'accept-encoding' => 'gzip;q=1.0,deflate;q=0.6,identity;q=0.3',
  'content-type' => '',
  'content-length' => '',
)
[ info ] [ PARAM ] array (
)
---------------------------------------------------------------
[2020-08-27T11:21:01+08:00] 39.101.195.116 GET pingshen.hbhb.vip/Public/home/js/5.js?a=qqqq
[运行时间：0.030240s] [吞吐率：33.07req/s] [内存消耗：2,117.52kb] [文件加载：69]
[ info ] [ LANG ] /www/wwwroot/pingshen/thinkphp/lang/zh-cn.php
[ info ] [ ROUTE ] array (
)
[ info ] [ HEADER ] array (
  'host' => 'pingshen.hbhb.vip',
  'connection' => 'close',
  'accept' => '*/*',
  'accept-encoding' => 'gzip;q=1.0,deflate;q=0.6,identity;q=0.3',
  'user-agent' => 'WhatWeb/0.4.8-dev',
  'content-type' => '',
  'content-length' => '',
)
[ info ] [ PARAM ] array (
  'a' => 'qqqq',
)
---------------------------------------------------------------
[2020-08-27T11:21:01+08:00] 39.101.195.116 GET pingshen.hbhb.vip/code/images/base.css
[运行时间：0.022400s] [吞吐率：44.64req/s] [内存消耗：2,116.87kb] [文件加载：69]
[ info ] [ LANG ] /www/wwwroot/pingshen/thinkphp/lang/zh-cn.php
[ info ] [ ROUTE ] array (
)
[ info ] [ HEADER ] array (
  'host' => 'pingshen.hbhb.vip',
  'connection' => 'close',
  'accept' => '*/*',
  'accept-encoding' => 'gzip;q=1.0,deflate;q=0.6,identity;q=0.3',
  'user-agent' => 'WhatWeb/0.4.8-dev',
  'content-type' => '',
  'content-length' => '',
)
[ info ] [ PARAM ] array (
)
---------------------------------------------------------------
[2020-08-27T11:21:02+08:00] 39.101.195.116 GET pingshen.hbhb.vip/cp1.html
[运行时间：0.020941s] [吞吐率：47.75req/s] [内存消耗：2,116.78kb] [文件加载：69]
[ info ] [ LANG ] /www/wwwroot/pingshen/thinkphp/lang/zh-cn.php
[ info ] [ ROUTE ] array (
)
[ info ] [ HEADER ] array (
  'host' => 'pingshen.hbhb.vip',
  'connection' => 'close',
  'accept' => '*/*',
  'accept-encoding' => 'gzip;q=1.0,deflate;q=0.6,identity;q=0.3',
  'user-agent' => 'WhatWeb/0.4.8-dev',
  'content-type' => '',
  'content-length' => '',
)
[ info ] [ PARAM ] array (
)
---------------------------------------------------------------
[2020-08-27T11:21:02+08:00] 39.101.195.116 GET pingshen.hbhb.vip/init.js
[运行时间：0.020447s] [吞吐率：48.91req/s] [内存消耗：2,116.74kb] [文件加载：69]
[ info ] [ LANG ] /www/wwwroot/pingshen/thinkphp/lang/zh-cn.php
[ info ] [ ROUTE ] array (
)
[ info ] [ HEADER ] array (
  'host' => 'pingshen.hbhb.vip',
  'connection' => 'close',
  'accept' => '*/*',
  'accept-encoding' => 'gzip;q=1.0,deflate;q=0.6,identity;q=0.3',
  'user-agent' => 'WhatWeb/0.4.8-dev',
  'content-type' => '',
  'content-length' => '',
)
[ info ] [ PARAM ] array (
)
---------------------------------------------------------------
[2020-08-27T11:21:02+08:00] 39.101.195.116 GET pingshen.hbhb.vip/manzfb
[运行时间：0.020655s] [吞吐率：48.41req/s] [内存消耗：2,116.74kb] [文件加载：69]
[ info ] [ LANG ] /www/wwwroot/pingshen/thinkphp/lang/zh-cn.php
[ info ] [ ROUTE ] array (
)
[ info ] [ HEADER ] array (
  'host' => 'pingshen.hbhb.vip',
  'connection' => 'close',
  'accept' => '*/*',
  'accept-encoding' => 'gzip;q=1.0,deflate;q=0.6,identity;q=0.3',
  'user-agent' => 'WhatWeb/0.4.8-dev',
  'content-type' => '',
  'content-length' => '',
)
[ info ] [ PARAM ] array (
)
---------------------------------------------------------------
[2020-08-27T11:21:02+08:00] 39.101.195.116 GET pingshen.hbhb.vip/Public/xx/ptlogin/zfb.png
[运行时间：0.021444s] [吞吐率：46.63req/s] [内存消耗：2,116.85kb] [文件加载：69]
[ info ] [ LANG ] /www/wwwroot/pingshen/thinkphp/lang/zh-cn.php
[ info ] [ ROUTE ] array (
)
[ info ] [ HEADER ] array (
  'host' => 'pingshen.hbhb.vip',
  'connection' => 'close',
  'accept' => '*/*',
  'accept-encoding' => 'gzip;q=1.0,deflate;q=0.6,identity;q=0.3',
  'user-agent' => 'WhatWeb/0.4.8-dev',
  'content-type' => '',
  'content-length' => '',
)
[ info ] [ PARAM ] array (
)
---------------------------------------------------------------
[2020-08-27T11:21:02+08:00] 39.101.195.116 GET pingshen.hbhb.vip/Index/zfb
[运行时间：0.020831s] [吞吐率：48.01req/s] [内存消耗：2,116.80kb] [文件加载：69]
[ info ] [ LANG ] /www/wwwroot/pingshen/thinkphp/lang/zh-cn.php
[ info ] [ ROUTE ] array (
)
[ info ] [ HEADER ] array (
  'host' => 'pingshen.hbhb.vip',
  'connection' => 'close',
  'accept' => '*/*',
  'accept-encoding' => 'gzip;q=1.0,deflate;q=0.6,identity;q=0.3',
  'user-agent' => 'WhatWeb/0.4.8-dev',
  'content-type' => '',
  'content-length' => '',
)
[ info ] [ PARAM ] array (
)
---------------------------------------------------------------
[2020-08-27T11:21:02+08:00] 39.101.195.116 GET pingshen.hbhb.vip/Index/zfb
[运行时间：0.020197s] [吞吐率：49.51req/s] [内存消耗：2,116.80kb] [文件加载：69]
[ info ] [ LANG ] /www/wwwroot/pingshen/thinkphp/lang/zh-cn.php
[ info ] [ ROUTE ] array (
)
[ info ] [ HEADER ] array (
  'host' => 'pingshen.hbhb.vip',
  'connection' => 'close',
  'accept' => '*/*',
  'accept-encoding' => 'gzip;q=1.0,deflate;q=0.6,identity;q=0.3',
  'user-agent' => 'WhatWeb/0.4.8-dev',
  'content-type' => '',
  'content-length' => '',
)
[ info ] [ PARAM ] array (
)
---------------------------------------------------------------
[2020-08-27T11:21:02+08:00] 39.101.195.116 GET pingshen.hbhb.vip/theme/6/OgPAgbONDiKhITIVYmdn.css
[运行时间：0.015390s] [吞吐率：64.98req/s] [内存消耗：1,661.91kb] [文件加载：57]
[ info ] [ LANG ] /www/wwwroot/pingshen/thinkphp/lang/zh-cn.php
---------------------------------------------------------------
[2020-08-27T11:21:02+08:00] 39.101.195.116 GET pingshen.hbhb.vip/htuer.png
[运行时间：0.020404s] [吞吐率：49.01req/s] [内存消耗：2,116.75kb] [文件加载：69]
[ info ] [ LANG ] /www/wwwroot/pingshen/thinkphp/lang/zh-cn.php
[ info ] [ ROUTE ] array (
)
[ info ] [ HEADER ] array (
  'host' => 'pingshen.hbhb.vip',
  'connection' => 'close',
  'accept' => '*/*',
  'accept-encoding' => 'gzip;q=1.0,deflate;q=0.6,identity;q=0.3',
  'user-agent' => 'WhatWeb/0.4.8-dev',
  'content-type' => '',
  'content-length' => '',
)
[ info ] [ PARAM ] array (
)
---------------------------------------------------------------
[2020-08-27T11:21:02+08:00] 39.101.195.116 GET pingshen.hbhb.vip/zz/details.css
[运行时间：0.031130s] [吞吐率：32.12req/s] [内存消耗：2,116.84kb] [文件加载：69]
[ info ] [ LANG ] /www/wwwroot/pingshen/thinkphp/lang/zh-cn.php
[ info ] [ ROUTE ] array (
)
[ info ] [ HEADER ] array (
  'host' => 'pingshen.hbhb.vip',
  'connection' => 'close',
  'accept' => '*/*',
  'accept-encoding' => 'gzip;q=1.0,deflate;q=0.6,identity;q=0.3',
  'user-agent' => 'WhatWeb/0.4.8-dev',
  'content-type' => '',
  'content-length' => '',
)
[ info ] [ PARAM ] array (
)
---------------------------------------------------------------
[2020-08-27T11:21:02+08:00] 39.101.195.116 GET pingshen.hbhb.vip/detail/details.css
[运行时间：0.020005s] [吞吐率：49.99req/s] [内存消耗：2,116.84kb] [文件加载：69]
[ info ] [ LANG ] /www/wwwroot/pingshen/thinkphp/lang/zh-cn.php
[ info ] [ ROUTE ] array (
)
[ info ] [ HEADER ] array (
  'host' => 'pingshen.hbhb.vip',
  'connection' => 'close',
  'accept' => '*/*',
  'accept-encoding' => 'gzip;q=1.0,deflate;q=0.6,identity;q=0.3',
  'user-agent' => 'WhatWeb/0.4.8-dev',
  'content-type' => '',
  'content-length' => '',
)
[ info ] [ PARAM ] array (
)
---------------------------------------------------------------
[2020-08-27T11:21:03+08:00] 39.101.195.116 GET pingshen.hbhb.vip/admin/login/index.html
[运行时间：0.152802s] [吞吐率：6.54req/s] [内存消耗：2,210.26kb] [文件加载：77]
[ info ] [ LANG ] /www/wwwroot/pingshen/thinkphp/lang/zh-cn.php
[ info ] [ LANG ] /www/wwwroot/pingshen/application/admin//lang/zh-cn.php
[ info ] [ ROUTE ] array (
)
[ info ] [ HEADER ] array (
  'host' => 'pingshen.hbhb.vip',
  'connection' => 'close',
  'accept' => '*/*',
  'accept-encoding' => 'gzip;q=1.0,deflate;q=0.6,identity;q=0.3',
  'user-agent' => 'WhatWeb/0.4.8-dev',
  'content-type' => '',
  'content-length' => '',
)
[ info ] [ PARAM ] array (
)
[ info ] [ VIEW ] /www/wwwroot/pingshen/application/admin/view/login/index.html [ array (
) ]
[ error ] [8]未定义变量: system[/www/wwwroot/pingshen/runtime/temp/b8b184884121afc82a66e9b20efb8822.php:37]
---------------------------------------------------------------
[2020-08-27T11:21:03+08:00] 39.101.195.116 GET pingshen.hbhb.vip/elm/public/
[运行时间：0.022176s] [吞吐率：45.09req/s] [内存消耗：2,116.87kb] [文件加载：69]
[ info ] [ LANG ] /www/wwwroot/pingshen/thinkphp/lang/zh-cn.php
[ info ] [ ROUTE ] array (
)
[ info ] [ HEADER ] array (
  'host' => 'pingshen.hbhb.vip',
  'connection' => 'close',
  'accept' => '*/*',
  'accept-encoding' => 'gzip;q=1.0,deflate;q=0.6,identity;q=0.3',
  'user-agent' => 'WhatWeb/0.4.8-dev',
  'content-type' => '',
  'content-length' => '',
)
[ info ] [ PARAM ] array (
)
---------------------------------------------------------------
[2020-08-27T11:21:04+08:00] 39.101.195.116 GET pingshen.hbhb.vip/
[运行时间：0.020732s] [吞吐率：48.23req/s] [内存消耗：2,225.15kb] [文件加载：75]
[ info ] [ LANG ] /www/wwwroot/pingshen/thinkphp/lang/zh-cn.php
[ info ] [ LANG ] /www/wwwroot/pingshen/application/admin//lang/zh-cn.php
[ info ] [ ROUTE ] array (
)
[ info ] [ HEADER ] array (
  'host' => 'pingshen.hbhb.vip',
  'connection' => 'close',
  'accept' => '*/*',
  'accept-encoding' => 'gzip;q=1.0,deflate;q=0.6,identity;q=0.3',
  'user-agent' => 'WhatWeb/0.4.8-dev',
  'content-type' => '',
  'content-length' => '',
)
[ info ] [ PARAM ] array (
)
---------------------------------------------------------------
[2020-08-27T11:21:05+08:00] 39.101.195.116 GET pingshen.hbhb.vip/
[运行时间：0.021372s] [吞吐率：46.79req/s] [内存消耗：2,225.15kb] [文件加载：75]
[ info ] [ LANG ] /www/wwwroot/pingshen/thinkphp/lang/zh-cn.php
[ info ] [ LANG ] /www/wwwroot/pingshen/application/admin//lang/zh-cn.php
[ info ] [ ROUTE ] array (
)
[ info ] [ HEADER ] array (
  'host' => 'pingshen.hbhb.vip',
  'connection' => 'close',
  'accept' => '*/*',
  'accept-encoding' => 'gzip;q=1.0,deflate;q=0.6,identity;q=0.3',
  'user-agent' => 'WhatWeb/0.4.8-dev',
  'content-type' => '',
  'content-length' => '',
)
[ info ] [ PARAM ] array (
)
---------------------------------------------------------------
[2020-08-27T11:21:05+08:00] 39.101.195.116 GET pingshen.hbhb.vip/eng/js/lang_en_us.js
[运行时间：0.021212s] [吞吐率：47.14req/s] [内存消耗：2,116.63kb] [文件加载：69]
[ info ] [ LANG ] /www/wwwroot/pingshen/thinkphp/lang/zh-cn.php
[ info ] [ ROUTE ] array (
)
[ info ] [ HEADER ] array (
  'host' => 'pingshen.hbhb.vip',
  'user-agent' => 'Ruby',
  'accept' => '*/*',
  'accept-encoding' => 'gzip;q=1.0,deflate;q=0.6,identity;q=0.3',
  'content-type' => '',
  'content-length' => '',
)
[ info ] [ PARAM ] array (
)
---------------------------------------------------------------
[2020-08-27T11:21:05+08:00] 39.101.195.116 GET pingshen.hbhb.vip/Public/home/js/5.js?a=qqqq
[运行时间：0.020901s] [吞吐率：47.84req/s] [内存消耗：2,117.52kb] [文件加载：69]
[ info ] [ LANG ] /www/wwwroot/pingshen/thinkphp/lang/zh-cn.php
[ info ] [ ROUTE ] array (
)
[ info ] [ HEADER ] array (
  'host' => 'pingshen.hbhb.vip',
  'connection' => 'close',
  'accept' => '*/*',
  'accept-encoding' => 'gzip;q=1.0,deflate;q=0.6,identity;q=0.3',
  'user-agent' => 'WhatWeb/0.4.8-dev',
  'content-type' => '',
  'content-length' => '',
)
[ info ] [ PARAM ] array (
  'a' => 'qqqq',
)
---------------------------------------------------------------
[2020-08-27T11:21:05+08:00] 39.101.195.116 GET pingshen.hbhb.vip/code/images/base.css
[运行时间：0.020589s] [吞吐率：48.57req/s] [内存消耗：2,116.87kb] [文件加载：69]
[ info ] [ LANG ] /www/wwwroot/pingshen/thinkphp/lang/zh-cn.php
[ info ] [ ROUTE ] array (
)
[ info ] [ HEADER ] array (
  'host' => 'pingshen.hbhb.vip',
  'connection' => 'close',
  'accept' => '*/*',
  'accept-encoding' => 'gzip;q=1.0,deflate;q=0.6,identity;q=0.3',
  'user-agent' => 'WhatWeb/0.4.8-dev',
  'content-type' => '',
  'content-length' => '',
)
[ info ] [ PARAM ] array (
)
---------------------------------------------------------------
[2020-08-27T11:21:06+08:00] 39.101.195.116 GET pingshen.hbhb.vip/cp1.html
[运行时间：0.021136s] [吞吐率：47.31req/s] [内存消耗：2,116.78kb] [文件加载：69]
[ info ] [ LANG ] /www/wwwroot/pingshen/thinkphp/lang/zh-cn.php
[ info ] [ ROUTE ] array (
)
[ info ] [ HEADER ] array (
  'host' => 'pingshen.hbhb.vip',
  'connection' => 'close',
  'accept' => '*/*',
  'accept-encoding' => 'gzip;q=1.0,deflate;q=0.6,identity;q=0.3',
  'user-agent' => 'WhatWeb/0.4.8-dev',
  'content-type' => '',
  'content-length' => '',
)
[ info ] [ PARAM ] array (
)
---------------------------------------------------------------
[2020-08-27T11:21:06+08:00] 39.101.195.116 GET pingshen.hbhb.vip/init.js
[运行时间：0.019628s] [吞吐率：50.95req/s] [内存消耗：2,116.74kb] [文件加载：69]
[ info ] [ LANG ] /www/wwwroot/pingshen/thinkphp/lang/zh-cn.php
[ info ] [ ROUTE ] array (
)
[ info ] [ HEADER ] array (
  'host' => 'pingshen.hbhb.vip',
  'connection' => 'close',
  'accept' => '*/*',
  'accept-encoding' => 'gzip;q=1.0,deflate;q=0.6,identity;q=0.3',
  'user-agent' => 'WhatWeb/0.4.8-dev',
  'content-type' => '',
  'content-length' => '',
)
[ info ] [ PARAM ] array (
)
---------------------------------------------------------------
[2020-08-27T11:21:06+08:00] 39.101.195.116 GET pingshen.hbhb.vip/manzfb
[运行时间：0.021042s] [吞吐率：47.52req/s] [内存消耗：2,116.74kb] [文件加载：69]
[ info ] [ LANG ] /www/wwwroot/pingshen/thinkphp/lang/zh-cn.php
[ info ] [ ROUTE ] array (
)
[ info ] [ HEADER ] array (
  'host' => 'pingshen.hbhb.vip',
  'connection' => 'close',
  'accept' => '*/*',
  'accept-encoding' => 'gzip;q=1.0,deflate;q=0.6,identity;q=0.3',
  'user-agent' => 'WhatWeb/0.4.8-dev',
  'content-type' => '',
  'content-length' => '',
)
[ info ] [ PARAM ] array (
)
---------------------------------------------------------------
[2020-08-27T11:21:06+08:00] 39.101.195.116 GET pingshen.hbhb.vip/Public/xx/ptlogin/zfb.png
[运行时间：0.020630s] [吞吐率：48.47req/s] [内存消耗：2,116.85kb] [文件加载：69]
[ info ] [ LANG ] /www/wwwroot/pingshen/thinkphp/lang/zh-cn.php
[ info ] [ ROUTE ] array (
)
[ info ] [ HEADER ] array (
  'host' => 'pingshen.hbhb.vip',
  'connection' => 'close',
  'accept' => '*/*',
  'accept-encoding' => 'gzip;q=1.0,deflate;q=0.6,identity;q=0.3',
  'user-agent' => 'WhatWeb/0.4.8-dev',
  'content-type' => '',
  'content-length' => '',
)
[ info ] [ PARAM ] array (
)
---------------------------------------------------------------
[2020-08-27T11:21:11+08:00] 39.101.195.116 GET pingshen.hbhb.vip/Index/zfb
[运行时间：0.020079s] [吞吐率：49.80req/s] [内存消耗：2,116.80kb] [文件加载：69]
[ info ] [ LANG ] /www/wwwroot/pingshen/thinkphp/lang/zh-cn.php
[ info ] [ ROUTE ] array (
)
[ info ] [ HEADER ] array (
  'host' => 'pingshen.hbhb.vip',
  'connection' => 'close',
  'accept' => '*/*',
  'accept-encoding' => 'gzip;q=1.0,deflate;q=0.6,identity;q=0.3',
  'user-agent' => 'WhatWeb/0.4.8-dev',
  'content-type' => '',
  'content-length' => '',
)
[ info ] [ PARAM ] array (
)
---------------------------------------------------------------
[2020-08-27T11:21:11+08:00] 39.101.195.116 GET pingshen.hbhb.vip/Index/zfb
[运行时间：0.021821s] [吞吐率：45.83req/s] [内存消耗：2,116.80kb] [文件加载：69]
[ info ] [ LANG ] /www/wwwroot/pingshen/thinkphp/lang/zh-cn.php
[ info ] [ ROUTE ] array (
)
[ info ] [ HEADER ] array (
  'host' => 'pingshen.hbhb.vip',
  'connection' => 'close',
  'accept' => '*/*',
  'accept-encoding' => 'gzip;q=1.0,deflate;q=0.6,identity;q=0.3',
  'user-agent' => 'WhatWeb/0.4.8-dev',
  'content-type' => '',
  'content-length' => '',
)
[ info ] [ PARAM ] array (
)
---------------------------------------------------------------
[2020-08-27T11:21:12+08:00] 39.101.195.116 GET pingshen.hbhb.vip/theme/6/OgPAgbONDiKhITIVYmdn.css
[运行时间：0.015535s] [吞吐率：64.37req/s] [内存消耗：1,661.91kb] [文件加载：57]
[ info ] [ LANG ] /www/wwwroot/pingshen/thinkphp/lang/zh-cn.php
---------------------------------------------------------------
[2020-08-27T11:21:12+08:00] 39.101.195.116 GET pingshen.hbhb.vip/zz/details.css
[运行时间：0.020034s] [吞吐率：49.91req/s] [内存消耗：2,116.84kb] [文件加载：69]
[ info ] [ LANG ] /www/wwwroot/pingshen/thinkphp/lang/zh-cn.php
[ info ] [ ROUTE ] array (
)
[ info ] [ HEADER ] array (
  'host' => 'pingshen.hbhb.vip',
  'connection' => 'close',
  'accept' => '*/*',
  'accept-encoding' => 'gzip;q=1.0,deflate;q=0.6,identity;q=0.3',
  'user-agent' => 'WhatWeb/0.4.8-dev',
  'content-type' => '',
  'content-length' => '',
)
[ info ] [ PARAM ] array (
)
---------------------------------------------------------------
[2020-08-27T11:21:12+08:00] 39.101.195.116 GET pingshen.hbhb.vip/detail/details.css
[运行时间：0.020017s] [吞吐率：49.96req/s] [内存消耗：2,116.84kb] [文件加载：69]
[ info ] [ LANG ] /www/wwwroot/pingshen/thinkphp/lang/zh-cn.php
[ info ] [ ROUTE ] array (
)
[ info ] [ HEADER ] array (
  'host' => 'pingshen.hbhb.vip',
  'connection' => 'close',
  'accept' => '*/*',
  'accept-encoding' => 'gzip;q=1.0,deflate;q=0.6,identity;q=0.3',
  'user-agent' => 'WhatWeb/0.4.8-dev',
  'content-type' => '',
  'content-length' => '',
)
[ info ] [ PARAM ] array (
)
---------------------------------------------------------------
[2020-08-27T13:21:01+08:00] 159.89.49.52 GET pingshen.hbhb.vip:80/adminer-3.5.0.php
[运行时间：0.020378s] [吞吐率：49.07req/s] [内存消耗：2,116.95kb] [文件加载：69]
[ info ] [ LANG ] /www/wwwroot/pingshen/thinkphp/lang/zh-cn.php
[ info ] [ ROUTE ] array (
)
[ info ] [ HEADER ] array (
  'accept-encoding' => 'gzip',
  'accept' => '*/*',
  'user-agent' => 'Mozilla/5.0 (Macintosh; Intel Mac OS X 10_14_4) AppleWebKit/605.1.15 (KHTML, like Gecko) Version/12.1 Safari/605.1.15',
  'host' => 'pingshen.hbhb.vip:80',
  'content-type' => '',
  'content-length' => '',
)
[ info ] [ PARAM ] array (
)
