---------------------------------------------------------------
[2020-08-30T09:50:36+08:00] 47.101.196.159 GET pingshen.hbhb.vip/
[运行时间：0.102331s] [吞吐率：9.77req/s] [内存消耗：2,225.12kb] [文件加载：75]
[ info ] [ LANG ] /www/wwwroot/pingshen/thinkphp/lang/zh-cn.php
[ info ] [ LANG ] /www/wwwroot/pingshen/application/admin//lang/zh-cn.php
[ info ] [ ROUTE ] array (
)
[ info ] [ HEADER ] array (
  'accept-encoding' => 'gzip',
  'connection' => 'Keep-Alive',
  'host' => 'pingshen.hbhb.vip',
  'user-agent' => 'Mozilla/5.0 (X11; Ubuntu; Linux x86_64; rv:36.0) Gecko/20100101 Firefox/36.0',
  'content-type' => '',
  'content-length' => '',
)
[ info ] [ PARAM ] array (
)
---------------------------------------------------------------
[2020-08-30T09:50:36+08:00] 47.101.196.159 GET pingshen.hbhb.vip/admin/login/index.html
[运行时间：0.026632s] [吞吐率：37.55req/s] [内存消耗：2,210.23kb] [文件加载：77]
[ info ] [ LANG ] /www/wwwroot/pingshen/thinkphp/lang/zh-cn.php
[ info ] [ LANG ] /www/wwwroot/pingshen/application/admin//lang/zh-cn.php
[ info ] [ ROUTE ] array (
)
[ info ] [ HEADER ] array (
  'accept-encoding' => 'gzip',
  'connection' => 'Keep-Alive',
  'host' => 'pingshen.hbhb.vip',
  'user-agent' => 'Mozilla/5.0 (X11; Ubuntu; Linux x86_64; rv:36.0) Gecko/20100101 Firefox/36.0',
  'content-type' => '',
  'content-length' => '',
)
[ info ] [ PARAM ] array (
)
[ info ] [ VIEW ] /www/wwwroot/pingshen/application/admin/view/login/index.html [ array (
) ]
[ error ] [8]未定义变量: system[/www/wwwroot/pingshen/runtime/temp/b8b184884121afc82a66e9b20efb8822.php:37]
---------------------------------------------------------------
[2020-08-30T09:50:37+08:00] 47.101.196.159 GET pingshen.hbhb.vip/admin/index/index.html
[运行时间：0.021195s] [吞吐率：47.18req/s] [内存消耗：2,225.32kb] [文件加载：75]
[ info ] [ LANG ] /www/wwwroot/pingshen/thinkphp/lang/zh-cn.php
[ info ] [ LANG ] /www/wwwroot/pingshen/application/admin//lang/zh-cn.php
[ info ] [ ROUTE ] array (
)
[ info ] [ HEADER ] array (
  'accept-encoding' => 'gzip',
  'connection' => 'Keep-Alive',
  'host' => 'pingshen.hbhb.vip',
  'user-agent' => 'Mozilla/5.0 (X11; Ubuntu; Linux x86_64; rv:36.0) Gecko/20100101 Firefox/36.0',
  'content-type' => '',
  'content-length' => '',
)
[ info ] [ PARAM ] array (
)
---------------------------------------------------------------
[2020-08-30T09:50:37+08:00] 47.101.196.159 GET pingshen.hbhb.vip/admin/login/index.html
[运行时间：0.020889s] [吞吐率：47.87req/s] [内存消耗：2,210.23kb] [文件加载：77]
[ info ] [ LANG ] /www/wwwroot/pingshen/thinkphp/lang/zh-cn.php
[ info ] [ LANG ] /www/wwwroot/pingshen/application/admin//lang/zh-cn.php
[ info ] [ ROUTE ] array (
)
[ info ] [ HEADER ] array (
  'accept-encoding' => 'gzip',
  'connection' => 'Keep-Alive',
  'host' => 'pingshen.hbhb.vip',
  'user-agent' => 'Mozilla/5.0 (X11; Ubuntu; Linux x86_64; rv:36.0) Gecko/20100101 Firefox/36.0',
  'content-type' => '',
  'content-length' => '',
)
[ info ] [ PARAM ] array (
)
[ info ] [ VIEW ] /www/wwwroot/pingshen/application/admin/view/login/index.html [ array (
) ]
[ error ] [8]未定义变量: system[/www/wwwroot/pingshen/runtime/temp/b8b184884121afc82a66e9b20efb8822.php:37]
---------------------------------------------------------------
[2020-08-30T11:21:01+08:00] 39.98.123.30 GET pingshen.hbhb.vip/
[运行时间：0.020791s] [吞吐率：48.10req/s] [内存消耗：2,225.15kb] [文件加载：75]
[ info ] [ LANG ] /www/wwwroot/pingshen/thinkphp/lang/zh-cn.php
[ info ] [ LANG ] /www/wwwroot/pingshen/application/admin//lang/zh-cn.php
[ info ] [ ROUTE ] array (
)
[ info ] [ HEADER ] array (
  'host' => 'pingshen.hbhb.vip',
  'connection' => 'close',
  'accept' => '*/*',
  'accept-encoding' => 'gzip;q=1.0,deflate;q=0.6,identity;q=0.3',
  'user-agent' => 'WhatWeb/0.4.8-dev',
  'content-type' => '',
  'content-length' => '',
)
[ info ] [ PARAM ] array (
)
---------------------------------------------------------------
[2020-08-30T11:21:02+08:00] 39.98.123.30 GET pingshen.hbhb.vip/elm/public/
[运行时间：0.053133s] [吞吐率：18.82req/s] [内存消耗：2,116.87kb] [文件加载：69]
[ info ] [ LANG ] /www/wwwroot/pingshen/thinkphp/lang/zh-cn.php
[ info ] [ ROUTE ] array (
)
[ info ] [ HEADER ] array (
  'host' => 'pingshen.hbhb.vip',
  'connection' => 'close',
  'accept' => '*/*',
  'accept-encoding' => 'gzip;q=1.0,deflate;q=0.6,identity;q=0.3',
  'user-agent' => 'WhatWeb/0.4.8-dev',
  'content-type' => '',
  'content-length' => '',
)
[ info ] [ PARAM ] array (
)
---------------------------------------------------------------
[2020-08-30T11:21:02+08:00] 39.98.123.30 GET pingshen.hbhb.vip/
[运行时间：0.020912s] [吞吐率：47.82req/s] [内存消耗：2,225.15kb] [文件加载：75]
[ info ] [ LANG ] /www/wwwroot/pingshen/thinkphp/lang/zh-cn.php
[ info ] [ LANG ] /www/wwwroot/pingshen/application/admin//lang/zh-cn.php
[ info ] [ ROUTE ] array (
)
[ info ] [ HEADER ] array (
  'host' => 'pingshen.hbhb.vip',
  'connection' => 'close',
  'accept' => '*/*',
  'accept-encoding' => 'gzip;q=1.0,deflate;q=0.6,identity;q=0.3',
  'user-agent' => 'WhatWeb/0.4.8-dev',
  'content-type' => '',
  'content-length' => '',
)
[ info ] [ PARAM ] array (
)
---------------------------------------------------------------
[2020-08-30T11:21:02+08:00] 39.98.123.30 GET pingshen.hbhb.vip/
[运行时间：0.021263s] [吞吐率：47.03req/s] [内存消耗：2,225.15kb] [文件加载：75]
[ info ] [ LANG ] /www/wwwroot/pingshen/thinkphp/lang/zh-cn.php
[ info ] [ LANG ] /www/wwwroot/pingshen/application/admin//lang/zh-cn.php
[ info ] [ ROUTE ] array (
)
[ info ] [ HEADER ] array (
  'host' => 'pingshen.hbhb.vip',
  'connection' => 'close',
  'accept' => '*/*',
  'accept-encoding' => 'gzip;q=1.0,deflate;q=0.6,identity;q=0.3',
  'user-agent' => 'WhatWeb/0.4.8-dev',
  'content-type' => '',
  'content-length' => '',
)
[ info ] [ PARAM ] array (
)
---------------------------------------------------------------
[2020-08-30T11:21:02+08:00] 39.98.123.30 GET pingshen.hbhb.vip/eng/js/lang_en_us.js
[运行时间：0.020003s] [吞吐率：49.99req/s] [内存消耗：2,116.63kb] [文件加载：69]
[ info ] [ LANG ] /www/wwwroot/pingshen/thinkphp/lang/zh-cn.php
[ info ] [ ROUTE ] array (
)
[ info ] [ HEADER ] array (
  'host' => 'pingshen.hbhb.vip',
  'user-agent' => 'Ruby',
  'accept' => '*/*',
  'accept-encoding' => 'gzip;q=1.0,deflate;q=0.6,identity;q=0.3',
  'content-type' => '',
  'content-length' => '',
)
[ info ] [ PARAM ] array (
)
---------------------------------------------------------------
[2020-08-30T11:21:02+08:00] 39.98.123.30 GET pingshen.hbhb.vip/Public/home/js/5.js?a=qqqq
[运行时间：0.020337s] [吞吐率：49.17req/s] [内存消耗：2,117.52kb] [文件加载：69]
[ info ] [ LANG ] /www/wwwroot/pingshen/thinkphp/lang/zh-cn.php
[ info ] [ ROUTE ] array (
)
[ info ] [ HEADER ] array (
  'host' => 'pingshen.hbhb.vip',
  'connection' => 'close',
  'accept' => '*/*',
  'accept-encoding' => 'gzip;q=1.0,deflate;q=0.6,identity;q=0.3',
  'user-agent' => 'WhatWeb/0.4.8-dev',
  'content-type' => '',
  'content-length' => '',
)
[ info ] [ PARAM ] array (
  'a' => 'qqqq',
)
---------------------------------------------------------------
[2020-08-30T11:21:02+08:00] 39.98.123.30 GET pingshen.hbhb.vip/code/images/base.css
[运行时间：0.021273s] [吞吐率：47.01req/s] [内存消耗：2,116.87kb] [文件加载：69]
[ info ] [ LANG ] /www/wwwroot/pingshen/thinkphp/lang/zh-cn.php
[ info ] [ ROUTE ] array (
)
[ info ] [ HEADER ] array (
  'host' => 'pingshen.hbhb.vip',
  'connection' => 'close',
  'accept' => '*/*',
  'accept-encoding' => 'gzip;q=1.0,deflate;q=0.6,identity;q=0.3',
  'user-agent' => 'WhatWeb/0.4.8-dev',
  'content-type' => '',
  'content-length' => '',
)
[ info ] [ PARAM ] array (
)
---------------------------------------------------------------
[2020-08-30T11:21:02+08:00] 39.98.123.30 GET pingshen.hbhb.vip/cp1.html
[运行时间：0.020425s] [吞吐率：48.96req/s] [内存消耗：2,116.78kb] [文件加载：69]
[ info ] [ LANG ] /www/wwwroot/pingshen/thinkphp/lang/zh-cn.php
[ info ] [ ROUTE ] array (
)
[ info ] [ HEADER ] array (
  'host' => 'pingshen.hbhb.vip',
  'connection' => 'close',
  'accept' => '*/*',
  'accept-encoding' => 'gzip;q=1.0,deflate;q=0.6,identity;q=0.3',
  'user-agent' => 'WhatWeb/0.4.8-dev',
  'content-type' => '',
  'content-length' => '',
)
[ info ] [ PARAM ] array (
)
---------------------------------------------------------------
[2020-08-30T11:21:02+08:00] 39.98.123.30 GET pingshen.hbhb.vip/init.js
[运行时间：0.020450s] [吞吐率：48.90req/s] [内存消耗：2,116.74kb] [文件加载：69]
[ info ] [ LANG ] /www/wwwroot/pingshen/thinkphp/lang/zh-cn.php
[ info ] [ ROUTE ] array (
)
[ info ] [ HEADER ] array (
  'host' => 'pingshen.hbhb.vip',
  'connection' => 'close',
  'accept' => '*/*',
  'accept-encoding' => 'gzip;q=1.0,deflate;q=0.6,identity;q=0.3',
  'user-agent' => 'WhatWeb/0.4.8-dev',
  'content-type' => '',
  'content-length' => '',
)
[ info ] [ PARAM ] array (
)
---------------------------------------------------------------
[2020-08-30T11:21:02+08:00] 39.98.123.30 GET pingshen.hbhb.vip/manzfb
[运行时间：0.021139s] [吞吐率：47.31req/s] [内存消耗：2,116.74kb] [文件加载：69]
[ info ] [ LANG ] /www/wwwroot/pingshen/thinkphp/lang/zh-cn.php
[ info ] [ ROUTE ] array (
)
[ info ] [ HEADER ] array (
  'host' => 'pingshen.hbhb.vip',
  'connection' => 'close',
  'accept' => '*/*',
  'accept-encoding' => 'gzip;q=1.0,deflate;q=0.6,identity;q=0.3',
  'user-agent' => 'WhatWeb/0.4.8-dev',
  'content-type' => '',
  'content-length' => '',
)
[ info ] [ PARAM ] array (
)
---------------------------------------------------------------
[2020-08-30T11:21:02+08:00] 39.98.123.30 GET pingshen.hbhb.vip/Public/xx/ptlogin/zfb.png
[运行时间：0.020755s] [吞吐率：48.18req/s] [内存消耗：2,116.85kb] [文件加载：69]
[ info ] [ LANG ] /www/wwwroot/pingshen/thinkphp/lang/zh-cn.php
[ info ] [ ROUTE ] array (
)
[ info ] [ HEADER ] array (
  'host' => 'pingshen.hbhb.vip',
  'connection' => 'close',
  'accept' => '*/*',
  'accept-encoding' => 'gzip;q=1.0,deflate;q=0.6,identity;q=0.3',
  'user-agent' => 'WhatWeb/0.4.8-dev',
  'content-type' => '',
  'content-length' => '',
)
[ info ] [ PARAM ] array (
)
---------------------------------------------------------------
[2020-08-30T11:21:08+08:00] 39.98.123.30 GET pingshen.hbhb.vip/Index/zfb
[运行时间：0.020851s] [吞吐率：47.96req/s] [内存消耗：2,116.80kb] [文件加载：69]
[ info ] [ LANG ] /www/wwwroot/pingshen/thinkphp/lang/zh-cn.php
[ info ] [ ROUTE ] array (
)
[ info ] [ HEADER ] array (
  'host' => 'pingshen.hbhb.vip',
  'connection' => 'close',
  'accept' => '*/*',
  'accept-encoding' => 'gzip;q=1.0,deflate;q=0.6,identity;q=0.3',
  'user-agent' => 'WhatWeb/0.4.8-dev',
  'content-type' => '',
  'content-length' => '',
)
[ info ] [ PARAM ] array (
)
---------------------------------------------------------------
[2020-08-30T11:21:08+08:00] 39.98.123.30 GET pingshen.hbhb.vip/Index/zfb
[运行时间：0.019873s] [吞吐率：50.32req/s] [内存消耗：2,116.80kb] [文件加载：69]
[ info ] [ LANG ] /www/wwwroot/pingshen/thinkphp/lang/zh-cn.php
[ info ] [ ROUTE ] array (
)
[ info ] [ HEADER ] array (
  'host' => 'pingshen.hbhb.vip',
  'connection' => 'close',
  'accept' => '*/*',
  'accept-encoding' => 'gzip;q=1.0,deflate;q=0.6,identity;q=0.3',
  'user-agent' => 'WhatWeb/0.4.8-dev',
  'content-type' => '',
  'content-length' => '',
)
[ info ] [ PARAM ] array (
)
---------------------------------------------------------------
[2020-08-30T11:21:08+08:00] 39.98.123.30 GET pingshen.hbhb.vip/theme/6/OgPAgbONDiKhITIVYmdn.css
[运行时间：0.015731s] [吞吐率：63.57req/s] [内存消耗：1,661.91kb] [文件加载：57]
[ info ] [ LANG ] /www/wwwroot/pingshen/thinkphp/lang/zh-cn.php
---------------------------------------------------------------
[2020-08-30T11:21:08+08:00] 39.98.123.30 GET pingshen.hbhb.vip/htuer.png
[运行时间：0.020227s] [吞吐率：49.44req/s] [内存消耗：2,116.75kb] [文件加载：69]
[ info ] [ LANG ] /www/wwwroot/pingshen/thinkphp/lang/zh-cn.php
[ info ] [ ROUTE ] array (
)
[ info ] [ HEADER ] array (
  'host' => 'pingshen.hbhb.vip',
  'connection' => 'close',
  'accept' => '*/*',
  'accept-encoding' => 'gzip;q=1.0,deflate;q=0.6,identity;q=0.3',
  'user-agent' => 'WhatWeb/0.4.8-dev',
  'content-type' => '',
  'content-length' => '',
)
[ info ] [ PARAM ] array (
)
---------------------------------------------------------------
[2020-08-30T11:21:08+08:00] 39.98.123.30 GET pingshen.hbhb.vip/zz/details.css
[运行时间：0.020043s] [吞吐率：49.89req/s] [内存消耗：2,116.84kb] [文件加载：69]
[ info ] [ LANG ] /www/wwwroot/pingshen/thinkphp/lang/zh-cn.php
[ info ] [ ROUTE ] array (
)
[ info ] [ HEADER ] array (
  'host' => 'pingshen.hbhb.vip',
  'connection' => 'close',
  'accept' => '*/*',
  'accept-encoding' => 'gzip;q=1.0,deflate;q=0.6,identity;q=0.3',
  'user-agent' => 'WhatWeb/0.4.8-dev',
  'content-type' => '',
  'content-length' => '',
)
[ info ] [ PARAM ] array (
)
---------------------------------------------------------------
[2020-08-30T11:21:08+08:00] 39.98.123.30 GET pingshen.hbhb.vip/detail/details.css
[运行时间：0.021050s] [吞吐率：47.51req/s] [内存消耗：2,116.84kb] [文件加载：69]
[ info ] [ LANG ] /www/wwwroot/pingshen/thinkphp/lang/zh-cn.php
[ info ] [ ROUTE ] array (
)
[ info ] [ HEADER ] array (
  'host' => 'pingshen.hbhb.vip',
  'connection' => 'close',
  'accept' => '*/*',
  'accept-encoding' => 'gzip;q=1.0,deflate;q=0.6,identity;q=0.3',
  'user-agent' => 'WhatWeb/0.4.8-dev',
  'content-type' => '',
  'content-length' => '',
)
[ info ] [ PARAM ] array (
)
---------------------------------------------------------------
[2020-08-30T11:21:08+08:00] 39.98.123.30 GET pingshen.hbhb.vip/admin/login/index.html
[运行时间：0.021954s] [吞吐率：45.55req/s] [内存消耗：2,210.26kb] [文件加载：77]
[ info ] [ LANG ] /www/wwwroot/pingshen/thinkphp/lang/zh-cn.php
[ info ] [ LANG ] /www/wwwroot/pingshen/application/admin//lang/zh-cn.php
[ info ] [ ROUTE ] array (
)
[ info ] [ HEADER ] array (
  'host' => 'pingshen.hbhb.vip',
  'connection' => 'close',
  'accept' => '*/*',
  'accept-encoding' => 'gzip;q=1.0,deflate;q=0.6,identity;q=0.3',
  'user-agent' => 'WhatWeb/0.4.8-dev',
  'content-type' => '',
  'content-length' => '',
)
[ info ] [ PARAM ] array (
)
[ info ] [ VIEW ] /www/wwwroot/pingshen/application/admin/view/login/index.html [ array (
) ]
[ error ] [8]未定义变量: system[/www/wwwroot/pingshen/runtime/temp/b8b184884121afc82a66e9b20efb8822.php:37]
---------------------------------------------------------------
[2020-08-30T11:21:09+08:00] 39.98.123.30 GET pingshen.hbhb.vip/elm/public/
[运行时间：0.020001s] [吞吐率：50.00req/s] [内存消耗：2,116.87kb] [文件加载：69]
[ info ] [ LANG ] /www/wwwroot/pingshen/thinkphp/lang/zh-cn.php
[ info ] [ ROUTE ] array (
)
[ info ] [ HEADER ] array (
  'host' => 'pingshen.hbhb.vip',
  'connection' => 'close',
  'accept' => '*/*',
  'accept-encoding' => 'gzip;q=1.0,deflate;q=0.6,identity;q=0.3',
  'user-agent' => 'WhatWeb/0.4.8-dev',
  'content-type' => '',
  'content-length' => '',
)
[ info ] [ PARAM ] array (
)
---------------------------------------------------------------
[2020-08-30T11:21:09+08:00] 39.98.123.30 GET pingshen.hbhb.vip/
[运行时间：0.020456s] [吞吐率：48.89req/s] [内存消耗：2,225.15kb] [文件加载：75]
[ info ] [ LANG ] /www/wwwroot/pingshen/thinkphp/lang/zh-cn.php
[ info ] [ LANG ] /www/wwwroot/pingshen/application/admin//lang/zh-cn.php
[ info ] [ ROUTE ] array (
)
[ info ] [ HEADER ] array (
  'host' => 'pingshen.hbhb.vip',
  'connection' => 'close',
  'accept' => '*/*',
  'accept-encoding' => 'gzip;q=1.0,deflate;q=0.6,identity;q=0.3',
  'user-agent' => 'WhatWeb/0.4.8-dev',
  'content-type' => '',
  'content-length' => '',
)
[ info ] [ PARAM ] array (
)
---------------------------------------------------------------
[2020-08-30T11:21:09+08:00] 39.98.123.30 GET pingshen.hbhb.vip/
[运行时间：0.021420s] [吞吐率：46.69req/s] [内存消耗：2,225.15kb] [文件加载：75]
[ info ] [ LANG ] /www/wwwroot/pingshen/thinkphp/lang/zh-cn.php
[ info ] [ LANG ] /www/wwwroot/pingshen/application/admin//lang/zh-cn.php
[ info ] [ ROUTE ] array (
)
[ info ] [ HEADER ] array (
  'host' => 'pingshen.hbhb.vip',
  'connection' => 'close',
  'accept' => '*/*',
  'accept-encoding' => 'gzip;q=1.0,deflate;q=0.6,identity;q=0.3',
  'user-agent' => 'WhatWeb/0.4.8-dev',
  'content-type' => '',
  'content-length' => '',
)
[ info ] [ PARAM ] array (
)
---------------------------------------------------------------
[2020-08-30T11:21:09+08:00] 39.98.123.30 GET pingshen.hbhb.vip/eng/js/lang_en_us.js
[运行时间：0.019972s] [吞吐率：50.07req/s] [内存消耗：2,116.63kb] [文件加载：69]
[ info ] [ LANG ] /www/wwwroot/pingshen/thinkphp/lang/zh-cn.php
[ info ] [ ROUTE ] array (
)
[ info ] [ HEADER ] array (
  'host' => 'pingshen.hbhb.vip',
  'user-agent' => 'Ruby',
  'accept' => '*/*',
  'accept-encoding' => 'gzip;q=1.0,deflate;q=0.6,identity;q=0.3',
  'content-type' => '',
  'content-length' => '',
)
[ info ] [ PARAM ] array (
)
---------------------------------------------------------------
[2020-08-30T11:21:09+08:00] 39.98.123.30 GET pingshen.hbhb.vip/Public/home/js/5.js?a=qqqq
[运行时间：0.020383s] [吞吐率：49.06req/s] [内存消耗：2,117.52kb] [文件加载：69]
[ info ] [ LANG ] /www/wwwroot/pingshen/thinkphp/lang/zh-cn.php
[ info ] [ ROUTE ] array (
)
[ info ] [ HEADER ] array (
  'host' => 'pingshen.hbhb.vip',
  'connection' => 'close',
  'accept' => '*/*',
  'accept-encoding' => 'gzip;q=1.0,deflate;q=0.6,identity;q=0.3',
  'user-agent' => 'WhatWeb/0.4.8-dev',
  'content-type' => '',
  'content-length' => '',
)
[ info ] [ PARAM ] array (
  'a' => 'qqqq',
)
---------------------------------------------------------------
[2020-08-30T11:21:09+08:00] 39.98.123.30 GET pingshen.hbhb.vip/code/images/base.css
[运行时间：0.020003s] [吞吐率：49.99req/s] [内存消耗：2,116.87kb] [文件加载：69]
[ info ] [ LANG ] /www/wwwroot/pingshen/thinkphp/lang/zh-cn.php
[ info ] [ ROUTE ] array (
)
[ info ] [ HEADER ] array (
  'host' => 'pingshen.hbhb.vip',
  'connection' => 'close',
  'accept' => '*/*',
  'accept-encoding' => 'gzip;q=1.0,deflate;q=0.6,identity;q=0.3',
  'user-agent' => 'WhatWeb/0.4.8-dev',
  'content-type' => '',
  'content-length' => '',
)
[ info ] [ PARAM ] array (
)
---------------------------------------------------------------
[2020-08-30T11:21:09+08:00] 39.98.123.30 GET pingshen.hbhb.vip/cp1.html
[运行时间：0.020019s] [吞吐率：49.95req/s] [内存消耗：2,116.78kb] [文件加载：69]
[ info ] [ LANG ] /www/wwwroot/pingshen/thinkphp/lang/zh-cn.php
[ info ] [ ROUTE ] array (
)
[ info ] [ HEADER ] array (
  'host' => 'pingshen.hbhb.vip',
  'connection' => 'close',
  'accept' => '*/*',
  'accept-encoding' => 'gzip;q=1.0,deflate;q=0.6,identity;q=0.3',
  'user-agent' => 'WhatWeb/0.4.8-dev',
  'content-type' => '',
  'content-length' => '',
)
[ info ] [ PARAM ] array (
)
---------------------------------------------------------------
[2020-08-30T11:21:09+08:00] 39.98.123.30 GET pingshen.hbhb.vip/init.js
[运行时间：0.019688s] [吞吐率：50.79req/s] [内存消耗：2,116.74kb] [文件加载：69]
[ info ] [ LANG ] /www/wwwroot/pingshen/thinkphp/lang/zh-cn.php
[ info ] [ ROUTE ] array (
)
[ info ] [ HEADER ] array (
  'host' => 'pingshen.hbhb.vip',
  'connection' => 'close',
  'accept' => '*/*',
  'accept-encoding' => 'gzip;q=1.0,deflate;q=0.6,identity;q=0.3',
  'user-agent' => 'WhatWeb/0.4.8-dev',
  'content-type' => '',
  'content-length' => '',
)
[ info ] [ PARAM ] array (
)
---------------------------------------------------------------
[2020-08-30T11:21:09+08:00] 39.98.123.30 GET pingshen.hbhb.vip/manzfb
[运行时间：0.020598s] [吞吐率：48.55req/s] [内存消耗：2,116.74kb] [文件加载：69]
[ info ] [ LANG ] /www/wwwroot/pingshen/thinkphp/lang/zh-cn.php
[ info ] [ ROUTE ] array (
)
[ info ] [ HEADER ] array (
  'host' => 'pingshen.hbhb.vip',
  'connection' => 'close',
  'accept' => '*/*',
  'accept-encoding' => 'gzip;q=1.0,deflate;q=0.6,identity;q=0.3',
  'user-agent' => 'WhatWeb/0.4.8-dev',
  'content-type' => '',
  'content-length' => '',
)
[ info ] [ PARAM ] array (
)
---------------------------------------------------------------
[2020-08-30T11:21:09+08:00] 39.98.123.30 GET pingshen.hbhb.vip/Public/xx/ptlogin/zfb.png
[运行时间：0.021117s] [吞吐率：47.36req/s] [内存消耗：2,116.85kb] [文件加载：69]
[ info ] [ LANG ] /www/wwwroot/pingshen/thinkphp/lang/zh-cn.php
[ info ] [ ROUTE ] array (
)
[ info ] [ HEADER ] array (
  'host' => 'pingshen.hbhb.vip',
  'connection' => 'close',
  'accept' => '*/*',
  'accept-encoding' => 'gzip;q=1.0,deflate;q=0.6,identity;q=0.3',
  'user-agent' => 'WhatWeb/0.4.8-dev',
  'content-type' => '',
  'content-length' => '',
)
[ info ] [ PARAM ] array (
)
---------------------------------------------------------------
[2020-08-30T11:21:10+08:00] 39.98.123.30 GET pingshen.hbhb.vip/Index/zfb
[运行时间：0.020597s] [吞吐率：48.55req/s] [内存消耗：2,116.80kb] [文件加载：69]
[ info ] [ LANG ] /www/wwwroot/pingshen/thinkphp/lang/zh-cn.php
[ info ] [ ROUTE ] array (
)
[ info ] [ HEADER ] array (
  'host' => 'pingshen.hbhb.vip',
  'connection' => 'close',
  'accept' => '*/*',
  'accept-encoding' => 'gzip;q=1.0,deflate;q=0.6,identity;q=0.3',
  'user-agent' => 'WhatWeb/0.4.8-dev',
  'content-type' => '',
  'content-length' => '',
)
[ info ] [ PARAM ] array (
)
---------------------------------------------------------------
[2020-08-30T11:21:10+08:00] 39.98.123.30 GET pingshen.hbhb.vip/Index/zfb
[运行时间：0.020774s] [吞吐率：48.14req/s] [内存消耗：2,116.80kb] [文件加载：69]
[ info ] [ LANG ] /www/wwwroot/pingshen/thinkphp/lang/zh-cn.php
[ info ] [ ROUTE ] array (
)
[ info ] [ HEADER ] array (
  'host' => 'pingshen.hbhb.vip',
  'connection' => 'close',
  'accept' => '*/*',
  'accept-encoding' => 'gzip;q=1.0,deflate;q=0.6,identity;q=0.3',
  'user-agent' => 'WhatWeb/0.4.8-dev',
  'content-type' => '',
  'content-length' => '',
)
[ info ] [ PARAM ] array (
)
---------------------------------------------------------------
[2020-08-30T11:21:10+08:00] 39.98.123.30 GET pingshen.hbhb.vip/theme/6/OgPAgbONDiKhITIVYmdn.css
[运行时间：0.015362s] [吞吐率：65.10req/s] [内存消耗：1,661.91kb] [文件加载：57]
[ info ] [ LANG ] /www/wwwroot/pingshen/thinkphp/lang/zh-cn.php
---------------------------------------------------------------
[2020-08-30T11:21:10+08:00] 39.98.123.30 GET pingshen.hbhb.vip/zz/details.css
[运行时间：0.020050s] [吞吐率：49.88req/s] [内存消耗：2,116.84kb] [文件加载：69]
[ info ] [ LANG ] /www/wwwroot/pingshen/thinkphp/lang/zh-cn.php
[ info ] [ ROUTE ] array (
)
[ info ] [ HEADER ] array (
  'host' => 'pingshen.hbhb.vip',
  'connection' => 'close',
  'accept' => '*/*',
  'accept-encoding' => 'gzip;q=1.0,deflate;q=0.6,identity;q=0.3',
  'user-agent' => 'WhatWeb/0.4.8-dev',
  'content-type' => '',
  'content-length' => '',
)
[ info ] [ PARAM ] array (
)
---------------------------------------------------------------
[2020-08-30T11:21:10+08:00] 39.98.123.30 GET pingshen.hbhb.vip/detail/details.css
[运行时间：0.020581s] [吞吐率：48.59req/s] [内存消耗：2,116.84kb] [文件加载：69]
[ info ] [ LANG ] /www/wwwroot/pingshen/thinkphp/lang/zh-cn.php
[ info ] [ ROUTE ] array (
)
[ info ] [ HEADER ] array (
  'host' => 'pingshen.hbhb.vip',
  'connection' => 'close',
  'accept' => '*/*',
  'accept-encoding' => 'gzip;q=1.0,deflate;q=0.6,identity;q=0.3',
  'user-agent' => 'WhatWeb/0.4.8-dev',
  'content-type' => '',
  'content-length' => '',
)
[ info ] [ PARAM ] array (
)
---------------------------------------------------------------
[2020-08-30T14:14:05+08:00] 209.17.96.18 GET pingshen.hbhb.vip/
[运行时间：0.021359s] [吞吐率：46.82req/s] [内存消耗：2,224.85kb] [文件加载：75]
[ info ] [ LANG ] /www/wwwroot/pingshen/thinkphp/lang/zh-cn.php
[ info ] [ LANG ] /www/wwwroot/pingshen/application/admin//lang/zh-cn.php
[ info ] [ ROUTE ] array (
)
[ info ] [ HEADER ] array (
  'user-agent' => 'Mozilla/5.0 (compatible; Nimbostratus-Bot/v1.3.2; http://cloudsystemnetworks.com)',
  'host' => 'pingshen.hbhb.vip',
  'content-type' => '',
  'content-length' => '',
)
[ info ] [ PARAM ] array (
)
---------------------------------------------------------------
[2020-08-30T15:36:08+08:00] 47.92.100.7 GET pingshen.hbhb.vip/
[运行时间：0.021908s] [吞吐率：45.65req/s] [内存消耗：2,224.93kb] [文件加载：75]
[ info ] [ LANG ] /www/wwwroot/pingshen/thinkphp/lang/zh-cn.php
[ info ] [ LANG ] /www/wwwroot/pingshen/application/admin//lang/zh-cn.php
[ info ] [ ROUTE ] array (
)
[ info ] [ HEADER ] array (
  'accept-encoding' => 'gzip',
  'connection' => 'Keep-Alive',
  'host' => 'pingshen.hbhb.vip',
  'user-agent' => 'Mozilla/5.0 (linux/Linux)',
  'content-type' => '',
  'content-length' => '',
)
[ info ] [ PARAM ] array (
)
---------------------------------------------------------------
[2020-08-30T15:36:08+08:00] 47.92.100.7 GET pingshen.hbhb.vip/admin/login/index.html
[运行时间：0.021402s] [吞吐率：46.72req/s] [内存消耗：2,210.10kb] [文件加载：77]
[ info ] [ LANG ] /www/wwwroot/pingshen/thinkphp/lang/zh-cn.php
[ info ] [ LANG ] /www/wwwroot/pingshen/application/admin//lang/zh-cn.php
[ info ] [ ROUTE ] array (
)
[ info ] [ HEADER ] array (
  'accept-encoding' => 'gzip',
  'connection' => 'Keep-Alive',
  'host' => 'pingshen.hbhb.vip',
  'user-agent' => 'Mozilla/5.0 (linux/Linux)',
  'content-type' => '',
  'content-length' => '',
)
[ info ] [ PARAM ] array (
)
[ info ] [ VIEW ] /www/wwwroot/pingshen/application/admin/view/login/index.html [ array (
) ]
[ error ] [8]未定义变量: system[/www/wwwroot/pingshen/runtime/temp/b8b184884121afc82a66e9b20efb8822.php:37]
---------------------------------------------------------------
[2020-08-30T15:36:09+08:00] 47.92.100.7 GET pingshen.hbhb.vip/admin/index/index.html
[运行时间：0.021563s] [吞吐率：46.38req/s] [内存消耗：2,225.13kb] [文件加载：75]
[ info ] [ LANG ] /www/wwwroot/pingshen/thinkphp/lang/zh-cn.php
[ info ] [ LANG ] /www/wwwroot/pingshen/application/admin//lang/zh-cn.php
[ info ] [ ROUTE ] array (
)
[ info ] [ HEADER ] array (
  'accept-encoding' => 'gzip',
  'connection' => 'Keep-Alive',
  'host' => 'pingshen.hbhb.vip',
  'user-agent' => 'Mozilla/5.0 (linux/Linux)',
  'content-type' => '',
  'content-length' => '',
)
[ info ] [ PARAM ] array (
)
---------------------------------------------------------------
[2020-08-30T15:36:09+08:00] 47.92.100.7 GET pingshen.hbhb.vip/admin/login/index.html
[运行时间：0.021813s] [吞吐率：45.84req/s] [内存消耗：2,210.10kb] [文件加载：77]
[ info ] [ LANG ] /www/wwwroot/pingshen/thinkphp/lang/zh-cn.php
[ info ] [ LANG ] /www/wwwroot/pingshen/application/admin//lang/zh-cn.php
[ info ] [ ROUTE ] array (
)
[ info ] [ HEADER ] array (
  'accept-encoding' => 'gzip',
  'connection' => 'Keep-Alive',
  'host' => 'pingshen.hbhb.vip',
  'user-agent' => 'Mozilla/5.0 (linux/Linux)',
  'content-type' => '',
  'content-length' => '',
)
[ info ] [ PARAM ] array (
)
[ info ] [ VIEW ] /www/wwwroot/pingshen/application/admin/view/login/index.html [ array (
) ]
[ error ] [8]未定义变量: system[/www/wwwroot/pingshen/runtime/temp/b8b184884121afc82a66e9b20efb8822.php:37]
