---------------------------------------------------------------
[2020-05-07T00:49:20+08:00] 47.101.60.141 GET pingshen.hbhb.vip/
[运行时间：0.045922s] [吞吐率：21.78req/s] [内存消耗：2,225.05kb] [文件加载：75]
[ info ] [ LANG ] /www/wwwroot/pingshen/thinkphp/lang/zh-cn.php
[ info ] [ LANG ] /www/wwwroot/pingshen/application/admin//lang/zh-cn.php
[ info ] [ ROUTE ] array (
)
[ info ] [ HEADER ] array (
  'accept-encoding' => 'gzip',
  'connection' => 'Keep-Alive',
  'host' => 'pingshen.hbhb.vip',
  'user-agent' => 'Mozilla/5.0 (Linux/Android/android/iphone;)',
  'content-type' => '',
  'content-length' => '',
)
[ info ] [ PARAM ] array (
)
---------------------------------------------------------------
[2020-05-07T00:49:20+08:00] 47.101.60.141 GET pingshen.hbhb.vip/admin/login/index.html
[运行时间：0.052556s] [吞吐率：19.03req/s] [内存消耗：2,210.16kb] [文件加载：77]
[ info ] [ LANG ] /www/wwwroot/pingshen/thinkphp/lang/zh-cn.php
[ info ] [ LANG ] /www/wwwroot/pingshen/application/admin//lang/zh-cn.php
[ info ] [ ROUTE ] array (
)
[ info ] [ HEADER ] array (
  'accept-encoding' => 'gzip',
  'connection' => 'Keep-Alive',
  'host' => 'pingshen.hbhb.vip',
  'user-agent' => 'Mozilla/5.0 (Linux/Android/android/iphone;)',
  'content-type' => '',
  'content-length' => '',
)
[ info ] [ PARAM ] array (
)
[ info ] [ VIEW ] /www/wwwroot/pingshen/application/admin/view/login/index.html [ array (
) ]
[ error ] [8]未定义变量: system[/www/wwwroot/pingshen/runtime/temp/b8b184884121afc82a66e9b20efb8822.php:37]
---------------------------------------------------------------
[2020-05-07T00:49:21+08:00] 47.101.60.141 GET pingshen.hbhb.vip/admin/index/index.html
[运行时间：0.021191s] [吞吐率：47.19req/s] [内存消耗：2,225.26kb] [文件加载：75]
[ info ] [ LANG ] /www/wwwroot/pingshen/thinkphp/lang/zh-cn.php
[ info ] [ LANG ] /www/wwwroot/pingshen/application/admin//lang/zh-cn.php
[ info ] [ ROUTE ] array (
)
[ info ] [ HEADER ] array (
  'accept-encoding' => 'gzip',
  'connection' => 'Keep-Alive',
  'host' => 'pingshen.hbhb.vip',
  'user-agent' => 'Mozilla/5.0 (Linux/Android/android/iphone;)',
  'content-type' => '',
  'content-length' => '',
)
[ info ] [ PARAM ] array (
)
---------------------------------------------------------------
[2020-05-07T00:49:21+08:00] 47.101.60.141 GET pingshen.hbhb.vip/admin/login/index.html
[运行时间：0.020574s] [吞吐率：48.60req/s] [内存消耗：2,210.16kb] [文件加载：77]
[ info ] [ LANG ] /www/wwwroot/pingshen/thinkphp/lang/zh-cn.php
[ info ] [ LANG ] /www/wwwroot/pingshen/application/admin//lang/zh-cn.php
[ info ] [ ROUTE ] array (
)
[ info ] [ HEADER ] array (
  'accept-encoding' => 'gzip',
  'connection' => 'Keep-Alive',
  'host' => 'pingshen.hbhb.vip',
  'user-agent' => 'Mozilla/5.0 (Linux/Android/android/iphone;)',
  'content-type' => '',
  'content-length' => '',
)
[ info ] [ PARAM ] array (
)
[ info ] [ VIEW ] /www/wwwroot/pingshen/application/admin/view/login/index.html [ array (
) ]
[ error ] [8]未定义变量: system[/www/wwwroot/pingshen/runtime/temp/b8b184884121afc82a66e9b20efb8822.php:37]
---------------------------------------------------------------
[2020-05-07T09:28:16+08:00] 47.101.192.18 GET pingshen.hbhb.vip/
[运行时间：0.021366s] [吞吐率：46.80req/s] [内存消耗：2,225.12kb] [文件加载：75]
[ info ] [ LANG ] /www/wwwroot/pingshen/thinkphp/lang/zh-cn.php
[ info ] [ LANG ] /www/wwwroot/pingshen/application/admin//lang/zh-cn.php
[ info ] [ ROUTE ] array (
)
[ info ] [ HEADER ] array (
  'accept-encoding' => 'gzip',
  'connection' => 'Keep-Alive',
  'host' => 'pingshen.hbhb.vip',
  'user-agent' => 'Mozilla/5.0 (X11; Ubuntu; Linux x86_64; rv:36.0) Gecko/20100101 Firefox/36.0',
  'content-type' => '',
  'content-length' => '',
)
[ info ] [ PARAM ] array (
)
---------------------------------------------------------------
[2020-05-07T09:28:16+08:00] 47.101.192.18 GET pingshen.hbhb.vip/admin/login/index.html
[运行时间：0.021083s] [吞吐率：47.43req/s] [内存消耗：2,210.23kb] [文件加载：77]
[ info ] [ LANG ] /www/wwwroot/pingshen/thinkphp/lang/zh-cn.php
[ info ] [ LANG ] /www/wwwroot/pingshen/application/admin//lang/zh-cn.php
[ info ] [ ROUTE ] array (
)
[ info ] [ HEADER ] array (
  'accept-encoding' => 'gzip',
  'connection' => 'Keep-Alive',
  'host' => 'pingshen.hbhb.vip',
  'user-agent' => 'Mozilla/5.0 (X11; Ubuntu; Linux x86_64; rv:36.0) Gecko/20100101 Firefox/36.0',
  'content-type' => '',
  'content-length' => '',
)
[ info ] [ PARAM ] array (
)
[ info ] [ VIEW ] /www/wwwroot/pingshen/application/admin/view/login/index.html [ array (
) ]
[ error ] [8]未定义变量: system[/www/wwwroot/pingshen/runtime/temp/b8b184884121afc82a66e9b20efb8822.php:37]
---------------------------------------------------------------
[2020-05-07T09:28:17+08:00] 47.101.192.18 GET pingshen.hbhb.vip/admin/index/index.html
[运行时间：0.020350s] [吞吐率：49.14req/s] [内存消耗：2,225.32kb] [文件加载：75]
[ info ] [ LANG ] /www/wwwroot/pingshen/thinkphp/lang/zh-cn.php
[ info ] [ LANG ] /www/wwwroot/pingshen/application/admin//lang/zh-cn.php
[ info ] [ ROUTE ] array (
)
[ info ] [ HEADER ] array (
  'accept-encoding' => 'gzip',
  'connection' => 'Keep-Alive',
  'host' => 'pingshen.hbhb.vip',
  'user-agent' => 'Mozilla/5.0 (X11; Ubuntu; Linux x86_64; rv:36.0) Gecko/20100101 Firefox/36.0',
  'content-type' => '',
  'content-length' => '',
)
[ info ] [ PARAM ] array (
)
---------------------------------------------------------------
[2020-05-07T09:28:17+08:00] 47.101.192.18 GET pingshen.hbhb.vip/admin/login/index.html
[运行时间：0.020464s] [吞吐率：48.87req/s] [内存消耗：2,210.23kb] [文件加载：77]
[ info ] [ LANG ] /www/wwwroot/pingshen/thinkphp/lang/zh-cn.php
[ info ] [ LANG ] /www/wwwroot/pingshen/application/admin//lang/zh-cn.php
[ info ] [ ROUTE ] array (
)
[ info ] [ HEADER ] array (
  'accept-encoding' => 'gzip',
  'connection' => 'Keep-Alive',
  'host' => 'pingshen.hbhb.vip',
  'user-agent' => 'Mozilla/5.0 (X11; Ubuntu; Linux x86_64; rv:36.0) Gecko/20100101 Firefox/36.0',
  'content-type' => '',
  'content-length' => '',
)
[ info ] [ PARAM ] array (
)
[ info ] [ VIEW ] /www/wwwroot/pingshen/application/admin/view/login/index.html [ array (
) ]
[ error ] [8]未定义变量: system[/www/wwwroot/pingshen/runtime/temp/b8b184884121afc82a66e9b20efb8822.php:37]
---------------------------------------------------------------
[2020-05-07T13:11:46+08:00] 47.101.202.90 GET pingshen.hbhb.vip/
[运行时间：0.021224s] [吞吐率：47.12req/s] [内存消耗：2,225.12kb] [文件加载：75]
[ info ] [ LANG ] /www/wwwroot/pingshen/thinkphp/lang/zh-cn.php
[ info ] [ LANG ] /www/wwwroot/pingshen/application/admin//lang/zh-cn.php
[ info ] [ ROUTE ] array (
)
[ info ] [ HEADER ] array (
  'accept-encoding' => 'gzip',
  'connection' => 'Keep-Alive',
  'host' => 'pingshen.hbhb.vip',
  'user-agent' => 'Mozilla/5.0 (X11; Ubuntu; Linux x86_64; rv:36.0) Gecko/20100101 Firefox/36.0',
  'content-type' => '',
  'content-length' => '',
)
[ info ] [ PARAM ] array (
)
---------------------------------------------------------------
[2020-05-07T13:11:46+08:00] 47.101.202.90 GET pingshen.hbhb.vip/admin/login/index.html
[运行时间：0.020329s] [吞吐率：49.19req/s] [内存消耗：2,210.23kb] [文件加载：77]
[ info ] [ LANG ] /www/wwwroot/pingshen/thinkphp/lang/zh-cn.php
[ info ] [ LANG ] /www/wwwroot/pingshen/application/admin//lang/zh-cn.php
[ info ] [ ROUTE ] array (
)
[ info ] [ HEADER ] array (
  'accept-encoding' => 'gzip',
  'connection' => 'Keep-Alive',
  'host' => 'pingshen.hbhb.vip',
  'user-agent' => 'Mozilla/5.0 (X11; Ubuntu; Linux x86_64; rv:36.0) Gecko/20100101 Firefox/36.0',
  'content-type' => '',
  'content-length' => '',
)
[ info ] [ PARAM ] array (
)
[ info ] [ VIEW ] /www/wwwroot/pingshen/application/admin/view/login/index.html [ array (
) ]
[ error ] [8]未定义变量: system[/www/wwwroot/pingshen/runtime/temp/b8b184884121afc82a66e9b20efb8822.php:37]
---------------------------------------------------------------
[2020-05-07T13:11:47+08:00] 47.101.202.90 GET pingshen.hbhb.vip/admin/index/index.html
[运行时间：0.021282s] [吞吐率：46.99req/s] [内存消耗：2,225.32kb] [文件加载：75]
[ info ] [ LANG ] /www/wwwroot/pingshen/thinkphp/lang/zh-cn.php
[ info ] [ LANG ] /www/wwwroot/pingshen/application/admin//lang/zh-cn.php
[ info ] [ ROUTE ] array (
)
[ info ] [ HEADER ] array (
  'accept-encoding' => 'gzip',
  'connection' => 'Keep-Alive',
  'host' => 'pingshen.hbhb.vip',
  'user-agent' => 'Mozilla/5.0 (X11; Ubuntu; Linux x86_64; rv:36.0) Gecko/20100101 Firefox/36.0',
  'content-type' => '',
  'content-length' => '',
)
[ info ] [ PARAM ] array (
)
---------------------------------------------------------------
[2020-05-07T13:11:47+08:00] 47.101.202.90 GET pingshen.hbhb.vip/admin/login/index.html
[运行时间：0.020398s] [吞吐率：49.02req/s] [内存消耗：2,210.23kb] [文件加载：77]
[ info ] [ LANG ] /www/wwwroot/pingshen/thinkphp/lang/zh-cn.php
[ info ] [ LANG ] /www/wwwroot/pingshen/application/admin//lang/zh-cn.php
[ info ] [ ROUTE ] array (
)
[ info ] [ HEADER ] array (
  'accept-encoding' => 'gzip',
  'connection' => 'Keep-Alive',
  'host' => 'pingshen.hbhb.vip',
  'user-agent' => 'Mozilla/5.0 (X11; Ubuntu; Linux x86_64; rv:36.0) Gecko/20100101 Firefox/36.0',
  'content-type' => '',
  'content-length' => '',
)
[ info ] [ PARAM ] array (
)
[ info ] [ VIEW ] /www/wwwroot/pingshen/application/admin/view/login/index.html [ array (
) ]
[ error ] [8]未定义变量: system[/www/wwwroot/pingshen/runtime/temp/b8b184884121afc82a66e9b20efb8822.php:37]
---------------------------------------------------------------
[2020-05-07T14:33:07+08:00] 36.17.93.6 POST pingshen.hbhb.vip/api/users/wxlogin
[运行时间：0.410138s] [吞吐率：2.44req/s] [内存消耗：3,848.55kb] [文件加载：92]
[ info ] [ LANG ] /www/wwwroot/pingshen/thinkphp/lang/zh-cn.php
[ info ] [ ROUTE ] array (
)
[ info ] [ HEADER ] array (
  'accept-encoding' => 'gzip, deflate, br',
  'referer' => 'https://servicewechat.com/wx700e406bf204d191/0/page-frame.html',
  'user-agent' => 'Mozilla/5.0 (iPhone; CPU iPhone OS 13_3_1 like Mac OS X) AppleWebKit/605.1.15 (KHTML, like Gecko) Mobile/15E148 MicroMessenger/7.0.12(0x17000c2d) NetType/4G Language/zh_CN',
  'accept-language' => 'zh-cn',
  'content-length' => '43',
  'content-type' => 'application/json',
  'accept' => '*/*',
  'host' => 'pingshen.hbhb.vip',
)
[ info ] [ PARAM ] array (
  'code' => '033dghs00AHSFJ1xVjs00mQgs00dghsW',
)
[ info ] [ DB ] INIT mysql
[ error ] [8]未定义数组索引: openid[/www/wwwroot/pingshen/application/api/controller/Base.php:33]
[ error ] [8]未定义数组索引: errcode[/www/wwwroot/pingshen/application/api/controller/Users.php:28]
[ error ] [8]未定义数组索引: errcode[/www/wwwroot/pingshen/application/api/controller/Users.php:28]
[ error ] [8192]Non-static method app\api\model\Token::create_unique() should not be called statically[/www/wwwroot/pingshen/application/api/model/Token.php:37]
[ sql ] [ DB ] CONNECT:[ UseTime:0.008653s ] mysql:host=47.97.169.58;port=3306;dbname=pingshen;charset=utf8
[ sql ] [ SQL ] SHOW COLUMNS FROM `weixin_user` [ RunTime:0.007506s ]
[ sql ] [ SQL ] SELECT * FROM `weixin_user` WHERE  `openid` = 'oqBTY5c4u9KjfZDCei9o0qbF_hKg' LIMIT 1 [ RunTime:0.052892s ]
[ sql ] [ SQL ] SHOW COLUMNS FROM `users` [ RunTime:0.007490s ]
[ sql ] [ SQL ] SELECT * FROM `users` WHERE  `id` = 43 LIMIT 1 [ RunTime:0.005998s ]
---------------------------------------------------------------
[2020-05-07T14:33:07+08:00] 36.17.93.6 POST pingshen.hbhb.vip/api/department/departList
[运行时间：0.095679s] [吞吐率：10.45req/s] [内存消耗：3,413.88kb] [文件加载：83]
[ info ] [ LANG ] /www/wwwroot/pingshen/thinkphp/lang/zh-cn.php
[ info ] [ ROUTE ] array (
)
[ info ] [ HEADER ] array (
  'accept-encoding' => 'gzip, deflate, br',
  'referer' => 'https://servicewechat.com/wx700e406bf204d191/0/page-frame.html',
  'user-agent' => 'Mozilla/5.0 (iPhone; CPU iPhone OS 13_3_1 like Mac OS X) AppleWebKit/605.1.15 (KHTML, like Gecko) Mobile/15E148 MicroMessenger/7.0.12(0x17000c2d) NetType/4G Language/zh_CN',
  'accept-language' => 'zh-cn',
  'content-length' => '52',
  'content-type' => 'application/json',
  'accept' => '*/*',
  'host' => 'pingshen.hbhb.vip',
)
[ info ] [ PARAM ] array (
  'token' => '1540a921551040263cfaba66b9dafe4d7e08a870',
)
[ info ] [ DB ] INIT mysql
[ error ] [8]未定义数组索引: openid[/www/wwwroot/pingshen/application/api/controller/Base.php:33]
[ sql ] [ DB ] CONNECT:[ UseTime:0.008921s ] mysql:host=47.97.169.58;port=3306;dbname=pingshen;charset=utf8
[ sql ] [ SQL ] SHOW COLUMNS FROM `department` [ RunTime:0.007598s ]
[ sql ] [ SQL ] SELECT COUNT(*) AS tp_count FROM `department` ORDER BY `sort` DESC,`id` ASC [ RunTime:0.006043s ]
[ sql ] [ SQL ] SELECT `id`,`class_name` FROM `department` ORDER BY `sort` DESC,`id` ASC LIMIT 0,12 [ RunTime:0.005832s ]
---------------------------------------------------------------
[2020-05-07T14:33:07+08:00] 36.17.93.6 POST pingshen.hbhb.vip/api/standard/standList
[运行时间：0.158151s] [吞吐率：6.32req/s] [内存消耗：3,834.75kb] [文件加载：92]
[ info ] [ LANG ] /www/wwwroot/pingshen/thinkphp/lang/zh-cn.php
[ info ] [ ROUTE ] array (
)
[ info ] [ HEADER ] array (
  'accept-encoding' => 'gzip, deflate, br',
  'referer' => 'https://servicewechat.com/wx700e406bf204d191/0/page-frame.html',
  'user-agent' => 'Mozilla/5.0 (iPhone; CPU iPhone OS 13_3_1 like Mac OS X) AppleWebKit/605.1.15 (KHTML, like Gecko) Mobile/15E148 MicroMessenger/7.0.12(0x17000c2d) NetType/4G Language/zh_CN',
  'accept-language' => 'zh-cn',
  'content-length' => '52',
  'content-type' => 'application/json',
  'accept' => '*/*',
  'host' => 'pingshen.hbhb.vip',
)
[ info ] [ PARAM ] array (
  'token' => '1540a921551040263cfaba66b9dafe4d7e08a870',
)
[ info ] [ DB ] INIT mysql
[ error ] [8]未定义数组索引: openid[/www/wwwroot/pingshen/application/api/controller/Base.php:33]
[ sql ] [ DB ] CONNECT:[ UseTime:0.009436s ] mysql:host=47.97.169.58;port=3306;dbname=pingshen;charset=utf8
[ sql ] [ SQL ] SHOW COLUMNS FROM `users` [ RunTime:0.008299s ]
[ sql ] [ SQL ] SELECT * FROM `users` WHERE  `id` = 43 LIMIT 1 [ RunTime:0.006482s ]
[ sql ] [ SQL ] SHOW COLUMNS FROM `weixin_user` [ RunTime:0.007515s ]
[ sql ] [ SQL ] SELECT * FROM `weixin_user` WHERE  `userid` = 43 ORDER BY `id` DESC LIMIT 1 [ RunTime:0.006538s ]
[ sql ] [ SQL ] SHOW COLUMNS FROM `standard` [ RunTime:0.007350s ]
[ sql ] [ SQL ] SELECT COUNT(*) AS tp_count FROM `standard` [ RunTime:0.006223s ]
[ sql ] [ SQL ] SELECT `stand_name`,`stand_text`,`mark` FROM `standard` LIMIT 0,12 [ RunTime:0.018752s ]
[ sql ] [ SQL ] SHOW COLUMNS FROM `achievement` [ RunTime:0.007359s ]
[ sql ] [ SQL ] SELECT `score_detail`,`total_score`,`c_id` FROM `achievement` WHERE  `uid` = 43  AND `status` = 1 [ RunTime:0.036179s ]
---------------------------------------------------------------
[2020-05-07T14:33:31+08:00] 36.17.93.6 POST pingshen.hbhb.vip/api/standard/saveMark
[运行时间：0.248936s] [吞吐率：4.02req/s] [内存消耗：3,892.95kb] [文件加载：92]
[ info ] [ LANG ] /www/wwwroot/pingshen/thinkphp/lang/zh-cn.php
[ info ] [ ROUTE ] array (
)
[ info ] [ HEADER ] array (
  'accept-encoding' => 'gzip, deflate, br',
  'referer' => 'https://servicewechat.com/wx700e406bf204d191/0/page-frame.html',
  'user-agent' => 'Mozilla/5.0 (iPhone; CPU iPhone OS 13_3_1 like Mac OS X) AppleWebKit/605.1.15 (KHTML, like Gecko) Mobile/15E148 MicroMessenger/7.0.12(0x17000c2d) NetType/4G Language/zh_CN',
  'accept-language' => 'zh-cn',
  'content-length' => '705',
  'content-type' => 'application/json',
  'accept' => '*/*',
  'host' => 'pingshen.hbhb.vip',
)
[ info ] [ PARAM ] array (
  'token' => '1540a921551040263cfaba66b9dafe4d7e08a870',
  'mark_msg' => 
  array (
    0 => 
    array (
      'c_id' => '1',
      'total_score' => '85',
      'score_detail' => 
      array (
        0 => '30',
        1 => '25',
        2 => '10',
        3 => '20',
      ),
    ),
    1 => 
    array (
      'c_id' => '3',
      'total_score' => '0',
      'score_detail' => 
      array (
        0 => '0',
        1 => '0',
        2 => '0',
        3 => '0',
      ),
    ),
    2 => 
    array (
      'c_id' => '2',
      'total_score' => '0',
      'score_detail' => 
      array (
        0 => '0',
        1 => '0',
        2 => '0',
        3 => '0',
      ),
    ),
    3 => 
    array (
      'c_id' => '4',
      'total_score' => '0',
      'score_detail' => 
      array (
        0 => '0',
        1 => '0',
        2 => '0',
        3 => '0',
      ),
    ),
    4 => 
    array (
      'c_id' => '5',
      'total_score' => '0',
      'score_detail' => 
      array (
        0 => '0',
        1 => '0',
        2 => '0',
        3 => '0',
      ),
    ),
    5 => 
    array (
      'c_id' => '6',
      'total_score' => '0',
      'score_detail' => 
      array (
        0 => '0',
        1 => '0',
        2 => '0',
        3 => '0',
      ),
    ),
    6 => 
    array (
      'c_id' => '7',
      'total_score' => '0',
      'score_detail' => 
      array (
        0 => '0',
        1 => '0',
        2 => '0',
        3 => '0',
      ),
    ),
    7 => 
    array (
      'c_id' => '8',
      'total_score' => '0',
      'score_detail' => 
      array (
        0 => '0',
        1 => '0',
        2 => '0',
        3 => '0',
      ),
    ),
    8 => 
    array (
      'c_id' => '9',
      'total_score' => '0',
      'score_detail' => 
      array (
        0 => '0',
        1 => '0',
        2 => '0',
        3 => '0',
      ),
    ),
    9 => 
    array (
      'c_id' => '10',
      'total_score' => '0',
      'score_detail' => 
      array (
        0 => '0',
        1 => '0',
        2 => '0',
        3 => '0',
      ),
    ),
    10 => 
    array (
      'c_id' => '11',
      'total_score' => '0',
      'score_detail' => 
      array (
        0 => '0',
        1 => '0',
        2 => '0',
        3 => '0',
      ),
    ),
    11 => 
    array (
      'c_id' => '12',
      'total_score' => '0',
      'score_detail' => 
      array (
        0 => '0',
        1 => '0',
        2 => '0',
        3 => '0',
      ),
    ),
  ),
)
[ info ] [ DB ] INIT mysql
[ error ] [8]未定义数组索引: openid[/www/wwwroot/pingshen/application/api/controller/Base.php:33]
[ sql ] [ DB ] CONNECT:[ UseTime:0.008318s ] mysql:host=47.97.169.58;port=3306;dbname=pingshen;charset=utf8
[ sql ] [ SQL ] SHOW COLUMNS FROM `users` [ RunTime:0.007507s ]
[ sql ] [ SQL ] SELECT * FROM `users` WHERE  `id` = 43 LIMIT 1 [ RunTime:0.005713s ]
[ sql ] [ SQL ] SHOW COLUMNS FROM `weixin_user` [ RunTime:0.006728s ]
[ sql ] [ SQL ] SELECT * FROM `weixin_user` WHERE  `userid` = 43 ORDER BY `id` DESC LIMIT 1 [ RunTime:0.005716s ]
[ sql ] [ SQL ] SHOW COLUMNS FROM `achievement` [ RunTime:0.006584s ]
[ sql ] [ SQL ] SELECT COUNT(*) AS tp_count FROM `achievement` WHERE  `uid` = 43  AND `c_id` = 1 [ RunTime:0.005540s ]
[ sql ] [ SQL ] INSERT INTO `achievement` (`uid` , `status` , `create_time` , `sign` , `total_score` , `score_detail` , `c_id`) VALUES (43 , 1 , 1588833211 , '1' , 85 , '30,25,10,20' , 1) [ RunTime:0.044628s ]
[ sql ] [ SQL ] SELECT COUNT(*) AS tp_count FROM `achievement` WHERE  `uid` = 43  AND `c_id` = 3 [ RunTime:0.005651s ]
[ sql ] [ SQL ] INSERT INTO `achievement` (`uid` , `status` , `create_time` , `sign` , `total_score` , `score_detail` , `c_id`) VALUES (43 , 1 , 1588833211 , '1' , 0 , '0,0,0,0' , 3) [ RunTime:0.005614s ]
[ sql ] [ SQL ] SELECT COUNT(*) AS tp_count FROM `achievement` WHERE  `uid` = 43  AND `c_id` = 2 [ RunTime:0.005566s ]
[ sql ] [ SQL ] INSERT INTO `achievement` (`uid` , `status` , `create_time` , `sign` , `total_score` , `score_detail` , `c_id`) VALUES (43 , 1 , 1588833211 , '1' , 0 , '0,0,0,0' , 2) [ RunTime:0.005566s ]
[ sql ] [ SQL ] SELECT COUNT(*) AS tp_count FROM `achievement` WHERE  `uid` = 43  AND `c_id` = 4 [ RunTime:0.005565s ]
[ sql ] [ SQL ] INSERT INTO `achievement` (`uid` , `status` , `create_time` , `sign` , `total_score` , `score_detail` , `c_id`) VALUES (43 , 1 , 1588833211 , '1' , 0 , '0,0,0,0' , 4) [ RunTime:0.005553s ]
[ sql ] [ SQL ] SELECT COUNT(*) AS tp_count FROM `achievement` WHERE  `uid` = 43  AND `c_id` = 5 [ RunTime:0.005565s ]
[ sql ] [ SQL ] INSERT INTO `achievement` (`uid` , `status` , `create_time` , `sign` , `total_score` , `score_detail` , `c_id`) VALUES (43 , 1 , 1588833211 , '1' , 0 , '0,0,0,0' , 5) [ RunTime:0.005538s ]
[ sql ] [ SQL ] SELECT COUNT(*) AS tp_count FROM `achievement` WHERE  `uid` = 43  AND `c_id` = 6 [ RunTime:0.005580s ]
[ sql ] [ SQL ] INSERT INTO `achievement` (`uid` , `status` , `create_time` , `sign` , `total_score` , `score_detail` , `c_id`) VALUES (43 , 1 , 1588833211 , '1' , 0 , '0,0,0,0' , 6) [ RunTime:0.005527s ]
[ sql ] [ SQL ] SELECT COUNT(*) AS tp_count FROM `achievement` WHERE  `uid` = 43  AND `c_id` = 7 [ RunTime:0.005570s ]
[ sql ] [ SQL ] INSERT INTO `achievement` (`uid` , `status` , `create_time` , `sign` , `total_score` , `score_detail` , `c_id`) VALUES (43 , 1 , 1588833211 , '1' , 0 , '0,0,0,0' , 7) [ RunTime:0.005519s ]
[ sql ] [ SQL ] SELECT COUNT(*) AS tp_count FROM `achievement` WHERE  `uid` = 43  AND `c_id` = 8 [ RunTime:0.005566s ]
[ sql ] [ SQL ] INSERT INTO `achievement` (`uid` , `status` , `create_time` , `sign` , `total_score` , `score_detail` , `c_id`) VALUES (43 , 1 , 1588833211 , '1' , 0 , '0,0,0,0' , 8) [ RunTime:0.005504s ]
[ sql ] [ SQL ] SELECT COUNT(*) AS tp_count FROM `achievement` WHERE  `uid` = 43  AND `c_id` = 9 [ RunTime:0.005550s ]
[ sql ] [ SQL ] INSERT INTO `achievement` (`uid` , `status` , `create_time` , `sign` , `total_score` , `score_detail` , `c_id`) VALUES (43 , 1 , 1588833211 , '1' , 0 , '0,0,0,0' , 9) [ RunTime:0.005526s ]
[ sql ] [ SQL ] SELECT COUNT(*) AS tp_count FROM `achievement` WHERE  `uid` = 43  AND `c_id` = 10 [ RunTime:0.005571s ]
[ sql ] [ SQL ] INSERT INTO `achievement` (`uid` , `status` , `create_time` , `sign` , `total_score` , `score_detail` , `c_id`) VALUES (43 , 1 , 1588833211 , '1' , 0 , '0,0,0,0' , 10) [ RunTime:0.005514s ]
[ sql ] [ SQL ] SELECT COUNT(*) AS tp_count FROM `achievement` WHERE  `uid` = 43  AND `c_id` = 11 [ RunTime:0.005555s ]
[ sql ] [ SQL ] INSERT INTO `achievement` (`uid` , `status` , `create_time` , `sign` , `total_score` , `score_detail` , `c_id`) VALUES (43 , 1 , 1588833211 , '1' , 0 , '0,0,0,0' , 11) [ RunTime:0.005532s ]
[ sql ] [ SQL ] SELECT COUNT(*) AS tp_count FROM `achievement` WHERE  `uid` = 43  AND `c_id` = 12 [ RunTime:0.005550s ]
[ sql ] [ SQL ] INSERT INTO `achievement` (`uid` , `status` , `create_time` , `sign` , `total_score` , `score_detail` , `c_id`) VALUES (43 , 1 , 1588833211 , '1' , 0 , '0,0,0,0' , 12) [ RunTime:0.005529s ]
---------------------------------------------------------------
[2020-05-07T14:33:47+08:00] 36.17.93.6 POST pingshen.hbhb.vip/api/standard/markList
[运行时间：0.081821s] [吞吐率：12.22req/s] [内存消耗：3,817.48kb] [文件加载：92]
[ info ] [ LANG ] /www/wwwroot/pingshen/thinkphp/lang/zh-cn.php
[ info ] [ ROUTE ] array (
)
[ info ] [ HEADER ] array (
  'accept-encoding' => 'gzip, deflate, br',
  'referer' => 'https://servicewechat.com/wx700e406bf204d191/0/page-frame.html',
  'user-agent' => 'Mozilla/5.0 (iPhone; CPU iPhone OS 13_3_1 like Mac OS X) AppleWebKit/605.1.15 (KHTML, like Gecko) Mobile/15E148 MicroMessenger/7.0.12(0x17000c2d) NetType/4G Language/zh_CN',
  'accept-language' => 'zh-cn',
  'content-length' => '52',
  'content-type' => 'application/json',
  'accept' => '*/*',
  'host' => 'pingshen.hbhb.vip',
)
[ info ] [ PARAM ] array (
  'token' => '1540a921551040263cfaba66b9dafe4d7e08a870',
)
[ info ] [ DB ] INIT mysql
[ error ] [8]未定义数组索引: openid[/www/wwwroot/pingshen/application/api/controller/Base.php:33]
[ sql ] [ DB ] CONNECT:[ UseTime:0.008645s ] mysql:host=47.97.169.58;port=3306;dbname=pingshen;charset=utf8
[ sql ] [ SQL ] SHOW COLUMNS FROM `users` [ RunTime:0.007723s ]
[ sql ] [ SQL ] SELECT * FROM `users` WHERE  `id` = 43 LIMIT 1 [ RunTime:0.005944s ]
[ sql ] [ SQL ] SHOW COLUMNS FROM `weixin_user` [ RunTime:0.007004s ]
[ sql ] [ SQL ] SELECT * FROM `weixin_user` WHERE  `userid` = 43 ORDER BY `id` DESC LIMIT 1 [ RunTime:0.005945s ]
[ sql ] [ SQL ] SHOW COLUMNS FROM `achievement` [ RunTime:0.006878s ]
[ sql ] [ SQL ] SELECT `id`,`sign` FROM `achievement` WHERE  `uid` = 43 GROUP BY `sign` [ RunTime:0.006056s ]
---------------------------------------------------------------
[2020-05-07T14:33:48+08:00] 36.17.93.6 POST pingshen.hbhb.vip/api/department/departList
[运行时间：0.058042s] [吞吐率：17.23req/s] [内存消耗：3,413.88kb] [文件加载：83]
[ info ] [ LANG ] /www/wwwroot/pingshen/thinkphp/lang/zh-cn.php
[ info ] [ ROUTE ] array (
)
[ info ] [ HEADER ] array (
  'accept-encoding' => 'gzip, deflate, br',
  'referer' => 'https://servicewechat.com/wx700e406bf204d191/0/page-frame.html',
  'user-agent' => 'Mozilla/5.0 (iPhone; CPU iPhone OS 13_3_1 like Mac OS X) AppleWebKit/605.1.15 (KHTML, like Gecko) Mobile/15E148 MicroMessenger/7.0.12(0x17000c2d) NetType/4G Language/zh_CN',
  'accept-language' => 'zh-cn',
  'content-length' => '52',
  'content-type' => 'application/json',
  'accept' => '*/*',
  'host' => 'pingshen.hbhb.vip',
)
[ info ] [ PARAM ] array (
  'token' => '1540a921551040263cfaba66b9dafe4d7e08a870',
)
[ info ] [ DB ] INIT mysql
[ error ] [8]未定义数组索引: openid[/www/wwwroot/pingshen/application/api/controller/Base.php:33]
[ sql ] [ DB ] CONNECT:[ UseTime:0.009418s ] mysql:host=47.97.169.58;port=3306;dbname=pingshen;charset=utf8
[ sql ] [ SQL ] SHOW COLUMNS FROM `department` [ RunTime:0.007819s ]
[ sql ] [ SQL ] SELECT COUNT(*) AS tp_count FROM `department` ORDER BY `sort` DESC,`id` ASC [ RunTime:0.006213s ]
[ sql ] [ SQL ] SELECT `id`,`class_name` FROM `department` ORDER BY `sort` DESC,`id` ASC LIMIT 0,12 [ RunTime:0.006239s ]
---------------------------------------------------------------
[2020-05-07T14:33:48+08:00] 36.17.93.6 POST pingshen.hbhb.vip/api/standard/standList
[运行时间：0.101447s] [吞吐率：9.86req/s] [内存消耗：3,847.18kb] [文件加载：92]
[ info ] [ LANG ] /www/wwwroot/pingshen/thinkphp/lang/zh-cn.php
[ info ] [ ROUTE ] array (
)
[ info ] [ HEADER ] array (
  'accept-encoding' => 'gzip, deflate, br',
  'referer' => 'https://servicewechat.com/wx700e406bf204d191/0/page-frame.html',
  'user-agent' => 'Mozilla/5.0 (iPhone; CPU iPhone OS 13_3_1 like Mac OS X) AppleWebKit/605.1.15 (KHTML, like Gecko) Mobile/15E148 MicroMessenger/7.0.12(0x17000c2d) NetType/4G Language/zh_CN',
  'accept-language' => 'zh-cn',
  'content-length' => '52',
  'content-type' => 'application/json',
  'accept' => '*/*',
  'host' => 'pingshen.hbhb.vip',
)
[ info ] [ PARAM ] array (
  'token' => '1540a921551040263cfaba66b9dafe4d7e08a870',
)
[ info ] [ DB ] INIT mysql
[ error ] [8]未定义数组索引: openid[/www/wwwroot/pingshen/application/api/controller/Base.php:33]
[ sql ] [ DB ] CONNECT:[ UseTime:0.008964s ] mysql:host=47.97.169.58;port=3306;dbname=pingshen;charset=utf8
[ sql ] [ SQL ] SHOW COLUMNS FROM `users` [ RunTime:0.007920s ]
[ sql ] [ SQL ] SELECT * FROM `users` WHERE  `id` = 43 LIMIT 1 [ RunTime:0.006167s ]
[ sql ] [ SQL ] SHOW COLUMNS FROM `weixin_user` [ RunTime:0.007110s ]
[ sql ] [ SQL ] SELECT * FROM `weixin_user` WHERE  `userid` = 43 ORDER BY `id` DESC LIMIT 1 [ RunTime:0.006150s ]
[ sql ] [ SQL ] SHOW COLUMNS FROM `standard` [ RunTime:0.007139s ]
[ sql ] [ SQL ] SELECT COUNT(*) AS tp_count FROM `standard` [ RunTime:0.005903s ]
[ sql ] [ SQL ] SELECT `stand_name`,`stand_text`,`mark` FROM `standard` LIMIT 0,12 [ RunTime:0.005942s ]
[ sql ] [ SQL ] SHOW COLUMNS FROM `achievement` [ RunTime:0.006996s ]
[ sql ] [ SQL ] SELECT `score_detail`,`total_score`,`c_id` FROM `achievement` WHERE  `uid` = 43  AND `status` = 1 [ RunTime:0.006006s ]
---------------------------------------------------------------
[2020-05-07T14:33:49+08:00] 36.17.93.6 POST pingshen.hbhb.vip/api/standard/markDetail
[运行时间：0.100492s] [吞吐率：9.95req/s] [内存消耗：3,847.81kb] [文件加载：92]
[ info ] [ LANG ] /www/wwwroot/pingshen/thinkphp/lang/zh-cn.php
[ info ] [ ROUTE ] array (
)
[ info ] [ HEADER ] array (
  'accept-encoding' => 'gzip, deflate, br',
  'referer' => 'https://servicewechat.com/wx700e406bf204d191/0/page-frame.html',
  'user-agent' => 'Mozilla/5.0 (iPhone; CPU iPhone OS 13_3_1 like Mac OS X) AppleWebKit/605.1.15 (KHTML, like Gecko) Mobile/15E148 MicroMessenger/7.0.12(0x17000c2d) NetType/4G Language/zh_CN',
  'accept-language' => 'zh-cn',
  'content-length' => '63',
  'content-type' => 'application/json',
  'accept' => '*/*',
  'host' => 'pingshen.hbhb.vip',
)
[ info ] [ PARAM ] array (
  'token' => '1540a921551040263cfaba66b9dafe4d7e08a870',
  'sign' => '1',
)
[ info ] [ DB ] INIT mysql
[ error ] [8]未定义数组索引: openid[/www/wwwroot/pingshen/application/api/controller/Base.php:33]
[ sql ] [ DB ] CONNECT:[ UseTime:0.008649s ] mysql:host=47.97.169.58;port=3306;dbname=pingshen;charset=utf8
[ sql ] [ SQL ] SHOW COLUMNS FROM `users` [ RunTime:0.007586s ]
[ sql ] [ SQL ] SELECT * FROM `users` WHERE  `id` = 43 LIMIT 1 [ RunTime:0.005922s ]
[ sql ] [ SQL ] SHOW COLUMNS FROM `weixin_user` [ RunTime:0.007052s ]
[ sql ] [ SQL ] SELECT * FROM `weixin_user` WHERE  `userid` = 43 ORDER BY `id` DESC LIMIT 1 [ RunTime:0.005982s ]
[ sql ] [ SQL ] SHOW COLUMNS FROM `standard` [ RunTime:0.006850s ]
[ sql ] [ SQL ] SELECT COUNT(*) AS tp_count FROM `standard` [ RunTime:0.005711s ]
[ sql ] [ SQL ] SELECT `stand_name`,`stand_text`,`mark` FROM `standard` LIMIT 0,12 [ RunTime:0.005771s ]
[ sql ] [ SQL ] SHOW COLUMNS FROM `achievement` [ RunTime:0.006953s ]
[ sql ] [ SQL ] SELECT `score_detail`,`total_score`,`c_id` FROM `achievement` WHERE  `uid` = 43  AND `sign` = '1' [ RunTime:0.005892s ]
