---------------------------------------------------------------
[2020-05-18T10:47:34+08:00] 101.91.60.74 POST pingshen.hbhb.vip/api/users/wxlogin
[运行时间：0.167170s] [吞吐率：5.98req/s] [内存消耗：3,775.75kb] [文件加载：90]
[ info ] [ LANG ] /www/wwwroot/pingshen/thinkphp/lang/zh-cn.php
[ info ] [ ROUTE ] array (
)
[ info ] [ HEADER ] array (
  'x-wx-cascade-timeout' => '10000',
  'content-type' => 'application/json',
  'user-agent' => 'Mozilla/5.0 (iPhone; CPU iPhone OS 11_0 like Mac OS X) AppleWebKit/604.1.38 (KHTML, like Gecko) Version/11.0 Mobile/15A372 Safari/604.1 MicroMessenger/6.5 mpcrawler',
  'referer' => 'https://servicewechat.com/wx700e406bf204d191/1/page-frame.html',
  'host' => 'pingshen.hbhb.vip',
  'content-length' => '43',
  'connection' => 'keep-alive',
  'accept-language' => 'en-US',
  'accept-encoding' => 'gzip, deflate',
  'accept' => '*/*',
)
[ info ] [ PARAM ] array (
  'code' => '001XMJ9q0QZYLl1I6C8q05mD9q0XMJ9P',
)
[ info ] [ DB ] INIT mysql
[ error ] [8]未定义数组索引: openid[/www/wwwroot/pingshen/application/api/controller/Base.php:33]
[ error ] [8]未定义数组索引: errcode[/www/wwwroot/pingshen/application/api/controller/Users.php:28]
[ error ] [8]未定义数组索引: errcode[/www/wwwroot/pingshen/application/api/controller/Users.php:28]
[ sql ] [ DB ] CONNECT:[ UseTime:0.009351s ] mysql:host=47.97.169.58;port=3306;dbname=pingshen;charset=utf8
[ sql ] [ SQL ] SHOW COLUMNS FROM `weixin_user` [ RunTime:0.008141s ]
[ sql ] [ SQL ] SELECT * FROM `weixin_user` WHERE  `openid` = 'oqBTY5Uds0toKSkHV7o3tU5aeIQs' LIMIT 1 [ RunTime:0.006272s ]
---------------------------------------------------------------
[2020-05-18T10:47:34+08:00] 106.54.68.89 POST pingshen.hbhb.vip/api/users/reg
[运行时间：0.144305s] [吞吐率：6.93req/s] [内存消耗：3,555.36kb] [文件加载：94]
[ info ] [ LANG ] /www/wwwroot/pingshen/thinkphp/lang/zh-cn.php
[ info ] [ ROUTE ] array (
)
[ info ] [ HEADER ] array (
  'x-wx-cascade-timeout' => '10000',
  'content-type' => 'application/json',
  'user-agent' => 'Mozilla/5.0 (iPhone; CPU iPhone OS 11_0 like Mac OS X) AppleWebKit/604.1.38 (KHTML, like Gecko) Version/11.0 Mobile/15A372 Safari/604.1 MicroMessenger/6.5 mpcrawler',
  'referer' => 'https://servicewechat.com/wx700e406bf204d191/1/page-frame.html',
  'host' => 'pingshen.hbhb.vip',
  'content-length' => '220',
  'connection' => 'keep-alive',
  'accept-language' => 'en-US',
  'accept-encoding' => 'gzip, deflate',
  'accept' => '*/*',
)
[ info ] [ PARAM ] array (
  'nickName' => '甯国荣',
  'gender' => '0',
  'language' => 'zh_CN',
  'city' => '',
  'province' => '',
  'country' => '',
  'avatarUrl' => 'https://wx.qlogo.cn/mmhead/w87JmDBXJSezholIxg5BSFHDJpSPZe5GYtADWXL4lto/132',
  'openid' => 'oqBTY5Uds0toKSkHV7o3tU5aeIQs',
)
[ info ] [ DB ] INIT mysql
[ error ] [8]未定义数组索引: nickname[/www/wwwroot/pingshen/application/api/controller/Users.php:49]
[ error ] [8]未定义数组索引: avatarurl[/www/wwwroot/pingshen/application/api/controller/Users.php:50]
[ error ] [8]未定义数组索引: u[/www/wwwroot/pingshen/application/api/controller/Users.php:72]
[ error ] [8192]Non-static method app\api\model\Token::create_unique() should not be called statically[/www/wwwroot/pingshen/application/api/model/Token.php:37]
[ sql ] [ DB ] CONNECT:[ UseTime:0.009034s ] mysql:host=47.97.169.58;port=3306;dbname=pingshen;charset=utf8
[ sql ] [ SQL ] SHOW COLUMNS FROM `weixin_user` [ RunTime:0.007796s ]
[ sql ] [ SQL ] SELECT * FROM `weixin_user` WHERE  `openid` = 'oqBTY5Uds0toKSkHV7o3tU5aeIQs' LIMIT 1 [ RunTime:0.006123s ]
[ sql ] [ SQL ] INSERT INTO `weixin_user` (`gender` , `language` , `city` , `province` , `country` , `openid` , `nickname` , `avatarurl`) VALUES ('0' , 'zh_CN' , '' , '' , '' , 'oqBTY5Uds0toKSkHV7o3tU5aeIQs' , '甯国荣' , 'https://wx.qlogo.cn/mmhead/w87JmDBXJSezholIxg5BSFHDJpSPZe5GYtADWXL4lto/132') [ RunTime:0.006032s ]
[ sql ] [ SQL ] SELECT * FROM `weixin_user` WHERE  `openid` = 'oqBTY5Uds0toKSkHV7o3tU5aeIQs' LIMIT 1 [ RunTime:0.006093s ]
[ sql ] [ SQL ] SHOW COLUMNS FROM `users` [ RunTime:0.007665s ]
[ sql ] [ SQL ] SELECT * FROM `users` WHERE  `openid` = 'oqBTY5Uds0toKSkHV7o3tU5aeIQs' ORDER BY `id` DESC LIMIT 1 [ RunTime:0.006227s ]
[ sql ] [ SQL ] INSERT INTO `users` (`city` , `province` , `country` , `openid` , `nickname` , `headimg` , `sex` , `parent_id`) VALUES ('' , '' , '' , 'oqBTY5Uds0toKSkHV7o3tU5aeIQs' , '甯国荣' , 'https://wx.qlogo.cn/mmhead/w87JmDBXJSezholIxg5BSFHDJpSPZe5GYtADWXL4lto/132' , 0 , 0) [ RunTime:0.006004s ]
[ sql ] [ SQL ] UPDATE `weixin_user`  SET `userid` = 64  WHERE  `openid` = 'oqBTY5Uds0toKSkHV7o3tU5aeIQs' [ RunTime:0.006324s ]
[ sql ] [ SQL ] UPDATE `users`  SET `sex` = 0 , `country` = '' , `province` = '' , `city` = ''  WHERE  `id` = 64 [ RunTime:0.005996s ]
[ sql ] [ SQL ] SELECT * FROM `users` WHERE  `id` = 64 LIMIT 1 [ RunTime:0.006074s ]
