---------------------------------------------------------------
[2020-01-07T08:57:11+08:00] 159.203.85.7 GET pingshen.hbhb.vip/
[运行时间：0.021463s] [吞吐率：46.59req/s] [内存消耗：2,224.82kb] [文件加载：75]
[ info ] [ LANG ] /www/wwwroot/pingshen/thinkphp/lang/zh-cn.php
[ info ] [ LANG ] /www/wwwroot/pingshen/application/admin//lang/zh-cn.php
[ info ] [ ROUTE ] array (
)
[ info ] [ HEADER ] array (
  'user-agent' => 'Mozilla/5.0 (compatible; NetcraftSurveyAgent/1.0; +info@netcraft.com)',
  'host' => 'pingshen.hbhb.vip',
  'content-type' => '',
  'content-length' => '',
)
[ info ] [ PARAM ] array (
)
---------------------------------------------------------------
[2020-01-07T09:52:10+08:00] 115.199.180.236 POST pingshen.hbhb.vip/api/users/wxlogin
[运行时间：0.318985s] [吞吐率：3.13req/s] [内存消耗：3,849.59kb] [文件加载：92]
[ info ] [ LANG ] /www/wwwroot/pingshen/thinkphp/lang/zh-cn.php
[ info ] [ ROUTE ] array (
)
[ info ] [ HEADER ] array (
  'accept-encoding' => 'gzip, deflate, br',
  'referer' => 'https://servicewechat.com/wx700e406bf204d191/devtools/page-frame.html',
  'accept' => '*/*',
  'content-type' => 'application/json',
  'user-agent' => 'Mozilla/5.0 (iPhone; CPU iPhone OS 11_0 like Mac OS X) AppleWebKit/604.1.38 (KHTML, like Gecko) Version/11.0 Mobile/15A372 Safari/604.1 wechatdevtools/1.02.1911180 MicroMessenger/7.0.4 Language/zh_CN webview/',
  'sec-fetch-dest' => 'empty',
  'sec-fetch-site' => 'cross-site',
  'sec-fetch-user' => '?F',
  'origin' => 'http://127.0.0.1:40901',
  'cache-control' => 'no-cache',
  'pragma' => 'no-cache',
  'content-length' => '43',
  'connection' => 'keep-alive',
  'host' => 'pingshen.hbhb.vip',
)
[ info ] [ PARAM ] array (
  'code' => '021OMadL166oy816vIgL1PsfdL1OMada',
)
[ info ] [ DB ] INIT mysql
[ error ] [8]未定义数组索引: openid[/www/wwwroot/pingshen/application/api/controller/Base.php:33]
[ error ] [8]未定义数组索引: errcode[/www/wwwroot/pingshen/application/api/controller/Users.php:28]
[ error ] [8]未定义数组索引: errcode[/www/wwwroot/pingshen/application/api/controller/Users.php:28]
[ error ] [8192]Non-static method app\api\model\Token::create_unique() should not be called statically[/www/wwwroot/pingshen/application/api/model/Token.php:37]
[ sql ] [ DB ] CONNECT:[ UseTime:0.009549s ] mysql:host=47.97.169.58;port=3306;dbname=pingshen;charset=utf8
[ sql ] [ SQL ] SHOW COLUMNS FROM `weixin_user` [ RunTime:0.007554s ]
[ sql ] [ SQL ] SELECT * FROM `weixin_user` WHERE  `openid` = 'oqBTY5dyEZni6i92XjVVx6Syfj_k' LIMIT 1 [ RunTime:0.006425s ]
[ sql ] [ SQL ] SHOW COLUMNS FROM `users` [ RunTime:0.007567s ]
[ sql ] [ SQL ] SELECT * FROM `users` WHERE  `id` = 1 LIMIT 1 [ RunTime:0.006433s ]
---------------------------------------------------------------
[2020-01-07T09:52:11+08:00] 115.199.180.236 POST pingshen.hbhb.vip/api/department/departList
[运行时间：0.056263s] [吞吐率：17.77req/s] [内存消耗：3,414.35kb] [文件加载：83]
[ info ] [ LANG ] /www/wwwroot/pingshen/thinkphp/lang/zh-cn.php
[ info ] [ ROUTE ] array (
)
[ info ] [ HEADER ] array (
  'accept-encoding' => 'gzip, deflate, br',
  'referer' => 'https://servicewechat.com/wx700e406bf204d191/devtools/page-frame.html',
  'accept' => '*/*',
  'content-type' => 'application/json',
  'user-agent' => 'Mozilla/5.0 (iPhone; CPU iPhone OS 11_0 like Mac OS X) AppleWebKit/604.1.38 (KHTML, like Gecko) Version/11.0 Mobile/15A372 Safari/604.1 wechatdevtools/1.02.1911180 MicroMessenger/7.0.4 Language/zh_CN webview/',
  'sec-fetch-dest' => 'empty',
  'sec-fetch-site' => 'cross-site',
  'sec-fetch-user' => '?F',
  'origin' => 'http://127.0.0.1:40901',
  'cache-control' => 'no-cache',
  'pragma' => 'no-cache',
  'content-length' => '52',
  'connection' => 'keep-alive',
  'host' => 'pingshen.hbhb.vip',
)
[ info ] [ PARAM ] array (
  'token' => '7c346a23f8689ef433b16e5143693d691f8cb464',
)
[ info ] [ DB ] INIT mysql
[ error ] [8]未定义数组索引: openid[/www/wwwroot/pingshen/application/api/controller/Base.php:33]
[ sql ] [ DB ] CONNECT:[ UseTime:0.008687s ] mysql:host=47.97.169.58;port=3306;dbname=pingshen;charset=utf8
[ sql ] [ SQL ] SHOW COLUMNS FROM `department` [ RunTime:0.006938s ]
[ sql ] [ SQL ] SELECT COUNT(*) AS tp_count FROM `department` ORDER BY `sort` DESC,`id` ASC [ RunTime:0.005766s ]
[ sql ] [ SQL ] SELECT `id`,`class_name` FROM `department` ORDER BY `sort` DESC,`id` ASC LIMIT 0,12 [ RunTime:0.005745s ]
---------------------------------------------------------------
[2020-01-07T09:52:11+08:00] 115.199.180.236 POST pingshen.hbhb.vip/api/standard/standList
[运行时间：0.102016s] [吞吐率：9.80req/s] [内存消耗：3,942.98kb] [文件加载：92]
[ info ] [ LANG ] /www/wwwroot/pingshen/thinkphp/lang/zh-cn.php
[ info ] [ ROUTE ] array (
)
[ info ] [ HEADER ] array (
  'accept-encoding' => 'gzip, deflate, br',
  'referer' => 'https://servicewechat.com/wx700e406bf204d191/devtools/page-frame.html',
  'accept' => '*/*',
  'content-type' => 'application/json',
  'user-agent' => 'Mozilla/5.0 (iPhone; CPU iPhone OS 11_0 like Mac OS X) AppleWebKit/604.1.38 (KHTML, like Gecko) Version/11.0 Mobile/15A372 Safari/604.1 wechatdevtools/1.02.1911180 MicroMessenger/7.0.4 Language/zh_CN webview/',
  'sec-fetch-dest' => 'empty',
  'sec-fetch-site' => 'cross-site',
  'sec-fetch-user' => '?F',
  'origin' => 'http://127.0.0.1:40901',
  'cache-control' => 'no-cache',
  'pragma' => 'no-cache',
  'content-length' => '52',
  'connection' => 'keep-alive',
  'host' => 'pingshen.hbhb.vip',
)
[ info ] [ PARAM ] array (
  'token' => '7c346a23f8689ef433b16e5143693d691f8cb464',
)
[ info ] [ DB ] INIT mysql
[ error ] [8]未定义数组索引: openid[/www/wwwroot/pingshen/application/api/controller/Base.php:33]
[ sql ] [ DB ] CONNECT:[ UseTime:0.009325s ] mysql:host=47.97.169.58;port=3306;dbname=pingshen;charset=utf8
[ sql ] [ SQL ] SHOW COLUMNS FROM `users` [ RunTime:0.007679s ]
[ sql ] [ SQL ] SELECT * FROM `users` WHERE  `id` = 1 LIMIT 1 [ RunTime:0.006375s ]
[ sql ] [ SQL ] SHOW COLUMNS FROM `weixin_user` [ RunTime:0.007041s ]
[ sql ] [ SQL ] SELECT * FROM `weixin_user` WHERE  `userid` = 1 ORDER BY `id` DESC LIMIT 1 [ RunTime:0.006250s ]
[ sql ] [ SQL ] SHOW COLUMNS FROM `standard` [ RunTime:0.006919s ]
[ sql ] [ SQL ] SELECT COUNT(*) AS tp_count FROM `standard` [ RunTime:0.006076s ]
[ sql ] [ SQL ] SELECT `stand_name`,`stand_text`,`mark` FROM `standard` LIMIT 0,12 [ RunTime:0.006122s ]
[ sql ] [ SQL ] SHOW COLUMNS FROM `achievement` [ RunTime:0.007060s ]
[ sql ] [ SQL ] SELECT `score_detail`,`total_score`,`c_id` FROM `achievement` WHERE  `uid` = 1  AND `status` = 1 [ RunTime:0.006255s ]
---------------------------------------------------------------
[2020-01-07T11:20:56+08:00] 115.199.180.236 POST pingshen.hbhb.vip/api/users/wxlogin
[运行时间：0.156591s] [吞吐率：6.39req/s] [内存消耗：3,849.59kb] [文件加载：92]
[ info ] [ LANG ] /www/wwwroot/pingshen/thinkphp/lang/zh-cn.php
[ info ] [ ROUTE ] array (
)
[ info ] [ HEADER ] array (
  'accept-encoding' => 'gzip, deflate, br',
  'referer' => 'https://servicewechat.com/wx700e406bf204d191/devtools/page-frame.html',
  'accept' => '*/*',
  'content-type' => 'application/json',
  'user-agent' => 'Mozilla/5.0 (iPhone; CPU iPhone OS 11_0 like Mac OS X) AppleWebKit/604.1.38 (KHTML, like Gecko) Version/11.0 Mobile/15A372 Safari/604.1 wechatdevtools/1.02.1911180 MicroMessenger/7.0.4 Language/zh_CN webview/',
  'sec-fetch-dest' => 'empty',
  'sec-fetch-site' => 'cross-site',
  'sec-fetch-user' => '?F',
  'origin' => 'http://127.0.0.1:29383',
  'cache-control' => 'no-cache',
  'pragma' => 'no-cache',
  'content-length' => '43',
  'connection' => 'keep-alive',
  'host' => 'pingshen.hbhb.vip',
)
[ info ] [ PARAM ] array (
  'code' => '081fFUFX0LM33X1qYdCX003MFX0fFUFw',
)
[ info ] [ DB ] INIT mysql
[ error ] [8]未定义数组索引: openid[/www/wwwroot/pingshen/application/api/controller/Base.php:33]
[ error ] [8]未定义数组索引: errcode[/www/wwwroot/pingshen/application/api/controller/Users.php:28]
[ error ] [8]未定义数组索引: errcode[/www/wwwroot/pingshen/application/api/controller/Users.php:28]
[ error ] [8192]Non-static method app\api\model\Token::create_unique() should not be called statically[/www/wwwroot/pingshen/application/api/model/Token.php:37]
[ sql ] [ DB ] CONNECT:[ UseTime:0.009243s ] mysql:host=47.97.169.58;port=3306;dbname=pingshen;charset=utf8
[ sql ] [ SQL ] SHOW COLUMNS FROM `weixin_user` [ RunTime:0.007396s ]
[ sql ] [ SQL ] SELECT * FROM `weixin_user` WHERE  `openid` = 'oqBTY5dyEZni6i92XjVVx6Syfj_k' LIMIT 1 [ RunTime:0.006281s ]
[ sql ] [ SQL ] SHOW COLUMNS FROM `users` [ RunTime:0.007191s ]
[ sql ] [ SQL ] SELECT * FROM `users` WHERE  `id` = 1 LIMIT 1 [ RunTime:0.006235s ]
---------------------------------------------------------------
[2020-01-07T11:20:56+08:00] 115.199.180.236 POST pingshen.hbhb.vip/api/department/departList
[运行时间：0.058616s] [吞吐率：17.06req/s] [内存消耗：3,414.35kb] [文件加载：83]
[ info ] [ LANG ] /www/wwwroot/pingshen/thinkphp/lang/zh-cn.php
[ info ] [ ROUTE ] array (
)
[ info ] [ HEADER ] array (
  'accept-encoding' => 'gzip, deflate, br',
  'referer' => 'https://servicewechat.com/wx700e406bf204d191/devtools/page-frame.html',
  'accept' => '*/*',
  'content-type' => 'application/json',
  'user-agent' => 'Mozilla/5.0 (iPhone; CPU iPhone OS 11_0 like Mac OS X) AppleWebKit/604.1.38 (KHTML, like Gecko) Version/11.0 Mobile/15A372 Safari/604.1 wechatdevtools/1.02.1911180 MicroMessenger/7.0.4 Language/zh_CN webview/',
  'sec-fetch-dest' => 'empty',
  'sec-fetch-site' => 'cross-site',
  'sec-fetch-user' => '?F',
  'origin' => 'http://127.0.0.1:29383',
  'cache-control' => 'no-cache',
  'pragma' => 'no-cache',
  'content-length' => '52',
  'connection' => 'keep-alive',
  'host' => 'pingshen.hbhb.vip',
)
[ info ] [ PARAM ] array (
  'token' => 'ff553a2ad5f41eac5c816415bd0172db5a4b2371',
)
[ info ] [ DB ] INIT mysql
[ error ] [8]未定义数组索引: openid[/www/wwwroot/pingshen/application/api/controller/Base.php:33]
[ sql ] [ DB ] CONNECT:[ UseTime:0.009251s ] mysql:host=47.97.169.58;port=3306;dbname=pingshen;charset=utf8
[ sql ] [ SQL ] SHOW COLUMNS FROM `department` [ RunTime:0.007481s ]
[ sql ] [ SQL ] SELECT COUNT(*) AS tp_count FROM `department` ORDER BY `sort` DESC,`id` ASC [ RunTime:0.006148s ]
[ sql ] [ SQL ] SELECT `id`,`class_name` FROM `department` ORDER BY `sort` DESC,`id` ASC LIMIT 0,12 [ RunTime:0.006128s ]
---------------------------------------------------------------
[2020-01-07T11:20:56+08:00] 115.199.180.236 POST pingshen.hbhb.vip/api/standard/standList
[运行时间：0.096387s] [吞吐率：10.37req/s] [内存消耗：3,942.98kb] [文件加载：92]
[ info ] [ LANG ] /www/wwwroot/pingshen/thinkphp/lang/zh-cn.php
[ info ] [ ROUTE ] array (
)
[ info ] [ HEADER ] array (
  'accept-encoding' => 'gzip, deflate, br',
  'referer' => 'https://servicewechat.com/wx700e406bf204d191/devtools/page-frame.html',
  'accept' => '*/*',
  'content-type' => 'application/json',
  'user-agent' => 'Mozilla/5.0 (iPhone; CPU iPhone OS 11_0 like Mac OS X) AppleWebKit/604.1.38 (KHTML, like Gecko) Version/11.0 Mobile/15A372 Safari/604.1 wechatdevtools/1.02.1911180 MicroMessenger/7.0.4 Language/zh_CN webview/',
  'sec-fetch-dest' => 'empty',
  'sec-fetch-site' => 'cross-site',
  'sec-fetch-user' => '?F',
  'origin' => 'http://127.0.0.1:29383',
  'cache-control' => 'no-cache',
  'pragma' => 'no-cache',
  'content-length' => '52',
  'connection' => 'keep-alive',
  'host' => 'pingshen.hbhb.vip',
)
[ info ] [ PARAM ] array (
  'token' => 'ff553a2ad5f41eac5c816415bd0172db5a4b2371',
)
[ info ] [ DB ] INIT mysql
[ error ] [8]未定义数组索引: openid[/www/wwwroot/pingshen/application/api/controller/Base.php:33]
[ sql ] [ DB ] CONNECT:[ UseTime:0.008570s ] mysql:host=47.97.169.58;port=3306;dbname=pingshen;charset=utf8
[ sql ] [ SQL ] SHOW COLUMNS FROM `users` [ RunTime:0.007072s ]
[ sql ] [ SQL ] SELECT * FROM `users` WHERE  `id` = 1 LIMIT 1 [ RunTime:0.005952s ]
[ sql ] [ SQL ] SHOW COLUMNS FROM `weixin_user` [ RunTime:0.006640s ]
[ sql ] [ SQL ] SELECT * FROM `weixin_user` WHERE  `userid` = 1 ORDER BY `id` DESC LIMIT 1 [ RunTime:0.005778s ]
[ sql ] [ SQL ] SHOW COLUMNS FROM `standard` [ RunTime:0.006645s ]
[ sql ] [ SQL ] SELECT COUNT(*) AS tp_count FROM `standard` [ RunTime:0.005640s ]
[ sql ] [ SQL ] SELECT `stand_name`,`stand_text`,`mark` FROM `standard` LIMIT 0,12 [ RunTime:0.005677s ]
[ sql ] [ SQL ] SHOW COLUMNS FROM `achievement` [ RunTime:0.006474s ]
[ sql ] [ SQL ] SELECT `score_detail`,`total_score`,`c_id` FROM `achievement` WHERE  `uid` = 1  AND `status` = 1 [ RunTime:0.005827s ]
---------------------------------------------------------------
[2020-01-07T14:39:40+08:00] 115.199.180.236 POST pingshen.hbhb.vip/api/users/wxlogin
[运行时间：0.194368s] [吞吐率：5.14req/s] [内存消耗：3,848.68kb] [文件加载：92]
[ info ] [ LANG ] /www/wwwroot/pingshen/thinkphp/lang/zh-cn.php
[ info ] [ ROUTE ] array (
)
[ info ] [ HEADER ] array (
  'connection' => 'Keep-Alive',
  'host' => 'pingshen.hbhb.vip',
  'content-length' => '43',
  'user-agent' => 'Mozilla/5.0 (Linux; Android 7.0; EVA-TL00 Build/HUAWEIEVA-TL00; wv) AppleWebKit/537.36 (KHTML, like Gecko) Version/4.0 Chrome/62.0.3202.84 Mobile Safari/537.36 MicroMessenger/7.0.9.1560(0x27000933) Process/appbrand2 NetType/WIFI Language/zh_CN ABI/arm64',
  'content-type' => 'application/json',
  'referer' => 'https://servicewechat.com/wx700e406bf204d191/0/page-frame.html',
  'accept-encoding' => 'gzip',
  'charset' => 'utf-8',
)
[ info ] [ PARAM ] array (
  'code' => '081o2Y391xMSzL1muM391Fad491o2Y3x',
)
[ info ] [ DB ] INIT mysql
[ error ] [8]未定义数组索引: openid[/www/wwwroot/pingshen/application/api/controller/Base.php:33]
[ error ] [8]未定义数组索引: errcode[/www/wwwroot/pingshen/application/api/controller/Users.php:28]
[ error ] [8]未定义数组索引: errcode[/www/wwwroot/pingshen/application/api/controller/Users.php:28]
[ error ] [8192]Non-static method app\api\model\Token::create_unique() should not be called statically[/www/wwwroot/pingshen/application/api/model/Token.php:37]
[ sql ] [ DB ] CONNECT:[ UseTime:0.009126s ] mysql:host=47.97.169.58;port=3306;dbname=pingshen;charset=utf8
[ sql ] [ SQL ] SHOW COLUMNS FROM `weixin_user` [ RunTime:0.008180s ]
[ sql ] [ SQL ] SELECT * FROM `weixin_user` WHERE  `openid` = 'oqBTY5dyEZni6i92XjVVx6Syfj_k' LIMIT 1 [ RunTime:0.006196s ]
[ sql ] [ SQL ] SHOW COLUMNS FROM `users` [ RunTime:0.007891s ]
[ sql ] [ SQL ] SELECT * FROM `users` WHERE  `id` = 1 LIMIT 1 [ RunTime:0.006288s ]
---------------------------------------------------------------
[2020-01-07T14:39:40+08:00] 115.199.180.236 POST pingshen.hbhb.vip/api/department/departList
[运行时间：0.078663s] [吞吐率：12.71req/s] [内存消耗：3,413.45kb] [文件加载：83]
[ info ] [ LANG ] /www/wwwroot/pingshen/thinkphp/lang/zh-cn.php
[ info ] [ ROUTE ] array (
)
[ info ] [ HEADER ] array (
  'connection' => 'Keep-Alive',
  'host' => 'pingshen.hbhb.vip',
  'content-length' => '52',
  'user-agent' => 'Mozilla/5.0 (Linux; Android 7.0; EVA-TL00 Build/HUAWEIEVA-TL00; wv) AppleWebKit/537.36 (KHTML, like Gecko) Version/4.0 Chrome/62.0.3202.84 Mobile Safari/537.36 MicroMessenger/7.0.9.1560(0x27000933) Process/appbrand2 NetType/WIFI Language/zh_CN ABI/arm64',
  'content-type' => 'application/json',
  'referer' => 'https://servicewechat.com/wx700e406bf204d191/0/page-frame.html',
  'accept-encoding' => 'gzip',
  'charset' => 'utf-8',
)
[ info ] [ PARAM ] array (
  'token' => 'a641afa00bf8a8f61dc21ded7a3c68964db77b3e',
)
[ info ] [ DB ] INIT mysql
[ error ] [8]未定义数组索引: openid[/www/wwwroot/pingshen/application/api/controller/Base.php:33]
[ sql ] [ DB ] CONNECT:[ UseTime:0.008796s ] mysql:host=47.97.169.58;port=3306;dbname=pingshen;charset=utf8
[ sql ] [ SQL ] SHOW COLUMNS FROM `department` [ RunTime:0.007538s ]
[ sql ] [ SQL ] SELECT COUNT(*) AS tp_count FROM `department` ORDER BY `sort` DESC,`id` ASC [ RunTime:0.005852s ]
[ sql ] [ SQL ] SELECT `id`,`class_name` FROM `department` ORDER BY `sort` DESC,`id` ASC LIMIT 0,12 [ RunTime:0.005829s ]
---------------------------------------------------------------
[2020-01-07T14:39:41+08:00] 115.199.180.236 POST pingshen.hbhb.vip/api/standard/standList
[运行时间：0.116777s] [吞吐率：8.56req/s] [内存消耗：3,942.07kb] [文件加载：92]
[ info ] [ LANG ] /www/wwwroot/pingshen/thinkphp/lang/zh-cn.php
[ info ] [ ROUTE ] array (
)
[ info ] [ HEADER ] array (
  'connection' => 'Keep-Alive',
  'host' => 'pingshen.hbhb.vip',
  'content-length' => '52',
  'user-agent' => 'Mozilla/5.0 (Linux; Android 7.0; EVA-TL00 Build/HUAWEIEVA-TL00; wv) AppleWebKit/537.36 (KHTML, like Gecko) Version/4.0 Chrome/62.0.3202.84 Mobile Safari/537.36 MicroMessenger/7.0.9.1560(0x27000933) Process/appbrand2 NetType/WIFI Language/zh_CN ABI/arm64',
  'content-type' => 'application/json',
  'referer' => 'https://servicewechat.com/wx700e406bf204d191/0/page-frame.html',
  'accept-encoding' => 'gzip',
  'charset' => 'utf-8',
)
[ info ] [ PARAM ] array (
  'token' => 'a641afa00bf8a8f61dc21ded7a3c68964db77b3e',
)
[ info ] [ DB ] INIT mysql
[ error ] [8]未定义数组索引: openid[/www/wwwroot/pingshen/application/api/controller/Base.php:33]
[ sql ] [ DB ] CONNECT:[ UseTime:0.009094s ] mysql:host=47.97.169.58;port=3306;dbname=pingshen;charset=utf8
[ sql ] [ SQL ] SHOW COLUMNS FROM `users` [ RunTime:0.007914s ]
[ sql ] [ SQL ] SELECT * FROM `users` WHERE  `id` = 1 LIMIT 1 [ RunTime:0.006289s ]
[ sql ] [ SQL ] SHOW COLUMNS FROM `weixin_user` [ RunTime:0.007003s ]
[ sql ] [ SQL ] SELECT * FROM `weixin_user` WHERE  `userid` = 1 ORDER BY `id` DESC LIMIT 1 [ RunTime:0.006151s ]
[ sql ] [ SQL ] SHOW COLUMNS FROM `standard` [ RunTime:0.006880s ]
[ sql ] [ SQL ] SELECT COUNT(*) AS tp_count FROM `standard` [ RunTime:0.006073s ]
[ sql ] [ SQL ] SELECT `stand_name`,`stand_text`,`mark` FROM `standard` LIMIT 0,12 [ RunTime:0.006076s ]
[ sql ] [ SQL ] SHOW COLUMNS FROM `achievement` [ RunTime:0.006899s ]
[ sql ] [ SQL ] SELECT `score_detail`,`total_score`,`c_id` FROM `achievement` WHERE  `uid` = 1  AND `status` = 1 [ RunTime:0.006281s ]
---------------------------------------------------------------
[2020-01-07T14:40:35+08:00] 115.199.180.236 POST pingshen.hbhb.vip/api/users/wxlogin
[运行时间：0.157337s] [吞吐率：6.36req/s] [内存消耗：3,848.68kb] [文件加载：92]
[ info ] [ LANG ] /www/wwwroot/pingshen/thinkphp/lang/zh-cn.php
[ info ] [ ROUTE ] array (
)
[ info ] [ HEADER ] array (
  'connection' => 'Keep-Alive',
  'host' => 'pingshen.hbhb.vip',
  'content-length' => '43',
  'user-agent' => 'Mozilla/5.0 (Linux; Android 7.0; EVA-TL00 Build/HUAWEIEVA-TL00; wv) AppleWebKit/537.36 (KHTML, like Gecko) Version/4.0 Chrome/62.0.3202.84 Mobile Safari/537.36 MicroMessenger/7.0.9.1560(0x27000933) Process/appbrand0 NetType/WIFI Language/zh_CN ABI/arm64',
  'content-type' => 'application/json',
  'referer' => 'https://servicewechat.com/wx700e406bf204d191/0/page-frame.html',
  'accept-encoding' => 'gzip',
  'charset' => 'utf-8',
)
[ info ] [ PARAM ] array (
  'code' => '011BoFeL0fwbKb2G4IdL0D7BeL0BoFe-',
)
[ info ] [ DB ] INIT mysql
[ error ] [8]未定义数组索引: openid[/www/wwwroot/pingshen/application/api/controller/Base.php:33]
[ error ] [8]未定义数组索引: errcode[/www/wwwroot/pingshen/application/api/controller/Users.php:28]
[ error ] [8]未定义数组索引: errcode[/www/wwwroot/pingshen/application/api/controller/Users.php:28]
[ error ] [8192]Non-static method app\api\model\Token::create_unique() should not be called statically[/www/wwwroot/pingshen/application/api/model/Token.php:37]
[ sql ] [ DB ] CONNECT:[ UseTime:0.009148s ] mysql:host=47.97.169.58;port=3306;dbname=pingshen;charset=utf8
[ sql ] [ SQL ] SHOW COLUMNS FROM `weixin_user` [ RunTime:0.007298s ]
[ sql ] [ SQL ] SELECT * FROM `weixin_user` WHERE  `openid` = 'oqBTY5dyEZni6i92XjVVx6Syfj_k' LIMIT 1 [ RunTime:0.006166s ]
[ sql ] [ SQL ] SHOW COLUMNS FROM `users` [ RunTime:0.007169s ]
[ sql ] [ SQL ] SELECT * FROM `users` WHERE  `id` = 1 LIMIT 1 [ RunTime:0.006185s ]
---------------------------------------------------------------
[2020-01-07T14:40:35+08:00] 115.199.180.236 POST pingshen.hbhb.vip/api/department/departList
[运行时间：0.056696s] [吞吐率：17.64req/s] [内存消耗：3,413.45kb] [文件加载：83]
[ info ] [ LANG ] /www/wwwroot/pingshen/thinkphp/lang/zh-cn.php
[ info ] [ ROUTE ] array (
)
[ info ] [ HEADER ] array (
  'connection' => 'Keep-Alive',
  'host' => 'pingshen.hbhb.vip',
  'content-length' => '52',
  'user-agent' => 'Mozilla/5.0 (Linux; Android 7.0; EVA-TL00 Build/HUAWEIEVA-TL00; wv) AppleWebKit/537.36 (KHTML, like Gecko) Version/4.0 Chrome/62.0.3202.84 Mobile Safari/537.36 MicroMessenger/7.0.9.1560(0x27000933) Process/appbrand0 NetType/WIFI Language/zh_CN ABI/arm64',
  'content-type' => 'application/json',
  'referer' => 'https://servicewechat.com/wx700e406bf204d191/0/page-frame.html',
  'accept-encoding' => 'gzip',
  'charset' => 'utf-8',
)
[ info ] [ PARAM ] array (
  'token' => 'd2afc221ef6b03d0e0d07bb2283f78f632e02f06',
)
[ info ] [ DB ] INIT mysql
[ error ] [8]未定义数组索引: openid[/www/wwwroot/pingshen/application/api/controller/Base.php:33]
[ sql ] [ DB ] CONNECT:[ UseTime:0.009194s ] mysql:host=47.97.169.58;port=3306;dbname=pingshen;charset=utf8
[ sql ] [ SQL ] SHOW COLUMNS FROM `department` [ RunTime:0.007276s ]
[ sql ] [ SQL ] SELECT COUNT(*) AS tp_count FROM `department` ORDER BY `sort` DESC,`id` ASC [ RunTime:0.006083s ]
[ sql ] [ SQL ] SELECT `id`,`class_name` FROM `department` ORDER BY `sort` DESC,`id` ASC LIMIT 0,12 [ RunTime:0.006093s ]
---------------------------------------------------------------
[2020-01-07T14:40:35+08:00] 115.199.180.236 POST pingshen.hbhb.vip/api/standard/standList
[运行时间：0.101694s] [吞吐率：9.83req/s] [内存消耗：3,942.07kb] [文件加载：92]
[ info ] [ LANG ] /www/wwwroot/pingshen/thinkphp/lang/zh-cn.php
[ info ] [ ROUTE ] array (
)
[ info ] [ HEADER ] array (
  'connection' => 'Keep-Alive',
  'host' => 'pingshen.hbhb.vip',
  'content-length' => '52',
  'user-agent' => 'Mozilla/5.0 (Linux; Android 7.0; EVA-TL00 Build/HUAWEIEVA-TL00; wv) AppleWebKit/537.36 (KHTML, like Gecko) Version/4.0 Chrome/62.0.3202.84 Mobile Safari/537.36 MicroMessenger/7.0.9.1560(0x27000933) Process/appbrand0 NetType/WIFI Language/zh_CN ABI/arm64',
  'content-type' => 'application/json',
  'referer' => 'https://servicewechat.com/wx700e406bf204d191/0/page-frame.html',
  'accept-encoding' => 'gzip',
  'charset' => 'utf-8',
)
[ info ] [ PARAM ] array (
  'token' => 'd2afc221ef6b03d0e0d07bb2283f78f632e02f06',
)
[ info ] [ DB ] INIT mysql
[ error ] [8]未定义数组索引: openid[/www/wwwroot/pingshen/application/api/controller/Base.php:33]
[ sql ] [ DB ] CONNECT:[ UseTime:0.009258s ] mysql:host=47.97.169.58;port=3306;dbname=pingshen;charset=utf8
[ sql ] [ SQL ] SHOW COLUMNS FROM `users` [ RunTime:0.007514s ]
[ sql ] [ SQL ] SELECT * FROM `users` WHERE  `id` = 1 LIMIT 1 [ RunTime:0.006322s ]
[ sql ] [ SQL ] SHOW COLUMNS FROM `weixin_user` [ RunTime:0.007064s ]
[ sql ] [ SQL ] SELECT * FROM `weixin_user` WHERE  `userid` = 1 ORDER BY `id` DESC LIMIT 1 [ RunTime:0.006199s ]
[ sql ] [ SQL ] SHOW COLUMNS FROM `standard` [ RunTime:0.006977s ]
[ sql ] [ SQL ] SELECT COUNT(*) AS tp_count FROM `standard` [ RunTime:0.006051s ]
[ sql ] [ SQL ] SELECT `stand_name`,`stand_text`,`mark` FROM `standard` LIMIT 0,12 [ RunTime:0.006151s ]
[ sql ] [ SQL ] SHOW COLUMNS FROM `achievement` [ RunTime:0.006945s ]
[ sql ] [ SQL ] SELECT `score_detail`,`total_score`,`c_id` FROM `achievement` WHERE  `uid` = 1  AND `status` = 1 [ RunTime:0.006214s ]
---------------------------------------------------------------
[2020-01-07T14:41:07+08:00] 115.199.180.236 POST pingshen.hbhb.vip/api/standard/markList
[运行时间：0.082019s] [吞吐率：12.19req/s] [内存消耗：3,820.84kb] [文件加载：92]
[ info ] [ LANG ] /www/wwwroot/pingshen/thinkphp/lang/zh-cn.php
[ info ] [ ROUTE ] array (
)
[ info ] [ HEADER ] array (
  'connection' => 'Keep-Alive',
  'host' => 'pingshen.hbhb.vip',
  'content-length' => '52',
  'user-agent' => 'Mozilla/5.0 (Linux; Android 7.0; EVA-TL00 Build/HUAWEIEVA-TL00; wv) AppleWebKit/537.36 (KHTML, like Gecko) Version/4.0 Chrome/62.0.3202.84 Mobile Safari/537.36 MicroMessenger/7.0.9.1560(0x27000933) Process/appbrand0 NetType/WIFI Language/zh_CN ABI/arm64',
  'content-type' => 'application/json',
  'referer' => 'https://servicewechat.com/wx700e406bf204d191/0/page-frame.html',
  'accept-encoding' => 'gzip',
  'charset' => 'utf-8',
)
[ info ] [ PARAM ] array (
  'token' => 'd2afc221ef6b03d0e0d07bb2283f78f632e02f06',
)
[ info ] [ DB ] INIT mysql
[ error ] [8]未定义数组索引: openid[/www/wwwroot/pingshen/application/api/controller/Base.php:33]
[ sql ] [ DB ] CONNECT:[ UseTime:0.009089s ] mysql:host=47.97.169.58;port=3306;dbname=pingshen;charset=utf8
[ sql ] [ SQL ] SHOW COLUMNS FROM `users` [ RunTime:0.007388s ]
[ sql ] [ SQL ] SELECT * FROM `users` WHERE  `id` = 1 LIMIT 1 [ RunTime:0.006257s ]
[ sql ] [ SQL ] SHOW COLUMNS FROM `weixin_user` [ RunTime:0.007089s ]
[ sql ] [ SQL ] SELECT * FROM `weixin_user` WHERE  `userid` = 1 ORDER BY `id` DESC LIMIT 1 [ RunTime:0.006105s ]
[ sql ] [ SQL ] SHOW COLUMNS FROM `achievement` [ RunTime:0.006862s ]
[ sql ] [ SQL ] SELECT `id`,`sign` FROM `achievement` WHERE  `uid` = 1 GROUP BY `sign` [ RunTime:0.006377s ]
---------------------------------------------------------------
[2020-01-07T14:41:13+08:00] 115.199.180.236 POST pingshen.hbhb.vip/api/department/departList
[运行时间：0.057882s] [吞吐率：17.28req/s] [内存消耗：3,413.45kb] [文件加载：83]
[ info ] [ LANG ] /www/wwwroot/pingshen/thinkphp/lang/zh-cn.php
[ info ] [ ROUTE ] array (
)
[ info ] [ HEADER ] array (
  'connection' => 'Keep-Alive',
  'host' => 'pingshen.hbhb.vip',
  'content-length' => '52',
  'user-agent' => 'Mozilla/5.0 (Linux; Android 7.0; EVA-TL00 Build/HUAWEIEVA-TL00; wv) AppleWebKit/537.36 (KHTML, like Gecko) Version/4.0 Chrome/62.0.3202.84 Mobile Safari/537.36 MicroMessenger/7.0.9.1560(0x27000933) Process/appbrand0 NetType/WIFI Language/zh_CN ABI/arm64',
  'content-type' => 'application/json',
  'referer' => 'https://servicewechat.com/wx700e406bf204d191/0/page-frame.html',
  'accept-encoding' => 'gzip',
  'charset' => 'utf-8',
)
[ info ] [ PARAM ] array (
  'token' => 'd2afc221ef6b03d0e0d07bb2283f78f632e02f06',
)
[ info ] [ DB ] INIT mysql
[ error ] [8]未定义数组索引: openid[/www/wwwroot/pingshen/application/api/controller/Base.php:33]
[ sql ] [ DB ] CONNECT:[ UseTime:0.009163s ] mysql:host=47.97.169.58;port=3306;dbname=pingshen;charset=utf8
[ sql ] [ SQL ] SHOW COLUMNS FROM `department` [ RunTime:0.007274s ]
[ sql ] [ SQL ] SELECT COUNT(*) AS tp_count FROM `department` ORDER BY `sort` DESC,`id` ASC [ RunTime:0.006112s ]
[ sql ] [ SQL ] SELECT `id`,`class_name` FROM `department` ORDER BY `sort` DESC,`id` ASC LIMIT 0,12 [ RunTime:0.006103s ]
---------------------------------------------------------------
[2020-01-07T14:41:14+08:00] 115.199.180.236 POST pingshen.hbhb.vip/api/standard/standList
[运行时间：0.097525s] [吞吐率：10.25req/s] [内存消耗：3,942.07kb] [文件加载：92]
[ info ] [ LANG ] /www/wwwroot/pingshen/thinkphp/lang/zh-cn.php
[ info ] [ ROUTE ] array (
)
[ info ] [ HEADER ] array (
  'connection' => 'Keep-Alive',
  'host' => 'pingshen.hbhb.vip',
  'content-length' => '52',
  'user-agent' => 'Mozilla/5.0 (Linux; Android 7.0; EVA-TL00 Build/HUAWEIEVA-TL00; wv) AppleWebKit/537.36 (KHTML, like Gecko) Version/4.0 Chrome/62.0.3202.84 Mobile Safari/537.36 MicroMessenger/7.0.9.1560(0x27000933) Process/appbrand0 NetType/WIFI Language/zh_CN ABI/arm64',
  'content-type' => 'application/json',
  'referer' => 'https://servicewechat.com/wx700e406bf204d191/0/page-frame.html',
  'accept-encoding' => 'gzip',
  'charset' => 'utf-8',
)
[ info ] [ PARAM ] array (
  'token' => 'd2afc221ef6b03d0e0d07bb2283f78f632e02f06',
)
[ info ] [ DB ] INIT mysql
[ error ] [8]未定义数组索引: openid[/www/wwwroot/pingshen/application/api/controller/Base.php:33]
[ sql ] [ DB ] CONNECT:[ UseTime:0.008580s ] mysql:host=47.97.169.58;port=3306;dbname=pingshen;charset=utf8
[ sql ] [ SQL ] SHOW COLUMNS FROM `users` [ RunTime:0.007071s ]
[ sql ] [ SQL ] SELECT * FROM `users` WHERE  `id` = 1 LIMIT 1 [ RunTime:0.005930s ]
[ sql ] [ SQL ] SHOW COLUMNS FROM `weixin_user` [ RunTime:0.006654s ]
[ sql ] [ SQL ] SELECT * FROM `weixin_user` WHERE  `userid` = 1 ORDER BY `id` DESC LIMIT 1 [ RunTime:0.005777s ]
[ sql ] [ SQL ] SHOW COLUMNS FROM `standard` [ RunTime:0.006529s ]
[ sql ] [ SQL ] SELECT COUNT(*) AS tp_count FROM `standard` [ RunTime:0.005744s ]
[ sql ] [ SQL ] SELECT `stand_name`,`stand_text`,`mark` FROM `standard` LIMIT 0,12 [ RunTime:0.005694s ]
[ sql ] [ SQL ] SHOW COLUMNS FROM `achievement` [ RunTime:0.006485s ]
[ sql ] [ SQL ] SELECT `score_detail`,`total_score`,`c_id` FROM `achievement` WHERE  `uid` = 1  AND `status` = 1 [ RunTime:0.005785s ]
---------------------------------------------------------------
[2020-01-07T14:41:14+08:00] 115.199.180.236 POST pingshen.hbhb.vip/api/standard/markDetail
[运行时间：0.098145s] [吞吐率：10.19req/s] [内存消耗：3,848.04kb] [文件加载：92]
[ info ] [ LANG ] /www/wwwroot/pingshen/thinkphp/lang/zh-cn.php
[ info ] [ ROUTE ] array (
)
[ info ] [ HEADER ] array (
  'connection' => 'Keep-Alive',
  'host' => 'pingshen.hbhb.vip',
  'content-length' => '63',
  'user-agent' => 'Mozilla/5.0 (Linux; Android 7.0; EVA-TL00 Build/HUAWEIEVA-TL00; wv) AppleWebKit/537.36 (KHTML, like Gecko) Version/4.0 Chrome/62.0.3202.84 Mobile Safari/537.36 MicroMessenger/7.0.9.1560(0x27000933) Process/appbrand0 NetType/WIFI Language/zh_CN ABI/arm64',
  'content-type' => 'application/json',
  'referer' => 'https://servicewechat.com/wx700e406bf204d191/0/page-frame.html',
  'accept-encoding' => 'gzip',
  'charset' => 'utf-8',
)
[ info ] [ PARAM ] array (
  'token' => 'd2afc221ef6b03d0e0d07bb2283f78f632e02f06',
  'sign' => '4',
)
[ info ] [ DB ] INIT mysql
[ error ] [8]未定义数组索引: openid[/www/wwwroot/pingshen/application/api/controller/Base.php:33]
[ sql ] [ DB ] CONNECT:[ UseTime:0.008819s ] mysql:host=47.97.169.58;port=3306;dbname=pingshen;charset=utf8
[ sql ] [ SQL ] SHOW COLUMNS FROM `users` [ RunTime:0.007178s ]
[ sql ] [ SQL ] SELECT * FROM `users` WHERE  `id` = 1 LIMIT 1 [ RunTime:0.005971s ]
[ sql ] [ SQL ] SHOW COLUMNS FROM `weixin_user` [ RunTime:0.006735s ]
[ sql ] [ SQL ] SELECT * FROM `weixin_user` WHERE  `userid` = 1 ORDER BY `id` DESC LIMIT 1 [ RunTime:0.005861s ]
[ sql ] [ SQL ] SHOW COLUMNS FROM `standard` [ RunTime:0.006568s ]
[ sql ] [ SQL ] SELECT COUNT(*) AS tp_count FROM `standard` [ RunTime:0.005743s ]
[ sql ] [ SQL ] SELECT `stand_name`,`stand_text`,`mark` FROM `standard` LIMIT 0,12 [ RunTime:0.005858s ]
[ sql ] [ SQL ] SHOW COLUMNS FROM `achievement` [ RunTime:0.006596s ]
[ sql ] [ SQL ] SELECT `score_detail`,`total_score`,`c_id` FROM `achievement` WHERE  `uid` = 1  AND `sign` = '4' [ RunTime:0.005855s ]
---------------------------------------------------------------
[2020-01-07T14:41:17+08:00] 115.199.180.236 POST pingshen.hbhb.vip/api/standard/markList
[运行时间：0.089619s] [吞吐率：11.16req/s] [内存消耗：3,820.84kb] [文件加载：92]
[ info ] [ LANG ] /www/wwwroot/pingshen/thinkphp/lang/zh-cn.php
[ info ] [ ROUTE ] array (
)
[ info ] [ HEADER ] array (
  'connection' => 'Keep-Alive',
  'host' => 'pingshen.hbhb.vip',
  'content-length' => '52',
  'user-agent' => 'Mozilla/5.0 (Linux; Android 7.0; EVA-TL00 Build/HUAWEIEVA-TL00; wv) AppleWebKit/537.36 (KHTML, like Gecko) Version/4.0 Chrome/62.0.3202.84 Mobile Safari/537.36 MicroMessenger/7.0.9.1560(0x27000933) Process/appbrand0 NetType/WIFI Language/zh_CN ABI/arm64',
  'content-type' => 'application/json',
  'referer' => 'https://servicewechat.com/wx700e406bf204d191/0/page-frame.html',
  'accept-encoding' => 'gzip',
  'charset' => 'utf-8',
)
[ info ] [ PARAM ] array (
  'token' => 'd2afc221ef6b03d0e0d07bb2283f78f632e02f06',
)
[ info ] [ DB ] INIT mysql
[ error ] [8]未定义数组索引: openid[/www/wwwroot/pingshen/application/api/controller/Base.php:33]
[ sql ] [ DB ] CONNECT:[ UseTime:0.009015s ] mysql:host=47.97.169.58;port=3306;dbname=pingshen;charset=utf8
[ sql ] [ SQL ] SHOW COLUMNS FROM `users` [ RunTime:0.007394s ]
[ sql ] [ SQL ] SELECT * FROM `users` WHERE  `id` = 1 LIMIT 1 [ RunTime:0.006192s ]
[ sql ] [ SQL ] SHOW COLUMNS FROM `weixin_user` [ RunTime:0.007128s ]
[ sql ] [ SQL ] SELECT * FROM `weixin_user` WHERE  `userid` = 1 ORDER BY `id` DESC LIMIT 1 [ RunTime:0.005990s ]
[ sql ] [ SQL ] SHOW COLUMNS FROM `achievement` [ RunTime:0.006781s ]
[ sql ] [ SQL ] SELECT `id`,`sign` FROM `achievement` WHERE  `uid` = 1 GROUP BY `sign` [ RunTime:0.006277s ]
---------------------------------------------------------------
[2020-01-07T14:43:23+08:00] 115.199.180.236 POST pingshen.hbhb.vip/api/users/wxlogin
[运行时间：0.156613s] [吞吐率：6.39req/s] [内存消耗：3,848.68kb] [文件加载：92]
[ info ] [ LANG ] /www/wwwroot/pingshen/thinkphp/lang/zh-cn.php
[ info ] [ ROUTE ] array (
)
[ info ] [ HEADER ] array (
  'connection' => 'Keep-Alive',
  'host' => 'pingshen.hbhb.vip',
  'content-length' => '43',
  'user-agent' => 'Mozilla/5.0 (Linux; Android 7.0; EVA-TL00 Build/HUAWEIEVA-TL00; wv) AppleWebKit/537.36 (KHTML, like Gecko) Version/4.0 Chrome/62.0.3202.84 Mobile Safari/537.36 MicroMessenger/7.0.9.1560(0x27000933) Process/appbrand2 NetType/WIFI Language/zh_CN ABI/arm64',
  'content-type' => 'application/json',
  'referer' => 'https://servicewechat.com/wx700e406bf204d191/1/page-frame.html',
  'accept-encoding' => 'gzip',
  'charset' => 'utf-8',
)
[ info ] [ PARAM ] array (
  'code' => '011emWlT0ci0Q122rmpT0KkRlT0emWl3',
)
[ info ] [ DB ] INIT mysql
[ error ] [8]未定义数组索引: openid[/www/wwwroot/pingshen/application/api/controller/Base.php:33]
[ error ] [8]未定义数组索引: errcode[/www/wwwroot/pingshen/application/api/controller/Users.php:28]
[ error ] [8]未定义数组索引: errcode[/www/wwwroot/pingshen/application/api/controller/Users.php:28]
[ error ] [8192]Non-static method app\api\model\Token::create_unique() should not be called statically[/www/wwwroot/pingshen/application/api/model/Token.php:37]
[ sql ] [ DB ] CONNECT:[ UseTime:0.009277s ] mysql:host=47.97.169.58;port=3306;dbname=pingshen;charset=utf8
[ sql ] [ SQL ] SHOW COLUMNS FROM `weixin_user` [ RunTime:0.007478s ]
[ sql ] [ SQL ] SELECT * FROM `weixin_user` WHERE  `openid` = 'oqBTY5dyEZni6i92XjVVx6Syfj_k' LIMIT 1 [ RunTime:0.006257s ]
[ sql ] [ SQL ] SHOW COLUMNS FROM `users` [ RunTime:0.007246s ]
[ sql ] [ SQL ] SELECT * FROM `users` WHERE  `id` = 1 LIMIT 1 [ RunTime:0.006283s ]
---------------------------------------------------------------
[2020-01-07T14:43:24+08:00] 115.199.180.236 POST pingshen.hbhb.vip/api/department/departList
[运行时间：0.055518s] [吞吐率：18.01req/s] [内存消耗：3,413.45kb] [文件加载：83]
[ info ] [ LANG ] /www/wwwroot/pingshen/thinkphp/lang/zh-cn.php
[ info ] [ ROUTE ] array (
)
[ info ] [ HEADER ] array (
  'connection' => 'Keep-Alive',
  'host' => 'pingshen.hbhb.vip',
  'content-length' => '52',
  'user-agent' => 'Mozilla/5.0 (Linux; Android 7.0; EVA-TL00 Build/HUAWEIEVA-TL00; wv) AppleWebKit/537.36 (KHTML, like Gecko) Version/4.0 Chrome/62.0.3202.84 Mobile Safari/537.36 MicroMessenger/7.0.9.1560(0x27000933) Process/appbrand2 NetType/WIFI Language/zh_CN ABI/arm64',
  'content-type' => 'application/json',
  'referer' => 'https://servicewechat.com/wx700e406bf204d191/1/page-frame.html',
  'accept-encoding' => 'gzip',
  'charset' => 'utf-8',
)
[ info ] [ PARAM ] array (
  'token' => '250d997348ac731d8ab665fb98b500abed3682ff',
)
[ info ] [ DB ] INIT mysql
[ error ] [8]未定义数组索引: openid[/www/wwwroot/pingshen/application/api/controller/Base.php:33]
[ sql ] [ DB ] CONNECT:[ UseTime:0.008739s ] mysql:host=47.97.169.58;port=3306;dbname=pingshen;charset=utf8
[ sql ] [ SQL ] SHOW COLUMNS FROM `department` [ RunTime:0.007011s ]
[ sql ] [ SQL ] SELECT COUNT(*) AS tp_count FROM `department` ORDER BY `sort` DESC,`id` ASC [ RunTime:0.005794s ]
[ sql ] [ SQL ] SELECT `id`,`class_name` FROM `department` ORDER BY `sort` DESC,`id` ASC LIMIT 0,12 [ RunTime:0.005886s ]
---------------------------------------------------------------
[2020-01-07T14:43:24+08:00] 115.199.180.236 POST pingshen.hbhb.vip/api/standard/standList
[运行时间：0.103464s] [吞吐率：9.67req/s] [内存消耗：3,942.07kb] [文件加载：92]
[ info ] [ LANG ] /www/wwwroot/pingshen/thinkphp/lang/zh-cn.php
[ info ] [ ROUTE ] array (
)
[ info ] [ HEADER ] array (
  'connection' => 'Keep-Alive',
  'host' => 'pingshen.hbhb.vip',
  'content-length' => '52',
  'user-agent' => 'Mozilla/5.0 (Linux; Android 7.0; EVA-TL00 Build/HUAWEIEVA-TL00; wv) AppleWebKit/537.36 (KHTML, like Gecko) Version/4.0 Chrome/62.0.3202.84 Mobile Safari/537.36 MicroMessenger/7.0.9.1560(0x27000933) Process/appbrand2 NetType/WIFI Language/zh_CN ABI/arm64',
  'content-type' => 'application/json',
  'referer' => 'https://servicewechat.com/wx700e406bf204d191/1/page-frame.html',
  'accept-encoding' => 'gzip',
  'charset' => 'utf-8',
)
[ info ] [ PARAM ] array (
  'token' => '250d997348ac731d8ab665fb98b500abed3682ff',
)
[ info ] [ DB ] INIT mysql
[ error ] [8]未定义数组索引: openid[/www/wwwroot/pingshen/application/api/controller/Base.php:33]
[ sql ] [ DB ] CONNECT:[ UseTime:0.009507s ] mysql:host=47.97.169.58;port=3306;dbname=pingshen;charset=utf8
[ sql ] [ SQL ] SHOW COLUMNS FROM `users` [ RunTime:0.007766s ]
[ sql ] [ SQL ] SELECT * FROM `users` WHERE  `id` = 1 LIMIT 1 [ RunTime:0.006557s ]
[ sql ] [ SQL ] SHOW COLUMNS FROM `weixin_user` [ RunTime:0.007251s ]
[ sql ] [ SQL ] SELECT * FROM `weixin_user` WHERE  `userid` = 1 ORDER BY `id` DESC LIMIT 1 [ RunTime:0.006397s ]
[ sql ] [ SQL ] SHOW COLUMNS FROM `standard` [ RunTime:0.007269s ]
[ sql ] [ SQL ] SELECT COUNT(*) AS tp_count FROM `standard` [ RunTime:0.006283s ]
[ sql ] [ SQL ] SELECT `stand_name`,`stand_text`,`mark` FROM `standard` LIMIT 0,12 [ RunTime:0.006330s ]
[ sql ] [ SQL ] SHOW COLUMNS FROM `achievement` [ RunTime:0.007200s ]
[ sql ] [ SQL ] SELECT `score_detail`,`total_score`,`c_id` FROM `achievement` WHERE  `uid` = 1  AND `status` = 1 [ RunTime:0.006385s ]
---------------------------------------------------------------
[2020-01-07T14:43:51+08:00] 115.199.180.236 POST pingshen.hbhb.vip/api/department/departList
[运行时间：0.054683s] [吞吐率：18.29req/s] [内存消耗：3,413.45kb] [文件加载：83]
[ info ] [ LANG ] /www/wwwroot/pingshen/thinkphp/lang/zh-cn.php
[ info ] [ ROUTE ] array (
)
[ info ] [ HEADER ] array (
  'connection' => 'Keep-Alive',
  'host' => 'pingshen.hbhb.vip',
  'content-length' => '52',
  'user-agent' => 'Mozilla/5.0 (Linux; Android 7.0; EVA-TL00 Build/HUAWEIEVA-TL00; wv) AppleWebKit/537.36 (KHTML, like Gecko) Version/4.0 Chrome/62.0.3202.84 Mobile Safari/537.36 MicroMessenger/7.0.9.1560(0x27000933) Process/appbrand2 NetType/WIFI Language/zh_CN ABI/arm64',
  'content-type' => 'application/json',
  'referer' => 'https://servicewechat.com/wx700e406bf204d191/1/page-frame.html',
  'accept-encoding' => 'gzip',
  'charset' => 'utf-8',
)
[ info ] [ PARAM ] array (
  'token' => '250d997348ac731d8ab665fb98b500abed3682ff',
)
[ info ] [ DB ] INIT mysql
[ error ] [8]未定义数组索引: openid[/www/wwwroot/pingshen/application/api/controller/Base.php:33]
[ sql ] [ DB ] CONNECT:[ UseTime:0.008429s ] mysql:host=47.97.169.58;port=3306;dbname=pingshen;charset=utf8
[ sql ] [ SQL ] SHOW COLUMNS FROM `department` [ RunTime:0.006831s ]
[ sql ] [ SQL ] SELECT COUNT(*) AS tp_count FROM `department` ORDER BY `sort` DESC,`id` ASC [ RunTime:0.005590s ]
[ sql ] [ SQL ] SELECT `id`,`class_name` FROM `department` ORDER BY `sort` DESC,`id` ASC LIMIT 0,12 [ RunTime:0.005573s ]
---------------------------------------------------------------
[2020-01-07T14:43:51+08:00] 115.199.180.236 POST pingshen.hbhb.vip/api/standard/standList
[运行时间：0.099214s] [吞吐率：10.08req/s] [内存消耗：3,942.07kb] [文件加载：92]
[ info ] [ LANG ] /www/wwwroot/pingshen/thinkphp/lang/zh-cn.php
[ info ] [ ROUTE ] array (
)
[ info ] [ HEADER ] array (
  'connection' => 'Keep-Alive',
  'host' => 'pingshen.hbhb.vip',
  'content-length' => '52',
  'user-agent' => 'Mozilla/5.0 (Linux; Android 7.0; EVA-TL00 Build/HUAWEIEVA-TL00; wv) AppleWebKit/537.36 (KHTML, like Gecko) Version/4.0 Chrome/62.0.3202.84 Mobile Safari/537.36 MicroMessenger/7.0.9.1560(0x27000933) Process/appbrand2 NetType/WIFI Language/zh_CN ABI/arm64',
  'content-type' => 'application/json',
  'referer' => 'https://servicewechat.com/wx700e406bf204d191/1/page-frame.html',
  'accept-encoding' => 'gzip',
  'charset' => 'utf-8',
)
[ info ] [ PARAM ] array (
  'token' => '250d997348ac731d8ab665fb98b500abed3682ff',
)
[ info ] [ DB ] INIT mysql
[ error ] [8]未定义数组索引: openid[/www/wwwroot/pingshen/application/api/controller/Base.php:33]
[ sql ] [ DB ] CONNECT:[ UseTime:0.008918s ] mysql:host=47.97.169.58;port=3306;dbname=pingshen;charset=utf8
[ sql ] [ SQL ] SHOW COLUMNS FROM `users` [ RunTime:0.007380s ]
[ sql ] [ SQL ] SELECT * FROM `users` WHERE  `id` = 1 LIMIT 1 [ RunTime:0.006132s ]
[ sql ] [ SQL ] SHOW COLUMNS FROM `weixin_user` [ RunTime:0.006790s ]
[ sql ] [ SQL ] SELECT * FROM `weixin_user` WHERE  `userid` = 1 ORDER BY `id` DESC LIMIT 1 [ RunTime:0.006044s ]
[ sql ] [ SQL ] SHOW COLUMNS FROM `standard` [ RunTime:0.006752s ]
[ sql ] [ SQL ] SELECT COUNT(*) AS tp_count FROM `standard` [ RunTime:0.005886s ]
[ sql ] [ SQL ] SELECT `stand_name`,`stand_text`,`mark` FROM `standard` LIMIT 0,12 [ RunTime:0.005921s ]
[ sql ] [ SQL ] SHOW COLUMNS FROM `achievement` [ RunTime:0.006693s ]
[ sql ] [ SQL ] SELECT `score_detail`,`total_score`,`c_id` FROM `achievement` WHERE  `uid` = 1  AND `status` = 1 [ RunTime:0.006038s ]
---------------------------------------------------------------
[2020-01-07T17:13:45+08:00] 185.128.26.21 GET pingshen.hbhb.vip/admin/
[运行时间：0.030080s] [吞吐率：33.24req/s] [内存消耗：2,122.80kb] [文件加载：71]
[ info ] [ LANG ] /www/wwwroot/pingshen/thinkphp/lang/zh-cn.php
[ info ] [ LANG ] /www/wwwroot/pingshen/application/admin//lang/zh-cn.php
[ info ] [ ROUTE ] array (
)
[ info ] [ HEADER ] array (
  'user-agent' => 'Mozilla/5.0 (X11; Ubuntu; Linux x86_64; rv:62.0) Gecko/20100101 Firefox/62.0',
  'host' => 'pingshen.hbhb.vip',
  'connection' => 'Keep-Alive, TE',
  'keep-alive' => '300',
  'te' => 'deflate,gzip;q=0.3',
  'content-type' => '',
  'content-length' => '',
)
[ info ] [ PARAM ] array (
)
---------------------------------------------------------------
[2020-01-07T17:13:47+08:00] 185.128.26.21 GET pingshen.hbhb.vip/shop/admin/
[运行时间：0.020516s] [吞吐率：48.74req/s] [内存消耗：2,116.99kb] [文件加载：69]
[ info ] [ LANG ] /www/wwwroot/pingshen/thinkphp/lang/zh-cn.php
[ info ] [ ROUTE ] array (
)
[ info ] [ HEADER ] array (
  'user-agent' => 'Mozilla/5.0 (X11; Ubuntu; Linux x86_64; rv:62.0) Gecko/20100101 Firefox/62.0',
  'host' => 'pingshen.hbhb.vip',
  'connection' => 'Keep-Alive, TE',
  'keep-alive' => '300',
  'te' => 'deflate,gzip;q=0.3',
  'content-type' => '',
  'content-length' => '',
)
[ info ] [ PARAM ] array (
)
---------------------------------------------------------------
[2020-01-07T17:13:49+08:00] 185.128.26.21 GET pingshen.hbhb.vip/store/admin/
[运行时间：0.020417s] [吞吐率：48.98req/s] [内存消耗：2,116.99kb] [文件加载：69]
[ info ] [ LANG ] /www/wwwroot/pingshen/thinkphp/lang/zh-cn.php
[ info ] [ ROUTE ] array (
)
[ info ] [ HEADER ] array (
  'user-agent' => 'Mozilla/5.0 (X11; Ubuntu; Linux x86_64; rv:62.0) Gecko/20100101 Firefox/62.0',
  'host' => 'pingshen.hbhb.vip',
  'connection' => 'Keep-Alive, TE',
  'keep-alive' => '300',
  'te' => 'deflate,gzip;q=0.3',
  'content-type' => '',
  'content-length' => '',
)
[ info ] [ PARAM ] array (
)
---------------------------------------------------------------
[2020-01-07T17:13:53+08:00] 185.128.26.21 GET pingshen.hbhb.vip/magento/admin/
[运行时间：0.021161s] [吞吐率：47.26req/s] [内存消耗：2,116.99kb] [文件加载：69]
[ info ] [ LANG ] /www/wwwroot/pingshen/thinkphp/lang/zh-cn.php
[ info ] [ ROUTE ] array (
)
[ info ] [ HEADER ] array (
  'user-agent' => 'Mozilla/5.0 (X11; Ubuntu; Linux x86_64; rv:62.0) Gecko/20100101 Firefox/62.0',
  'host' => 'pingshen.hbhb.vip',
  'connection' => 'Keep-Alive, TE',
  'keep-alive' => '300',
  'te' => 'deflate,gzip;q=0.3',
  'content-type' => '',
  'content-length' => '',
)
[ info ] [ PARAM ] array (
)
---------------------------------------------------------------
[2020-01-07T17:14:57+08:00] 185.128.26.21 GET pingshen.hbhb.vip/store/pub/errors/503.php
[运行时间：0.020038s] [吞吐率：49.91req/s] [内存消耗：2,116.98kb] [文件加载：69]
[ info ] [ LANG ] /www/wwwroot/pingshen/thinkphp/lang/zh-cn.php
[ info ] [ ROUTE ] array (
)
[ info ] [ HEADER ] array (
  'user-agent' => 'Mozilla/5.0 (X11; Ubuntu; Linux x86_64; rv:62.0) Gecko/20100101 Firefox/62.0',
  'host' => 'pingshen.hbhb.vip',
  'connection' => 'Keep-Alive, TE',
  'keep-alive' => '300',
  'te' => 'deflate,gzip;q=0.3',
  'content-type' => '',
  'content-length' => '',
)
[ info ] [ PARAM ] array (
)
---------------------------------------------------------------
[2020-01-07T17:14:59+08:00] 185.128.26.21 GET pingshen.hbhb.vip/magento/pub/errors/503.php
[运行时间：0.020278s] [吞吐率：49.31req/s] [内存消耗：2,116.98kb] [文件加载：69]
[ info ] [ LANG ] /www/wwwroot/pingshen/thinkphp/lang/zh-cn.php
[ info ] [ ROUTE ] array (
)
[ info ] [ HEADER ] array (
  'user-agent' => 'Mozilla/5.0 (X11; Ubuntu; Linux x86_64; rv:62.0) Gecko/20100101 Firefox/62.0',
  'host' => 'pingshen.hbhb.vip',
  'connection' => 'Keep-Alive, TE',
  'keep-alive' => '300',
  'te' => 'deflate,gzip;q=0.3',
  'content-type' => '',
  'content-length' => '',
)
[ info ] [ PARAM ] array (
)
---------------------------------------------------------------
[2020-01-07T17:15:00+08:00] 185.128.26.21 GET pingshen.hbhb.vip/magento2/pub/errors/503.php
[运行时间：0.020351s] [吞吐率：49.14req/s] [内存消耗：2,116.98kb] [文件加载：69]
[ info ] [ LANG ] /www/wwwroot/pingshen/thinkphp/lang/zh-cn.php
[ info ] [ ROUTE ] array (
)
[ info ] [ HEADER ] array (
  'user-agent' => 'Mozilla/5.0 (X11; Ubuntu; Linux x86_64; rv:62.0) Gecko/20100101 Firefox/62.0',
  'host' => 'pingshen.hbhb.vip',
  'connection' => 'Keep-Alive, TE',
  'keep-alive' => '300',
  'te' => 'deflate,gzip;q=0.3',
  'content-type' => '',
  'content-length' => '',
)
[ info ] [ PARAM ] array (
)
---------------------------------------------------------------
[2020-01-07T17:15:02+08:00] 185.128.26.21 GET pingshen.hbhb.vip/
[运行时间：0.020843s] [吞吐率：47.98req/s] [内存消耗：2,225.34kb] [文件加载：75]
[ info ] [ LANG ] /www/wwwroot/pingshen/thinkphp/lang/zh-cn.php
[ info ] [ LANG ] /www/wwwroot/pingshen/application/admin//lang/zh-cn.php
[ info ] [ ROUTE ] array (
)
[ info ] [ HEADER ] array (
  'user-agent' => 'Mozilla/5.0 (X11; Ubuntu; Linux x86_64; rv:62.0) Gecko/20100101 Firefox/62.0',
  'host' => 'pingshen.hbhb.vip',
  'connection' => 'Keep-Alive, TE',
  'keep-alive' => '300',
  'te' => 'deflate,gzip;q=0.3',
  'content-type' => '',
  'content-length' => '',
)
[ info ] [ PARAM ] array (
)
---------------------------------------------------------------
[2020-01-07T17:15:02+08:00] 185.128.26.21 GET pingshen.hbhb.vip/admin/login/index.html
[运行时间：0.023735s] [吞吐率：42.13req/s] [内存消耗：2,371.25kb] [文件加载：80]
[ info ] [ LANG ] /www/wwwroot/pingshen/thinkphp/lang/zh-cn.php
[ info ] [ LANG ] /www/wwwroot/pingshen/application/admin//lang/zh-cn.php
[ info ] [ ROUTE ] array (
)
[ info ] [ HEADER ] array (
  'cookie2' => '$Version="1"',
  'cookie' => 'PHPSESSID=ief4vs6noqril6uvj059rrmd09',
  'user-agent' => 'Mozilla/5.0 (X11; Ubuntu; Linux x86_64; rv:62.0) Gecko/20100101 Firefox/62.0',
  'host' => 'pingshen.hbhb.vip',
  'connection' => 'TE',
  'te' => 'deflate,gzip;q=0.3',
  'content-type' => '',
  'content-length' => '',
)
[ info ] [ PARAM ] array (
)
[ info ] [ VIEW ] /www/wwwroot/pingshen/application/admin/view/login/index.html [ array (
) ]
[ error ] [8]未定义变量: system[/www/wwwroot/pingshen/runtime/temp/b8b184884121afc82a66e9b20efb8822.php:37]
---------------------------------------------------------------
[2020-01-07T17:15:04+08:00] 185.128.26.21 GET pingshen.hbhb.vip/shop/
[运行时间：0.020814s] [吞吐率：48.04req/s] [内存消耗：2,116.96kb] [文件加载：69]
[ info ] [ LANG ] /www/wwwroot/pingshen/thinkphp/lang/zh-cn.php
[ info ] [ ROUTE ] array (
)
[ info ] [ HEADER ] array (
  'user-agent' => 'Mozilla/5.0 (X11; Ubuntu; Linux x86_64; rv:62.0) Gecko/20100101 Firefox/62.0',
  'host' => 'pingshen.hbhb.vip',
  'connection' => 'Keep-Alive, TE',
  'keep-alive' => '300',
  'te' => 'deflate,gzip;q=0.3',
  'content-type' => '',
  'content-length' => '',
)
[ info ] [ PARAM ] array (
)
---------------------------------------------------------------
[2020-01-07T17:15:06+08:00] 185.128.26.21 GET pingshen.hbhb.vip/store/
[运行时间：0.020323s] [吞吐率：49.21req/s] [内存消耗：2,116.96kb] [文件加载：69]
[ info ] [ LANG ] /www/wwwroot/pingshen/thinkphp/lang/zh-cn.php
[ info ] [ ROUTE ] array (
)
[ info ] [ HEADER ] array (
  'user-agent' => 'Mozilla/5.0 (X11; Ubuntu; Linux x86_64; rv:62.0) Gecko/20100101 Firefox/62.0',
  'host' => 'pingshen.hbhb.vip',
  'connection' => 'Keep-Alive, TE',
  'keep-alive' => '300',
  'te' => 'deflate,gzip;q=0.3',
  'content-type' => '',
  'content-length' => '',
)
[ info ] [ PARAM ] array (
)
---------------------------------------------------------------
[2020-01-07T17:15:08+08:00] 185.128.26.21 GET pingshen.hbhb.vip/magento/
[运行时间：0.020147s] [吞吐率：49.63req/s] [内存消耗：2,116.97kb] [文件加载：69]
[ info ] [ LANG ] /www/wwwroot/pingshen/thinkphp/lang/zh-cn.php
[ info ] [ ROUTE ] array (
)
[ info ] [ HEADER ] array (
  'user-agent' => 'Mozilla/5.0 (X11; Ubuntu; Linux x86_64; rv:62.0) Gecko/20100101 Firefox/62.0',
  'host' => 'pingshen.hbhb.vip',
  'connection' => 'Keep-Alive, TE',
  'keep-alive' => '300',
  'te' => 'deflate,gzip;q=0.3',
  'content-type' => '',
  'content-length' => '',
)
[ info ] [ PARAM ] array (
)
---------------------------------------------------------------
[2020-01-07T17:15:10+08:00] 185.128.26.21 GET pingshen.hbhb.vip/magento2/
[运行时间：0.019872s] [吞吐率：50.32req/s] [内存消耗：2,116.98kb] [文件加载：69]
[ info ] [ LANG ] /www/wwwroot/pingshen/thinkphp/lang/zh-cn.php
[ info ] [ ROUTE ] array (
)
[ info ] [ HEADER ] array (
  'user-agent' => 'Mozilla/5.0 (X11; Ubuntu; Linux x86_64; rv:62.0) Gecko/20100101 Firefox/62.0',
  'host' => 'pingshen.hbhb.vip',
  'connection' => 'Keep-Alive, TE',
  'keep-alive' => '300',
  'te' => 'deflate,gzip;q=0.3',
  'content-type' => '',
  'content-length' => '',
)
[ info ] [ PARAM ] array (
)
---------------------------------------------------------------
[2020-01-07T23:29:27+08:00] 115.192.142.139 POST pingshen.hbhb.vip/api/users/wxlogin
[运行时间：0.168507s] [吞吐率：5.93req/s] [内存消耗：3,849.59kb] [文件加载：92]
[ info ] [ LANG ] /www/wwwroot/pingshen/thinkphp/lang/zh-cn.php
[ info ] [ ROUTE ] array (
)
[ info ] [ HEADER ] array (
  'accept-encoding' => 'gzip, deflate, br',
  'referer' => 'https://servicewechat.com/wx700e406bf204d191/devtools/page-frame.html',
  'accept' => '*/*',
  'content-type' => 'application/json',
  'user-agent' => 'Mozilla/5.0 (iPhone; CPU iPhone OS 11_0 like Mac OS X) AppleWebKit/604.1.38 (KHTML, like Gecko) Version/11.0 Mobile/15A372 Safari/604.1 wechatdevtools/1.02.1911180 MicroMessenger/7.0.4 Language/zh_CN webview/',
  'sec-fetch-dest' => 'empty',
  'sec-fetch-site' => 'cross-site',
  'sec-fetch-user' => '?F',
  'origin' => 'http://127.0.0.1:56212',
  'cache-control' => 'no-cache',
  'pragma' => 'no-cache',
  'content-length' => '43',
  'connection' => 'keep-alive',
  'host' => 'pingshen.hbhb.vip',
)
[ info ] [ PARAM ] array (
  'code' => '071ummFf1lEW1u0znDDf19hdFf1ummFm',
)
[ info ] [ DB ] INIT mysql
[ error ] [8]未定义数组索引: openid[/www/wwwroot/pingshen/application/api/controller/Base.php:33]
[ error ] [8]未定义数组索引: errcode[/www/wwwroot/pingshen/application/api/controller/Users.php:28]
[ error ] [8]未定义数组索引: errcode[/www/wwwroot/pingshen/application/api/controller/Users.php:28]
[ error ] [8192]Non-static method app\api\model\Token::create_unique() should not be called statically[/www/wwwroot/pingshen/application/api/model/Token.php:37]
[ sql ] [ DB ] CONNECT:[ UseTime:0.009564s ] mysql:host=47.97.169.58;port=3306;dbname=pingshen;charset=utf8
[ sql ] [ SQL ] SHOW COLUMNS FROM `weixin_user` [ RunTime:0.007816s ]
[ sql ] [ SQL ] SELECT * FROM `weixin_user` WHERE  `openid` = 'oqBTY5dyEZni6i92XjVVx6Syfj_k' LIMIT 1 [ RunTime:0.006381s ]
[ sql ] [ SQL ] SHOW COLUMNS FROM `users` [ RunTime:0.007318s ]
[ sql ] [ SQL ] SELECT * FROM `users` WHERE  `id` = 1 LIMIT 1 [ RunTime:0.006398s ]
---------------------------------------------------------------
[2020-01-07T23:29:27+08:00] 115.192.142.139 POST pingshen.hbhb.vip/api/department/departList
[运行时间：0.056514s] [吞吐率：17.69req/s] [内存消耗：3,414.35kb] [文件加载：83]
[ info ] [ LANG ] /www/wwwroot/pingshen/thinkphp/lang/zh-cn.php
[ info ] [ ROUTE ] array (
)
[ info ] [ HEADER ] array (
  'accept-encoding' => 'gzip, deflate, br',
  'referer' => 'https://servicewechat.com/wx700e406bf204d191/devtools/page-frame.html',
  'accept' => '*/*',
  'content-type' => 'application/json',
  'user-agent' => 'Mozilla/5.0 (iPhone; CPU iPhone OS 11_0 like Mac OS X) AppleWebKit/604.1.38 (KHTML, like Gecko) Version/11.0 Mobile/15A372 Safari/604.1 wechatdevtools/1.02.1911180 MicroMessenger/7.0.4 Language/zh_CN webview/',
  'sec-fetch-dest' => 'empty',
  'sec-fetch-site' => 'cross-site',
  'sec-fetch-user' => '?F',
  'origin' => 'http://127.0.0.1:56212',
  'cache-control' => 'no-cache',
  'pragma' => 'no-cache',
  'content-length' => '52',
  'connection' => 'keep-alive',
  'host' => 'pingshen.hbhb.vip',
)
[ info ] [ PARAM ] array (
  'token' => '0ae0abb265125a860a9fb6a78a38303bdd86eb61',
)
[ info ] [ DB ] INIT mysql
[ error ] [8]未定义数组索引: openid[/www/wwwroot/pingshen/application/api/controller/Base.php:33]
[ sql ] [ DB ] CONNECT:[ UseTime:0.009080s ] mysql:host=47.97.169.58;port=3306;dbname=pingshen;charset=utf8
[ sql ] [ SQL ] SHOW COLUMNS FROM `department` [ RunTime:0.007170s ]
[ sql ] [ SQL ] SELECT COUNT(*) AS tp_count FROM `department` ORDER BY `sort` DESC,`id` ASC [ RunTime:0.006004s ]
[ sql ] [ SQL ] SELECT `id`,`class_name` FROM `department` ORDER BY `sort` DESC,`id` ASC LIMIT 0,12 [ RunTime:0.006038s ]
---------------------------------------------------------------
[2020-01-07T23:29:28+08:00] 115.192.142.139 POST pingshen.hbhb.vip/api/standard/standList
[运行时间：0.098964s] [吞吐率：10.10req/s] [内存消耗：3,942.98kb] [文件加载：92]
[ info ] [ LANG ] /www/wwwroot/pingshen/thinkphp/lang/zh-cn.php
[ info ] [ ROUTE ] array (
)
[ info ] [ HEADER ] array (
  'accept-encoding' => 'gzip, deflate, br',
  'referer' => 'https://servicewechat.com/wx700e406bf204d191/devtools/page-frame.html',
  'accept' => '*/*',
  'content-type' => 'application/json',
  'user-agent' => 'Mozilla/5.0 (iPhone; CPU iPhone OS 11_0 like Mac OS X) AppleWebKit/604.1.38 (KHTML, like Gecko) Version/11.0 Mobile/15A372 Safari/604.1 wechatdevtools/1.02.1911180 MicroMessenger/7.0.4 Language/zh_CN webview/',
  'sec-fetch-dest' => 'empty',
  'sec-fetch-site' => 'cross-site',
  'sec-fetch-user' => '?F',
  'origin' => 'http://127.0.0.1:56212',
  'cache-control' => 'no-cache',
  'pragma' => 'no-cache',
  'content-length' => '52',
  'connection' => 'keep-alive',
  'host' => 'pingshen.hbhb.vip',
)
[ info ] [ PARAM ] array (
  'token' => '0ae0abb265125a860a9fb6a78a38303bdd86eb61',
)
[ info ] [ DB ] INIT mysql
[ error ] [8]未定义数组索引: openid[/www/wwwroot/pingshen/application/api/controller/Base.php:33]
[ sql ] [ DB ] CONNECT:[ UseTime:0.008871s ] mysql:host=47.97.169.58;port=3306;dbname=pingshen;charset=utf8
[ sql ] [ SQL ] SHOW COLUMNS FROM `users` [ RunTime:0.007295s ]
[ sql ] [ SQL ] SELECT * FROM `users` WHERE  `id` = 1 LIMIT 1 [ RunTime:0.006059s ]
[ sql ] [ SQL ] SHOW COLUMNS FROM `weixin_user` [ RunTime:0.006742s ]
[ sql ] [ SQL ] SELECT * FROM `weixin_user` WHERE  `userid` = 1 ORDER BY `id` DESC LIMIT 1 [ RunTime:0.005942s ]
[ sql ] [ SQL ] SHOW COLUMNS FROM `standard` [ RunTime:0.006706s ]
[ sql ] [ SQL ] SELECT COUNT(*) AS tp_count FROM `standard` [ RunTime:0.005804s ]
[ sql ] [ SQL ] SELECT `stand_name`,`stand_text`,`mark` FROM `standard` LIMIT 0,12 [ RunTime:0.005849s ]
[ sql ] [ SQL ] SHOW COLUMNS FROM `achievement` [ RunTime:0.006652s ]
[ sql ] [ SQL ] SELECT `score_detail`,`total_score`,`c_id` FROM `achievement` WHERE  `uid` = 1  AND `status` = 1 [ RunTime:0.005962s ]
---------------------------------------------------------------
[2020-01-07T23:36:22+08:00] 115.192.142.139 POST pingshen.hbhb.vip/api/users/wxlogin
[运行时间：0.168666s] [吞吐率：5.93req/s] [内存消耗：3,849.59kb] [文件加载：92]
[ info ] [ LANG ] /www/wwwroot/pingshen/thinkphp/lang/zh-cn.php
[ info ] [ ROUTE ] array (
)
[ info ] [ HEADER ] array (
  'accept-encoding' => 'gzip, deflate, br',
  'referer' => 'https://servicewechat.com/wx700e406bf204d191/devtools/page-frame.html',
  'accept' => '*/*',
  'content-type' => 'application/json',
  'user-agent' => 'Mozilla/5.0 (iPhone; CPU iPhone OS 11_0 like Mac OS X) AppleWebKit/604.1.38 (KHTML, like Gecko) Version/11.0 Mobile/15A372 Safari/604.1 wechatdevtools/1.02.1911180 MicroMessenger/7.0.4 Language/zh_CN webview/',
  'sec-fetch-dest' => 'empty',
  'sec-fetch-site' => 'cross-site',
  'sec-fetch-user' => '?F',
  'origin' => 'http://127.0.0.1:56419',
  'cache-control' => 'no-cache',
  'pragma' => 'no-cache',
  'content-length' => '43',
  'connection' => 'keep-alive',
  'host' => 'pingshen.hbhb.vip',
)
[ info ] [ PARAM ] array (
  'code' => '011urN821KoFhS1u9b921EB9921urN8Y',
)
[ info ] [ DB ] INIT mysql
[ error ] [8]未定义数组索引: openid[/www/wwwroot/pingshen/application/api/controller/Base.php:33]
[ error ] [8]未定义数组索引: errcode[/www/wwwroot/pingshen/application/api/controller/Users.php:28]
[ error ] [8]未定义数组索引: errcode[/www/wwwroot/pingshen/application/api/controller/Users.php:28]
[ error ] [8192]Non-static method app\api\model\Token::create_unique() should not be called statically[/www/wwwroot/pingshen/application/api/model/Token.php:37]
[ sql ] [ DB ] CONNECT:[ UseTime:0.008933s ] mysql:host=47.97.169.58;port=3306;dbname=pingshen;charset=utf8
[ sql ] [ SQL ] SHOW COLUMNS FROM `weixin_user` [ RunTime:0.007241s ]
[ sql ] [ SQL ] SELECT * FROM `weixin_user` WHERE  `openid` = 'oqBTY5dyEZni6i92XjVVx6Syfj_k' LIMIT 1 [ RunTime:0.005999s ]
[ sql ] [ SQL ] SHOW COLUMNS FROM `users` [ RunTime:0.007051s ]
[ sql ] [ SQL ] SELECT * FROM `users` WHERE  `id` = 1 LIMIT 1 [ RunTime:0.006016s ]
---------------------------------------------------------------
[2020-01-07T23:36:22+08:00] 115.192.142.139 POST pingshen.hbhb.vip/api/department/departList
[运行时间：0.057599s] [吞吐率：17.36req/s] [内存消耗：3,414.35kb] [文件加载：83]
[ info ] [ LANG ] /www/wwwroot/pingshen/thinkphp/lang/zh-cn.php
[ info ] [ ROUTE ] array (
)
[ info ] [ HEADER ] array (
  'accept-encoding' => 'gzip, deflate, br',
  'referer' => 'https://servicewechat.com/wx700e406bf204d191/devtools/page-frame.html',
  'accept' => '*/*',
  'content-type' => 'application/json',
  'user-agent' => 'Mozilla/5.0 (iPhone; CPU iPhone OS 11_0 like Mac OS X) AppleWebKit/604.1.38 (KHTML, like Gecko) Version/11.0 Mobile/15A372 Safari/604.1 wechatdevtools/1.02.1911180 MicroMessenger/7.0.4 Language/zh_CN webview/',
  'sec-fetch-dest' => 'empty',
  'sec-fetch-site' => 'cross-site',
  'sec-fetch-user' => '?F',
  'origin' => 'http://127.0.0.1:56419',
  'cache-control' => 'no-cache',
  'pragma' => 'no-cache',
  'content-length' => '52',
  'connection' => 'keep-alive',
  'host' => 'pingshen.hbhb.vip',
)
[ info ] [ PARAM ] array (
  'token' => '784393661007b6dbef860f726fd2a9d12058125a',
)
[ info ] [ DB ] INIT mysql
[ error ] [8]未定义数组索引: openid[/www/wwwroot/pingshen/application/api/controller/Base.php:33]
[ sql ] [ DB ] CONNECT:[ UseTime:0.009166s ] mysql:host=47.97.169.58;port=3306;dbname=pingshen;charset=utf8
[ sql ] [ SQL ] SHOW COLUMNS FROM `department` [ RunTime:0.007261s ]
[ sql ] [ SQL ] SELECT COUNT(*) AS tp_count FROM `department` ORDER BY `sort` DESC,`id` ASC [ RunTime:0.006083s ]
[ sql ] [ SQL ] SELECT `id`,`class_name` FROM `department` ORDER BY `sort` DESC,`id` ASC LIMIT 0,12 [ RunTime:0.006090s ]
---------------------------------------------------------------
[2020-01-07T23:36:22+08:00] 115.192.142.139 POST pingshen.hbhb.vip/api/standard/standList
[运行时间：0.102756s] [吞吐率：9.73req/s] [内存消耗：3,942.98kb] [文件加载：92]
[ info ] [ LANG ] /www/wwwroot/pingshen/thinkphp/lang/zh-cn.php
[ info ] [ ROUTE ] array (
)
[ info ] [ HEADER ] array (
  'accept-encoding' => 'gzip, deflate, br',
  'referer' => 'https://servicewechat.com/wx700e406bf204d191/devtools/page-frame.html',
  'accept' => '*/*',
  'content-type' => 'application/json',
  'user-agent' => 'Mozilla/5.0 (iPhone; CPU iPhone OS 11_0 like Mac OS X) AppleWebKit/604.1.38 (KHTML, like Gecko) Version/11.0 Mobile/15A372 Safari/604.1 wechatdevtools/1.02.1911180 MicroMessenger/7.0.4 Language/zh_CN webview/',
  'sec-fetch-dest' => 'empty',
  'sec-fetch-site' => 'cross-site',
  'sec-fetch-user' => '?F',
  'origin' => 'http://127.0.0.1:56419',
  'cache-control' => 'no-cache',
  'pragma' => 'no-cache',
  'content-length' => '52',
  'connection' => 'keep-alive',
  'host' => 'pingshen.hbhb.vip',
)
[ info ] [ PARAM ] array (
  'token' => '784393661007b6dbef860f726fd2a9d12058125a',
)
[ info ] [ DB ] INIT mysql
[ error ] [8]未定义数组索引: openid[/www/wwwroot/pingshen/application/api/controller/Base.php:33]
[ sql ] [ DB ] CONNECT:[ UseTime:0.009393s ] mysql:host=47.97.169.58;port=3306;dbname=pingshen;charset=utf8
[ sql ] [ SQL ] SHOW COLUMNS FROM `users` [ RunTime:0.007709s ]
[ sql ] [ SQL ] SELECT * FROM `users` WHERE  `id` = 1 LIMIT 1 [ RunTime:0.006342s ]
[ sql ] [ SQL ] SHOW COLUMNS FROM `weixin_user` [ RunTime:0.007020s ]
[ sql ] [ SQL ] SELECT * FROM `weixin_user` WHERE  `userid` = 1 ORDER BY `id` DESC LIMIT 1 [ RunTime:0.006207s ]
[ sql ] [ SQL ] SHOW COLUMNS FROM `standard` [ RunTime:0.006990s ]
[ sql ] [ SQL ] SELECT COUNT(*) AS tp_count FROM `standard` [ RunTime:0.006085s ]
[ sql ] [ SQL ] SELECT `stand_name`,`stand_text`,`mark` FROM `standard` LIMIT 0,12 [ RunTime:0.006118s ]
[ sql ] [ SQL ] SHOW COLUMNS FROM `achievement` [ RunTime:0.006981s ]
[ sql ] [ SQL ] SELECT `score_detail`,`total_score`,`c_id` FROM `achievement` WHERE  `uid` = 1  AND `status` = 1 [ RunTime:0.006203s ]
