---------------------------------------------------------------
[2020-01-10T13:07:05+08:00] 122.233.109.95 POST pingshen.hbhb.vip/api/users/wxlogin
[运行时间：0.308946s] [吞吐率：3.24req/s] [内存消耗：3,848.82kb] [文件加载：92]
[ info ] [ LANG ] /www/wwwroot/pingshen/thinkphp/lang/zh-cn.php
[ info ] [ ROUTE ] array (
)
[ info ] [ HEADER ] array (
  'referer' => 'https://servicewechat.com/wx700e406bf204d191/0/page-frame.html',
  'accept-encoding' => 'gzip',
  'content-type' => 'application/json',
  'user-agent' => 'Mozilla/5.0 (Linux; Android 9; V1924A Build/PKQ1.190714.001; wv) AppleWebKit/537.36 (KHTML, like Gecko) Version/4.0 Chrome/68.0.3440.91 Mobile Safari/537.36 MicroMessenger/7.0.10.1580(0x27000A56) Process/appbrand0 NetType/WIFI Language/zh_CN ABI/arm64',
  'charset' => 'utf-8',
  'content-length' => '43',
  'connection' => 'keep-alive',
  'host' => 'pingshen.hbhb.vip',
)
[ info ] [ PARAM ] array (
  'code' => '061rX2Z206nfhH1xX8Z20CPZY20rX2ZI',
)
[ info ] [ DB ] INIT mysql
[ error ] [8]未定义数组索引: openid[/www/wwwroot/pingshen/application/api/controller/Base.php:33]
[ error ] [8]未定义数组索引: errcode[/www/wwwroot/pingshen/application/api/controller/Users.php:28]
[ error ] [8]未定义数组索引: errcode[/www/wwwroot/pingshen/application/api/controller/Users.php:28]
[ error ] [8192]Non-static method app\api\model\Token::create_unique() should not be called statically[/www/wwwroot/pingshen/application/api/model/Token.php:37]
[ sql ] [ DB ] CONNECT:[ UseTime:0.009287s ] mysql:host=47.97.169.58;port=3306;dbname=pingshen;charset=utf8
[ sql ] [ SQL ] SHOW COLUMNS FROM `weixin_user` [ RunTime:0.007407s ]
[ sql ] [ SQL ] SELECT * FROM `weixin_user` WHERE  `openid` = 'oqBTY5QIpyq3kwhj8S1_QH0O4kTY' LIMIT 1 [ RunTime:0.006219s ]
[ sql ] [ SQL ] SHOW COLUMNS FROM `users` [ RunTime:0.007263s ]
[ sql ] [ SQL ] SELECT * FROM `users` WHERE  `id` = 10 LIMIT 1 [ RunTime:0.006221s ]
---------------------------------------------------------------
[2020-01-10T13:07:05+08:00] 122.233.109.95 POST pingshen.hbhb.vip/api/department/departList
[运行时间：0.056419s] [吞吐率：17.72req/s] [内存消耗：3,413.45kb] [文件加载：83]
[ info ] [ LANG ] /www/wwwroot/pingshen/thinkphp/lang/zh-cn.php
[ info ] [ ROUTE ] array (
)
[ info ] [ HEADER ] array (
  'referer' => 'https://servicewechat.com/wx700e406bf204d191/0/page-frame.html',
  'accept-encoding' => 'gzip',
  'content-type' => 'application/json',
  'user-agent' => 'Mozilla/5.0 (Linux; Android 9; V1924A Build/PKQ1.190714.001; wv) AppleWebKit/537.36 (KHTML, like Gecko) Version/4.0 Chrome/68.0.3440.91 Mobile Safari/537.36 MicroMessenger/7.0.10.1580(0x27000A56) Process/appbrand0 NetType/WIFI Language/zh_CN ABI/arm64',
  'charset' => 'utf-8',
  'content-length' => '52',
  'connection' => 'keep-alive',
  'host' => 'pingshen.hbhb.vip',
)
[ info ] [ PARAM ] array (
  'token' => 'cc044d7e032002ff367cb1961622c631d0c119d4',
)
[ info ] [ DB ] INIT mysql
[ error ] [8]未定义数组索引: openid[/www/wwwroot/pingshen/application/api/controller/Base.php:33]
[ sql ] [ DB ] CONNECT:[ UseTime:0.008715s ] mysql:host=47.97.169.58;port=3306;dbname=pingshen;charset=utf8
[ sql ] [ SQL ] SHOW COLUMNS FROM `department` [ RunTime:0.007028s ]
[ sql ] [ SQL ] SELECT COUNT(*) AS tp_count FROM `department` ORDER BY `sort` DESC,`id` ASC [ RunTime:0.005779s ]
[ sql ] [ SQL ] SELECT `id`,`class_name` FROM `department` ORDER BY `sort` DESC,`id` ASC LIMIT 0,12 [ RunTime:0.005761s ]
---------------------------------------------------------------
[2020-01-10T13:07:05+08:00] 122.233.109.95 POST pingshen.hbhb.vip/api/standard/standList
[运行时间：0.102428s] [吞吐率：9.76req/s] [内存消耗：3,847.45kb] [文件加载：92]
[ info ] [ LANG ] /www/wwwroot/pingshen/thinkphp/lang/zh-cn.php
[ info ] [ ROUTE ] array (
)
[ info ] [ HEADER ] array (
  'referer' => 'https://servicewechat.com/wx700e406bf204d191/0/page-frame.html',
  'accept-encoding' => 'gzip',
  'content-type' => 'application/json',
  'user-agent' => 'Mozilla/5.0 (Linux; Android 9; V1924A Build/PKQ1.190714.001; wv) AppleWebKit/537.36 (KHTML, like Gecko) Version/4.0 Chrome/68.0.3440.91 Mobile Safari/537.36 MicroMessenger/7.0.10.1580(0x27000A56) Process/appbrand0 NetType/WIFI Language/zh_CN ABI/arm64',
  'charset' => 'utf-8',
  'content-length' => '52',
  'connection' => 'keep-alive',
  'host' => 'pingshen.hbhb.vip',
)
[ info ] [ PARAM ] array (
  'token' => 'cc044d7e032002ff367cb1961622c631d0c119d4',
)
[ info ] [ DB ] INIT mysql
[ error ] [8]未定义数组索引: openid[/www/wwwroot/pingshen/application/api/controller/Base.php:33]
[ sql ] [ DB ] CONNECT:[ UseTime:0.009470s ] mysql:host=47.97.169.58;port=3306;dbname=pingshen;charset=utf8
[ sql ] [ SQL ] SHOW COLUMNS FROM `users` [ RunTime:0.007888s ]
[ sql ] [ SQL ] SELECT * FROM `users` WHERE  `id` = 10 LIMIT 1 [ RunTime:0.006475s ]
[ sql ] [ SQL ] SHOW COLUMNS FROM `weixin_user` [ RunTime:0.007204s ]
[ sql ] [ SQL ] SELECT * FROM `weixin_user` WHERE  `userid` = 10 ORDER BY `id` DESC LIMIT 1 [ RunTime:0.006307s ]
[ sql ] [ SQL ] SHOW COLUMNS FROM `standard` [ RunTime:0.007025s ]
[ sql ] [ SQL ] SELECT COUNT(*) AS tp_count FROM `standard` [ RunTime:0.006206s ]
[ sql ] [ SQL ] SELECT `stand_name`,`stand_text`,`mark` FROM `standard` LIMIT 0,12 [ RunTime:0.006218s ]
[ sql ] [ SQL ] SHOW COLUMNS FROM `achievement` [ RunTime:0.007018s ]
[ sql ] [ SQL ] SELECT `score_detail`,`total_score`,`c_id` FROM `achievement` WHERE  `uid` = 10  AND `status` = 1 [ RunTime:0.006292s ]
