---------------------------------------------------------------
[2020-01-13T03:57:59+08:00] 122.51.244.179 POST pingshen.hbhb.vip/api/users/wxlogin
[运行时间：0.286341s] [吞吐率：3.49req/s] [内存消耗：3,775.78kb] [文件加载：90]
[ info ] [ LANG ] /www/wwwroot/pingshen/thinkphp/lang/zh-cn.php
[ info ] [ ROUTE ] array (
)
[ info ] [ HEADER ] array (
  'x-wx-cascade-timeout' => '10000',
  'content-type' => 'application/json',
  'user-agent' => 'Mozilla/5.0 (iPhone; CPU iPhone OS 11_0 like Mac OS X) AppleWebKit/604.1.38 (KHTML, like Gecko) Version/11.0 Mobile/15A372 Safari/604.1 MicroMessenger/6.5 mpcrawler',
  'referer' => 'https://servicewechat.com/wx700e406bf204d191/1/page-frame.html',
  'pragma' => 'no-cache',
  'host' => 'pingshen.hbhb.vip',
  'content-length' => '43',
  'connection' => 'keep-alive',
  'cache-control' => 'no-cache',
  'accept-encoding' => 'gzip, deflate',
  'accept' => '*/*',
)
[ info ] [ PARAM ] array (
  'code' => '0216kdPw0q7I0e1sbvNw0VoiPw06kdPf',
)
[ info ] [ DB ] INIT mysql
[ error ] [8]未定义数组索引: openid[/www/wwwroot/pingshen/application/api/controller/Base.php:33]
[ error ] [8]未定义数组索引: errcode[/www/wwwroot/pingshen/application/api/controller/Users.php:28]
[ error ] [8]未定义数组索引: errcode[/www/wwwroot/pingshen/application/api/controller/Users.php:28]
[ sql ] [ DB ] CONNECT:[ UseTime:0.009533s ] mysql:host=47.97.169.58;port=3306;dbname=pingshen;charset=utf8
[ sql ] [ SQL ] SHOW COLUMNS FROM `weixin_user` [ RunTime:0.007646s ]
[ sql ] [ SQL ] SELECT * FROM `weixin_user` WHERE  `openid` = 'oqBTY5UXwJVmKHRjE8C1LtMNF7x8' LIMIT 1 [ RunTime:0.006426s ]
---------------------------------------------------------------
[2020-01-13T03:57:59+08:00] 223.166.222.101 POST pingshen.hbhb.vip/api/users/reg
[运行时间：0.132847s] [吞吐率：7.53req/s] [内存消耗：3,555.64kb] [文件加载：94]
[ info ] [ LANG ] /www/wwwroot/pingshen/thinkphp/lang/zh-cn.php
[ info ] [ ROUTE ] array (
)
[ info ] [ HEADER ] array (
  'x-wx-cascade-timeout' => '10000',
  'content-type' => 'application/json',
  'user-agent' => 'Mozilla/5.0 (iPhone; CPU iPhone OS 11_0 like Mac OS X) AppleWebKit/604.1.38 (KHTML, like Gecko) Version/11.0 Mobile/15A372 Safari/604.1 MicroMessenger/6.5 mpcrawler',
  'referer' => 'https://servicewechat.com/wx700e406bf204d191/1/page-frame.html',
  'pragma' => 'no-cache',
  'host' => 'pingshen.hbhb.vip',
  'content-length' => '221',
  'connection' => 'keep-alive',
  'cache-control' => 'no-cache',
  'accept-encoding' => 'gzip, deflate',
  'accept' => '*/*',
)
[ info ] [ PARAM ] array (
  'nickName' => '刘宛君',
  'gender' => '0',
  'language' => 'zh_CN',
  'city' => '',
  'province' => '',
  'country' => '',
  'avatarUrl' => 'https://wx.qlogo.cn/mmhead/auJMRlQQ2JzNQjvMvzGoaVriaLyeeTs5OKqNpsbEdLt4/132',
  'openid' => 'oqBTY5UXwJVmKHRjE8C1LtMNF7x8',
)
[ info ] [ DB ] INIT mysql
[ error ] [8]未定义数组索引: nickname[/www/wwwroot/pingshen/application/api/controller/Users.php:49]
[ error ] [8]未定义数组索引: avatarurl[/www/wwwroot/pingshen/application/api/controller/Users.php:50]
[ error ] [8]未定义数组索引: u[/www/wwwroot/pingshen/application/api/controller/Users.php:72]
[ error ] [8192]Non-static method app\api\model\Token::create_unique() should not be called statically[/www/wwwroot/pingshen/application/api/model/Token.php:37]
[ sql ] [ DB ] CONNECT:[ UseTime:0.008864s ] mysql:host=47.97.169.58;port=3306;dbname=pingshen;charset=utf8
[ sql ] [ SQL ] SHOW COLUMNS FROM `weixin_user` [ RunTime:0.007185s ]
[ sql ] [ SQL ] SELECT * FROM `weixin_user` WHERE  `openid` = 'oqBTY5UXwJVmKHRjE8C1LtMNF7x8' LIMIT 1 [ RunTime:0.006100s ]
[ sql ] [ SQL ] INSERT INTO `weixin_user` (`gender` , `language` , `city` , `province` , `country` , `openid` , `nickname` , `avatarurl`) VALUES ('0' , 'zh_CN' , '' , '' , '' , 'oqBTY5UXwJVmKHRjE8C1LtMNF7x8' , '刘宛君' , 'https://wx.qlogo.cn/mmhead/auJMRlQQ2JzNQjvMvzGoaVriaLyeeTs5OKqNpsbEdLt4/132') [ RunTime:0.005986s ]
[ sql ] [ SQL ] SELECT * FROM `weixin_user` WHERE  `openid` = 'oqBTY5UXwJVmKHRjE8C1LtMNF7x8' LIMIT 1 [ RunTime:0.005987s ]
[ sql ] [ SQL ] SHOW COLUMNS FROM `users` [ RunTime:0.007104s ]
[ sql ] [ SQL ] SELECT * FROM `users` WHERE  `openid` = 'oqBTY5UXwJVmKHRjE8C1LtMNF7x8' ORDER BY `id` DESC LIMIT 1 [ RunTime:0.006100s ]
[ sql ] [ SQL ] INSERT INTO `users` (`city` , `province` , `country` , `openid` , `nickname` , `headimg` , `sex` , `parent_id`) VALUES ('' , '' , '' , 'oqBTY5UXwJVmKHRjE8C1LtMNF7x8' , '刘宛君' , 'https://wx.qlogo.cn/mmhead/auJMRlQQ2JzNQjvMvzGoaVriaLyeeTs5OKqNpsbEdLt4/132' , 0 , 0) [ RunTime:0.005922s ]
[ sql ] [ SQL ] UPDATE `weixin_user`  SET `userid` = 14  WHERE  `openid` = 'oqBTY5UXwJVmKHRjE8C1LtMNF7x8' [ RunTime:0.005986s ]
[ sql ] [ SQL ] UPDATE `users`  SET `sex` = 0 , `country` = '' , `province` = '' , `city` = ''  WHERE  `id` = 14 [ RunTime:0.005942s ]
[ sql ] [ SQL ] SELECT * FROM `users` WHERE  `id` = 14 LIMIT 1 [ RunTime:0.006035s ]
---------------------------------------------------------------
[2020-01-13T05:43:10+08:00] 47.101.151.86 GET pingshen.hbhb.vip/
[运行时间：0.021740s] [吞吐率：46.00req/s] [内存消耗：2,225.12kb] [文件加载：75]
[ info ] [ LANG ] /www/wwwroot/pingshen/thinkphp/lang/zh-cn.php
[ info ] [ LANG ] /www/wwwroot/pingshen/application/admin//lang/zh-cn.php
[ info ] [ ROUTE ] array (
)
[ info ] [ HEADER ] array (
  'accept-encoding' => 'gzip',
  'connection' => 'Keep-Alive',
  'host' => 'pingshen.hbhb.vip',
  'user-agent' => 'Mozilla/5.0 (X11; Ubuntu; Linux x86_64; rv:36.0) Gecko/20100101 Firefox/36.0',
  'content-type' => '',
  'content-length' => '',
)
[ info ] [ PARAM ] array (
)
---------------------------------------------------------------
[2020-01-13T05:43:10+08:00] 47.101.151.86 GET pingshen.hbhb.vip/admin/login/index.html
[运行时间：0.021774s] [吞吐率：45.93req/s] [内存消耗：2,210.23kb] [文件加载：77]
[ info ] [ LANG ] /www/wwwroot/pingshen/thinkphp/lang/zh-cn.php
[ info ] [ LANG ] /www/wwwroot/pingshen/application/admin//lang/zh-cn.php
[ info ] [ ROUTE ] array (
)
[ info ] [ HEADER ] array (
  'accept-encoding' => 'gzip',
  'connection' => 'Keep-Alive',
  'host' => 'pingshen.hbhb.vip',
  'user-agent' => 'Mozilla/5.0 (X11; Ubuntu; Linux x86_64; rv:36.0) Gecko/20100101 Firefox/36.0',
  'content-type' => '',
  'content-length' => '',
)
[ info ] [ PARAM ] array (
)
[ info ] [ VIEW ] /www/wwwroot/pingshen/application/admin/view/login/index.html [ array (
) ]
[ error ] [8]未定义变量: system[/www/wwwroot/pingshen/runtime/temp/b8b184884121afc82a66e9b20efb8822.php:37]
---------------------------------------------------------------
[2020-01-13T05:43:11+08:00] 47.101.151.86 GET pingshen.hbhb.vip/admin/index/index.html
[运行时间：0.020952s] [吞吐率：47.73req/s] [内存消耗：2,225.32kb] [文件加载：75]
[ info ] [ LANG ] /www/wwwroot/pingshen/thinkphp/lang/zh-cn.php
[ info ] [ LANG ] /www/wwwroot/pingshen/application/admin//lang/zh-cn.php
[ info ] [ ROUTE ] array (
)
[ info ] [ HEADER ] array (
  'accept-encoding' => 'gzip',
  'connection' => 'Keep-Alive',
  'host' => 'pingshen.hbhb.vip',
  'user-agent' => 'Mozilla/5.0 (X11; Ubuntu; Linux x86_64; rv:36.0) Gecko/20100101 Firefox/36.0',
  'content-type' => '',
  'content-length' => '',
)
[ info ] [ PARAM ] array (
)
---------------------------------------------------------------
[2020-01-13T05:43:12+08:00] 47.101.151.86 GET pingshen.hbhb.vip/admin/login/index.html
[运行时间：0.020949s] [吞吐率：47.74req/s] [内存消耗：2,210.23kb] [文件加载：77]
[ info ] [ LANG ] /www/wwwroot/pingshen/thinkphp/lang/zh-cn.php
[ info ] [ LANG ] /www/wwwroot/pingshen/application/admin//lang/zh-cn.php
[ info ] [ ROUTE ] array (
)
[ info ] [ HEADER ] array (
  'accept-encoding' => 'gzip',
  'connection' => 'Keep-Alive',
  'host' => 'pingshen.hbhb.vip',
  'user-agent' => 'Mozilla/5.0 (X11; Ubuntu; Linux x86_64; rv:36.0) Gecko/20100101 Firefox/36.0',
  'content-type' => '',
  'content-length' => '',
)
[ info ] [ PARAM ] array (
)
[ info ] [ VIEW ] /www/wwwroot/pingshen/application/admin/view/login/index.html [ array (
) ]
[ error ] [8]未定义变量: system[/www/wwwroot/pingshen/runtime/temp/b8b184884121afc82a66e9b20efb8822.php:37]
---------------------------------------------------------------
[2020-01-13T21:47:52+08:00] 122.233.108.32 POST pingshen.hbhb.vip/api/users/wxlogin
[运行时间：0.400932s] [吞吐率：2.49req/s] [内存消耗：3,848.55kb] [文件加载：92]
[ info ] [ LANG ] /www/wwwroot/pingshen/thinkphp/lang/zh-cn.php
[ info ] [ ROUTE ] array (
)
[ info ] [ HEADER ] array (
  'accept-encoding' => 'gzip, deflate, br',
  'referer' => 'https://servicewechat.com/wx700e406bf204d191/1/page-frame.html',
  'user-agent' => 'Mozilla/5.0 (iPhone; CPU iPhone OS 13_3 like Mac OS X) AppleWebKit/605.1.15 (KHTML, like Gecko) Mobile/15E148 MicroMessenger/7.0.10(0x17000a21) NetType/WIFI Language/zh_CN',
  'accept-language' => 'zh-cn',
  'content-length' => '43',
  'content-type' => 'application/json',
  'accept' => '*/*',
  'host' => 'pingshen.hbhb.vip',
)
[ info ] [ PARAM ] array (
  'code' => '033lVgkd2gWCcI06eqkd2Su3kd2lVgkt',
)
[ info ] [ DB ] INIT mysql
[ error ] [8]未定义数组索引: openid[/www/wwwroot/pingshen/application/api/controller/Base.php:33]
[ error ] [8]未定义数组索引: errcode[/www/wwwroot/pingshen/application/api/controller/Users.php:28]
[ error ] [8]未定义数组索引: errcode[/www/wwwroot/pingshen/application/api/controller/Users.php:28]
[ error ] [8192]Non-static method app\api\model\Token::create_unique() should not be called statically[/www/wwwroot/pingshen/application/api/model/Token.php:37]
[ sql ] [ DB ] CONNECT:[ UseTime:0.008694s ] mysql:host=47.97.169.58;port=3306;dbname=pingshen;charset=utf8
[ sql ] [ SQL ] SHOW COLUMNS FROM `weixin_user` [ RunTime:0.007046s ]
[ sql ] [ SQL ] SELECT * FROM `weixin_user` WHERE  `openid` = 'oqBTY5c4u9KjfZDCei9o0qbF_hKg' LIMIT 1 [ RunTime:0.005915s ]
[ sql ] [ SQL ] SHOW COLUMNS FROM `users` [ RunTime:0.006919s ]
[ sql ] [ SQL ] SELECT * FROM `users` WHERE  `id` = 3 LIMIT 1 [ RunTime:0.005834s ]
---------------------------------------------------------------
[2020-01-13T21:47:52+08:00] 122.233.108.32 POST pingshen.hbhb.vip/api/department/departList
[运行时间：0.058657s] [吞吐率：17.05req/s] [内存消耗：3,413.32kb] [文件加载：83]
[ info ] [ LANG ] /www/wwwroot/pingshen/thinkphp/lang/zh-cn.php
[ info ] [ ROUTE ] array (
)
[ info ] [ HEADER ] array (
  'accept-encoding' => 'gzip, deflate, br',
  'referer' => 'https://servicewechat.com/wx700e406bf204d191/1/page-frame.html',
  'user-agent' => 'Mozilla/5.0 (iPhone; CPU iPhone OS 13_3 like Mac OS X) AppleWebKit/605.1.15 (KHTML, like Gecko) Mobile/15E148 MicroMessenger/7.0.10(0x17000a21) NetType/WIFI Language/zh_CN',
  'accept-language' => 'zh-cn',
  'content-length' => '52',
  'content-type' => 'application/json',
  'accept' => '*/*',
  'host' => 'pingshen.hbhb.vip',
)
[ info ] [ PARAM ] array (
  'token' => 'eb66dad7802bcb2735163e4f6af9e1eec431b2d1',
)
[ info ] [ DB ] INIT mysql
[ error ] [8]未定义数组索引: openid[/www/wwwroot/pingshen/application/api/controller/Base.php:33]
[ sql ] [ DB ] CONNECT:[ UseTime:0.009519s ] mysql:host=47.97.169.58;port=3306;dbname=pingshen;charset=utf8
[ sql ] [ SQL ] SHOW COLUMNS FROM `department` [ RunTime:0.007583s ]
[ sql ] [ SQL ] SELECT COUNT(*) AS tp_count FROM `department` ORDER BY `sort` DESC,`id` ASC [ RunTime:0.006356s ]
[ sql ] [ SQL ] SELECT `id`,`class_name` FROM `department` ORDER BY `sort` DESC,`id` ASC LIMIT 0,12 [ RunTime:0.006327s ]
---------------------------------------------------------------
[2020-01-13T21:47:52+08:00] 122.233.108.32 POST pingshen.hbhb.vip/api/standard/standList
[运行时间：0.099668s] [吞吐率：10.03req/s] [内存消耗：3,870.33kb] [文件加载：92]
[ info ] [ LANG ] /www/wwwroot/pingshen/thinkphp/lang/zh-cn.php
[ info ] [ ROUTE ] array (
)
[ info ] [ HEADER ] array (
  'accept-encoding' => 'gzip, deflate, br',
  'referer' => 'https://servicewechat.com/wx700e406bf204d191/1/page-frame.html',
  'user-agent' => 'Mozilla/5.0 (iPhone; CPU iPhone OS 13_3 like Mac OS X) AppleWebKit/605.1.15 (KHTML, like Gecko) Mobile/15E148 MicroMessenger/7.0.10(0x17000a21) NetType/WIFI Language/zh_CN',
  'accept-language' => 'zh-cn',
  'content-length' => '52',
  'content-type' => 'application/json',
  'accept' => '*/*',
  'host' => 'pingshen.hbhb.vip',
)
[ info ] [ PARAM ] array (
  'token' => 'eb66dad7802bcb2735163e4f6af9e1eec431b2d1',
)
[ info ] [ DB ] INIT mysql
[ error ] [8]未定义数组索引: openid[/www/wwwroot/pingshen/application/api/controller/Base.php:33]
[ sql ] [ DB ] CONNECT:[ UseTime:0.008937s ] mysql:host=47.97.169.58;port=3306;dbname=pingshen;charset=utf8
[ sql ] [ SQL ] SHOW COLUMNS FROM `users` [ RunTime:0.007519s ]
[ sql ] [ SQL ] SELECT * FROM `users` WHERE  `id` = 3 LIMIT 1 [ RunTime:0.006169s ]
[ sql ] [ SQL ] SHOW COLUMNS FROM `weixin_user` [ RunTime:0.006865s ]
[ sql ] [ SQL ] SELECT * FROM `weixin_user` WHERE  `userid` = 3 ORDER BY `id` DESC LIMIT 1 [ RunTime:0.005990s ]
[ sql ] [ SQL ] SHOW COLUMNS FROM `standard` [ RunTime:0.006881s ]
[ sql ] [ SQL ] SELECT COUNT(*) AS tp_count FROM `standard` [ RunTime:0.005843s ]
[ sql ] [ SQL ] SELECT `stand_name`,`stand_text`,`mark` FROM `standard` LIMIT 0,12 [ RunTime:0.005898s ]
[ sql ] [ SQL ] SHOW COLUMNS FROM `achievement` [ RunTime:0.006687s ]
[ sql ] [ SQL ] SELECT `score_detail`,`total_score`,`c_id` FROM `achievement` WHERE  `uid` = 3  AND `status` = 1 [ RunTime:0.005955s ]
