---------------------------------------------------------------
[2020-01-14T11:52:24+08:00] 112.17.245.85 POST pingshen.hbhb.vip/api/users/wxlogin
[运行时间：0.310007s] [吞吐率：3.23req/s] [内存消耗：3,775.35kb] [文件加载：90]
[ info ] [ LANG ] /www/wwwroot/pingshen/thinkphp/lang/zh-cn.php
[ info ] [ ROUTE ] array (
)
[ info ] [ HEADER ] array (
  'referer' => 'https://servicewechat.com/wx700e406bf204d191/1/page-frame.html',
  'accept-encoding' => 'gzip',
  'content-type' => 'application/json',
  'user-agent' => 'Mozilla/5.0 (Linux; Android 10; LIO-TL00 Build/HUAWEILIO-TL00; wv) AppleWebKit/537.36 (KHTML, like Gecko) Version/4.0 Chrome/70.0.3538.64 Mobile Safari/537.36 MicroMessenger/7.0.10.1580(0x27000A55) Process/appbrand0 NetType/4G Language/zh_CN ABI/arm64',
  'charset' => 'utf-8',
  'content-length' => '43',
  'connection' => 'keep-alive',
  'host' => 'pingshen.hbhb.vip',
)
[ info ] [ PARAM ] array (
  'code' => '0810AD2h1LW2ev00RdZg1hzA2h10AD2u',
)
[ info ] [ DB ] INIT mysql
[ error ] [8]未定义数组索引: openid[/www/wwwroot/pingshen/application/api/controller/Base.php:33]
[ error ] [8]未定义数组索引: errcode[/www/wwwroot/pingshen/application/api/controller/Users.php:28]
[ error ] [8]未定义数组索引: errcode[/www/wwwroot/pingshen/application/api/controller/Users.php:28]
[ sql ] [ DB ] CONNECT:[ UseTime:0.009509s ] mysql:host=47.97.169.58;port=3306;dbname=pingshen;charset=utf8
[ sql ] [ SQL ] SHOW COLUMNS FROM `weixin_user` [ RunTime:0.007525s ]
[ sql ] [ SQL ] SELECT * FROM `weixin_user` WHERE  `openid` = 'oqBTY5RzKI0fnv4nAmx6-XrEFs0U' LIMIT 1 [ RunTime:0.006369s ]
---------------------------------------------------------------
[2020-01-14T11:52:24+08:00] 112.17.245.85 POST pingshen.hbhb.vip/api/users/reg
[运行时间：0.114660s] [吞吐率：8.72req/s] [内存消耗：3,495.55kb] [文件加载：94]
[ info ] [ LANG ] /www/wwwroot/pingshen/thinkphp/lang/zh-cn.php
[ info ] [ ROUTE ] array (
)
[ info ] [ HEADER ] array (
  'referer' => 'https://servicewechat.com/wx700e406bf204d191/1/page-frame.html',
  'accept-encoding' => 'gzip',
  'content-type' => 'application/json',
  'user-agent' => 'Mozilla/5.0 (Linux; Android 10; LIO-TL00 Build/HUAWEILIO-TL00; wv) AppleWebKit/537.36 (KHTML, like Gecko) Version/4.0 Chrome/70.0.3538.64 Mobile Safari/537.36 MicroMessenger/7.0.10.1580(0x27000A55) Process/appbrand0 NetType/4G Language/zh_CN ABI/arm64',
  'charset' => 'utf-8',
  'content-length' => '293',
  'connection' => 'keep-alive',
  'host' => 'pingshen.hbhb.vip',
)
[ info ] [ PARAM ] array (
  'nickName' => '美乡村',
  'gender' => '1',
  'language' => 'zh_CN',
  'city' => 'Hangzhou',
  'province' => 'Zhejiang',
  'country' => 'China',
  'avatarUrl' => 'https://wx.qlogo.cn/mmopen/vi_32/DYAIOgq83epOvtUEhKwUEN8HQktkb3KGhnDgUyib66vicnpaBaJHDOdpxmmsNVNNnGMajic3yzL74K1lDMIyzlcKQ/132',
  'openid' => 'oqBTY5RzKI0fnv4nAmx6-XrEFs0U',
)
[ info ] [ DB ] INIT mysql
[ error ] [8]未定义数组索引: nickname[/www/wwwroot/pingshen/application/api/controller/Users.php:49]
[ error ] [8]未定义数组索引: avatarurl[/www/wwwroot/pingshen/application/api/controller/Users.php:50]
[ error ] [8]未定义数组索引: u[/www/wwwroot/pingshen/application/api/controller/Users.php:72]
[ error ] [8192]Non-static method app\api\model\Token::create_unique() should not be called statically[/www/wwwroot/pingshen/application/api/model/Token.php:37]
[ sql ] [ DB ] CONNECT:[ UseTime:0.009068s ] mysql:host=47.97.169.58;port=3306;dbname=pingshen;charset=utf8
[ sql ] [ SQL ] SHOW COLUMNS FROM `weixin_user` [ RunTime:0.007263s ]
[ sql ] [ SQL ] SELECT * FROM `weixin_user` WHERE  `openid` = 'oqBTY5RzKI0fnv4nAmx6-XrEFs0U' LIMIT 1 [ RunTime:0.006094s ]
[ sql ] [ SQL ] INSERT INTO `weixin_user` (`gender` , `language` , `city` , `province` , `country` , `openid` , `nickname` , `avatarurl`) VALUES ('1' , 'zh_CN' , 'Hangzhou' , 'Zhejiang' , 'China' , 'oqBTY5RzKI0fnv4nAmx6-XrEFs0U' , '美乡村' , 'https://wx.qlogo.cn/mmopen/vi_32/DYAIOgq83epOvtUEhKwUEN8HQktkb3KGhnDgUyib66vicnpaBaJHDOdpxmmsNVNNnGMajic3yzL74K1lDMIyzlcKQ/132') [ RunTime:0.006062s ]
[ sql ] [ SQL ] SELECT * FROM `weixin_user` WHERE  `openid` = 'oqBTY5RzKI0fnv4nAmx6-XrEFs0U' LIMIT 1 [ RunTime:0.006102s ]
[ sql ] [ SQL ] SHOW COLUMNS FROM `users` [ RunTime:0.007207s ]
[ sql ] [ SQL ] SELECT * FROM `users` WHERE  `openid` = 'oqBTY5RzKI0fnv4nAmx6-XrEFs0U' ORDER BY `id` DESC LIMIT 1 [ RunTime:0.006119s ]
[ sql ] [ SQL ] INSERT INTO `users` (`city` , `province` , `country` , `openid` , `nickname` , `headimg` , `sex` , `parent_id`) VALUES ('Hangzhou' , 'Zhejiang' , 'China' , 'oqBTY5RzKI0fnv4nAmx6-XrEFs0U' , '美乡村' , 'https://wx.qlogo.cn/mmopen/vi_32/DYAIOgq83epOvtUEhKwUEN8HQktkb3KGhnDgUyib66vicnpaBaJHDOdpxmmsNVNNnGMajic3yzL74K1lDMIyzlcKQ/132' , 1 , 0) [ RunTime:0.006048s ]
[ sql ] [ SQL ] UPDATE `weixin_user`  SET `userid` = 15  WHERE  `openid` = 'oqBTY5RzKI0fnv4nAmx6-XrEFs0U' [ RunTime:0.006057s ]
---------------------------------------------------------------
[2020-01-14T11:52:27+08:00] 112.17.245.85 POST pingshen.hbhb.vip/api/users/wxlogin
[运行时间：0.153004s] [吞吐率：6.54req/s] [内存消耗：3,848.68kb] [文件加载：92]
[ info ] [ LANG ] /www/wwwroot/pingshen/thinkphp/lang/zh-cn.php
[ info ] [ ROUTE ] array (
)
[ info ] [ HEADER ] array (
  'referer' => 'https://servicewechat.com/wx700e406bf204d191/1/page-frame.html',
  'accept-encoding' => 'gzip',
  'content-type' => 'application/json',
  'user-agent' => 'Mozilla/5.0 (Linux; Android 10; LIO-TL00 Build/HUAWEILIO-TL00; wv) AppleWebKit/537.36 (KHTML, like Gecko) Version/4.0 Chrome/70.0.3538.64 Mobile Safari/537.36 MicroMessenger/7.0.10.1580(0x27000A55) Process/appbrand0 NetType/4G Language/zh_CN ABI/arm64',
  'charset' => 'utf-8',
  'content-length' => '43',
  'connection' => 'keep-alive',
  'host' => 'pingshen.hbhb.vip',
)
[ info ] [ PARAM ] array (
  'code' => '081sAZN12JNgqT0VAKM124OCN12sAZN5',
)
[ info ] [ DB ] INIT mysql
[ error ] [8]未定义数组索引: openid[/www/wwwroot/pingshen/application/api/controller/Base.php:33]
[ error ] [8]未定义数组索引: errcode[/www/wwwroot/pingshen/application/api/controller/Users.php:28]
[ error ] [8]未定义数组索引: errcode[/www/wwwroot/pingshen/application/api/controller/Users.php:28]
[ error ] [8192]Non-static method app\api\model\Token::create_unique() should not be called statically[/www/wwwroot/pingshen/application/api/model/Token.php:37]
[ sql ] [ DB ] CONNECT:[ UseTime:0.009545s ] mysql:host=47.97.169.58;port=3306;dbname=pingshen;charset=utf8
[ sql ] [ SQL ] SHOW COLUMNS FROM `weixin_user` [ RunTime:0.007839s ]
[ sql ] [ SQL ] SELECT * FROM `weixin_user` WHERE  `openid` = 'oqBTY5RzKI0fnv4nAmx6-XrEFs0U' LIMIT 1 [ RunTime:0.006535s ]
[ sql ] [ SQL ] SHOW COLUMNS FROM `users` [ RunTime:0.007812s ]
[ sql ] [ SQL ] SELECT * FROM `users` WHERE  `id` = 15 LIMIT 1 [ RunTime:0.006480s ]
---------------------------------------------------------------
[2020-01-14T11:52:28+08:00] 112.17.245.85 POST pingshen.hbhb.vip/api/department/departList
[运行时间：0.058894s] [吞吐率：16.98req/s] [内存消耗：3,413.45kb] [文件加载：83]
[ info ] [ LANG ] /www/wwwroot/pingshen/thinkphp/lang/zh-cn.php
[ info ] [ ROUTE ] array (
)
[ info ] [ HEADER ] array (
  'referer' => 'https://servicewechat.com/wx700e406bf204d191/1/page-frame.html',
  'accept-encoding' => 'gzip',
  'content-type' => 'application/json',
  'user-agent' => 'Mozilla/5.0 (Linux; Android 10; LIO-TL00 Build/HUAWEILIO-TL00; wv) AppleWebKit/537.36 (KHTML, like Gecko) Version/4.0 Chrome/70.0.3538.64 Mobile Safari/537.36 MicroMessenger/7.0.10.1580(0x27000A55) Process/appbrand0 NetType/4G Language/zh_CN ABI/arm64',
  'charset' => 'utf-8',
  'content-length' => '52',
  'connection' => 'keep-alive',
  'host' => 'pingshen.hbhb.vip',
)
[ info ] [ PARAM ] array (
  'token' => 'c7c9398476d68913192ce7d34bbe2294766b2a43',
)
[ info ] [ DB ] INIT mysql
[ error ] [8]未定义数组索引: openid[/www/wwwroot/pingshen/application/api/controller/Base.php:33]
[ sql ] [ DB ] CONNECT:[ UseTime:0.009362s ] mysql:host=47.97.169.58;port=3306;dbname=pingshen;charset=utf8
[ sql ] [ SQL ] SHOW COLUMNS FROM `department` [ RunTime:0.007463s ]
[ sql ] [ SQL ] SELECT COUNT(*) AS tp_count FROM `department` ORDER BY `sort` DESC,`id` ASC [ RunTime:0.006222s ]
[ sql ] [ SQL ] SELECT `id`,`class_name` FROM `department` ORDER BY `sort` DESC,`id` ASC LIMIT 0,12 [ RunTime:0.006209s ]
---------------------------------------------------------------
[2020-01-14T11:52:28+08:00] 112.17.245.85 POST pingshen.hbhb.vip/api/standard/standList
[运行时间：0.053411s] [吞吐率：18.72req/s] [内存消耗：3,523.86kb] [文件加载：91]
[ info ] [ LANG ] /www/wwwroot/pingshen/thinkphp/lang/zh-cn.php
[ info ] [ ROUTE ] array (
)
[ info ] [ HEADER ] array (
  'referer' => 'https://servicewechat.com/wx700e406bf204d191/1/page-frame.html',
  'accept-encoding' => 'gzip',
  'content-type' => 'application/json',
  'user-agent' => 'Mozilla/5.0 (Linux; Android 10; LIO-TL00 Build/HUAWEILIO-TL00; wv) AppleWebKit/537.36 (KHTML, like Gecko) Version/4.0 Chrome/70.0.3538.64 Mobile Safari/537.36 MicroMessenger/7.0.10.1580(0x27000A55) Process/appbrand0 NetType/4G Language/zh_CN ABI/arm64',
  'charset' => 'utf-8',
  'content-length' => '52',
  'connection' => 'keep-alive',
  'host' => 'pingshen.hbhb.vip',
)
[ info ] [ PARAM ] array (
  'token' => 'c7c9398476d68913192ce7d34bbe2294766b2a43',
)
[ info ] [ DB ] INIT mysql
[ error ] [8]未定义数组索引: openid[/www/wwwroot/pingshen/application/api/controller/Base.php:33]
[ sql ] [ DB ] CONNECT:[ UseTime:0.009246s ] mysql:host=47.97.169.58;port=3306;dbname=pingshen;charset=utf8
[ sql ] [ SQL ] SHOW COLUMNS FROM `users` [ RunTime:0.007549s ]
[ sql ] [ SQL ] SELECT * FROM `users` WHERE  `id` = 15 LIMIT 1 [ RunTime:0.006366s ]
---------------------------------------------------------------
[2020-01-14T11:53:11+08:00] 223.104.246.61 POST pingshen.hbhb.vip/api/users/wxlogin
[运行时间：0.174699s] [吞吐率：5.72req/s] [内存消耗：3,848.66kb] [文件加载：92]
[ info ] [ LANG ] /www/wwwroot/pingshen/thinkphp/lang/zh-cn.php
[ info ] [ ROUTE ] array (
)
[ info ] [ HEADER ] array (
  'referer' => 'https://servicewechat.com/wx700e406bf204d191/1/page-frame.html',
  'accept-encoding' => 'gzip',
  'content-type' => 'application/json',
  'user-agent' => 'Mozilla/5.0 (Linux; Android 8.1.0; EML-AL00 Build/HUAWEIEML-AL00; wv) AppleWebKit/537.36 (KHTML, like Gecko) Version/4.0 Chrome/68.0.3440.91 Mobile Safari/537.36 MicroMessenger/7.0.10.1580(0x27000A55) Process/appbrand0 NetType/4G Language/zh_CN ABI/arm64',
  'charset' => 'utf-8',
  'content-length' => '43',
  'connection' => 'keep-alive',
  'host' => 'pingshen.hbhb.vip',
)
[ info ] [ PARAM ] array (
  'code' => '0a1fyl7v00IARg14vZ7v0Lrv7v0fyl7t',
)
[ info ] [ DB ] INIT mysql
[ error ] [8]未定义数组索引: openid[/www/wwwroot/pingshen/application/api/controller/Base.php:33]
[ error ] [8]未定义数组索引: errcode[/www/wwwroot/pingshen/application/api/controller/Users.php:28]
[ error ] [8]未定义数组索引: errcode[/www/wwwroot/pingshen/application/api/controller/Users.php:28]
[ error ] [8192]Non-static method app\api\model\Token::create_unique() should not be called statically[/www/wwwroot/pingshen/application/api/model/Token.php:37]
[ sql ] [ DB ] CONNECT:[ UseTime:0.009550s ] mysql:host=47.97.169.58;port=3306;dbname=pingshen;charset=utf8
[ sql ] [ SQL ] SHOW COLUMNS FROM `weixin_user` [ RunTime:0.007597s ]
[ sql ] [ SQL ] SELECT * FROM `weixin_user` WHERE  `openid` = 'oqBTY5UYTy5-ve3zL1lTiZy5WKKo' LIMIT 1 [ RunTime:0.006355s ]
[ sql ] [ SQL ] SHOW COLUMNS FROM `users` [ RunTime:0.007365s ]
[ sql ] [ SQL ] SELECT * FROM `users` WHERE  `id` = 6 LIMIT 1 [ RunTime:0.006398s ]
---------------------------------------------------------------
[2020-01-14T11:53:12+08:00] 223.104.246.61 POST pingshen.hbhb.vip/api/department/departList
[运行时间：0.059019s] [吞吐率：16.94req/s] [内存消耗：3,413.45kb] [文件加载：83]
[ info ] [ LANG ] /www/wwwroot/pingshen/thinkphp/lang/zh-cn.php
[ info ] [ ROUTE ] array (
)
[ info ] [ HEADER ] array (
  'referer' => 'https://servicewechat.com/wx700e406bf204d191/1/page-frame.html',
  'accept-encoding' => 'gzip',
  'content-type' => 'application/json',
  'user-agent' => 'Mozilla/5.0 (Linux; Android 8.1.0; EML-AL00 Build/HUAWEIEML-AL00; wv) AppleWebKit/537.36 (KHTML, like Gecko) Version/4.0 Chrome/68.0.3440.91 Mobile Safari/537.36 MicroMessenger/7.0.10.1580(0x27000A55) Process/appbrand0 NetType/4G Language/zh_CN ABI/arm64',
  'charset' => 'utf-8',
  'content-length' => '52',
  'connection' => 'keep-alive',
  'host' => 'pingshen.hbhb.vip',
)
[ info ] [ PARAM ] array (
  'token' => '4cf4d3630cbf2434f1cd1d44dab334aed754c853',
)
[ info ] [ DB ] INIT mysql
[ error ] [8]未定义数组索引: openid[/www/wwwroot/pingshen/application/api/controller/Base.php:33]
[ sql ] [ DB ] CONNECT:[ UseTime:0.009653s ] mysql:host=47.97.169.58;port=3306;dbname=pingshen;charset=utf8
[ sql ] [ SQL ] SHOW COLUMNS FROM `department` [ RunTime:0.007644s ]
[ sql ] [ SQL ] SELECT COUNT(*) AS tp_count FROM `department` ORDER BY `sort` DESC,`id` ASC [ RunTime:0.006443s ]
[ sql ] [ SQL ] SELECT `id`,`class_name` FROM `department` ORDER BY `sort` DESC,`id` ASC LIMIT 0,12 [ RunTime:0.006445s ]
---------------------------------------------------------------
[2020-01-14T11:53:12+08:00] 223.104.246.61 POST pingshen.hbhb.vip/api/standard/standList
[运行时间：0.101581s] [吞吐率：9.84req/s] [内存消耗：3,859.84kb] [文件加载：92]
[ info ] [ LANG ] /www/wwwroot/pingshen/thinkphp/lang/zh-cn.php
[ info ] [ ROUTE ] array (
)
[ info ] [ HEADER ] array (
  'referer' => 'https://servicewechat.com/wx700e406bf204d191/1/page-frame.html',
  'accept-encoding' => 'gzip',
  'content-type' => 'application/json',
  'user-agent' => 'Mozilla/5.0 (Linux; Android 8.1.0; EML-AL00 Build/HUAWEIEML-AL00; wv) AppleWebKit/537.36 (KHTML, like Gecko) Version/4.0 Chrome/68.0.3440.91 Mobile Safari/537.36 MicroMessenger/7.0.10.1580(0x27000A55) Process/appbrand0 NetType/4G Language/zh_CN ABI/arm64',
  'charset' => 'utf-8',
  'content-length' => '52',
  'connection' => 'keep-alive',
  'host' => 'pingshen.hbhb.vip',
)
[ info ] [ PARAM ] array (
  'token' => '4cf4d3630cbf2434f1cd1d44dab334aed754c853',
)
[ info ] [ DB ] INIT mysql
[ error ] [8]未定义数组索引: openid[/www/wwwroot/pingshen/application/api/controller/Base.php:33]
[ sql ] [ DB ] CONNECT:[ UseTime:0.009263s ] mysql:host=47.97.169.58;port=3306;dbname=pingshen;charset=utf8
[ sql ] [ SQL ] SHOW COLUMNS FROM `users` [ RunTime:0.007565s ]
[ sql ] [ SQL ] SELECT * FROM `users` WHERE  `id` = 6 LIMIT 1 [ RunTime:0.006347s ]
[ sql ] [ SQL ] SHOW COLUMNS FROM `weixin_user` [ RunTime:0.007226s ]
[ sql ] [ SQL ] SELECT * FROM `weixin_user` WHERE  `userid` = 6 ORDER BY `id` DESC LIMIT 1 [ RunTime:0.006221s ]
[ sql ] [ SQL ] SHOW COLUMNS FROM `standard` [ RunTime:0.007005s ]
[ sql ] [ SQL ] SELECT COUNT(*) AS tp_count FROM `standard` [ RunTime:0.006100s ]
[ sql ] [ SQL ] SELECT `stand_name`,`stand_text`,`mark` FROM `standard` LIMIT 0,12 [ RunTime:0.006115s ]
[ sql ] [ SQL ] SHOW COLUMNS FROM `achievement` [ RunTime:0.006961s ]
[ sql ] [ SQL ] SELECT `score_detail`,`total_score`,`c_id` FROM `achievement` WHERE  `uid` = 6  AND `status` = 1 [ RunTime:0.006219s ]
---------------------------------------------------------------
[2020-01-14T12:04:18+08:00] 122.233.109.223 GET pingshen.hbhb.vip/
[运行时间：0.021153s] [吞吐率：47.27req/s] [内存消耗：2,226.42kb] [文件加载：75]
[ info ] [ LANG ] /www/wwwroot/pingshen/thinkphp/lang/zh-cn.php
[ info ] [ LANG ] /www/wwwroot/pingshen/application/admin//lang/zh-cn.php
[ info ] [ ROUTE ] array (
)
[ info ] [ HEADER ] array (
  'cookie' => '__guid=45053733.1572487957701119200.1577856578164.2122',
  'accept-language' => 'zh-CN,zh;q=0.9',
  'accept-encoding' => 'gzip, deflate, br',
  'accept' => 'text/html,application/xhtml+xml,application/xml;q=0.9,image/webp,image/apng,*/*;q=0.8',
  'user-agent' => 'Mozilla/5.0 (Windows NT 6.1; WOW64) AppleWebKit/537.36 (KHTML, like Gecko) Chrome/63.0.3239.132 Safari/537.36',
  'upgrade-insecure-requests' => '1',
  'host' => 'pingshen.hbhb.vip',
  'content-type' => '',
  'content-length' => '',
)
[ info ] [ PARAM ] array (
)
---------------------------------------------------------------
[2020-01-14T12:04:18+08:00] 122.233.109.223 GET pingshen.hbhb.vip/admin/login/index.html
[运行时间：0.021085s] [吞吐率：47.43req/s] [内存消耗：2,211.54kb] [文件加载：77]
[ info ] [ LANG ] /www/wwwroot/pingshen/thinkphp/lang/zh-cn.php
[ info ] [ LANG ] /www/wwwroot/pingshen/application/admin//lang/zh-cn.php
[ info ] [ ROUTE ] array (
)
[ info ] [ HEADER ] array (
  'cookie' => '__guid=45053733.1572487957701119200.1577856578164.2122; PHPSESSID=6u5e23rllh4tn4v6e23eakfjvv',
  'accept-language' => 'zh-CN,zh;q=0.9',
  'accept-encoding' => 'gzip, deflate, br',
  'accept' => 'text/html,application/xhtml+xml,application/xml;q=0.9,image/webp,image/apng,*/*;q=0.8',
  'user-agent' => 'Mozilla/5.0 (Windows NT 6.1; WOW64) AppleWebKit/537.36 (KHTML, like Gecko) Chrome/63.0.3239.132 Safari/537.36',
  'upgrade-insecure-requests' => '1',
  'host' => 'pingshen.hbhb.vip',
  'content-type' => '',
  'content-length' => '',
)
[ info ] [ PARAM ] array (
)
[ info ] [ VIEW ] /www/wwwroot/pingshen/application/admin/view/login/index.html [ array (
) ]
[ error ] [8]未定义变量: system[/www/wwwroot/pingshen/runtime/temp/b8b184884121afc82a66e9b20efb8822.php:37]
---------------------------------------------------------------
[2020-01-14T12:04:21+08:00] 122.233.109.223 POST pingshen.hbhb.vip/admin/login/index.html
[运行时间：0.051213s] [吞吐率：19.53req/s] [内存消耗：3,350.12kb] [文件加载：83]
[ info ] [ LANG ] /www/wwwroot/pingshen/thinkphp/lang/zh-cn.php
[ info ] [ LANG ] /www/wwwroot/pingshen/application/admin//lang/zh-cn.php
[ info ] [ ROUTE ] array (
)
[ info ] [ HEADER ] array (
  'cookie' => '__guid=45053733.1572487957701119200.1577856578164.2122; PHPSESSID=6u5e23rllh4tn4v6e23eakfjvv; monitor_count=1',
  'accept-language' => 'zh-CN,zh;q=0.9',
  'accept-encoding' => 'gzip, deflate, br',
  'referer' => 'https://pingshen.hbhb.vip/admin/login/index.html',
  'content-type' => 'application/x-www-form-urlencoded; charset=UTF-8',
  'user-agent' => 'Mozilla/5.0 (Windows NT 6.1; WOW64) AppleWebKit/537.36 (KHTML, like Gecko) Chrome/63.0.3239.132 Safari/537.36',
  'x-requested-with' => 'XMLHttpRequest',
  'origin' => 'https://pingshen.hbhb.vip',
  'accept' => '*/*',
  'content-length' => '32',
  'host' => 'pingshen.hbhb.vip',
)
[ info ] [ PARAM ] array (
  'username' => 'admin',
  'password' => 'admin123',
)
[ info ] [ DB ] INIT mysql
[ sql ] [ DB ] CONNECT:[ UseTime:0.009126s ] mysql:host=47.97.169.58;port=3306;dbname=pingshen;charset=utf8
[ sql ] [ SQL ] SHOW COLUMNS FROM `admin` [ RunTime:0.007353s ]
[ sql ] [ SQL ] SELECT * FROM `admin` WHERE  `username` = 'admin' LIMIT 1 [ RunTime:0.006156s ]
---------------------------------------------------------------
[2020-01-14T12:04:23+08:00] 122.233.109.223 GET pingshen.hbhb.vip/admin/index/index.html
[运行时间：0.053834s] [吞吐率：18.58req/s] [内存消耗：3,140.46kb] [文件加载：84]
[ info ] [ LANG ] /www/wwwroot/pingshen/thinkphp/lang/zh-cn.php
[ info ] [ LANG ] /www/wwwroot/pingshen/application/admin//lang/zh-cn.php
[ info ] [ ROUTE ] array (
)
[ info ] [ HEADER ] array (
  'cookie' => '__guid=45053733.1572487957701119200.1577856578164.2122; PHPSESSID=6u5e23rllh4tn4v6e23eakfjvv; monitor_count=1',
  'accept-language' => 'zh-CN,zh;q=0.9',
  'accept-encoding' => 'gzip, deflate, br',
  'referer' => 'https://pingshen.hbhb.vip/admin/login/index.html',
  'accept' => 'text/html,application/xhtml+xml,application/xml;q=0.9,image/webp,image/apng,*/*;q=0.8',
  'user-agent' => 'Mozilla/5.0 (Windows NT 6.1; WOW64) AppleWebKit/537.36 (KHTML, like Gecko) Chrome/63.0.3239.132 Safari/537.36',
  'upgrade-insecure-requests' => '1',
  'host' => 'pingshen.hbhb.vip',
  'content-type' => '',
  'content-length' => '',
)
[ info ] [ PARAM ] array (
)
[ info ] [ DB ] INIT mysql
[ info ] [ VIEW ] /www/wwwroot/pingshen/application/admin/view/index/index.html [ array (
  0 => 'menus',
) ]
[ sql ] [ DB ] CONNECT:[ UseTime:0.009583s ] mysql:host=47.97.169.58;port=3306;dbname=pingshen;charset=utf8
[ sql ] [ SQL ] SHOW COLUMNS FROM `auth_rule` [ RunTime:0.007622s ]
[ sql ] [ SQL ] SELECT * FROM `auth_rule` WHERE  ( menustatus=1 ) ORDER BY `sort` [ RunTime:0.006462s ]
---------------------------------------------------------------
[2020-01-14T12:04:23+08:00] 122.233.109.223 GET pingshen.hbhb.vip/uploads/20180625/f266169c2956429d9aaea6cf6f1e51cb.jpg
[运行时间：0.015347s] [吞吐率：65.16req/s] [内存消耗：1,661.92kb] [文件加载：57]
[ info ] [ LANG ] /www/wwwroot/pingshen/thinkphp/lang/zh-cn.php
---------------------------------------------------------------
[2020-01-14T12:04:23+08:00] 122.233.109.223 GET pingshen.hbhb.vip/admin/index/main.html
[运行时间：0.044056s] [吞吐率：22.70req/s] [内存消耗：3,098.35kb] [文件加载：84]
[ info ] [ LANG ] /www/wwwroot/pingshen/thinkphp/lang/zh-cn.php
[ info ] [ LANG ] /www/wwwroot/pingshen/application/admin//lang/zh-cn.php
[ info ] [ ROUTE ] array (
)
[ info ] [ HEADER ] array (
  'cookie' => 'skin=0; __guid=45053733.1572487957701119200.1577856578164.2122; PHPSESSID=6u5e23rllh4tn4v6e23eakfjvv; monitor_count=2',
  'accept-language' => 'zh-CN,zh;q=0.9',
  'accept-encoding' => 'gzip, deflate, br',
  'referer' => 'https://pingshen.hbhb.vip/admin/index/index.html',
  'accept' => 'text/html,application/xhtml+xml,application/xml;q=0.9,image/webp,image/apng,*/*;q=0.8',
  'user-agent' => 'Mozilla/5.0 (Windows NT 6.1; WOW64) AppleWebKit/537.36 (KHTML, like Gecko) Chrome/63.0.3239.132 Safari/537.36',
  'upgrade-insecure-requests' => '1',
  'host' => 'pingshen.hbhb.vip',
  'content-type' => '',
  'content-length' => '',
)
[ info ] [ PARAM ] array (
)
[ info ] [ DB ] INIT mysql
[ info ] [ VIEW ] /www/wwwroot/pingshen/application/admin/view/index/main.html [ array (
  0 => 'config',
) ]
[ sql ] [ DB ] CONNECT:[ UseTime:0.009430s ] mysql:host=47.97.169.58;port=3306;dbname=pingshen;charset=utf8
[ sql ] [ SQL ] SELECT VERSION() AS ver [ RunTime:0.006156s ]
[ error ] [8]未定义数组索引: HTTP_CLIENT_IP[/www/wwwroot/pingshen/application/common.php:227]
[ error ] [8]未定义数组索引: HTTP_X_FORWARDED_FOR[/www/wwwroot/pingshen/application/common.php:229]
---------------------------------------------------------------
[2020-01-14T12:04:33+08:00] 122.233.109.223 GET pingshen.hbhb.vip/admin/users/userlist.html
[运行时间：0.021290s] [吞吐率：46.97req/s] [内存消耗：2,223.90kb] [文件加载：76]
[ info ] [ LANG ] /www/wwwroot/pingshen/thinkphp/lang/zh-cn.php
[ info ] [ LANG ] /www/wwwroot/pingshen/application/admin//lang/zh-cn.php
[ info ] [ ROUTE ] array (
)
[ info ] [ HEADER ] array (
  'cookie' => '__guid=45053733.1572487957701119200.1577856578164.2122; PHPSESSID=6u5e23rllh4tn4v6e23eakfjvv; monitor_count=2',
  'accept-language' => 'zh-CN,zh;q=0.9',
  'accept-encoding' => 'gzip, deflate, br',
  'referer' => 'https://pingshen.hbhb.vip/admin/index/index.html',
  'accept' => 'text/html,application/xhtml+xml,application/xml;q=0.9,image/webp,image/apng,*/*;q=0.8',
  'user-agent' => 'Mozilla/5.0 (Windows NT 6.1; WOW64) AppleWebKit/537.36 (KHTML, like Gecko) Chrome/63.0.3239.132 Safari/537.36',
  'upgrade-insecure-requests' => '1',
  'host' => 'pingshen.hbhb.vip',
  'content-type' => '',
  'content-length' => '',
)
[ info ] [ PARAM ] array (
)
[ info ] [ VIEW ] /www/wwwroot/pingshen/application/admin/view/users/user_list.html [ array (
) ]
---------------------------------------------------------------
[2020-01-14T12:04:33+08:00] 122.233.109.223 POST pingshen.hbhb.vip/admin/users/userlist.html
[运行时间：0.050004s] [吞吐率：20.00req/s] [内存消耗：3,104.55kb] [文件加载：77]
[ info ] [ LANG ] /www/wwwroot/pingshen/thinkphp/lang/zh-cn.php
[ info ] [ LANG ] /www/wwwroot/pingshen/application/admin//lang/zh-cn.php
[ info ] [ ROUTE ] array (
)
[ info ] [ HEADER ] array (
  'cookie' => 'skin=0; __guid=45053733.1572487957701119200.1577856578164.2122; PHPSESSID=6u5e23rllh4tn4v6e23eakfjvv; monitor_count=2',
  'accept-language' => 'zh-CN,zh;q=0.9',
  'accept-encoding' => 'gzip, deflate, br',
  'referer' => 'https://pingshen.hbhb.vip/admin/users/userlist.html',
  'content-type' => 'application/x-www-form-urlencoded; charset=UTF-8',
  'user-agent' => 'Mozilla/5.0 (Windows NT 6.1; WOW64) AppleWebKit/537.36 (KHTML, like Gecko) Chrome/63.0.3239.132 Safari/537.36',
  'x-requested-with' => 'XMLHttpRequest',
  'origin' => 'https://pingshen.hbhb.vip',
  'accept' => 'application/json, text/javascript, */*; q=0.01',
  'content-length' => '15',
  'host' => 'pingshen.hbhb.vip',
)
[ info ] [ PARAM ] array (
  'page' => '1',
  'limit' => '10',
)
[ info ] [ DB ] INIT mysql
[ sql ] [ DB ] CONNECT:[ UseTime:0.009592s ] mysql:host=47.97.169.58;port=3306;dbname=pingshen;charset=utf8
[ sql ] [ SQL ] SHOW COLUMNS FROM `users` [ RunTime:0.007686s ]
[ sql ] [ SQL ] SELECT * FROM `users` WHERE  ( `nickname` LIKE '%%' OR `email` LIKE '%%' OR `mobile` LIKE '%%' ) [ RunTime:0.006599s ]
---------------------------------------------------------------
[2020-01-14T12:04:36+08:00] 122.233.109.223 POST pingshen.hbhb.vip/admin/users/userstate.html
[运行时间：0.052722s] [吞吐率：18.97req/s] [内存消耗：3,074.99kb] [文件加载：79]
[ info ] [ LANG ] /www/wwwroot/pingshen/thinkphp/lang/zh-cn.php
[ info ] [ LANG ] /www/wwwroot/pingshen/application/admin//lang/zh-cn.php
[ info ] [ ROUTE ] array (
)
[ info ] [ HEADER ] array (
  'cookie' => 'skin=0; __guid=45053733.1572487957701119200.1577856578164.2122; PHPSESSID=6u5e23rllh4tn4v6e23eakfjvv; monitor_count=2',
  'accept-language' => 'zh-CN,zh;q=0.9',
  'accept-encoding' => 'gzip, deflate, br',
  'referer' => 'https://pingshen.hbhb.vip/admin/users/userlist.html',
  'content-type' => 'application/x-www-form-urlencoded; charset=UTF-8',
  'user-agent' => 'Mozilla/5.0 (Windows NT 6.1; WOW64) AppleWebKit/537.36 (KHTML, like Gecko) Chrome/63.0.3239.132 Safari/537.36',
  'x-requested-with' => 'XMLHttpRequest',
  'origin' => 'https://pingshen.hbhb.vip',
  'accept' => '*/*',
  'content-length' => '14',
  'host' => 'pingshen.hbhb.vip',
)
[ info ] [ PARAM ] array (
  'id' => '13',
  'status' => '1',
)
[ info ] [ DB ] INIT mysql
[ sql ] [ DB ] CONNECT:[ UseTime:0.009263s ] mysql:host=47.97.169.58;port=3306;dbname=pingshen;charset=utf8
[ sql ] [ SQL ] SHOW COLUMNS FROM `users` [ RunTime:0.007615s ]
[ sql ] [ SQL ] UPDATE `users`  SET `status` = 1  WHERE  ( id=13 ) [ RunTime:0.008926s ]
---------------------------------------------------------------
[2020-01-14T12:04:36+08:00] 122.233.109.223 POST pingshen.hbhb.vip/admin/users/userlist.html
[运行时间：0.049205s] [吞吐率：20.32req/s] [内存消耗：3,104.55kb] [文件加载：77]
[ info ] [ LANG ] /www/wwwroot/pingshen/thinkphp/lang/zh-cn.php
[ info ] [ LANG ] /www/wwwroot/pingshen/application/admin//lang/zh-cn.php
[ info ] [ ROUTE ] array (
)
[ info ] [ HEADER ] array (
  'cookie' => 'skin=0; __guid=45053733.1572487957701119200.1577856578164.2122; PHPSESSID=6u5e23rllh4tn4v6e23eakfjvv; monitor_count=2',
  'accept-language' => 'zh-CN,zh;q=0.9',
  'accept-encoding' => 'gzip, deflate, br',
  'referer' => 'https://pingshen.hbhb.vip/admin/users/userlist.html',
  'content-type' => 'application/x-www-form-urlencoded; charset=UTF-8',
  'user-agent' => 'Mozilla/5.0 (Windows NT 6.1; WOW64) AppleWebKit/537.36 (KHTML, like Gecko) Chrome/63.0.3239.132 Safari/537.36',
  'x-requested-with' => 'XMLHttpRequest',
  'origin' => 'https://pingshen.hbhb.vip',
  'accept' => 'application/json, text/javascript, */*; q=0.01',
  'content-length' => '15',
  'host' => 'pingshen.hbhb.vip',
)
[ info ] [ PARAM ] array (
  'page' => '1',
  'limit' => '10',
)
[ info ] [ DB ] INIT mysql
[ sql ] [ DB ] CONNECT:[ UseTime:0.009119s ] mysql:host=47.97.169.58;port=3306;dbname=pingshen;charset=utf8
[ sql ] [ SQL ] SHOW COLUMNS FROM `users` [ RunTime:0.007547s ]
[ sql ] [ SQL ] SELECT * FROM `users` WHERE  ( `nickname` LIKE '%%' OR `email` LIKE '%%' OR `mobile` LIKE '%%' ) [ RunTime:0.006251s ]
---------------------------------------------------------------
[2020-01-14T12:04:36+08:00] 122.233.109.223 POST pingshen.hbhb.vip/admin/users/userstate.html
[运行时间：0.053369s] [吞吐率：18.74req/s] [内存消耗：3,074.96kb] [文件加载：79]
[ info ] [ LANG ] /www/wwwroot/pingshen/thinkphp/lang/zh-cn.php
[ info ] [ LANG ] /www/wwwroot/pingshen/application/admin//lang/zh-cn.php
[ info ] [ ROUTE ] array (
)
[ info ] [ HEADER ] array (
  'cookie' => 'skin=0; __guid=45053733.1572487957701119200.1577856578164.2122; PHPSESSID=6u5e23rllh4tn4v6e23eakfjvv; monitor_count=2',
  'accept-language' => 'zh-CN,zh;q=0.9',
  'accept-encoding' => 'gzip, deflate, br',
  'referer' => 'https://pingshen.hbhb.vip/admin/users/userlist.html',
  'content-type' => 'application/x-www-form-urlencoded; charset=UTF-8',
  'user-agent' => 'Mozilla/5.0 (Windows NT 6.1; WOW64) AppleWebKit/537.36 (KHTML, like Gecko) Chrome/63.0.3239.132 Safari/537.36',
  'x-requested-with' => 'XMLHttpRequest',
  'origin' => 'https://pingshen.hbhb.vip',
  'accept' => '*/*',
  'content-length' => '13',
  'host' => 'pingshen.hbhb.vip',
)
[ info ] [ PARAM ] array (
  'id' => '3',
  'status' => '0',
)
[ info ] [ DB ] INIT mysql
[ sql ] [ DB ] CONNECT:[ UseTime:0.009747s ] mysql:host=47.97.169.58;port=3306;dbname=pingshen;charset=utf8
[ sql ] [ SQL ] SHOW COLUMNS FROM `users` [ RunTime:0.007884s ]
[ sql ] [ SQL ] UPDATE `users`  SET `status` = 0  WHERE  ( id=3 ) [ RunTime:0.008837s ]
---------------------------------------------------------------
[2020-01-14T12:04:36+08:00] 122.233.109.223 POST pingshen.hbhb.vip/admin/users/userlist.html
[运行时间：0.049707s] [吞吐率：20.12req/s] [内存消耗：3,104.55kb] [文件加载：77]
[ info ] [ LANG ] /www/wwwroot/pingshen/thinkphp/lang/zh-cn.php
[ info ] [ LANG ] /www/wwwroot/pingshen/application/admin//lang/zh-cn.php
[ info ] [ ROUTE ] array (
)
[ info ] [ HEADER ] array (
  'cookie' => 'skin=0; __guid=45053733.1572487957701119200.1577856578164.2122; PHPSESSID=6u5e23rllh4tn4v6e23eakfjvv; monitor_count=2',
  'accept-language' => 'zh-CN,zh;q=0.9',
  'accept-encoding' => 'gzip, deflate, br',
  'referer' => 'https://pingshen.hbhb.vip/admin/users/userlist.html',
  'content-type' => 'application/x-www-form-urlencoded; charset=UTF-8',
  'user-agent' => 'Mozilla/5.0 (Windows NT 6.1; WOW64) AppleWebKit/537.36 (KHTML, like Gecko) Chrome/63.0.3239.132 Safari/537.36',
  'x-requested-with' => 'XMLHttpRequest',
  'origin' => 'https://pingshen.hbhb.vip',
  'accept' => 'application/json, text/javascript, */*; q=0.01',
  'content-length' => '15',
  'host' => 'pingshen.hbhb.vip',
)
[ info ] [ PARAM ] array (
  'page' => '1',
  'limit' => '10',
)
[ info ] [ DB ] INIT mysql
[ sql ] [ DB ] CONNECT:[ UseTime:0.009310s ] mysql:host=47.97.169.58;port=3306;dbname=pingshen;charset=utf8
[ sql ] [ SQL ] SHOW COLUMNS FROM `users` [ RunTime:0.007696s ]
[ sql ] [ SQL ] SELECT * FROM `users` WHERE  ( `nickname` LIKE '%%' OR `email` LIKE '%%' OR `mobile` LIKE '%%' ) [ RunTime:0.006412s ]
---------------------------------------------------------------
[2020-01-14T12:04:37+08:00] 122.233.109.223 POST pingshen.hbhb.vip/admin/users/userstate.html
[运行时间：0.052799s] [吞吐率：18.94req/s] [内存消耗：3,074.96kb] [文件加载：79]
[ info ] [ LANG ] /www/wwwroot/pingshen/thinkphp/lang/zh-cn.php
[ info ] [ LANG ] /www/wwwroot/pingshen/application/admin//lang/zh-cn.php
[ info ] [ ROUTE ] array (
)
[ info ] [ HEADER ] array (
  'cookie' => 'skin=0; __guid=45053733.1572487957701119200.1577856578164.2122; PHPSESSID=6u5e23rllh4tn4v6e23eakfjvv; monitor_count=2',
  'accept-language' => 'zh-CN,zh;q=0.9',
  'accept-encoding' => 'gzip, deflate, br',
  'referer' => 'https://pingshen.hbhb.vip/admin/users/userlist.html',
  'content-type' => 'application/x-www-form-urlencoded; charset=UTF-8',
  'user-agent' => 'Mozilla/5.0 (Windows NT 6.1; WOW64) AppleWebKit/537.36 (KHTML, like Gecko) Chrome/63.0.3239.132 Safari/537.36',
  'x-requested-with' => 'XMLHttpRequest',
  'origin' => 'https://pingshen.hbhb.vip',
  'accept' => '*/*',
  'content-length' => '13',
  'host' => 'pingshen.hbhb.vip',
)
[ info ] [ PARAM ] array (
  'id' => '3',
  'status' => '1',
)
[ info ] [ DB ] INIT mysql
[ sql ] [ DB ] CONNECT:[ UseTime:0.009026s ] mysql:host=47.97.169.58;port=3306;dbname=pingshen;charset=utf8
[ sql ] [ SQL ] SHOW COLUMNS FROM `users` [ RunTime:0.007372s ]
[ sql ] [ SQL ] UPDATE `users`  SET `status` = 1  WHERE  ( id=3 ) [ RunTime:0.008850s ]
---------------------------------------------------------------
[2020-01-14T12:04:37+08:00] 122.233.109.223 POST pingshen.hbhb.vip/admin/users/userlist.html
[运行时间：0.049465s] [吞吐率：20.22req/s] [内存消耗：3,104.55kb] [文件加载：77]
[ info ] [ LANG ] /www/wwwroot/pingshen/thinkphp/lang/zh-cn.php
[ info ] [ LANG ] /www/wwwroot/pingshen/application/admin//lang/zh-cn.php
[ info ] [ ROUTE ] array (
)
[ info ] [ HEADER ] array (
  'cookie' => 'skin=0; __guid=45053733.1572487957701119200.1577856578164.2122; PHPSESSID=6u5e23rllh4tn4v6e23eakfjvv; monitor_count=2',
  'accept-language' => 'zh-CN,zh;q=0.9',
  'accept-encoding' => 'gzip, deflate, br',
  'referer' => 'https://pingshen.hbhb.vip/admin/users/userlist.html',
  'content-type' => 'application/x-www-form-urlencoded; charset=UTF-8',
  'user-agent' => 'Mozilla/5.0 (Windows NT 6.1; WOW64) AppleWebKit/537.36 (KHTML, like Gecko) Chrome/63.0.3239.132 Safari/537.36',
  'x-requested-with' => 'XMLHttpRequest',
  'origin' => 'https://pingshen.hbhb.vip',
  'accept' => 'application/json, text/javascript, */*; q=0.01',
  'content-length' => '15',
  'host' => 'pingshen.hbhb.vip',
)
[ info ] [ PARAM ] array (
  'page' => '1',
  'limit' => '10',
)
[ info ] [ DB ] INIT mysql
[ sql ] [ DB ] CONNECT:[ UseTime:0.009391s ] mysql:host=47.97.169.58;port=3306;dbname=pingshen;charset=utf8
[ sql ] [ SQL ] SHOW COLUMNS FROM `users` [ RunTime:0.007634s ]
[ sql ] [ SQL ] SELECT * FROM `users` WHERE  ( `nickname` LIKE '%%' OR `email` LIKE '%%' OR `mobile` LIKE '%%' ) [ RunTime:0.006468s ]
---------------------------------------------------------------
[2020-01-14T12:04:39+08:00] 122.233.109.223 POST pingshen.hbhb.vip/admin/users/userstate.html
[运行时间：0.053019s] [吞吐率：18.86req/s] [内存消耗：3,074.99kb] [文件加载：79]
[ info ] [ LANG ] /www/wwwroot/pingshen/thinkphp/lang/zh-cn.php
[ info ] [ LANG ] /www/wwwroot/pingshen/application/admin//lang/zh-cn.php
[ info ] [ ROUTE ] array (
)
[ info ] [ HEADER ] array (
  'cookie' => 'skin=0; __guid=45053733.1572487957701119200.1577856578164.2122; PHPSESSID=6u5e23rllh4tn4v6e23eakfjvv; monitor_count=2',
  'accept-language' => 'zh-CN,zh;q=0.9',
  'accept-encoding' => 'gzip, deflate, br',
  'referer' => 'https://pingshen.hbhb.vip/admin/users/userlist.html',
  'content-type' => 'application/x-www-form-urlencoded; charset=UTF-8',
  'user-agent' => 'Mozilla/5.0 (Windows NT 6.1; WOW64) AppleWebKit/537.36 (KHTML, like Gecko) Chrome/63.0.3239.132 Safari/537.36',
  'x-requested-with' => 'XMLHttpRequest',
  'origin' => 'https://pingshen.hbhb.vip',
  'accept' => '*/*',
  'content-length' => '14',
  'host' => 'pingshen.hbhb.vip',
)
[ info ] [ PARAM ] array (
  'id' => '14',
  'status' => '1',
)
[ info ] [ DB ] INIT mysql
[ sql ] [ DB ] CONNECT:[ UseTime:0.009279s ] mysql:host=47.97.169.58;port=3306;dbname=pingshen;charset=utf8
[ sql ] [ SQL ] SHOW COLUMNS FROM `users` [ RunTime:0.007524s ]
[ sql ] [ SQL ] UPDATE `users`  SET `status` = 1  WHERE  ( id=14 ) [ RunTime:0.008526s ]
---------------------------------------------------------------
[2020-01-14T12:04:39+08:00] 122.233.109.223 POST pingshen.hbhb.vip/admin/users/userlist.html
[运行时间：0.048681s] [吞吐率：20.54req/s] [内存消耗：3,104.55kb] [文件加载：77]
[ info ] [ LANG ] /www/wwwroot/pingshen/thinkphp/lang/zh-cn.php
[ info ] [ LANG ] /www/wwwroot/pingshen/application/admin//lang/zh-cn.php
[ info ] [ ROUTE ] array (
)
[ info ] [ HEADER ] array (
  'cookie' => 'skin=0; __guid=45053733.1572487957701119200.1577856578164.2122; PHPSESSID=6u5e23rllh4tn4v6e23eakfjvv; monitor_count=2',
  'accept-language' => 'zh-CN,zh;q=0.9',
  'accept-encoding' => 'gzip, deflate, br',
  'referer' => 'https://pingshen.hbhb.vip/admin/users/userlist.html',
  'content-type' => 'application/x-www-form-urlencoded; charset=UTF-8',
  'user-agent' => 'Mozilla/5.0 (Windows NT 6.1; WOW64) AppleWebKit/537.36 (KHTML, like Gecko) Chrome/63.0.3239.132 Safari/537.36',
  'x-requested-with' => 'XMLHttpRequest',
  'origin' => 'https://pingshen.hbhb.vip',
  'accept' => 'application/json, text/javascript, */*; q=0.01',
  'content-length' => '15',
  'host' => 'pingshen.hbhb.vip',
)
[ info ] [ PARAM ] array (
  'page' => '1',
  'limit' => '10',
)
[ info ] [ DB ] INIT mysql
[ sql ] [ DB ] CONNECT:[ UseTime:0.008908s ] mysql:host=47.97.169.58;port=3306;dbname=pingshen;charset=utf8
[ sql ] [ SQL ] SHOW COLUMNS FROM `users` [ RunTime:0.007426s ]
[ sql ] [ SQL ] SELECT * FROM `users` WHERE  ( `nickname` LIKE '%%' OR `email` LIKE '%%' OR `mobile` LIKE '%%' ) [ RunTime:0.006203s ]
---------------------------------------------------------------
[2020-01-14T12:04:40+08:00] 122.233.109.223 POST pingshen.hbhb.vip/admin/users/userstate.html
[运行时间：0.052765s] [吞吐率：18.95req/s] [内存消耗：3,074.99kb] [文件加载：79]
[ info ] [ LANG ] /www/wwwroot/pingshen/thinkphp/lang/zh-cn.php
[ info ] [ LANG ] /www/wwwroot/pingshen/application/admin//lang/zh-cn.php
[ info ] [ ROUTE ] array (
)
[ info ] [ HEADER ] array (
  'cookie' => 'skin=0; __guid=45053733.1572487957701119200.1577856578164.2122; PHPSESSID=6u5e23rllh4tn4v6e23eakfjvv; monitor_count=2',
  'accept-language' => 'zh-CN,zh;q=0.9',
  'accept-encoding' => 'gzip, deflate, br',
  'referer' => 'https://pingshen.hbhb.vip/admin/users/userlist.html',
  'content-type' => 'application/x-www-form-urlencoded; charset=UTF-8',
  'user-agent' => 'Mozilla/5.0 (Windows NT 6.1; WOW64) AppleWebKit/537.36 (KHTML, like Gecko) Chrome/63.0.3239.132 Safari/537.36',
  'x-requested-with' => 'XMLHttpRequest',
  'origin' => 'https://pingshen.hbhb.vip',
  'accept' => '*/*',
  'content-length' => '14',
  'host' => 'pingshen.hbhb.vip',
)
[ info ] [ PARAM ] array (
  'id' => '15',
  'status' => '1',
)
[ info ] [ DB ] INIT mysql
[ sql ] [ DB ] CONNECT:[ UseTime:0.009032s ] mysql:host=47.97.169.58;port=3306;dbname=pingshen;charset=utf8
[ sql ] [ SQL ] SHOW COLUMNS FROM `users` [ RunTime:0.007362s ]
[ sql ] [ SQL ] UPDATE `users`  SET `status` = 1  WHERE  ( id=15 ) [ RunTime:0.008797s ]
---------------------------------------------------------------
[2020-01-14T12:04:40+08:00] 122.233.109.223 POST pingshen.hbhb.vip/admin/users/userlist.html
[运行时间：0.050149s] [吞吐率：19.94req/s] [内存消耗：3,104.55kb] [文件加载：77]
[ info ] [ LANG ] /www/wwwroot/pingshen/thinkphp/lang/zh-cn.php
[ info ] [ LANG ] /www/wwwroot/pingshen/application/admin//lang/zh-cn.php
[ info ] [ ROUTE ] array (
)
[ info ] [ HEADER ] array (
  'cookie' => 'skin=0; __guid=45053733.1572487957701119200.1577856578164.2122; PHPSESSID=6u5e23rllh4tn4v6e23eakfjvv; monitor_count=2',
  'accept-language' => 'zh-CN,zh;q=0.9',
  'accept-encoding' => 'gzip, deflate, br',
  'referer' => 'https://pingshen.hbhb.vip/admin/users/userlist.html',
  'content-type' => 'application/x-www-form-urlencoded; charset=UTF-8',
  'user-agent' => 'Mozilla/5.0 (Windows NT 6.1; WOW64) AppleWebKit/537.36 (KHTML, like Gecko) Chrome/63.0.3239.132 Safari/537.36',
  'x-requested-with' => 'XMLHttpRequest',
  'origin' => 'https://pingshen.hbhb.vip',
  'accept' => 'application/json, text/javascript, */*; q=0.01',
  'content-length' => '15',
  'host' => 'pingshen.hbhb.vip',
)
[ info ] [ PARAM ] array (
  'page' => '1',
  'limit' => '10',
)
[ info ] [ DB ] INIT mysql
[ sql ] [ DB ] CONNECT:[ UseTime:0.009673s ] mysql:host=47.97.169.58;port=3306;dbname=pingshen;charset=utf8
[ sql ] [ SQL ] SHOW COLUMNS FROM `users` [ RunTime:0.007787s ]
[ sql ] [ SQL ] SELECT * FROM `users` WHERE  ( `nickname` LIKE '%%' OR `email` LIKE '%%' OR `mobile` LIKE '%%' ) [ RunTime:0.006711s ]
---------------------------------------------------------------
[2020-01-14T12:56:05+08:00] 124.160.213.237 POST pingshen.hbhb.vip/api/users/wxlogin
[运行时间：0.195806s] [吞吐率：5.11req/s] [内存消耗：3,848.55kb] [文件加载：92]
[ info ] [ LANG ] /www/wwwroot/pingshen/thinkphp/lang/zh-cn.php
[ info ] [ ROUTE ] array (
)
[ info ] [ HEADER ] array (
  'accept-encoding' => 'gzip, deflate, br',
  'referer' => 'https://servicewechat.com/wx700e406bf204d191/0/page-frame.html',
  'user-agent' => 'Mozilla/5.0 (iPhone; CPU iPhone OS 13_3 like Mac OS X) AppleWebKit/605.1.15 (KHTML, like Gecko) Mobile/15E148 MicroMessenger/7.0.10(0x17000a21) NetType/4G Language/zh_CN',
  'accept-language' => 'zh-cn',
  'content-length' => '43',
  'content-type' => 'application/json',
  'accept' => '*/*',
  'host' => 'pingshen.hbhb.vip',
)
[ info ] [ PARAM ] array (
  'code' => '013MF7Pn09FM2n1UZ6Pn0AZ2Pn0MF7P5',
)
[ info ] [ DB ] INIT mysql
[ error ] [8]未定义数组索引: openid[/www/wwwroot/pingshen/application/api/controller/Base.php:33]
[ error ] [8]未定义数组索引: errcode[/www/wwwroot/pingshen/application/api/controller/Users.php:28]
[ error ] [8]未定义数组索引: errcode[/www/wwwroot/pingshen/application/api/controller/Users.php:28]
[ error ] [8192]Non-static method app\api\model\Token::create_unique() should not be called statically[/www/wwwroot/pingshen/application/api/model/Token.php:37]
[ sql ] [ DB ] CONNECT:[ UseTime:0.008891s ] mysql:host=47.97.169.58;port=3306;dbname=pingshen;charset=utf8
[ sql ] [ SQL ] SHOW COLUMNS FROM `weixin_user` [ RunTime:0.007330s ]
[ sql ] [ SQL ] SELECT * FROM `weixin_user` WHERE  `openid` = 'oqBTY5c4u9KjfZDCei9o0qbF_hKg' LIMIT 1 [ RunTime:0.005972s ]
[ sql ] [ SQL ] SHOW COLUMNS FROM `users` [ RunTime:0.006950s ]
[ sql ] [ SQL ] SELECT * FROM `users` WHERE  `id` = 3 LIMIT 1 [ RunTime:0.005990s ]
---------------------------------------------------------------
[2020-01-14T12:56:05+08:00] 124.160.213.237 POST pingshen.hbhb.vip/api/department/departList
[运行时间：0.059984s] [吞吐率：16.67req/s] [内存消耗：3,413.32kb] [文件加载：83]
[ info ] [ LANG ] /www/wwwroot/pingshen/thinkphp/lang/zh-cn.php
[ info ] [ ROUTE ] array (
)
[ info ] [ HEADER ] array (
  'accept-encoding' => 'gzip, deflate, br',
  'referer' => 'https://servicewechat.com/wx700e406bf204d191/0/page-frame.html',
  'user-agent' => 'Mozilla/5.0 (iPhone; CPU iPhone OS 13_3 like Mac OS X) AppleWebKit/605.1.15 (KHTML, like Gecko) Mobile/15E148 MicroMessenger/7.0.10(0x17000a21) NetType/4G Language/zh_CN',
  'accept-language' => 'zh-cn',
  'content-length' => '52',
  'content-type' => 'application/json',
  'accept' => '*/*',
  'host' => 'pingshen.hbhb.vip',
)
[ info ] [ PARAM ] array (
  'token' => '307220de1a3470879b121a85b7ae670cefb62e7e',
)
[ info ] [ DB ] INIT mysql
[ error ] [8]未定义数组索引: openid[/www/wwwroot/pingshen/application/api/controller/Base.php:33]
[ sql ] [ DB ] CONNECT:[ UseTime:0.009063s ] mysql:host=47.97.169.58;port=3306;dbname=pingshen;charset=utf8
[ sql ] [ SQL ] SHOW COLUMNS FROM `department` [ RunTime:0.007189s ]
[ sql ] [ SQL ] SELECT COUNT(*) AS tp_count FROM `department` ORDER BY `sort` DESC,`id` ASC [ RunTime:0.006015s ]
[ sql ] [ SQL ] SELECT `id`,`class_name` FROM `department` ORDER BY `sort` DESC,`id` ASC LIMIT 0,12 [ RunTime:0.006043s ]
---------------------------------------------------------------
[2020-01-14T12:56:05+08:00] 124.160.213.237 POST pingshen.hbhb.vip/api/standard/standList
[运行时间：0.100987s] [吞吐率：9.90req/s] [内存消耗：3,870.33kb] [文件加载：92]
[ info ] [ LANG ] /www/wwwroot/pingshen/thinkphp/lang/zh-cn.php
[ info ] [ ROUTE ] array (
)
[ info ] [ HEADER ] array (
  'accept-encoding' => 'gzip, deflate, br',
  'referer' => 'https://servicewechat.com/wx700e406bf204d191/0/page-frame.html',
  'user-agent' => 'Mozilla/5.0 (iPhone; CPU iPhone OS 13_3 like Mac OS X) AppleWebKit/605.1.15 (KHTML, like Gecko) Mobile/15E148 MicroMessenger/7.0.10(0x17000a21) NetType/4G Language/zh_CN',
  'accept-language' => 'zh-cn',
  'content-length' => '52',
  'content-type' => 'application/json',
  'accept' => '*/*',
  'host' => 'pingshen.hbhb.vip',
)
[ info ] [ PARAM ] array (
  'token' => '307220de1a3470879b121a85b7ae670cefb62e7e',
)
[ info ] [ DB ] INIT mysql
[ error ] [8]未定义数组索引: openid[/www/wwwroot/pingshen/application/api/controller/Base.php:33]
[ sql ] [ DB ] CONNECT:[ UseTime:0.009233s ] mysql:host=47.97.169.58;port=3306;dbname=pingshen;charset=utf8
[ sql ] [ SQL ] SHOW COLUMNS FROM `users` [ RunTime:0.007513s ]
[ sql ] [ SQL ] SELECT * FROM `users` WHERE  `id` = 3 LIMIT 1 [ RunTime:0.006276s ]
[ sql ] [ SQL ] SHOW COLUMNS FROM `weixin_user` [ RunTime:0.007120s ]
[ sql ] [ SQL ] SELECT * FROM `weixin_user` WHERE  `userid` = 3 ORDER BY `id` DESC LIMIT 1 [ RunTime:0.006183s ]
[ sql ] [ SQL ] SHOW COLUMNS FROM `standard` [ RunTime:0.006944s ]
[ sql ] [ SQL ] SELECT COUNT(*) AS tp_count FROM `standard` [ RunTime:0.006070s ]
[ sql ] [ SQL ] SELECT `stand_name`,`stand_text`,`mark` FROM `standard` LIMIT 0,12 [ RunTime:0.006092s ]
[ sql ] [ SQL ] SHOW COLUMNS FROM `achievement` [ RunTime:0.006941s ]
[ sql ] [ SQL ] SELECT `score_detail`,`total_score`,`c_id` FROM `achievement` WHERE  `uid` = 3  AND `status` = 1 [ RunTime:0.006211s ]
---------------------------------------------------------------
[2020-01-14T14:36:53+08:00] 218.205.57.4 POST pingshen.hbhb.vip/api/users/wxlogin
[运行时间：0.334056s] [吞吐率：2.99req/s] [内存消耗：3,848.68kb] [文件加载：92]
[ info ] [ LANG ] /www/wwwroot/pingshen/thinkphp/lang/zh-cn.php
[ info ] [ ROUTE ] array (
)
[ info ] [ HEADER ] array (
  'referer' => 'https://servicewechat.com/wx700e406bf204d191/1/page-frame.html',
  'accept-encoding' => 'gzip',
  'content-type' => 'application/json',
  'user-agent' => 'Mozilla/5.0 (Linux; Android 10; LIO-TL00 Build/HUAWEILIO-TL00; wv) AppleWebKit/537.36 (KHTML, like Gecko) Version/4.0 Chrome/70.0.3538.64 Mobile Safari/537.36 MicroMessenger/7.0.10.1580(0x27000A55) Process/appbrand2 NetType/WIFI Language/zh_CN ABI/arm64',
  'charset' => 'utf-8',
  'content-length' => '43',
  'connection' => 'keep-alive',
  'host' => 'pingshen.hbhb.vip',
)
[ info ] [ PARAM ] array (
  'code' => '021im1he0K8MJv1Mfrie0I3bhe0im1hl',
)
[ info ] [ DB ] INIT mysql
[ error ] [8]未定义数组索引: openid[/www/wwwroot/pingshen/application/api/controller/Base.php:33]
[ error ] [8]未定义数组索引: errcode[/www/wwwroot/pingshen/application/api/controller/Users.php:28]
[ error ] [8]未定义数组索引: errcode[/www/wwwroot/pingshen/application/api/controller/Users.php:28]
[ error ] [8192]Non-static method app\api\model\Token::create_unique() should not be called statically[/www/wwwroot/pingshen/application/api/model/Token.php:37]
[ sql ] [ DB ] CONNECT:[ UseTime:0.009485s ] mysql:host=47.97.169.58;port=3306;dbname=pingshen;charset=utf8
[ sql ] [ SQL ] SHOW COLUMNS FROM `weixin_user` [ RunTime:0.007503s ]
[ sql ] [ SQL ] SELECT * FROM `weixin_user` WHERE  `openid` = 'oqBTY5RzKI0fnv4nAmx6-XrEFs0U' LIMIT 1 [ RunTime:0.006355s ]
[ sql ] [ SQL ] SHOW COLUMNS FROM `users` [ RunTime:0.007480s ]
[ sql ] [ SQL ] SELECT * FROM `users` WHERE  `id` = 15 LIMIT 1 [ RunTime:0.006383s ]
---------------------------------------------------------------
[2020-01-14T14:36:53+08:00] 218.205.57.4 POST pingshen.hbhb.vip/api/department/departList
[运行时间：0.058047s] [吞吐率：17.23req/s] [内存消耗：3,413.45kb] [文件加载：83]
[ info ] [ LANG ] /www/wwwroot/pingshen/thinkphp/lang/zh-cn.php
[ info ] [ ROUTE ] array (
)
[ info ] [ HEADER ] array (
  'referer' => 'https://servicewechat.com/wx700e406bf204d191/1/page-frame.html',
  'accept-encoding' => 'gzip',
  'content-type' => 'application/json',
  'user-agent' => 'Mozilla/5.0 (Linux; Android 10; LIO-TL00 Build/HUAWEILIO-TL00; wv) AppleWebKit/537.36 (KHTML, like Gecko) Version/4.0 Chrome/70.0.3538.64 Mobile Safari/537.36 MicroMessenger/7.0.10.1580(0x27000A55) Process/appbrand2 NetType/WIFI Language/zh_CN ABI/arm64',
  'charset' => 'utf-8',
  'content-length' => '52',
  'connection' => 'keep-alive',
  'host' => 'pingshen.hbhb.vip',
)
[ info ] [ PARAM ] array (
  'token' => 'e16281be0fe7203eb40539bb1dfb43615291d50a',
)
[ info ] [ DB ] INIT mysql
[ error ] [8]未定义数组索引: openid[/www/wwwroot/pingshen/application/api/controller/Base.php:33]
[ sql ] [ DB ] CONNECT:[ UseTime:0.009216s ] mysql:host=47.97.169.58;port=3306;dbname=pingshen;charset=utf8
[ sql ] [ SQL ] SHOW COLUMNS FROM `department` [ RunTime:0.007449s ]
[ sql ] [ SQL ] SELECT COUNT(*) AS tp_count FROM `department` ORDER BY `sort` DESC,`id` ASC [ RunTime:0.006101s ]
[ sql ] [ SQL ] SELECT `id`,`class_name` FROM `department` ORDER BY `sort` DESC,`id` ASC LIMIT 0,12 [ RunTime:0.006105s ]
---------------------------------------------------------------
[2020-01-14T14:36:53+08:00] 218.205.57.4 POST pingshen.hbhb.vip/api/standard/standList
[运行时间：0.098806s] [吞吐率：10.12req/s] [内存消耗：3,834.88kb] [文件加载：92]
[ info ] [ LANG ] /www/wwwroot/pingshen/thinkphp/lang/zh-cn.php
[ info ] [ ROUTE ] array (
)
[ info ] [ HEADER ] array (
  'referer' => 'https://servicewechat.com/wx700e406bf204d191/1/page-frame.html',
  'accept-encoding' => 'gzip',
  'content-type' => 'application/json',
  'user-agent' => 'Mozilla/5.0 (Linux; Android 10; LIO-TL00 Build/HUAWEILIO-TL00; wv) AppleWebKit/537.36 (KHTML, like Gecko) Version/4.0 Chrome/70.0.3538.64 Mobile Safari/537.36 MicroMessenger/7.0.10.1580(0x27000A55) Process/appbrand2 NetType/WIFI Language/zh_CN ABI/arm64',
  'charset' => 'utf-8',
  'content-length' => '52',
  'connection' => 'keep-alive',
  'host' => 'pingshen.hbhb.vip',
)
[ info ] [ PARAM ] array (
  'token' => 'e16281be0fe7203eb40539bb1dfb43615291d50a',
)
[ info ] [ DB ] INIT mysql
[ error ] [8]未定义数组索引: openid[/www/wwwroot/pingshen/application/api/controller/Base.php:33]
[ sql ] [ DB ] CONNECT:[ UseTime:0.008932s ] mysql:host=47.97.169.58;port=3306;dbname=pingshen;charset=utf8
[ sql ] [ SQL ] SHOW COLUMNS FROM `users` [ RunTime:0.007289s ]
[ sql ] [ SQL ] SELECT * FROM `users` WHERE  `id` = 15 LIMIT 1 [ RunTime:0.006116s ]
[ sql ] [ SQL ] SHOW COLUMNS FROM `weixin_user` [ RunTime:0.006784s ]
[ sql ] [ SQL ] SELECT * FROM `weixin_user` WHERE  `userid` = 15 ORDER BY `id` DESC LIMIT 1 [ RunTime:0.005966s ]
[ sql ] [ SQL ] SHOW COLUMNS FROM `standard` [ RunTime:0.006754s ]
[ sql ] [ SQL ] SELECT COUNT(*) AS tp_count FROM `standard` [ RunTime:0.005885s ]
[ sql ] [ SQL ] SELECT `stand_name`,`stand_text`,`mark` FROM `standard` LIMIT 0,12 [ RunTime:0.005900s ]
[ sql ] [ SQL ] SHOW COLUMNS FROM `achievement` [ RunTime:0.006680s ]
[ sql ] [ SQL ] SELECT `score_detail`,`total_score`,`c_id` FROM `achievement` WHERE  `uid` = 15  AND `status` = 1 [ RunTime:0.005941s ]
---------------------------------------------------------------
[2020-01-14T15:04:32+08:00] 223.104.246.61 POST pingshen.hbhb.vip/api/users/wxlogin
[运行时间：0.171775s] [吞吐率：5.82req/s] [内存消耗：3,848.66kb] [文件加载：92]
[ info ] [ LANG ] /www/wwwroot/pingshen/thinkphp/lang/zh-cn.php
[ info ] [ ROUTE ] array (
)
[ info ] [ HEADER ] array (
  'referer' => 'https://servicewechat.com/wx700e406bf204d191/1/page-frame.html',
  'accept-encoding' => 'gzip',
  'content-type' => 'application/json',
  'user-agent' => 'Mozilla/5.0 (Linux; Android 8.1.0; EML-AL00 Build/HUAWEIEML-AL00; wv) AppleWebKit/537.36 (KHTML, like Gecko) Version/4.0 Chrome/68.0.3440.91 Mobile Safari/537.36 MicroMessenger/7.0.10.1580(0x27000A55) Process/appbrand0 NetType/4G Language/zh_CN ABI/arm64',
  'charset' => 'utf-8',
  'content-length' => '43',
  'connection' => 'keep-alive',
  'host' => 'pingshen.hbhb.vip',
)
[ info ] [ PARAM ] array (
  'code' => '021Ahy7A1pCCB90KF98A1mTB7A1Ahy72',
)
[ info ] [ DB ] INIT mysql
[ error ] [8]未定义数组索引: openid[/www/wwwroot/pingshen/application/api/controller/Base.php:33]
[ error ] [8]未定义数组索引: errcode[/www/wwwroot/pingshen/application/api/controller/Users.php:28]
[ error ] [8]未定义数组索引: errcode[/www/wwwroot/pingshen/application/api/controller/Users.php:28]
[ error ] [8192]Non-static method app\api\model\Token::create_unique() should not be called statically[/www/wwwroot/pingshen/application/api/model/Token.php:37]
[ sql ] [ DB ] CONNECT:[ UseTime:0.009073s ] mysql:host=47.97.169.58;port=3306;dbname=pingshen;charset=utf8
[ sql ] [ SQL ] SHOW COLUMNS FROM `weixin_user` [ RunTime:0.007304s ]
[ sql ] [ SQL ] SELECT * FROM `weixin_user` WHERE  `openid` = 'oqBTY5UYTy5-ve3zL1lTiZy5WKKo' LIMIT 1 [ RunTime:0.006116s ]
[ sql ] [ SQL ] SHOW COLUMNS FROM `users` [ RunTime:0.007158s ]
[ sql ] [ SQL ] SELECT * FROM `users` WHERE  `id` = 6 LIMIT 1 [ RunTime:0.006109s ]
---------------------------------------------------------------
[2020-01-14T15:04:32+08:00] 223.104.246.61 POST pingshen.hbhb.vip/api/department/departList
[运行时间：0.057661s] [吞吐率：17.34req/s] [内存消耗：3,413.45kb] [文件加载：83]
[ info ] [ LANG ] /www/wwwroot/pingshen/thinkphp/lang/zh-cn.php
[ info ] [ ROUTE ] array (
)
[ info ] [ HEADER ] array (
  'referer' => 'https://servicewechat.com/wx700e406bf204d191/1/page-frame.html',
  'accept-encoding' => 'gzip',
  'content-type' => 'application/json',
  'user-agent' => 'Mozilla/5.0 (Linux; Android 8.1.0; EML-AL00 Build/HUAWEIEML-AL00; wv) AppleWebKit/537.36 (KHTML, like Gecko) Version/4.0 Chrome/68.0.3440.91 Mobile Safari/537.36 MicroMessenger/7.0.10.1580(0x27000A55) Process/appbrand0 NetType/4G Language/zh_CN ABI/arm64',
  'charset' => 'utf-8',
  'content-length' => '52',
  'connection' => 'keep-alive',
  'host' => 'pingshen.hbhb.vip',
)
[ info ] [ PARAM ] array (
  'token' => '04da90aee7685ba9ee70cd2535d4dc11b9b9b9a9',
)
[ info ] [ DB ] INIT mysql
[ error ] [8]未定义数组索引: openid[/www/wwwroot/pingshen/application/api/controller/Base.php:33]
[ sql ] [ DB ] CONNECT:[ UseTime:0.009270s ] mysql:host=47.97.169.58;port=3306;dbname=pingshen;charset=utf8
[ sql ] [ SQL ] SHOW COLUMNS FROM `department` [ RunTime:0.007387s ]
[ sql ] [ SQL ] SELECT COUNT(*) AS tp_count FROM `department` ORDER BY `sort` DESC,`id` ASC [ RunTime:0.006110s ]
[ sql ] [ SQL ] SELECT `id`,`class_name` FROM `department` ORDER BY `sort` DESC,`id` ASC LIMIT 0,12 [ RunTime:0.006142s ]
---------------------------------------------------------------
[2020-01-14T15:04:32+08:00] 223.104.246.61 POST pingshen.hbhb.vip/api/standard/standList
[运行时间：0.098261s] [吞吐率：10.18req/s] [内存消耗：3,859.84kb] [文件加载：92]
[ info ] [ LANG ] /www/wwwroot/pingshen/thinkphp/lang/zh-cn.php
[ info ] [ ROUTE ] array (
)
[ info ] [ HEADER ] array (
  'referer' => 'https://servicewechat.com/wx700e406bf204d191/1/page-frame.html',
  'accept-encoding' => 'gzip',
  'content-type' => 'application/json',
  'user-agent' => 'Mozilla/5.0 (Linux; Android 8.1.0; EML-AL00 Build/HUAWEIEML-AL00; wv) AppleWebKit/537.36 (KHTML, like Gecko) Version/4.0 Chrome/68.0.3440.91 Mobile Safari/537.36 MicroMessenger/7.0.10.1580(0x27000A55) Process/appbrand0 NetType/4G Language/zh_CN ABI/arm64',
  'charset' => 'utf-8',
  'content-length' => '52',
  'connection' => 'keep-alive',
  'host' => 'pingshen.hbhb.vip',
)
[ info ] [ PARAM ] array (
  'token' => '04da90aee7685ba9ee70cd2535d4dc11b9b9b9a9',
)
[ info ] [ DB ] INIT mysql
[ error ] [8]未定义数组索引: openid[/www/wwwroot/pingshen/application/api/controller/Base.php:33]
[ sql ] [ DB ] CONNECT:[ UseTime:0.008845s ] mysql:host=47.97.169.58;port=3306;dbname=pingshen;charset=utf8
[ sql ] [ SQL ] SHOW COLUMNS FROM `users` [ RunTime:0.007241s ]
[ sql ] [ SQL ] SELECT * FROM `users` WHERE  `id` = 6 LIMIT 1 [ RunTime:0.006040s ]
[ sql ] [ SQL ] SHOW COLUMNS FROM `weixin_user` [ RunTime:0.006871s ]
[ sql ] [ SQL ] SELECT * FROM `weixin_user` WHERE  `userid` = 6 ORDER BY `id` DESC LIMIT 1 [ RunTime:0.005913s ]
[ sql ] [ SQL ] SHOW COLUMNS FROM `standard` [ RunTime:0.006591s ]
[ sql ] [ SQL ] SELECT COUNT(*) AS tp_count FROM `standard` [ RunTime:0.005793s ]
[ sql ] [ SQL ] SELECT `stand_name`,`stand_text`,`mark` FROM `standard` LIMIT 0,12 [ RunTime:0.005831s ]
[ sql ] [ SQL ] SHOW COLUMNS FROM `achievement` [ RunTime:0.006600s ]
[ sql ] [ SQL ] SELECT `score_detail`,`total_score`,`c_id` FROM `achievement` WHERE  `uid` = 6  AND `status` = 1 [ RunTime:0.005933s ]
---------------------------------------------------------------
[2020-01-14T18:52:34+08:00] 180.163.220.3 GET pingshen.hbhb.vip/
[运行时间：0.021646s] [吞吐率：46.20req/s] [内存消耗：2,226.95kb] [文件加载：75]
[ info ] [ LANG ] /www/wwwroot/pingshen/thinkphp/lang/zh-cn.php
[ info ] [ LANG ] /www/wwwroot/pingshen/application/admin//lang/zh-cn.php
[ info ] [ ROUTE ] array (
)
[ info ] [ HEADER ] array (
  'accept-encoding' => 'gzip, deflate',
  'referer' => 'http://baidu.com/',
  'accept' => 'text/html,application/xhtml+xml,application/xml;q=0.9,image/webp,image/apng,*/*;q=0.8',
  'user-agent' => 'Mozilla/5.0 (Linux; U; Android 8.1.0; zh-CN; EML-AL00 Build/HUAWEIEML-AL00) AppleWebKit/537.36 (KHTML, like Gecko) Version/4.0 Chrome/57.0.2987.108 baidu.sogo.uc.UCBrowser/11.9.4.974 UWS/2.13.1.48 Mobile Safari/537.36 AliApp(DingTalk/4.5.11) com.alibaba.android.rimet/10487439 Channel/227200 language/zh-CN',
  'upgrade-insecure-requests' => '1',
  'cache-control' => 'no-cache',
  'pragma' => 'no-cache',
  'host' => 'pingshen.hbhb.vip',
  'content-type' => '',
  'content-length' => '',
)
[ info ] [ PARAM ] array (
)
---------------------------------------------------------------
[2020-01-14T18:52:36+08:00] 180.163.220.3 GET pingshen.hbhb.vip/admin/login/index.html
[运行时间：0.021412s] [吞吐率：46.70req/s] [内存消耗：2,212.35kb] [文件加载：77]
[ info ] [ LANG ] /www/wwwroot/pingshen/thinkphp/lang/zh-cn.php
[ info ] [ LANG ] /www/wwwroot/pingshen/application/admin//lang/zh-cn.php
[ info ] [ ROUTE ] array (
)
[ info ] [ HEADER ] array (
  'cookie' => 'PHPSESSID=s36leq6rpgidiu1svc03cnu9ho',
  'accept-encoding' => 'gzip, deflate',
  'referer' => 'http://baidu.com/',
  'accept' => 'text/html,application/xhtml+xml,application/xml;q=0.9,image/webp,image/apng,*/*;q=0.8',
  'user-agent' => 'Mozilla/5.0 (Linux; U; Android 8.1.0; zh-CN; EML-AL00 Build/HUAWEIEML-AL00) AppleWebKit/537.36 (KHTML, like Gecko) Version/4.0 Chrome/57.0.2987.108 baidu.sogo.uc.UCBrowser/11.9.4.974 UWS/2.13.1.48 Mobile Safari/537.36 AliApp(DingTalk/4.5.11) com.alibaba.android.rimet/10487439 Channel/227200 language/zh-CN',
  'upgrade-insecure-requests' => '1',
  'cache-control' => 'no-cache',
  'pragma' => 'no-cache',
  'host' => 'pingshen.hbhb.vip',
  'content-type' => '',
  'content-length' => '',
)
[ info ] [ PARAM ] array (
)
[ info ] [ VIEW ] /www/wwwroot/pingshen/application/admin/view/login/index.html [ array (
) ]
[ error ] [8]未定义变量: system[/www/wwwroot/pingshen/runtime/temp/b8b184884121afc82a66e9b20efb8822.php:37]
