---------------------------------------------------------------
[2020-01-17T13:33:41+08:00] 122.233.109.223 GET pingshen.hbhb.vip/admin/achievement/acdlist.html?id=18&uid=18&sign=1
[运行时间：0.021756s] [吞吐率：45.96req/s] [内存消耗：2,231.30kb] [文件加载：76]
[ info ] [ LANG ] /www/wwwroot/pingshen/thinkphp/lang/zh-cn.php
[ info ] [ LANG ] /www/wwwroot/pingshen/application/admin//lang/zh-cn.php
[ info ] [ ROUTE ] array (
)
[ info ] [ HEADER ] array (
  'cookie' => 'skin=0; PHPSESSID=qip1mncl9kkvokannsqu8jjmqh',
  'accept-language' => 'zh-CN,zh;q=0.9',
  'accept-encoding' => 'gzip, deflate',
  'referer' => 'http://pingshen.hbhb.vip/admin/achievement/aclist.html',
  'accept' => 'text/html,application/xhtml+xml,application/xml;q=0.9,image/webp,image/apng,*/*;q=0.8',
  'user-agent' => 'Mozilla/5.0 (Macintosh; Intel Mac OS X 10_14_0) AppleWebKit/537.36 (KHTML, like Gecko) Chrome/66.0.3359.181 Safari/537.36',
  'upgrade-insecure-requests' => '1',
  'connection' => 'keep-alive',
  'host' => 'pingshen.hbhb.vip',
  'content-type' => '',
  'content-length' => '',
)
[ info ] [ PARAM ] array (
  'id' => '18',
  'uid' => '18',
  'sign' => '1',
)
[ info ] [ VIEW ] /www/wwwroot/pingshen/application/admin/view/achievement/acdList.html [ array (
  0 => 'uid',
  1 => 'sign',
) ]
---------------------------------------------------------------
[2020-01-17T13:33:41+08:00] 122.233.109.223 POST pingshen.hbhb.vip/admin/achievement/acdlist.html?uid=18&sign=1
[运行时间：0.210872s] [吞吐率：4.74req/s] [内存消耗：3,078.45kb] [文件加载：77]
[ info ] [ LANG ] /www/wwwroot/pingshen/thinkphp/lang/zh-cn.php
[ info ] [ LANG ] /www/wwwroot/pingshen/application/admin//lang/zh-cn.php
[ info ] [ ROUTE ] array (
)
[ info ] [ HEADER ] array (
  'cookie' => 'skin=0; PHPSESSID=qip1mncl9kkvokannsqu8jjmqh',
  'accept-language' => 'zh-CN,zh;q=0.9',
  'accept-encoding' => 'gzip, deflate',
  'referer' => 'http://pingshen.hbhb.vip/admin/achievement/acdlist.html?id=18&uid=18&sign=1',
  'content-type' => 'application/x-www-form-urlencoded; charset=UTF-8',
  'user-agent' => 'Mozilla/5.0 (Macintosh; Intel Mac OS X 10_14_0) AppleWebKit/537.36 (KHTML, like Gecko) Chrome/66.0.3359.181 Safari/537.36',
  'x-requested-with' => 'XMLHttpRequest',
  'origin' => 'http://pingshen.hbhb.vip',
  'accept' => 'application/json, text/javascript, */*; q=0.01',
  'content-length' => '15',
  'connection' => 'keep-alive',
  'host' => 'pingshen.hbhb.vip',
)
[ info ] [ PARAM ] array (
  'uid' => '18',
  'sign' => '1',
  'page' => '1',
  'limit' => '12',
)
[ info ] [ DB ] INIT mysql
[ sql ] [ DB ] CONNECT:[ UseTime:0.008821s ] mysql:host=47.97.169.58;port=3306;dbname=pingshen;charset=utf8
[ sql ] [ SQL ] SHOW COLUMNS FROM `achievement` [ RunTime:0.007142s ]
[ sql ] [ SQL ] SELECT COUNT(*) AS tp_count FROM `achievement` WHERE  `uid` = 18  AND `sign` = '1' [ RunTime:0.005958s ]
[ sql ] [ SQL ] SELECT * FROM `achievement` WHERE  `uid` = 18  AND `sign` = '1' LIMIT 0,12 [ RunTime:0.005998s ]
[ sql ] [ SQL ] SHOW COLUMNS FROM `users` [ RunTime:0.006993s ]
[ sql ] [ SQL ] SELECT `nickname` FROM `users` WHERE  `id` = 18 LIMIT 1 [ RunTime:0.005874s ]
[ sql ] [ SQL ] SHOW COLUMNS FROM `department` [ RunTime:0.006740s ]
[ sql ] [ SQL ] SELECT `class_name` FROM `department` WHERE  `id` = 1 LIMIT 1 [ RunTime:0.005853s ]
[ sql ] [ SQL ] SELECT `nickname` FROM `users` WHERE  `id` = 18 LIMIT 1 [ RunTime:0.005880s ]
[ sql ] [ SQL ] SELECT `class_name` FROM `department` WHERE  `id` = 3 LIMIT 1 [ RunTime:0.005837s ]
[ sql ] [ SQL ] SELECT `nickname` FROM `users` WHERE  `id` = 18 LIMIT 1 [ RunTime:0.005852s ]
[ sql ] [ SQL ] SELECT `class_name` FROM `department` WHERE  `id` = 2 LIMIT 1 [ RunTime:0.005838s ]
[ sql ] [ SQL ] SELECT `nickname` FROM `users` WHERE  `id` = 18 LIMIT 1 [ RunTime:0.005816s ]
[ sql ] [ SQL ] SELECT `class_name` FROM `department` WHERE  `id` = 4 LIMIT 1 [ RunTime:0.005857s ]
[ sql ] [ SQL ] SELECT `nickname` FROM `users` WHERE  `id` = 18 LIMIT 1 [ RunTime:0.005820s ]
[ sql ] [ SQL ] SELECT `class_name` FROM `department` WHERE  `id` = 5 LIMIT 1 [ RunTime:0.005840s ]
[ sql ] [ SQL ] SELECT `nickname` FROM `users` WHERE  `id` = 18 LIMIT 1 [ RunTime:0.005850s ]
[ sql ] [ SQL ] SELECT `class_name` FROM `department` WHERE  `id` = 6 LIMIT 1 [ RunTime:0.005817s ]
[ sql ] [ SQL ] SELECT `nickname` FROM `users` WHERE  `id` = 18 LIMIT 1 [ RunTime:0.005845s ]
[ sql ] [ SQL ] SELECT `class_name` FROM `department` WHERE  `id` = 7 LIMIT 1 [ RunTime:0.005830s ]
[ sql ] [ SQL ] SELECT `nickname` FROM `users` WHERE  `id` = 18 LIMIT 1 [ RunTime:0.005872s ]
[ sql ] [ SQL ] SELECT `class_name` FROM `department` WHERE  `id` = 8 LIMIT 1 [ RunTime:0.005844s ]
[ sql ] [ SQL ] SELECT `nickname` FROM `users` WHERE  `id` = 18 LIMIT 1 [ RunTime:0.005832s ]
[ sql ] [ SQL ] SELECT `class_name` FROM `department` WHERE  `id` = 9 LIMIT 1 [ RunTime:0.005825s ]
[ sql ] [ SQL ] SELECT `nickname` FROM `users` WHERE  `id` = 18 LIMIT 1 [ RunTime:0.005864s ]
[ sql ] [ SQL ] SELECT `class_name` FROM `department` WHERE  `id` = 10 LIMIT 1 [ RunTime:0.005841s ]
[ sql ] [ SQL ] SELECT `nickname` FROM `users` WHERE  `id` = 18 LIMIT 1 [ RunTime:0.005833s ]
[ sql ] [ SQL ] SELECT `class_name` FROM `department` WHERE  `id` = 11 LIMIT 1 [ RunTime:0.005850s ]
[ sql ] [ SQL ] SELECT `nickname` FROM `users` WHERE  `id` = 18 LIMIT 1 [ RunTime:0.005856s ]
[ sql ] [ SQL ] SELECT `class_name` FROM `department` WHERE  `id` = 12 LIMIT 1 [ RunTime:0.005855s ]
---------------------------------------------------------------
[2020-01-17T13:33:52+08:00] 122.233.109.223 GET pingshen.hbhb.vip/admin/achievement/aclist.html
[运行时间：0.021390s] [吞吐率：46.75req/s] [内存消耗：2,229.81kb] [文件加载：76]
[ info ] [ LANG ] /www/wwwroot/pingshen/thinkphp/lang/zh-cn.php
[ info ] [ LANG ] /www/wwwroot/pingshen/application/admin//lang/zh-cn.php
[ info ] [ ROUTE ] array (
)
[ info ] [ HEADER ] array (
  'cookie' => 'skin=0; PHPSESSID=qip1mncl9kkvokannsqu8jjmqh',
  'accept-language' => 'zh-CN,zh;q=0.9',
  'accept-encoding' => 'gzip, deflate',
  'referer' => 'http://pingshen.hbhb.vip/admin/achievement/acdlist.html?id=18&uid=18&sign=1',
  'accept' => 'text/html,application/xhtml+xml,application/xml;q=0.9,image/webp,image/apng,*/*;q=0.8',
  'user-agent' => 'Mozilla/5.0 (Macintosh; Intel Mac OS X 10_14_0) AppleWebKit/537.36 (KHTML, like Gecko) Chrome/66.0.3359.181 Safari/537.36',
  'upgrade-insecure-requests' => '1',
  'connection' => 'keep-alive',
  'host' => 'pingshen.hbhb.vip',
  'content-type' => '',
  'content-length' => '',
)
[ info ] [ PARAM ] array (
)
[ info ] [ VIEW ] /www/wwwroot/pingshen/application/admin/view/achievement/acList.html [ array (
) ]
---------------------------------------------------------------
[2020-01-17T13:33:53+08:00] 122.233.109.223 POST pingshen.hbhb.vip/admin/achievement/aclist.html
[运行时间：0.205746s] [吞吐率：4.86req/s] [内存消耗：3,075.54kb] [文件加载：77]
[ info ] [ LANG ] /www/wwwroot/pingshen/thinkphp/lang/zh-cn.php
[ info ] [ LANG ] /www/wwwroot/pingshen/application/admin//lang/zh-cn.php
[ info ] [ ROUTE ] array (
)
[ info ] [ HEADER ] array (
  'cookie' => 'skin=0; PHPSESSID=qip1mncl9kkvokannsqu8jjmqh',
  'accept-language' => 'zh-CN,zh;q=0.9',
  'accept-encoding' => 'gzip, deflate',
  'referer' => 'http://pingshen.hbhb.vip/admin/achievement/aclist.html',
  'content-type' => 'application/x-www-form-urlencoded; charset=UTF-8',
  'user-agent' => 'Mozilla/5.0 (Macintosh; Intel Mac OS X 10_14_0) AppleWebKit/537.36 (KHTML, like Gecko) Chrome/66.0.3359.181 Safari/537.36',
  'x-requested-with' => 'XMLHttpRequest',
  'origin' => 'http://pingshen.hbhb.vip',
  'accept' => 'application/json, text/javascript, */*; q=0.01',
  'content-length' => '15',
  'connection' => 'keep-alive',
  'host' => 'pingshen.hbhb.vip',
)
[ info ] [ PARAM ] array (
  'page' => '1',
  'limit' => '10',
)
[ info ] [ DB ] INIT mysql
[ sql ] [ DB ] CONNECT:[ UseTime:0.009491s ] mysql:host=47.97.169.58;port=3306;dbname=pingshen;charset=utf8
[ sql ] [ SQL ] SHOW COLUMNS FROM `achievement` [ RunTime:0.007740s ]
[ sql ] [ SQL ] SELECT * FROM `achievement` `a` LEFT JOIN `users` `u` ON `u`.`id`=`a`.`uid` GROUP BY `uid`,`sign` [ RunTime:0.008426s ]
[ sql ] [ SQL ] SHOW COLUMNS FROM `users` [ RunTime:0.007399s ]
[ sql ] [ SQL ] SELECT `nickname` FROM `users` WHERE  `id` = 1 LIMIT 1 [ RunTime:0.006258s ]
[ sql ] [ SQL ] SELECT `nickname` FROM `users` WHERE  `id` = 1 LIMIT 1 [ RunTime:0.006221s ]
[ sql ] [ SQL ] SELECT `nickname` FROM `users` WHERE  `id` = 1 LIMIT 1 [ RunTime:0.006227s ]
[ sql ] [ SQL ] SELECT `nickname` FROM `users` WHERE  `id` = 1 LIMIT 1 [ RunTime:0.006215s ]
[ sql ] [ SQL ] SELECT `nickname` FROM `users` WHERE  `id` = 1 LIMIT 1 [ RunTime:0.006209s ]
[ sql ] [ SQL ] SELECT `nickname` FROM `users` WHERE  `id` = 1 LIMIT 1 [ RunTime:0.006227s ]
[ sql ] [ SQL ] SELECT `nickname` FROM `users` WHERE  `id` = 1 LIMIT 1 [ RunTime:0.006211s ]
[ sql ] [ SQL ] SELECT `nickname` FROM `users` WHERE  `id` = 1 LIMIT 1 [ RunTime:0.006241s ]
[ sql ] [ SQL ] SELECT `nickname` FROM `users` WHERE  `id` = 2 LIMIT 1 [ RunTime:0.006218s ]
[ sql ] [ SQL ] SELECT `nickname` FROM `users` WHERE  `id` = 2 LIMIT 1 [ RunTime:0.006258s ]
[ sql ] [ SQL ] SELECT `nickname` FROM `users` WHERE  `id` = 2 LIMIT 1 [ RunTime:0.006264s ]
[ sql ] [ SQL ] SELECT `nickname` FROM `users` WHERE  `id` = 2 LIMIT 1 [ RunTime:0.006261s ]
[ sql ] [ SQL ] SELECT `nickname` FROM `users` WHERE  `id` = 3 LIMIT 1 [ RunTime:0.006243s ]
[ sql ] [ SQL ] SELECT `nickname` FROM `users` WHERE  `id` = 3 LIMIT 1 [ RunTime:0.006238s ]
[ sql ] [ SQL ] SELECT `nickname` FROM `users` WHERE  `id` = 3 LIMIT 1 [ RunTime:0.006239s ]
[ sql ] [ SQL ] SELECT `nickname` FROM `users` WHERE  `id` = 4 LIMIT 1 [ RunTime:0.006272s ]
[ sql ] [ SQL ] SELECT `nickname` FROM `users` WHERE  `id` = 4 LIMIT 1 [ RunTime:0.006246s ]
[ sql ] [ SQL ] SELECT `nickname` FROM `users` WHERE  `id` = 5 LIMIT 1 [ RunTime:0.006348s ]
[ sql ] [ SQL ] SELECT `nickname` FROM `users` WHERE  `id` = 6 LIMIT 1 [ RunTime:0.006272s ]
[ sql ] [ SQL ] SELECT `nickname` FROM `users` WHERE  `id` = 6 LIMIT 1 [ RunTime:0.006246s ]
[ sql ] [ SQL ] SELECT `nickname` FROM `users` WHERE  `id` = 10 LIMIT 1 [ RunTime:0.006262s ]
[ sql ] [ SQL ] SELECT `nickname` FROM `users` WHERE  `id` = 16 LIMIT 1 [ RunTime:0.006274s ]
[ sql ] [ SQL ] SELECT `nickname` FROM `users` WHERE  `id` = 18 LIMIT 1 [ RunTime:0.006255s ]
---------------------------------------------------------------
[2020-01-17T13:52:32+08:00] 122.233.109.223 GET pingshen.hbhb.vip/admin/achievement/acdlist.html?id=16&uid=16&sign=1
[运行时间：0.021390s] [吞吐率：46.75req/s] [内存消耗：2,231.30kb] [文件加载：76]
[ info ] [ LANG ] /www/wwwroot/pingshen/thinkphp/lang/zh-cn.php
[ info ] [ LANG ] /www/wwwroot/pingshen/application/admin//lang/zh-cn.php
[ info ] [ ROUTE ] array (
)
[ info ] [ HEADER ] array (
  'cookie' => 'skin=0; PHPSESSID=qip1mncl9kkvokannsqu8jjmqh',
  'accept-language' => 'zh-CN,zh;q=0.9',
  'accept-encoding' => 'gzip, deflate',
  'referer' => 'http://pingshen.hbhb.vip/admin/achievement/aclist.html',
  'accept' => 'text/html,application/xhtml+xml,application/xml;q=0.9,image/webp,image/apng,*/*;q=0.8',
  'user-agent' => 'Mozilla/5.0 (Macintosh; Intel Mac OS X 10_14_0) AppleWebKit/537.36 (KHTML, like Gecko) Chrome/66.0.3359.181 Safari/537.36',
  'upgrade-insecure-requests' => '1',
  'connection' => 'keep-alive',
  'host' => 'pingshen.hbhb.vip',
  'content-type' => '',
  'content-length' => '',
)
[ info ] [ PARAM ] array (
  'id' => '16',
  'uid' => '16',
  'sign' => '1',
)
[ info ] [ VIEW ] /www/wwwroot/pingshen/application/admin/view/achievement/acdList.html [ array (
  0 => 'uid',
  1 => 'sign',
) ]
---------------------------------------------------------------
[2020-01-17T13:52:33+08:00] 122.233.109.223 POST pingshen.hbhb.vip/admin/achievement/acdlist.html?uid=16&sign=1
[运行时间：0.214795s] [吞吐率：4.66req/s] [内存消耗：3,078.45kb] [文件加载：77]
[ info ] [ LANG ] /www/wwwroot/pingshen/thinkphp/lang/zh-cn.php
[ info ] [ LANG ] /www/wwwroot/pingshen/application/admin//lang/zh-cn.php
[ info ] [ ROUTE ] array (
)
[ info ] [ HEADER ] array (
  'cookie' => 'skin=0; PHPSESSID=qip1mncl9kkvokannsqu8jjmqh',
  'accept-language' => 'zh-CN,zh;q=0.9',
  'accept-encoding' => 'gzip, deflate',
  'referer' => 'http://pingshen.hbhb.vip/admin/achievement/acdlist.html?id=16&uid=16&sign=1',
  'content-type' => 'application/x-www-form-urlencoded; charset=UTF-8',
  'user-agent' => 'Mozilla/5.0 (Macintosh; Intel Mac OS X 10_14_0) AppleWebKit/537.36 (KHTML, like Gecko) Chrome/66.0.3359.181 Safari/537.36',
  'x-requested-with' => 'XMLHttpRequest',
  'origin' => 'http://pingshen.hbhb.vip',
  'accept' => 'application/json, text/javascript, */*; q=0.01',
  'content-length' => '15',
  'connection' => 'keep-alive',
  'host' => 'pingshen.hbhb.vip',
)
[ info ] [ PARAM ] array (
  'uid' => '16',
  'sign' => '1',
  'page' => '1',
  'limit' => '12',
)
[ info ] [ DB ] INIT mysql
[ sql ] [ DB ] CONNECT:[ UseTime:0.009051s ] mysql:host=47.97.169.58;port=3306;dbname=pingshen;charset=utf8
[ sql ] [ SQL ] SHOW COLUMNS FROM `achievement` [ RunTime:0.007385s ]
[ sql ] [ SQL ] SELECT COUNT(*) AS tp_count FROM `achievement` WHERE  `uid` = 16  AND `sign` = '1' [ RunTime:0.006091s ]
[ sql ] [ SQL ] SELECT * FROM `achievement` WHERE  `uid` = 16  AND `sign` = '1' LIMIT 0,12 [ RunTime:0.006063s ]
[ sql ] [ SQL ] SHOW COLUMNS FROM `users` [ RunTime:0.007080s ]
[ sql ] [ SQL ] SELECT `nickname` FROM `users` WHERE  `id` = 16 LIMIT 1 [ RunTime:0.005965s ]
[ sql ] [ SQL ] SHOW COLUMNS FROM `department` [ RunTime:0.006783s ]
[ sql ] [ SQL ] SELECT `class_name` FROM `department` WHERE  `id` = 1 LIMIT 1 [ RunTime:0.005954s ]
[ sql ] [ SQL ] SELECT `nickname` FROM `users` WHERE  `id` = 16 LIMIT 1 [ RunTime:0.005941s ]
[ sql ] [ SQL ] SELECT `class_name` FROM `department` WHERE  `id` = 3 LIMIT 1 [ RunTime:0.005939s ]
[ sql ] [ SQL ] SELECT `nickname` FROM `users` WHERE  `id` = 16 LIMIT 1 [ RunTime:0.005903s ]
[ sql ] [ SQL ] SELECT `class_name` FROM `department` WHERE  `id` = 2 LIMIT 1 [ RunTime:0.005927s ]
[ sql ] [ SQL ] SELECT `nickname` FROM `users` WHERE  `id` = 16 LIMIT 1 [ RunTime:0.005932s ]
[ sql ] [ SQL ] SELECT `class_name` FROM `department` WHERE  `id` = 4 LIMIT 1 [ RunTime:0.005913s ]
[ sql ] [ SQL ] SELECT `nickname` FROM `users` WHERE  `id` = 16 LIMIT 1 [ RunTime:0.005934s ]
[ sql ] [ SQL ] SELECT `class_name` FROM `department` WHERE  `id` = 5 LIMIT 1 [ RunTime:0.005927s ]
[ sql ] [ SQL ] SELECT `nickname` FROM `users` WHERE  `id` = 16 LIMIT 1 [ RunTime:0.005929s ]
[ sql ] [ SQL ] SELECT `class_name` FROM `department` WHERE  `id` = 6 LIMIT 1 [ RunTime:0.005949s ]
[ sql ] [ SQL ] SELECT `nickname` FROM `users` WHERE  `id` = 16 LIMIT 1 [ RunTime:0.005936s ]
[ sql ] [ SQL ] SELECT `class_name` FROM `department` WHERE  `id` = 7 LIMIT 1 [ RunTime:0.005962s ]
[ sql ] [ SQL ] SELECT `nickname` FROM `users` WHERE  `id` = 16 LIMIT 1 [ RunTime:0.005965s ]
[ sql ] [ SQL ] SELECT `class_name` FROM `department` WHERE  `id` = 8 LIMIT 1 [ RunTime:0.005967s ]
[ sql ] [ SQL ] SELECT `nickname` FROM `users` WHERE  `id` = 16 LIMIT 1 [ RunTime:0.005958s ]
[ sql ] [ SQL ] SELECT `class_name` FROM `department` WHERE  `id` = 9 LIMIT 1 [ RunTime:0.005956s ]
[ sql ] [ SQL ] SELECT `nickname` FROM `users` WHERE  `id` = 16 LIMIT 1 [ RunTime:0.005963s ]
[ sql ] [ SQL ] SELECT `class_name` FROM `department` WHERE  `id` = 10 LIMIT 1 [ RunTime:0.005952s ]
[ sql ] [ SQL ] SELECT `nickname` FROM `users` WHERE  `id` = 16 LIMIT 1 [ RunTime:0.005947s ]
[ sql ] [ SQL ] SELECT `class_name` FROM `department` WHERE  `id` = 11 LIMIT 1 [ RunTime:0.005926s ]
[ sql ] [ SQL ] SELECT `nickname` FROM `users` WHERE  `id` = 16 LIMIT 1 [ RunTime:0.005958s ]
[ sql ] [ SQL ] SELECT `class_name` FROM `department` WHERE  `id` = 12 LIMIT 1 [ RunTime:0.005950s ]
---------------------------------------------------------------
[2020-01-17T15:19:38+08:00] 122.233.109.223 GET pingshen.hbhb.vip/admin/index/index.html
[运行时间：0.054194s] [吞吐率：18.45req/s] [内存消耗：3,140.12kb] [文件加载：84]
[ info ] [ LANG ] /www/wwwroot/pingshen/thinkphp/lang/zh-cn.php
[ info ] [ LANG ] /www/wwwroot/pingshen/application/admin//lang/zh-cn.php
[ info ] [ ROUTE ] array (
)
[ info ] [ HEADER ] array (
  'cookie' => 'skin=0; __guid=45053733.1572487957701119200.1577856578164.2122; PHPSESSID=6u5e23rllh4tn4v6e23eakfjvv',
  'accept-language' => 'zh-CN,zh;q=0.9',
  'accept-encoding' => 'gzip, deflate, br',
  'accept' => 'text/html,application/xhtml+xml,application/xml;q=0.9,image/webp,image/apng,*/*;q=0.8',
  'user-agent' => 'Mozilla/5.0 (Windows NT 6.1; WOW64) AppleWebKit/537.36 (KHTML, like Gecko) Chrome/63.0.3239.132 Safari/537.36',
  'upgrade-insecure-requests' => '1',
  'host' => 'pingshen.hbhb.vip',
  'content-type' => '',
  'content-length' => '',
)
[ info ] [ PARAM ] array (
)
[ info ] [ DB ] INIT mysql
[ info ] [ VIEW ] /www/wwwroot/pingshen/application/admin/view/index/index.html [ array (
  0 => 'menus',
) ]
[ sql ] [ DB ] CONNECT:[ UseTime:0.009691s ] mysql:host=47.97.169.58;port=3306;dbname=pingshen;charset=utf8
[ sql ] [ SQL ] SHOW COLUMNS FROM `auth_rule` [ RunTime:0.007653s ]
[ sql ] [ SQL ] SELECT * FROM `auth_rule` WHERE  ( menustatus=1 ) ORDER BY `sort` [ RunTime:0.006519s ]
---------------------------------------------------------------
[2020-01-17T15:19:38+08:00] 122.233.109.223 GET pingshen.hbhb.vip/uploads/20180625/f266169c2956429d9aaea6cf6f1e51cb.jpg
[运行时间：0.016327s] [吞吐率：61.25req/s] [内存消耗：1,661.92kb] [文件加载：57]
[ info ] [ LANG ] /www/wwwroot/pingshen/thinkphp/lang/zh-cn.php
---------------------------------------------------------------
[2020-01-17T15:19:38+08:00] 122.233.109.223 GET pingshen.hbhb.vip/admin/index/main.html
[运行时间：0.044918s] [吞吐率：22.26req/s] [内存消耗：3,098.35kb] [文件加载：84]
[ info ] [ LANG ] /www/wwwroot/pingshen/thinkphp/lang/zh-cn.php
[ info ] [ LANG ] /www/wwwroot/pingshen/application/admin//lang/zh-cn.php
[ info ] [ ROUTE ] array (
)
[ info ] [ HEADER ] array (
  'cookie' => 'skin=0; __guid=45053733.1572487957701119200.1577856578164.2122; PHPSESSID=6u5e23rllh4tn4v6e23eakfjvv; monitor_count=1',
  'accept-language' => 'zh-CN,zh;q=0.9',
  'accept-encoding' => 'gzip, deflate, br',
  'referer' => 'https://pingshen.hbhb.vip/admin/index/index.html',
  'accept' => 'text/html,application/xhtml+xml,application/xml;q=0.9,image/webp,image/apng,*/*;q=0.8',
  'user-agent' => 'Mozilla/5.0 (Windows NT 6.1; WOW64) AppleWebKit/537.36 (KHTML, like Gecko) Chrome/63.0.3239.132 Safari/537.36',
  'upgrade-insecure-requests' => '1',
  'host' => 'pingshen.hbhb.vip',
  'content-type' => '',
  'content-length' => '',
)
[ info ] [ PARAM ] array (
)
[ info ] [ DB ] INIT mysql
[ info ] [ VIEW ] /www/wwwroot/pingshen/application/admin/view/index/main.html [ array (
  0 => 'config',
) ]
[ sql ] [ DB ] CONNECT:[ UseTime:0.009440s ] mysql:host=47.97.169.58;port=3306;dbname=pingshen;charset=utf8
[ sql ] [ SQL ] SELECT VERSION() AS ver [ RunTime:0.006167s ]
[ error ] [8]未定义数组索引: HTTP_CLIENT_IP[/www/wwwroot/pingshen/application/common.php:227]
[ error ] [8]未定义数组索引: HTTP_X_FORWARDED_FOR[/www/wwwroot/pingshen/application/common.php:229]
---------------------------------------------------------------
[2020-01-17T15:19:42+08:00] 122.233.109.223 GET pingshen.hbhb.vip/admin/users/userlist.html
[运行时间：0.022026s] [吞吐率：45.40req/s] [内存消耗：2,223.90kb] [文件加载：76]
[ info ] [ LANG ] /www/wwwroot/pingshen/thinkphp/lang/zh-cn.php
[ info ] [ LANG ] /www/wwwroot/pingshen/application/admin//lang/zh-cn.php
[ info ] [ ROUTE ] array (
)
[ info ] [ HEADER ] array (
  'cookie' => 'skin=0; __guid=45053733.1572487957701119200.1577856578164.2122; PHPSESSID=6u5e23rllh4tn4v6e23eakfjvv; monitor_count=1',
  'accept-language' => 'zh-CN,zh;q=0.9',
  'accept-encoding' => 'gzip, deflate, br',
  'referer' => 'https://pingshen.hbhb.vip/admin/index/index.html',
  'accept' => 'text/html,application/xhtml+xml,application/xml;q=0.9,image/webp,image/apng,*/*;q=0.8',
  'user-agent' => 'Mozilla/5.0 (Windows NT 6.1; WOW64) AppleWebKit/537.36 (KHTML, like Gecko) Chrome/63.0.3239.132 Safari/537.36',
  'upgrade-insecure-requests' => '1',
  'host' => 'pingshen.hbhb.vip',
  'content-type' => '',
  'content-length' => '',
)
[ info ] [ PARAM ] array (
)
[ info ] [ VIEW ] /www/wwwroot/pingshen/application/admin/view/users/user_list.html [ array (
) ]
---------------------------------------------------------------
[2020-01-17T15:19:42+08:00] 122.233.109.223 POST pingshen.hbhb.vip/admin/users/userlist.html
[运行时间：0.050461s] [吞吐率：19.82req/s] [内存消耗：3,106.09kb] [文件加载：77]
[ info ] [ LANG ] /www/wwwroot/pingshen/thinkphp/lang/zh-cn.php
[ info ] [ LANG ] /www/wwwroot/pingshen/application/admin//lang/zh-cn.php
[ info ] [ ROUTE ] array (
)
[ info ] [ HEADER ] array (
  'cookie' => 'skin=0; __guid=45053733.1572487957701119200.1577856578164.2122; PHPSESSID=6u5e23rllh4tn4v6e23eakfjvv; monitor_count=1',
  'accept-language' => 'zh-CN,zh;q=0.9',
  'accept-encoding' => 'gzip, deflate, br',
  'referer' => 'https://pingshen.hbhb.vip/admin/users/userlist.html',
  'content-type' => 'application/x-www-form-urlencoded; charset=UTF-8',
  'user-agent' => 'Mozilla/5.0 (Windows NT 6.1; WOW64) AppleWebKit/537.36 (KHTML, like Gecko) Chrome/63.0.3239.132 Safari/537.36',
  'x-requested-with' => 'XMLHttpRequest',
  'origin' => 'https://pingshen.hbhb.vip',
  'accept' => 'application/json, text/javascript, */*; q=0.01',
  'content-length' => '15',
  'host' => 'pingshen.hbhb.vip',
)
[ info ] [ PARAM ] array (
  'page' => '1',
  'limit' => '10',
)
[ info ] [ DB ] INIT mysql
[ sql ] [ DB ] CONNECT:[ UseTime:0.009283s ] mysql:host=47.97.169.58;port=3306;dbname=pingshen;charset=utf8
[ sql ] [ SQL ] SHOW COLUMNS FROM `users` [ RunTime:0.007655s ]
[ sql ] [ SQL ] SELECT * FROM `users` WHERE  ( `nickname` LIKE '%%' OR `email` LIKE '%%' OR `mobile` LIKE '%%' ) [ RunTime:0.006386s ]
---------------------------------------------------------------
[2020-01-17T15:24:41+08:00] 122.233.109.223 GET pingshen.hbhb.vip/admin/index/index.html
[运行时间：0.022942s] [吞吐率：43.59req/s] [内存消耗：2,237.13kb] [文件加载：78]
[ info ] [ LANG ] /www/wwwroot/pingshen/thinkphp/lang/zh-cn.php
[ info ] [ LANG ] /www/wwwroot/pingshen/application/admin//lang/zh-cn.php
[ info ] [ ROUTE ] array (
)
[ info ] [ HEADER ] array (
  'cookie' => 'skin=0; __guid=45053733.1572487957701119200.1577856578164.2122; PHPSESSID=6u5e23rllh4tn4v6e23eakfjvv; monitor_count=1',
  'accept-language' => 'zh-CN,zh;q=0.9',
  'accept-encoding' => 'gzip, deflate, br',
  'accept' => 'text/html,application/xhtml+xml,application/xml;q=0.9,image/webp,image/apng,*/*;q=0.8',
  'user-agent' => 'Mozilla/5.0 (Windows NT 6.1; WOW64) AppleWebKit/537.36 (KHTML, like Gecko) Chrome/63.0.3239.132 Safari/537.36',
  'upgrade-insecure-requests' => '1',
  'cache-control' => 'no-cache',
  'pragma' => 'no-cache',
  'host' => 'pingshen.hbhb.vip',
  'content-type' => '',
  'content-length' => '',
)
[ info ] [ PARAM ] array (
)
[ info ] [ VIEW ] /www/wwwroot/pingshen/application/admin/view/index/index.html [ array (
  0 => 'menus',
) ]
---------------------------------------------------------------
[2020-01-17T15:24:41+08:00] 122.233.109.223 GET pingshen.hbhb.vip/uploads/20180625/f266169c2956429d9aaea6cf6f1e51cb.jpg
[运行时间：0.016168s] [吞吐率：61.85req/s] [内存消耗：1,661.92kb] [文件加载：57]
[ info ] [ LANG ] /www/wwwroot/pingshen/thinkphp/lang/zh-cn.php
---------------------------------------------------------------
[2020-01-17T15:24:41+08:00] 122.233.109.223 GET pingshen.hbhb.vip/admin/index/main.html
[运行时间：0.043808s] [吞吐率：22.83req/s] [内存消耗：3,098.42kb] [文件加载：84]
[ info ] [ LANG ] /www/wwwroot/pingshen/thinkphp/lang/zh-cn.php
[ info ] [ LANG ] /www/wwwroot/pingshen/application/admin//lang/zh-cn.php
[ info ] [ ROUTE ] array (
)
[ info ] [ HEADER ] array (
  'cookie' => 'skin=0; __guid=45053733.1572487957701119200.1577856578164.2122; PHPSESSID=6u5e23rllh4tn4v6e23eakfjvv; monitor_count=2',
  'accept-language' => 'zh-CN,zh;q=0.9',
  'accept-encoding' => 'gzip, deflate, br',
  'referer' => 'https://pingshen.hbhb.vip/admin/index/index.html',
  'accept' => 'text/html,application/xhtml+xml,application/xml;q=0.9,image/webp,image/apng,*/*;q=0.8',
  'user-agent' => 'Mozilla/5.0 (Windows NT 6.1; WOW64) AppleWebKit/537.36 (KHTML, like Gecko) Chrome/63.0.3239.132 Safari/537.36',
  'upgrade-insecure-requests' => '1',
  'cache-control' => 'no-cache',
  'pragma' => 'no-cache',
  'host' => 'pingshen.hbhb.vip',
  'content-type' => '',
  'content-length' => '',
)
[ info ] [ PARAM ] array (
)
[ info ] [ DB ] INIT mysql
[ info ] [ VIEW ] /www/wwwroot/pingshen/application/admin/view/index/main.html [ array (
  0 => 'config',
) ]
[ sql ] [ DB ] CONNECT:[ UseTime:0.008967s ] mysql:host=47.97.169.58;port=3306;dbname=pingshen;charset=utf8
[ sql ] [ SQL ] SELECT VERSION() AS ver [ RunTime:0.005891s ]
[ error ] [8]未定义数组索引: HTTP_CLIENT_IP[/www/wwwroot/pingshen/application/common.php:227]
[ error ] [8]未定义数组索引: HTTP_X_FORWARDED_FOR[/www/wwwroot/pingshen/application/common.php:229]
---------------------------------------------------------------
[2020-01-17T15:24:44+08:00] 122.233.109.223 GET pingshen.hbhb.vip/admin/users/userlist.html
[运行时间：0.022088s] [吞吐率：45.27req/s] [内存消耗：2,223.90kb] [文件加载：76]
[ info ] [ LANG ] /www/wwwroot/pingshen/thinkphp/lang/zh-cn.php
[ info ] [ LANG ] /www/wwwroot/pingshen/application/admin//lang/zh-cn.php
[ info ] [ ROUTE ] array (
)
[ info ] [ HEADER ] array (
  'cookie' => 'skin=0; __guid=45053733.1572487957701119200.1577856578164.2122; PHPSESSID=6u5e23rllh4tn4v6e23eakfjvv; monitor_count=2',
  'accept-language' => 'zh-CN,zh;q=0.9',
  'accept-encoding' => 'gzip, deflate, br',
  'referer' => 'https://pingshen.hbhb.vip/admin/index/index.html',
  'accept' => 'text/html,application/xhtml+xml,application/xml;q=0.9,image/webp,image/apng,*/*;q=0.8',
  'user-agent' => 'Mozilla/5.0 (Windows NT 6.1; WOW64) AppleWebKit/537.36 (KHTML, like Gecko) Chrome/63.0.3239.132 Safari/537.36',
  'upgrade-insecure-requests' => '1',
  'host' => 'pingshen.hbhb.vip',
  'content-type' => '',
  'content-length' => '',
)
[ info ] [ PARAM ] array (
)
[ info ] [ VIEW ] /www/wwwroot/pingshen/application/admin/view/users/user_list.html [ array (
) ]
---------------------------------------------------------------
[2020-01-17T15:24:44+08:00] 122.233.109.223 POST pingshen.hbhb.vip/admin/users/userlist.html
[运行时间：0.050157s] [吞吐率：19.94req/s] [内存消耗：3,106.09kb] [文件加载：77]
[ info ] [ LANG ] /www/wwwroot/pingshen/thinkphp/lang/zh-cn.php
[ info ] [ LANG ] /www/wwwroot/pingshen/application/admin//lang/zh-cn.php
[ info ] [ ROUTE ] array (
)
[ info ] [ HEADER ] array (
  'cookie' => 'skin=0; __guid=45053733.1572487957701119200.1577856578164.2122; PHPSESSID=6u5e23rllh4tn4v6e23eakfjvv; monitor_count=2',
  'accept-language' => 'zh-CN,zh;q=0.9',
  'accept-encoding' => 'gzip, deflate, br',
  'referer' => 'https://pingshen.hbhb.vip/admin/users/userlist.html',
  'content-type' => 'application/x-www-form-urlencoded; charset=UTF-8',
  'user-agent' => 'Mozilla/5.0 (Windows NT 6.1; WOW64) AppleWebKit/537.36 (KHTML, like Gecko) Chrome/63.0.3239.132 Safari/537.36',
  'x-requested-with' => 'XMLHttpRequest',
  'origin' => 'https://pingshen.hbhb.vip',
  'accept' => 'application/json, text/javascript, */*; q=0.01',
  'content-length' => '15',
  'host' => 'pingshen.hbhb.vip',
)
[ info ] [ PARAM ] array (
  'page' => '1',
  'limit' => '10',
)
[ info ] [ DB ] INIT mysql
[ sql ] [ DB ] CONNECT:[ UseTime:0.009339s ] mysql:host=47.97.169.58;port=3306;dbname=pingshen;charset=utf8
[ sql ] [ SQL ] SHOW COLUMNS FROM `users` [ RunTime:0.007786s ]
[ sql ] [ SQL ] SELECT * FROM `users` WHERE  ( `nickname` LIKE '%%' OR `email` LIKE '%%' OR `mobile` LIKE '%%' ) [ RunTime:0.006460s ]
