---------------------------------------------------------------
[2020-01-21T13:22:37+08:00] 120.228.78.255 POST pingshen.hbhb.vip/api/users/wxlogin
[运行时间：0.415941s] [吞吐率：2.40req/s] [内存消耗：3,848.55kb] [文件加载：92]
[ info ] [ LANG ] /www/wwwroot/pingshen/thinkphp/lang/zh-cn.php
[ info ] [ ROUTE ] array (
)
[ info ] [ HEADER ] array (
  'accept-encoding' => 'gzip, deflate, br',
  'referer' => 'https://servicewechat.com/wx700e406bf204d191/1/page-frame.html',
  'user-agent' => 'Mozilla/5.0 (iPhone; CPU iPhone OS 13_3 like Mac OS X) AppleWebKit/605.1.15 (KHTML, like Gecko) Mobile/15E148 MicroMessenger/7.0.10(0x17000a21) NetType/WIFI Language/zh_CN',
  'accept-language' => 'zh-cn',
  'content-length' => '43',
  'content-type' => 'application/json',
  'accept' => '*/*',
  'host' => 'pingshen.hbhb.vip',
)
[ info ] [ PARAM ] array (
  'code' => '013FMtth2dAnrD0g5Sqh2u2Lth2FMtti',
)
[ info ] [ DB ] INIT mysql
[ error ] [8]未定义数组索引: openid[/www/wwwroot/pingshen/application/api/controller/Base.php:33]
[ error ] [8]未定义数组索引: errcode[/www/wwwroot/pingshen/application/api/controller/Users.php:28]
[ error ] [8]未定义数组索引: errcode[/www/wwwroot/pingshen/application/api/controller/Users.php:28]
[ error ] [8192]Non-static method app\api\model\Token::create_unique() should not be called statically[/www/wwwroot/pingshen/application/api/model/Token.php:37]
[ sql ] [ DB ] CONNECT:[ UseTime:0.009205s ] mysql:host=47.97.169.58;port=3306;dbname=pingshen;charset=utf8
[ sql ] [ SQL ] SHOW COLUMNS FROM `weixin_user` [ RunTime:0.007525s ]
[ sql ] [ SQL ] SELECT * FROM `weixin_user` WHERE  `openid` = 'oqBTY5c4u9KjfZDCei9o0qbF_hKg' LIMIT 1 [ RunTime:0.006238s ]
[ sql ] [ SQL ] SHOW COLUMNS FROM `users` [ RunTime:0.007226s ]
[ sql ] [ SQL ] SELECT * FROM `users` WHERE  `id` = 3 LIMIT 1 [ RunTime:0.006236s ]
---------------------------------------------------------------
[2020-01-21T13:22:38+08:00] 120.228.78.255 POST pingshen.hbhb.vip/api/department/departList
[运行时间：0.058748s] [吞吐率：17.02req/s] [内存消耗：3,413.81kb] [文件加载：83]
[ info ] [ LANG ] /www/wwwroot/pingshen/thinkphp/lang/zh-cn.php
[ info ] [ ROUTE ] array (
)
[ info ] [ HEADER ] array (
  'accept-encoding' => 'gzip, deflate, br',
  'referer' => 'https://servicewechat.com/wx700e406bf204d191/1/page-frame.html',
  'user-agent' => 'Mozilla/5.0 (iPhone; CPU iPhone OS 13_3 like Mac OS X) AppleWebKit/605.1.15 (KHTML, like Gecko) Mobile/15E148 MicroMessenger/7.0.10(0x17000a21) NetType/WIFI Language/zh_CN',
  'accept-language' => 'zh-cn',
  'content-length' => '52',
  'content-type' => 'application/json',
  'accept' => '*/*',
  'host' => 'pingshen.hbhb.vip',
)
[ info ] [ PARAM ] array (
  'token' => 'b150cd321039c9d356bed2dece4ef7280b889112',
)
[ info ] [ DB ] INIT mysql
[ error ] [8]未定义数组索引: openid[/www/wwwroot/pingshen/application/api/controller/Base.php:33]
[ sql ] [ DB ] CONNECT:[ UseTime:0.009530s ] mysql:host=47.97.169.58;port=3306;dbname=pingshen;charset=utf8
[ sql ] [ SQL ] SHOW COLUMNS FROM `department` [ RunTime:0.007531s ]
[ sql ] [ SQL ] SELECT COUNT(*) AS tp_count FROM `department` ORDER BY `sort` DESC,`id` ASC [ RunTime:0.006319s ]
[ sql ] [ SQL ] SELECT `id`,`class_name` FROM `department` ORDER BY `sort` DESC,`id` ASC LIMIT 0,12 [ RunTime:0.006325s ]
---------------------------------------------------------------
[2020-01-21T13:22:38+08:00] 120.228.78.255 POST pingshen.hbhb.vip/api/standard/standList
[运行时间：0.102186s] [吞吐率：9.79req/s] [内存消耗：3,870.33kb] [文件加载：92]
[ info ] [ LANG ] /www/wwwroot/pingshen/thinkphp/lang/zh-cn.php
[ info ] [ ROUTE ] array (
)
[ info ] [ HEADER ] array (
  'accept-encoding' => 'gzip, deflate, br',
  'referer' => 'https://servicewechat.com/wx700e406bf204d191/1/page-frame.html',
  'user-agent' => 'Mozilla/5.0 (iPhone; CPU iPhone OS 13_3 like Mac OS X) AppleWebKit/605.1.15 (KHTML, like Gecko) Mobile/15E148 MicroMessenger/7.0.10(0x17000a21) NetType/WIFI Language/zh_CN',
  'accept-language' => 'zh-cn',
  'content-length' => '52',
  'content-type' => 'application/json',
  'accept' => '*/*',
  'host' => 'pingshen.hbhb.vip',
)
[ info ] [ PARAM ] array (
  'token' => 'b150cd321039c9d356bed2dece4ef7280b889112',
)
[ info ] [ DB ] INIT mysql
[ error ] [8]未定义数组索引: openid[/www/wwwroot/pingshen/application/api/controller/Base.php:33]
[ sql ] [ DB ] CONNECT:[ UseTime:0.009357s ] mysql:host=47.97.169.58;port=3306;dbname=pingshen;charset=utf8
[ sql ] [ SQL ] SHOW COLUMNS FROM `users` [ RunTime:0.007791s ]
[ sql ] [ SQL ] SELECT * FROM `users` WHERE  `id` = 3 LIMIT 1 [ RunTime:0.006392s ]
[ sql ] [ SQL ] SHOW COLUMNS FROM `weixin_user` [ RunTime:0.007128s ]
[ sql ] [ SQL ] SELECT * FROM `weixin_user` WHERE  `userid` = 3 ORDER BY `id` DESC LIMIT 1 [ RunTime:0.006247s ]
[ sql ] [ SQL ] SHOW COLUMNS FROM `standard` [ RunTime:0.007118s ]
[ sql ] [ SQL ] SELECT COUNT(*) AS tp_count FROM `standard` [ RunTime:0.006143s ]
[ sql ] [ SQL ] SELECT `stand_name`,`stand_text`,`mark` FROM `standard` LIMIT 0,12 [ RunTime:0.006167s ]
[ sql ] [ SQL ] SHOW COLUMNS FROM `achievement` [ RunTime:0.007004s ]
[ sql ] [ SQL ] SELECT `score_detail`,`total_score`,`c_id` FROM `achievement` WHERE  `uid` = 3  AND `status` = 1 [ RunTime:0.006262s ]
