---------------------------------------------------------------
[2020-01-28T21:11:06+08:00] 138.197.99.94 HEAD pingshen.hbhb.vip/
[运行时间：0.021684s] [吞吐率：46.12req/s] [内存消耗：2,224.38kb] [文件加载：75]
[ info ] [ LANG ] /www/wwwroot/pingshen/thinkphp/lang/zh-cn.php
[ info ] [ LANG ] /www/wwwroot/pingshen/application/admin//lang/zh-cn.php
[ info ] [ ROUTE ] array (
)
[ info ] [ HEADER ] array (
  'connection' => 'close',
  'user-agent' => 'Mozilla/4.0 (compatible; Netcraft Web Server Survey)',
  'referer' => 'https://www.netcraft.com/survey/',
  'host' => 'pingshen.hbhb.vip',
  'content-type' => '',
  'content-length' => '',
)
[ info ] [ PARAM ] array (
)
---------------------------------------------------------------
[2020-01-28T22:38:41+08:00] 47.101.161.131 GET pingshen.hbhb.vip/
[运行时间：0.021422s] [吞吐率：46.68req/s] [内存消耗：2,225.12kb] [文件加载：75]
[ info ] [ LANG ] /www/wwwroot/pingshen/thinkphp/lang/zh-cn.php
[ info ] [ LANG ] /www/wwwroot/pingshen/application/admin//lang/zh-cn.php
[ info ] [ ROUTE ] array (
)
[ info ] [ HEADER ] array (
  'accept-encoding' => 'gzip',
  'connection' => 'Keep-Alive',
  'host' => 'pingshen.hbhb.vip',
  'user-agent' => 'Mozilla/5.0 (X11; Ubuntu; Linux x86_64; rv:36.0) Gecko/20100101 Firefox/36.0',
  'content-type' => '',
  'content-length' => '',
)
[ info ] [ PARAM ] array (
)
---------------------------------------------------------------
[2020-01-28T22:38:41+08:00] 47.101.161.131 GET pingshen.hbhb.vip/admin/login/index.html
[运行时间：0.020992s] [吞吐率：47.64req/s] [内存消耗：2,210.23kb] [文件加载：77]
[ info ] [ LANG ] /www/wwwroot/pingshen/thinkphp/lang/zh-cn.php
[ info ] [ LANG ] /www/wwwroot/pingshen/application/admin//lang/zh-cn.php
[ info ] [ ROUTE ] array (
)
[ info ] [ HEADER ] array (
  'accept-encoding' => 'gzip',
  'connection' => 'Keep-Alive',
  'host' => 'pingshen.hbhb.vip',
  'user-agent' => 'Mozilla/5.0 (X11; Ubuntu; Linux x86_64; rv:36.0) Gecko/20100101 Firefox/36.0',
  'content-type' => '',
  'content-length' => '',
)
[ info ] [ PARAM ] array (
)
[ info ] [ VIEW ] /www/wwwroot/pingshen/application/admin/view/login/index.html [ array (
) ]
[ error ] [8]未定义变量: system[/www/wwwroot/pingshen/runtime/temp/b8b184884121afc82a66e9b20efb8822.php:37]
---------------------------------------------------------------
[2020-01-28T22:38:43+08:00] 47.101.161.131 GET pingshen.hbhb.vip/admin/index/index.html
[运行时间：0.020791s] [吞吐率：48.10req/s] [内存消耗：2,225.32kb] [文件加载：75]
[ info ] [ LANG ] /www/wwwroot/pingshen/thinkphp/lang/zh-cn.php
[ info ] [ LANG ] /www/wwwroot/pingshen/application/admin//lang/zh-cn.php
[ info ] [ ROUTE ] array (
)
[ info ] [ HEADER ] array (
  'accept-encoding' => 'gzip',
  'connection' => 'Keep-Alive',
  'host' => 'pingshen.hbhb.vip',
  'user-agent' => 'Mozilla/5.0 (X11; Ubuntu; Linux x86_64; rv:36.0) Gecko/20100101 Firefox/36.0',
  'content-type' => '',
  'content-length' => '',
)
[ info ] [ PARAM ] array (
)
---------------------------------------------------------------
[2020-01-28T22:38:43+08:00] 47.101.161.131 GET pingshen.hbhb.vip/admin/login/index.html
[运行时间：0.020985s] [吞吐率：47.65req/s] [内存消耗：2,210.23kb] [文件加载：77]
[ info ] [ LANG ] /www/wwwroot/pingshen/thinkphp/lang/zh-cn.php
[ info ] [ LANG ] /www/wwwroot/pingshen/application/admin//lang/zh-cn.php
[ info ] [ ROUTE ] array (
)
[ info ] [ HEADER ] array (
  'accept-encoding' => 'gzip',
  'connection' => 'Keep-Alive',
  'host' => 'pingshen.hbhb.vip',
  'user-agent' => 'Mozilla/5.0 (X11; Ubuntu; Linux x86_64; rv:36.0) Gecko/20100101 Firefox/36.0',
  'content-type' => '',
  'content-length' => '',
)
[ info ] [ PARAM ] array (
)
[ info ] [ VIEW ] /www/wwwroot/pingshen/application/admin/view/login/index.html [ array (
) ]
[ error ] [8]未定义变量: system[/www/wwwroot/pingshen/runtime/temp/b8b184884121afc82a66e9b20efb8822.php:37]
