---------------------------------------------------------------
[2019-10-11T18:17:02+08:00] 127.0.0.1 GET www.bishop.com/index.php/admin/auth/ruleadd.html
[运行时间：0.213421s] [吞吐率：4.69req/s] [内存消耗：3,107.36kb] [文件加载：90]
[ info ] [ LANG ] F:\PHPTutorial\WWW\bi_shop\quyueduadmin\thinkphp\lang\zh-cn.php
[ info ] [ LANG ] F:\PHPTutorial\WWW\bi_shop\quyueduadmin\application\admin\\lang\zh-cn.php
[ info ] [ ROUTE ] array (
)
[ info ] [ HEADER ] array (
  'cookie' => 'skin=0; skin=0; pgv_pvi=2915500032; PHPSESSID=uehre32u84vilv1gopcpf9tcp5',
  'accept-language' => 'zh-CN,zh;q=0.9',
  'accept-encoding' => 'gzip, deflate',
  'referer' => 'http://www.bishop.com/index.php/admin/auth/adminrule.html',
  'accept' => 'text/html,application/xhtml+xml,application/xml;q=0.9,image/webp,image/apng,*/*;q=0.8,application/signed-exchange;v=b3',
  'user-agent' => 'Mozilla/5.0 (Windows NT 10.0; Win64; x64) AppleWebKit/537.36 (KHTML, like Gecko) Chrome/77.0.3865.90 Safari/537.36',
  'upgrade-insecure-requests' => '1',
  'connection' => 'keep-alive',
  'host' => 'www.bishop.com',
  'content-length' => '',
  'content-type' => '',
)
[ info ] [ PARAM ] array (
)
[ info ] [ DB ] INIT mysql
[ info ] [ VIEW ] F:\PHPTutorial\WWW\bi_shop\quyueduadmin\application\admin\view\auth\rule_add.html [ array (
  0 => 'admin_rule',
) ]
[ sql ] [ DB ] CONNECT:[ UseTime:0.001428s ] mysql:host=127.0.0.1;port=3306;dbname=bi_shop;charset=utf8
[ sql ] [ SQL ] SHOW COLUMNS FROM `auth_rule` [ RunTime:0.097943s ]
[ sql ] [ SQL ] SELECT * FROM `auth_rule` ORDER BY `sort` ASC [ RunTime:0.001366s ]
---------------------------------------------------------------
[2019-10-11T18:20:01+08:00] 127.0.0.1 GET www.bishop.com/index.php/admin/auth/adminrule.html
[运行时间：0.075812s] [吞吐率：13.19req/s] [内存消耗：1,882.27kb] [文件加载：76]
[ info ] [ LANG ] F:\PHPTutorial\WWW\bi_shop\quyueduadmin\thinkphp\lang\zh-cn.php
[ info ] [ LANG ] F:\PHPTutorial\WWW\bi_shop\quyueduadmin\application\admin\\lang\zh-cn.php
[ info ] [ ROUTE ] array (
)
[ info ] [ HEADER ] array (
  'cookie' => 'skin=0; skin=0; pgv_pvi=2915500032; PHPSESSID=uehre32u84vilv1gopcpf9tcp5',
  'accept-language' => 'zh-CN,zh;q=0.9',
  'accept-encoding' => 'gzip, deflate',
  'referer' => 'http://www.bishop.com/index.php/admin/auth/ruleadd.html',
  'accept' => 'text/html,application/xhtml+xml,application/xml;q=0.9,image/webp,image/apng,*/*;q=0.8,application/signed-exchange;v=b3',
  'user-agent' => 'Mozilla/5.0 (Windows NT 10.0; Win64; x64) AppleWebKit/537.36 (KHTML, like Gecko) Chrome/77.0.3865.90 Safari/537.36',
  'upgrade-insecure-requests' => '1',
  'connection' => 'keep-alive',
  'host' => 'www.bishop.com',
  'content-length' => '',
  'content-type' => '',
)
[ info ] [ PARAM ] array (
)
[ info ] [ VIEW ] F:\PHPTutorial\WWW\bi_shop\quyueduadmin\application\admin\view\auth\admin_rule.html [ array (
) ]
---------------------------------------------------------------
[2019-10-11T18:20:01+08:00] 127.0.0.1 POST www.bishop.com/index.php/admin/auth/adminrule.html
[运行时间：0.100647s] [吞吐率：9.94req/s] [内存消耗：2,473.31kb] [文件加载：73]
[ info ] [ LANG ] F:\PHPTutorial\WWW\bi_shop\quyueduadmin\thinkphp\lang\zh-cn.php
[ info ] [ LANG ] F:\PHPTutorial\WWW\bi_shop\quyueduadmin\application\admin\\lang\zh-cn.php
[ info ] [ ROUTE ] array (
)
[ info ] [ HEADER ] array (
  'cookie' => 'skin=0; skin=0; pgv_pvi=2915500032; PHPSESSID=uehre32u84vilv1gopcpf9tcp5',
  'accept-language' => 'zh-CN,zh;q=0.9',
  'accept-encoding' => 'gzip, deflate',
  'referer' => 'http://www.bishop.com/index.php/admin/auth/adminrule.html',
  'content-type' => 'application/x-www-form-urlencoded; charset=UTF-8',
  'user-agent' => 'Mozilla/5.0 (Windows NT 10.0; Win64; x64) AppleWebKit/537.36 (KHTML, like Gecko) Chrome/77.0.3865.90 Safari/537.36',
  'x-requested-with' => 'XMLHttpRequest',
  'origin' => 'http://www.bishop.com',
  'accept' => 'application/json, text/javascript, */*; q=0.01',
  'content-length' => '15',
  'connection' => 'keep-alive',
  'host' => 'www.bishop.com',
)
[ info ] [ PARAM ] array (
  'page' => '1',
  'limit' => '10',
)
[ info ] [ DB ] INIT mysql
[ sql ] [ DB ] CONNECT:[ UseTime:0.011693s ] mysql:host=127.0.0.1;port=3306;dbname=bi_shop;charset=utf8
[ sql ] [ SQL ] SHOW COLUMNS FROM `auth_rule` [ RunTime:0.012863s ]
[ sql ] [ SQL ] SELECT * FROM `auth_rule` ORDER BY `pid` ASC,`sort` ASC [ RunTime:0.000751s ]
