---------------------------------------------------------------
[2019-10-12T12:09:07+08:00] 127.0.0.1 GET www.bishop.com/index.php/
[运行时间：1.214579s] [吞吐率：0.82req/s] [内存消耗：2,610.85kb] [文件加载：80]
[ info ] [ LANG ] F:\PHPTutorial\WWW\bi_shop\quyueduadmin\thinkphp\lang\zh-cn.php
[ info ] [ LANG ] F:\PHPTutorial\WWW\bi_shop\quyueduadmin\application\admin\\lang\zh-cn.php
[ info ] [ ROUTE ] array (
  'rule' => '',
  'route' => 'admin/index/index',
  'option' => 
  array (
    'merge_rule_regex' => false,
    'complete_match' => true,
  ),
  'var' => 
  array (
  ),
)
[ info ] [ HEADER ] array (
  'cookie' => 'skin=0; pgv_pvi=2915500032; PHPSESSID=uehre32u84vilv1gopcpf9tcp5',
  'accept-language' => 'zh-CN,zh;q=0.9',
  'accept-encoding' => 'gzip, deflate',
  'accept' => 'text/html,application/xhtml+xml,application/xml;q=0.9,image/webp,image/apng,*/*;q=0.8,application/signed-exchange;v=b3',
  'user-agent' => 'Mozilla/5.0 (Windows NT 10.0; Win64; x64) AppleWebKit/537.36 (KHTML, like Gecko) Chrome/77.0.3865.90 Safari/537.36',
  'upgrade-insecure-requests' => '1',
  'cache-control' => 'max-age=0',
  'connection' => 'keep-alive',
  'host' => 'www.bishop.com',
  'content-length' => '',
  'content-type' => '',
)
[ info ] [ PARAM ] array (
)
[ info ] [ DB ] INIT mysql
[ info ] [ VIEW ] F:\PHPTutorial\WWW\bi_shop\quyueduadmin\application\admin\view\index\index.html [ array (
  0 => 'menus',
) ]
[ sql ] [ DB ] CONNECT:[ UseTime:0.004041s ] mysql:host=127.0.0.1;port=3306;dbname=bi_shop;charset=utf8
[ sql ] [ SQL ] SHOW COLUMNS FROM `auth_rule` [ RunTime:0.346999s ]
[ sql ] [ SQL ] SELECT * FROM `auth_rule` WHERE  ( menustatus=1 ) ORDER BY `sort` [ RunTime:0.009818s ]
---------------------------------------------------------------
[2019-10-12T12:09:08+08:00] 127.0.0.1 GET www.bishop.com/index.php/admin/index/main.html
[运行时间：0.242399s] [吞吐率：4.13req/s] [内存消耗：2,556.67kb] [文件加载：78]
[ info ] [ LANG ] F:\PHPTutorial\WWW\bi_shop\quyueduadmin\thinkphp\lang\zh-cn.php
[ info ] [ LANG ] F:\PHPTutorial\WWW\bi_shop\quyueduadmin\application\admin\\lang\zh-cn.php
[ info ] [ ROUTE ] array (
)
[ info ] [ HEADER ] array (
  'cookie' => 'skin=0; skin=0; pgv_pvi=2915500032; PHPSESSID=uehre32u84vilv1gopcpf9tcp5',
  'accept-language' => 'zh-CN,zh;q=0.9',
  'accept-encoding' => 'gzip, deflate',
  'referer' => 'http://www.bishop.com/index.php/',
  'accept' => 'text/html,application/xhtml+xml,application/xml;q=0.9,image/webp,image/apng,*/*;q=0.8,application/signed-exchange;v=b3',
  'user-agent' => 'Mozilla/5.0 (Windows NT 10.0; Win64; x64) AppleWebKit/537.36 (KHTML, like Gecko) Chrome/77.0.3865.90 Safari/537.36',
  'upgrade-insecure-requests' => '1',
  'connection' => 'keep-alive',
  'host' => 'www.bishop.com',
  'content-length' => '',
  'content-type' => '',
)
[ info ] [ PARAM ] array (
)
[ info ] [ DB ] INIT mysql
[ info ] [ VIEW ] F:\PHPTutorial\WWW\bi_shop\quyueduadmin\application\admin\view\index\main.html [ array (
  0 => 'config',
) ]
[ sql ] [ DB ] CONNECT:[ UseTime:0.001631s ] mysql:host=127.0.0.1;port=3306;dbname=bi_shop;charset=utf8
[ sql ] [ SQL ] SELECT VERSION() AS ver [ RunTime:0.046705s ]
---------------------------------------------------------------
[2019-10-12T12:09:14+08:00] 127.0.0.1 GET www.bishop.com/index.php/
[运行时间：0.059583s] [吞吐率：16.78req/s] [内存消耗：1,678.12kb] [文件加载：71]
[ info ] [ LANG ] F:\PHPTutorial\WWW\bi_shop\quyueduadmin\thinkphp\lang\zh-cn.php
[ info ] [ LANG ] F:\PHPTutorial\WWW\bi_shop\quyueduadmin\application\admin\\lang\zh-cn.php
[ info ] [ ROUTE ] array (
  'rule' => '',
  'route' => 'admin/index/index',
  'option' => 
  array (
    'merge_rule_regex' => false,
    'complete_match' => true,
  ),
  'var' => 
  array (
  ),
)
[ info ] [ HEADER ] array (
  'cookie' => 'skin=0; pgv_pvi=2915500032; PHPSESSID=uehre32u84vilv1gopcpf9tcp5',
  'accept-language' => 'zh-CN,zh;q=0.9',
  'accept-encoding' => 'gzip, deflate',
  'accept' => 'text/html,application/xhtml+xml,application/xml;q=0.9,image/webp,image/apng,*/*;q=0.8,application/signed-exchange;v=b3',
  'user-agent' => 'Mozilla/5.0 (Windows NT 10.0; Win64; x64) AppleWebKit/537.36 (KHTML, like Gecko) Chrome/77.0.3865.90 Safari/537.36',
  'upgrade-insecure-requests' => '1',
  'cache-control' => 'max-age=0',
  'connection' => 'keep-alive',
  'host' => 'www.bishop.com',
  'content-length' => '',
  'content-type' => '',
)
[ info ] [ PARAM ] array (
)
[ info ] [ VIEW ] F:\PHPTutorial\WWW\bi_shop\quyueduadmin\application\admin\view\index\index.html [ array (
  0 => 'menus',
) ]
---------------------------------------------------------------
[2019-10-12T12:09:14+08:00] 127.0.0.1 GET www.bishop.com/index.php/admin/index/main.html
[运行时间：0.093913s] [吞吐率：10.65req/s] [内存消耗：2,423.27kb] [文件加载：75]
[ info ] [ LANG ] F:\PHPTutorial\WWW\bi_shop\quyueduadmin\thinkphp\lang\zh-cn.php
[ info ] [ LANG ] F:\PHPTutorial\WWW\bi_shop\quyueduadmin\application\admin\\lang\zh-cn.php
[ info ] [ ROUTE ] array (
)
[ info ] [ HEADER ] array (
  'cookie' => 'skin=0; skin=0; pgv_pvi=2915500032; PHPSESSID=uehre32u84vilv1gopcpf9tcp5',
  'accept-language' => 'zh-CN,zh;q=0.9',
  'accept-encoding' => 'gzip, deflate',
  'referer' => 'http://www.bishop.com/index.php/',
  'accept' => 'text/html,application/xhtml+xml,application/xml;q=0.9,image/webp,image/apng,*/*;q=0.8,application/signed-exchange;v=b3',
  'user-agent' => 'Mozilla/5.0 (Windows NT 10.0; Win64; x64) AppleWebKit/537.36 (KHTML, like Gecko) Chrome/77.0.3865.90 Safari/537.36',
  'upgrade-insecure-requests' => '1',
  'connection' => 'keep-alive',
  'host' => 'www.bishop.com',
  'content-length' => '',
  'content-type' => '',
)
[ info ] [ PARAM ] array (
)
[ info ] [ DB ] INIT mysql
[ info ] [ VIEW ] F:\PHPTutorial\WWW\bi_shop\quyueduadmin\application\admin\view\index\main.html [ array (
  0 => 'config',
) ]
[ sql ] [ DB ] CONNECT:[ UseTime:0.002066s ] mysql:host=127.0.0.1;port=3306;dbname=bi_shop;charset=utf8
[ sql ] [ SQL ] SELECT VERSION() AS ver [ RunTime:0.000455s ]
---------------------------------------------------------------
[2019-10-12T12:09:17+08:00] 127.0.0.1 GET www.bishop.com/index.php/admin/auth/adminlist.html
[运行时间：0.448492s] [吞吐率：2.23req/s] [内存消耗：1,893.56kb] [文件加载：77]
[ info ] [ LANG ] F:\PHPTutorial\WWW\bi_shop\quyueduadmin\thinkphp\lang\zh-cn.php
[ info ] [ LANG ] F:\PHPTutorial\WWW\bi_shop\quyueduadmin\application\admin\\lang\zh-cn.php
[ info ] [ ROUTE ] array (
)
[ info ] [ HEADER ] array (
  'cookie' => 'skin=0; skin=0; pgv_pvi=2915500032; PHPSESSID=uehre32u84vilv1gopcpf9tcp5',
  'accept-language' => 'zh-CN,zh;q=0.9',
  'accept-encoding' => 'gzip, deflate',
  'referer' => 'http://www.bishop.com/index.php/',
  'accept' => 'text/html,application/xhtml+xml,application/xml;q=0.9,image/webp,image/apng,*/*;q=0.8,application/signed-exchange;v=b3',
  'user-agent' => 'Mozilla/5.0 (Windows NT 10.0; Win64; x64) AppleWebKit/537.36 (KHTML, like Gecko) Chrome/77.0.3865.90 Safari/537.36',
  'upgrade-insecure-requests' => '1',
  'connection' => 'keep-alive',
  'host' => 'www.bishop.com',
  'content-length' => '',
  'content-type' => '',
)
[ info ] [ PARAM ] array (
)
[ info ] [ VIEW ] F:\PHPTutorial\WWW\bi_shop\quyueduadmin\application\admin\view\auth\admin_list.html [ array (
) ]
---------------------------------------------------------------
[2019-10-12T12:09:18+08:00] 127.0.0.1 POST www.bishop.com/index.php/admin/auth/adminlist.html
[运行时间：0.614277s] [吞吐率：1.63req/s] [内存消耗：2,483.19kb] [文件加载：75]
[ info ] [ LANG ] F:\PHPTutorial\WWW\bi_shop\quyueduadmin\thinkphp\lang\zh-cn.php
[ info ] [ LANG ] F:\PHPTutorial\WWW\bi_shop\quyueduadmin\application\admin\\lang\zh-cn.php
[ info ] [ ROUTE ] array (
)
[ info ] [ HEADER ] array (
  'cookie' => 'skin=0; skin=0; pgv_pvi=2915500032; PHPSESSID=uehre32u84vilv1gopcpf9tcp5',
  'accept-language' => 'zh-CN,zh;q=0.9',
  'accept-encoding' => 'gzip, deflate',
  'referer' => 'http://www.bishop.com/index.php/admin/auth/adminlist.html',
  'content-type' => 'application/x-www-form-urlencoded; charset=UTF-8',
  'user-agent' => 'Mozilla/5.0 (Windows NT 10.0; Win64; x64) AppleWebKit/537.36 (KHTML, like Gecko) Chrome/77.0.3865.90 Safari/537.36',
  'x-requested-with' => 'XMLHttpRequest',
  'origin' => 'http://www.bishop.com',
  'accept' => 'application/json, text/javascript, */*; q=0.01',
  'content-length' => '15',
  'connection' => 'keep-alive',
  'host' => 'www.bishop.com',
)
[ info ] [ PARAM ] array (
  'page' => '1',
  'limit' => '10',
)
[ info ] [ DB ] INIT mysql
[ sql ] [ DB ] CONNECT:[ UseTime:0.001027s ] mysql:host=127.0.0.1;port=3306;dbname=bi_shop;charset=utf8
[ sql ] [ SQL ] SHOW COLUMNS FROM `admin` [ RunTime:0.426434s ]
[ sql ] [ SQL ] SELECT `a`.*,`ag`.`title` FROM `admin` `a` LEFT JOIN `auth_group` `ag` ON `a`.`group_id`=`ag`.`group_id` [ RunTime:0.074945s ]
---------------------------------------------------------------
[2019-10-12T12:09:19+08:00] 127.0.0.1 GET www.bishop.com/index.php/admin/auth/admingroup.html
[运行时间：0.147012s] [吞吐率：6.80req/s] [内存消耗：1,877.80kb] [文件加载：76]
[ info ] [ LANG ] F:\PHPTutorial\WWW\bi_shop\quyueduadmin\thinkphp\lang\zh-cn.php
[ info ] [ LANG ] F:\PHPTutorial\WWW\bi_shop\quyueduadmin\application\admin\\lang\zh-cn.php
[ info ] [ ROUTE ] array (
)
[ info ] [ HEADER ] array (
  'cookie' => 'skin=0; skin=0; pgv_pvi=2915500032; PHPSESSID=uehre32u84vilv1gopcpf9tcp5',
  'accept-language' => 'zh-CN,zh;q=0.9',
  'accept-encoding' => 'gzip, deflate',
  'referer' => 'http://www.bishop.com/index.php/',
  'accept' => 'text/html,application/xhtml+xml,application/xml;q=0.9,image/webp,image/apng,*/*;q=0.8,application/signed-exchange;v=b3',
  'user-agent' => 'Mozilla/5.0 (Windows NT 10.0; Win64; x64) AppleWebKit/537.36 (KHTML, like Gecko) Chrome/77.0.3865.90 Safari/537.36',
  'upgrade-insecure-requests' => '1',
  'connection' => 'keep-alive',
  'host' => 'www.bishop.com',
  'content-length' => '',
  'content-type' => '',
)
[ info ] [ PARAM ] array (
)
[ info ] [ VIEW ] F:\PHPTutorial\WWW\bi_shop\quyueduadmin\application\admin\view\auth\admin_group.html [ array (
) ]
---------------------------------------------------------------
[2019-10-12T12:09:20+08:00] 127.0.0.1 POST www.bishop.com/index.php/admin/auth/admingroup.html
[运行时间：0.509875s] [吞吐率：1.96req/s] [内存消耗：2,749.82kb] [文件加载：82]
[ info ] [ LANG ] F:\PHPTutorial\WWW\bi_shop\quyueduadmin\thinkphp\lang\zh-cn.php
[ info ] [ LANG ] F:\PHPTutorial\WWW\bi_shop\quyueduadmin\application\admin\\lang\zh-cn.php
[ info ] [ ROUTE ] array (
)
[ info ] [ HEADER ] array (
  'cookie' => 'skin=0; skin=0; pgv_pvi=2915500032; PHPSESSID=uehre32u84vilv1gopcpf9tcp5',
  'accept-language' => 'zh-CN,zh;q=0.9',
  'accept-encoding' => 'gzip, deflate',
  'referer' => 'http://www.bishop.com/index.php/admin/auth/admingroup.html',
  'content-type' => 'application/x-www-form-urlencoded; charset=UTF-8',
  'user-agent' => 'Mozilla/5.0 (Windows NT 10.0; Win64; x64) AppleWebKit/537.36 (KHTML, like Gecko) Chrome/77.0.3865.90 Safari/537.36',
  'x-requested-with' => 'XMLHttpRequest',
  'origin' => 'http://www.bishop.com',
  'accept' => 'application/json, text/javascript, */*; q=0.01',
  'content-length' => '15',
  'connection' => 'keep-alive',
  'host' => 'www.bishop.com',
)
[ info ] [ PARAM ] array (
  'page' => '1',
  'limit' => '10',
)
[ info ] [ DB ] INIT mysql
[ sql ] [ DB ] CONNECT:[ UseTime:0.001162s ] mysql:host=127.0.0.1;port=3306;dbname=bi_shop;charset=utf8
[ sql ] [ SQL ] SHOW COLUMNS FROM `auth_group` [ RunTime:0.011468s ]
[ sql ] [ SQL ] SELECT * FROM `auth_group` [ RunTime:0.000573s ]
---------------------------------------------------------------
[2019-10-12T12:09:21+08:00] 127.0.0.1 GET www.bishop.com/index.php/admin/auth/adminrule.html
[运行时间：0.103884s] [吞吐率：9.63req/s] [内存消耗：1,749.42kb] [文件加载：73]
[ info ] [ LANG ] F:\PHPTutorial\WWW\bi_shop\quyueduadmin\thinkphp\lang\zh-cn.php
[ info ] [ LANG ] F:\PHPTutorial\WWW\bi_shop\quyueduadmin\application\admin\\lang\zh-cn.php
[ info ] [ ROUTE ] array (
)
[ info ] [ HEADER ] array (
  'cookie' => 'skin=0; skin=0; pgv_pvi=2915500032; PHPSESSID=uehre32u84vilv1gopcpf9tcp5',
  'accept-language' => 'zh-CN,zh;q=0.9',
  'accept-encoding' => 'gzip, deflate',
  'referer' => 'http://www.bishop.com/index.php/',
  'accept' => 'text/html,application/xhtml+xml,application/xml;q=0.9,image/webp,image/apng,*/*;q=0.8,application/signed-exchange;v=b3',
  'user-agent' => 'Mozilla/5.0 (Windows NT 10.0; Win64; x64) AppleWebKit/537.36 (KHTML, like Gecko) Chrome/77.0.3865.90 Safari/537.36',
  'upgrade-insecure-requests' => '1',
  'connection' => 'keep-alive',
  'host' => 'www.bishop.com',
  'content-length' => '',
  'content-type' => '',
)
[ info ] [ PARAM ] array (
)
[ info ] [ VIEW ] F:\PHPTutorial\WWW\bi_shop\quyueduadmin\application\admin\view\auth\admin_rule.html [ array (
) ]
---------------------------------------------------------------
[2019-10-12T12:09:21+08:00] 127.0.0.1 POST www.bishop.com/index.php/admin/auth/adminrule.html
[运行时间：0.119524s] [吞吐率：8.37req/s] [内存消耗：2,482.34kb] [文件加载：73]
[ info ] [ LANG ] F:\PHPTutorial\WWW\bi_shop\quyueduadmin\thinkphp\lang\zh-cn.php
[ info ] [ LANG ] F:\PHPTutorial\WWW\bi_shop\quyueduadmin\application\admin\\lang\zh-cn.php
[ info ] [ ROUTE ] array (
)
[ info ] [ HEADER ] array (
  'cookie' => 'skin=0; skin=0; pgv_pvi=2915500032; PHPSESSID=uehre32u84vilv1gopcpf9tcp5',
  'accept-language' => 'zh-CN,zh;q=0.9',
  'accept-encoding' => 'gzip, deflate',
  'referer' => 'http://www.bishop.com/index.php/admin/auth/adminrule.html',
  'content-type' => 'application/x-www-form-urlencoded; charset=UTF-8',
  'user-agent' => 'Mozilla/5.0 (Windows NT 10.0; Win64; x64) AppleWebKit/537.36 (KHTML, like Gecko) Chrome/77.0.3865.90 Safari/537.36',
  'x-requested-with' => 'XMLHttpRequest',
  'origin' => 'http://www.bishop.com',
  'accept' => 'application/json, text/javascript, */*; q=0.01',
  'content-length' => '15',
  'connection' => 'keep-alive',
  'host' => 'www.bishop.com',
)
[ info ] [ PARAM ] array (
  'page' => '1',
  'limit' => '10',
)
[ info ] [ DB ] INIT mysql
[ sql ] [ DB ] CONNECT:[ UseTime:0.001179s ] mysql:host=127.0.0.1;port=3306;dbname=bi_shop;charset=utf8
[ sql ] [ SQL ] SHOW COLUMNS FROM `auth_rule` [ RunTime:0.011843s ]
[ sql ] [ SQL ] SELECT * FROM `auth_rule` ORDER BY `pid` ASC,`sort` ASC [ RunTime:0.001023s ]
