---------------------------------------------------------------
[2019-10-14T12:03:23+08:00] 127.0.0.1 GET www.bishop.com/index.php/admin/auth/groupaccess.html?id=1
[运行时间：3.115543s] [吞吐率：0.32req/s] [内存消耗：2,738.80kb] [文件加载：81]
[ info ] [ LANG ] F:\PHPTutorial\WWW\bi_shop\quyueduadmin\thinkphp\lang\zh-cn.php
[ info ] [ LANG ] F:\PHPTutorial\WWW\bi_shop\quyueduadmin\application\admin\\lang\zh-cn.php
[ info ] [ ROUTE ] array (
)
[ info ] [ HEADER ] array (
  'cookie' => 'skin=0; skin=0; pgv_pvi=2915500032; PHPSESSID=uehre32u84vilv1gopcpf9tcp5',
  'accept-language' => 'zh-CN,zh;q=0.9',
  'accept-encoding' => 'gzip, deflate',
  'referer' => 'http://www.bishop.com/index.php/admin/auth/admingroup.html',
  'accept' => 'text/html,application/xhtml+xml,application/xml;q=0.9,image/webp,image/apng,*/*;q=0.8,application/signed-exchange;v=b3',
  'user-agent' => 'Mozilla/5.0 (Windows NT 10.0; Win64; x64) AppleWebKit/537.36 (KHTML, like Gecko) Chrome/77.0.3865.90 Safari/537.36',
  'upgrade-insecure-requests' => '1',
  'connection' => 'keep-alive',
  'host' => 'www.bishop.com',
  'content-length' => '',
  'content-type' => '',
)
[ info ] [ PARAM ] array (
  'id' => '1',
)
[ info ] [ DB ] INIT mysql
[ info ] [ DB ] INIT mysql
[ info ] [ VIEW ] F:\PHPTutorial\WWW\bi_shop\quyueduadmin\application\admin\view\auth\group_access.html [ array (
  0 => 'data',
) ]
[ sql ] [ DB ] CONNECT:[ UseTime:0.742328s ] mysql:host=127.0.0.1;port=3306;dbname=bi_shop;charset=utf8
[ sql ] [ SQL ] SHOW COLUMNS FROM `auth_rule` [ RunTime:0.479747s ]
[ sql ] [ SQL ] SELECT `id`,`pid`,`title` FROM `auth_rule` ORDER BY `sort` ASC [ RunTime:0.082614s ]
[ sql ] [ DB ] CONNECT:[ UseTime:0.076695s ] mysql:host=127.0.0.1;port=3306;dbname=bi_shop;charset=utf8
[ sql ] [ SQL ] SHOW COLUMNS FROM `auth_group` [ RunTime:0.166800s ]
[ sql ] [ SQL ] SELECT `rules` FROM `auth_group` WHERE  `group_id` = 1 LIMIT 1 [ RunTime:0.102860s ]
---------------------------------------------------------------
[2019-10-14T12:03:23+08:00] 127.0.0.1 GET www.bishop.com/index.php/admin/auth/groupaccess.html?id=1
[运行时间：0.139023s] [吞吐率：7.19req/s] [内存消耗：2,601.77kb] [文件加载：78]
[ info ] [ LANG ] F:\PHPTutorial\WWW\bi_shop\quyueduadmin\thinkphp\lang\zh-cn.php
[ info ] [ LANG ] F:\PHPTutorial\WWW\bi_shop\quyueduadmin\application\admin\\lang\zh-cn.php
[ info ] [ ROUTE ] array (
)
[ info ] [ HEADER ] array (
  'cookie' => 'skin=0; skin=0; pgv_pvi=2915500032; PHPSESSID=uehre32u84vilv1gopcpf9tcp5',
  'accept-language' => 'zh-CN,zh;q=0.9',
  'accept-encoding' => 'gzip, deflate',
  'referer' => 'http://www.bishop.com/index.php/admin/auth/admingroup.html',
  'accept' => 'text/html,application/xhtml+xml,application/xml;q=0.9,image/webp,image/apng,*/*;q=0.8,application/signed-exchange;v=b3',
  'user-agent' => 'Mozilla/5.0 (Windows NT 10.0; Win64; x64) AppleWebKit/537.36 (KHTML, like Gecko) Chrome/77.0.3865.90 Safari/537.36',
  'upgrade-insecure-requests' => '1',
  'connection' => 'keep-alive',
  'host' => 'www.bishop.com',
  'content-length' => '',
  'content-type' => '',
)
[ info ] [ PARAM ] array (
  'id' => '1',
)
[ info ] [ DB ] INIT mysql
[ info ] [ DB ] INIT mysql
[ info ] [ VIEW ] F:\PHPTutorial\WWW\bi_shop\quyueduadmin\application\admin\view\auth\group_access.html [ array (
  0 => 'data',
) ]
[ sql ] [ DB ] CONNECT:[ UseTime:0.001412s ] mysql:host=127.0.0.1;port=3306;dbname=bi_shop;charset=utf8
[ sql ] [ SQL ] SHOW COLUMNS FROM `auth_rule` [ RunTime:0.013090s ]
[ sql ] [ SQL ] SELECT `id`,`pid`,`title` FROM `auth_rule` ORDER BY `sort` ASC [ RunTime:0.000666s ]
[ sql ] [ DB ] CONNECT:[ UseTime:0.001293s ] mysql:host=127.0.0.1;port=3306;dbname=bi_shop;charset=utf8
[ sql ] [ SQL ] SHOW COLUMNS FROM `auth_group` [ RunTime:0.012613s ]
[ sql ] [ SQL ] SELECT `rules` FROM `auth_group` WHERE  `group_id` = 1 LIMIT 1 [ RunTime:0.000536s ]
---------------------------------------------------------------
[2019-10-14T12:03:23+08:00] 127.0.0.1 GET www.bishop.com/index.php/admin/auth/groupaccess.html?id=1
[运行时间：0.179352s] [吞吐率：5.58req/s] [内存消耗：2,601.77kb] [文件加载：78]
[ info ] [ LANG ] F:\PHPTutorial\WWW\bi_shop\quyueduadmin\thinkphp\lang\zh-cn.php
[ info ] [ LANG ] F:\PHPTutorial\WWW\bi_shop\quyueduadmin\application\admin\\lang\zh-cn.php
[ info ] [ ROUTE ] array (
)
[ info ] [ HEADER ] array (
  'cookie' => 'skin=0; skin=0; pgv_pvi=2915500032; PHPSESSID=uehre32u84vilv1gopcpf9tcp5',
  'accept-language' => 'zh-CN,zh;q=0.9',
  'accept-encoding' => 'gzip, deflate',
  'referer' => 'http://www.bishop.com/index.php/admin/auth/admingroup.html',
  'accept' => 'text/html,application/xhtml+xml,application/xml;q=0.9,image/webp,image/apng,*/*;q=0.8,application/signed-exchange;v=b3',
  'user-agent' => 'Mozilla/5.0 (Windows NT 10.0; Win64; x64) AppleWebKit/537.36 (KHTML, like Gecko) Chrome/77.0.3865.90 Safari/537.36',
  'upgrade-insecure-requests' => '1',
  'connection' => 'keep-alive',
  'host' => 'www.bishop.com',
  'content-length' => '',
  'content-type' => '',
)
[ info ] [ PARAM ] array (
  'id' => '1',
)
[ info ] [ DB ] INIT mysql
[ info ] [ DB ] INIT mysql
[ info ] [ VIEW ] F:\PHPTutorial\WWW\bi_shop\quyueduadmin\application\admin\view\auth\group_access.html [ array (
  0 => 'data',
) ]
[ sql ] [ DB ] CONNECT:[ UseTime:0.008637s ] mysql:host=127.0.0.1;port=3306;dbname=bi_shop;charset=utf8
[ sql ] [ SQL ] SHOW COLUMNS FROM `auth_rule` [ RunTime:0.034920s ]
[ sql ] [ SQL ] SELECT `id`,`pid`,`title` FROM `auth_rule` ORDER BY `sort` ASC [ RunTime:0.001345s ]
[ sql ] [ DB ] CONNECT:[ UseTime:0.041649s ] mysql:host=127.0.0.1;port=3306;dbname=bi_shop;charset=utf8
[ sql ] [ SQL ] SHOW COLUMNS FROM `auth_group` [ RunTime:0.027611s ]
[ sql ] [ SQL ] SELECT `rules` FROM `auth_group` WHERE  `group_id` = 1 LIMIT 1 [ RunTime:0.001175s ]
---------------------------------------------------------------
[2019-10-14T12:03:23+08:00] 127.0.0.1 GET www.bishop.com/index.php/admin/auth/groupaccess.html?id=1
[运行时间：0.165382s] [吞吐率：6.05req/s] [内存消耗：2,601.77kb] [文件加载：78]
[ info ] [ LANG ] F:\PHPTutorial\WWW\bi_shop\quyueduadmin\thinkphp\lang\zh-cn.php
[ info ] [ LANG ] F:\PHPTutorial\WWW\bi_shop\quyueduadmin\application\admin\\lang\zh-cn.php
[ info ] [ ROUTE ] array (
)
[ info ] [ HEADER ] array (
  'cookie' => 'skin=0; skin=0; pgv_pvi=2915500032; PHPSESSID=uehre32u84vilv1gopcpf9tcp5',
  'accept-language' => 'zh-CN,zh;q=0.9',
  'accept-encoding' => 'gzip, deflate',
  'referer' => 'http://www.bishop.com/index.php/admin/auth/admingroup.html',
  'accept' => 'text/html,application/xhtml+xml,application/xml;q=0.9,image/webp,image/apng,*/*;q=0.8,application/signed-exchange;v=b3',
  'user-agent' => 'Mozilla/5.0 (Windows NT 10.0; Win64; x64) AppleWebKit/537.36 (KHTML, like Gecko) Chrome/77.0.3865.90 Safari/537.36',
  'upgrade-insecure-requests' => '1',
  'connection' => 'keep-alive',
  'host' => 'www.bishop.com',
  'content-length' => '',
  'content-type' => '',
)
[ info ] [ PARAM ] array (
  'id' => '1',
)
[ info ] [ DB ] INIT mysql
[ info ] [ DB ] INIT mysql
[ info ] [ VIEW ] F:\PHPTutorial\WWW\bi_shop\quyueduadmin\application\admin\view\auth\group_access.html [ array (
  0 => 'data',
) ]
[ sql ] [ DB ] CONNECT:[ UseTime:0.035059s ] mysql:host=127.0.0.1;port=3306;dbname=bi_shop;charset=utf8
[ sql ] [ SQL ] SHOW COLUMNS FROM `auth_rule` [ RunTime:0.022940s ]
[ sql ] [ SQL ] SELECT `id`,`pid`,`title` FROM `auth_rule` ORDER BY `sort` ASC [ RunTime:0.001236s ]
[ sql ] [ DB ] CONNECT:[ UseTime:0.011348s ] mysql:host=127.0.0.1;port=3306;dbname=bi_shop;charset=utf8
[ sql ] [ SQL ] SHOW COLUMNS FROM `auth_group` [ RunTime:0.020959s ]
[ sql ] [ SQL ] SELECT `rules` FROM `auth_group` WHERE  `group_id` = 1 LIMIT 1 [ RunTime:0.000735s ]
---------------------------------------------------------------
[2019-10-14T12:03:24+08:00] 127.0.0.1 GET www.bishop.com/index.php/admin/auth/groupaccess.html?id=1
[运行时间：0.096211s] [吞吐率：10.39req/s] [内存消耗：2,601.77kb] [文件加载：78]
[ info ] [ LANG ] F:\PHPTutorial\WWW\bi_shop\quyueduadmin\thinkphp\lang\zh-cn.php
[ info ] [ LANG ] F:\PHPTutorial\WWW\bi_shop\quyueduadmin\application\admin\\lang\zh-cn.php
[ info ] [ ROUTE ] array (
)
[ info ] [ HEADER ] array (
  'cookie' => 'skin=0; skin=0; pgv_pvi=2915500032; PHPSESSID=uehre32u84vilv1gopcpf9tcp5',
  'accept-language' => 'zh-CN,zh;q=0.9',
  'accept-encoding' => 'gzip, deflate',
  'referer' => 'http://www.bishop.com/index.php/admin/auth/admingroup.html',
  'accept' => 'text/html,application/xhtml+xml,application/xml;q=0.9,image/webp,image/apng,*/*;q=0.8,application/signed-exchange;v=b3',
  'user-agent' => 'Mozilla/5.0 (Windows NT 10.0; Win64; x64) AppleWebKit/537.36 (KHTML, like Gecko) Chrome/77.0.3865.90 Safari/537.36',
  'upgrade-insecure-requests' => '1',
  'connection' => 'keep-alive',
  'host' => 'www.bishop.com',
  'content-length' => '',
  'content-type' => '',
)
[ info ] [ PARAM ] array (
  'id' => '1',
)
[ info ] [ DB ] INIT mysql
[ info ] [ DB ] INIT mysql
[ info ] [ VIEW ] F:\PHPTutorial\WWW\bi_shop\quyueduadmin\application\admin\view\auth\group_access.html [ array (
  0 => 'data',
) ]
[ sql ] [ DB ] CONNECT:[ UseTime:0.001216s ] mysql:host=127.0.0.1;port=3306;dbname=bi_shop;charset=utf8
[ sql ] [ SQL ] SHOW COLUMNS FROM `auth_rule` [ RunTime:0.013248s ]
[ sql ] [ SQL ] SELECT `id`,`pid`,`title` FROM `auth_rule` ORDER BY `sort` ASC [ RunTime:0.000710s ]
[ sql ] [ DB ] CONNECT:[ UseTime:0.001310s ] mysql:host=127.0.0.1;port=3306;dbname=bi_shop;charset=utf8
[ sql ] [ SQL ] SHOW COLUMNS FROM `auth_group` [ RunTime:0.019922s ]
[ sql ] [ SQL ] SELECT `rules` FROM `auth_group` WHERE  `group_id` = 1 LIMIT 1 [ RunTime:0.000788s ]
---------------------------------------------------------------
[2019-10-14T12:03:28+08:00] 127.0.0.1 GET www.bishop.com/index.php/admin/auth/admingroup.html
[运行时间：0.095664s] [吞吐率：10.45req/s] [内存消耗：1,745.45kb] [文件加载：73]
[ info ] [ LANG ] F:\PHPTutorial\WWW\bi_shop\quyueduadmin\thinkphp\lang\zh-cn.php
[ info ] [ LANG ] F:\PHPTutorial\WWW\bi_shop\quyueduadmin\application\admin\\lang\zh-cn.php
[ info ] [ ROUTE ] array (
)
[ info ] [ HEADER ] array (
  'cookie' => 'skin=0; skin=0; pgv_pvi=2915500032; PHPSESSID=uehre32u84vilv1gopcpf9tcp5',
  'accept-language' => 'zh-CN,zh;q=0.9',
  'accept-encoding' => 'gzip, deflate',
  'referer' => 'http://www.bishop.com/index.php/',
  'accept' => 'text/html,application/xhtml+xml,application/xml;q=0.9,image/webp,image/apng,*/*;q=0.8,application/signed-exchange;v=b3',
  'user-agent' => 'Mozilla/5.0 (Windows NT 10.0; Win64; x64) AppleWebKit/537.36 (KHTML, like Gecko) Chrome/77.0.3865.90 Safari/537.36',
  'upgrade-insecure-requests' => '1',
  'connection' => 'keep-alive',
  'host' => 'www.bishop.com',
  'content-length' => '',
  'content-type' => '',
)
[ info ] [ PARAM ] array (
)
[ info ] [ VIEW ] F:\PHPTutorial\WWW\bi_shop\quyueduadmin\application\admin\view\auth\admin_group.html [ array (
) ]
---------------------------------------------------------------
[2019-10-14T12:03:29+08:00] 127.0.0.1 POST www.bishop.com/index.php/admin/auth/admingroup.html
[运行时间：0.217862s] [吞吐率：4.59req/s] [内存消耗：2,749.82kb] [文件加载：82]
[ info ] [ LANG ] F:\PHPTutorial\WWW\bi_shop\quyueduadmin\thinkphp\lang\zh-cn.php
[ info ] [ LANG ] F:\PHPTutorial\WWW\bi_shop\quyueduadmin\application\admin\\lang\zh-cn.php
[ info ] [ ROUTE ] array (
)
[ info ] [ HEADER ] array (
  'cookie' => 'skin=0; skin=0; pgv_pvi=2915500032; PHPSESSID=uehre32u84vilv1gopcpf9tcp5',
  'accept-language' => 'zh-CN,zh;q=0.9',
  'accept-encoding' => 'gzip, deflate',
  'referer' => 'http://www.bishop.com/index.php/admin/auth/admingroup.html',
  'content-type' => 'application/x-www-form-urlencoded; charset=UTF-8',
  'user-agent' => 'Mozilla/5.0 (Windows NT 10.0; Win64; x64) AppleWebKit/537.36 (KHTML, like Gecko) Chrome/77.0.3865.90 Safari/537.36',
  'x-requested-with' => 'XMLHttpRequest',
  'origin' => 'http://www.bishop.com',
  'accept' => 'application/json, text/javascript, */*; q=0.01',
  'content-length' => '15',
  'connection' => 'keep-alive',
  'host' => 'www.bishop.com',
)
[ info ] [ PARAM ] array (
  'page' => '1',
  'limit' => '10',
)
[ info ] [ DB ] INIT mysql
[ sql ] [ DB ] CONNECT:[ UseTime:0.001010s ] mysql:host=127.0.0.1;port=3306;dbname=bi_shop;charset=utf8
[ sql ] [ SQL ] SHOW COLUMNS FROM `auth_group` [ RunTime:0.028908s ]
[ sql ] [ SQL ] SELECT * FROM `auth_group` [ RunTime:0.027831s ]
