---------------------------------------------------------------
[2019-10-24T10:48:33+08:00] 127.0.0.1 GET bgn.zytest.com/admin/users
[运行时间：0.211301s] [吞吐率：4.73req/s] [内存消耗：1,911.09kb] [文件加载：73]
[ info ] [ LANG ] D:\wwwroot\buguniao\thinkphp\lang\zh-cn.php
[ info ] [ LANG ] D:\wwwroot\buguniao\application\admin\\lang\zh-cn.php
[ info ] [ ROUTE ] array (
)
[ info ] [ HEADER ] array (
  'cookie' => 'thinkphp_show_page_trace=1|4; PHPSESSID=dm8jcv68ub7pek8rs4ld0evrmc; Hm_lvt_d214947968792b839fd669a4decaaffc=1571753026; skin=0; thinkphp_show_page_trace=0|0; Hm_lpvt_d214947968792b839fd669a4decaaffc=1571883740',
  'accept-language' => 'zh-CN,zh;q=0.9,en;q=0.8',
  'accept-encoding' => 'gzip, deflate',
  'accept' => 'text/html,application/xhtml+xml,application/xml;q=0.9,image/webp,image/apng,*/*;q=0.8,application/signed-exchange;v=b3',
  'user-agent' => 'Mozilla/5.0 (Windows NT 10.0; Win64; x64) AppleWebKit/537.36 (KHTML, like Gecko) Chrome/77.0.3865.90 Safari/537.36',
  'upgrade-insecure-requests' => '1',
  'cache-control' => 'max-age=0',
  'connection' => 'keep-alive',
  'host' => 'bgn.zytest.com',
  'content-length' => '',
  'content-type' => '',
)
[ info ] [ PARAM ] array (
)
[ info ] [ VIEW ] D:\wwwroot\buguniao\thinkphp\tpl/dispatch_jump.tpl [ array (
  0 => 'code',
  1 => 'msg',
  2 => 'data',
  3 => 'url',
  4 => 'wait',
) ]
---------------------------------------------------------------
[2019-10-24T10:48:50+08:00] 127.0.0.1 GET bgn.zytest.com/
[运行时间：0.272569s] [吞吐率：3.67req/s] [内存消耗：2,613.86kb] [文件加载：79]
[ info ] [ LANG ] D:\wwwroot\buguniao\thinkphp\lang\zh-cn.php
[ info ] [ LANG ] D:\wwwroot\buguniao\application\admin\\lang\zh-cn.php
[ info ] [ ROUTE ] array (
  'rule' => '',
  'route' => 'admin/index/index',
  'option' => 
  array (
    'merge_rule_regex' => false,
    'complete_match' => true,
  ),
  'var' => 
  array (
  ),
)
[ info ] [ HEADER ] array (
  'cookie' => 'PHPSESSID=dm8jcv68ub7pek8rs4ld0evrmc; Hm_lvt_d214947968792b839fd669a4decaaffc=1571753026; skin=0; thinkphp_show_page_trace=0|0; Hm_lpvt_d214947968792b839fd669a4decaaffc=1571883740',
  'accept-language' => 'zh-CN,zh;q=0.9,en;q=0.8',
  'accept-encoding' => 'gzip, deflate',
  'accept' => 'text/html,application/xhtml+xml,application/xml;q=0.9,image/webp,image/apng,*/*;q=0.8,application/signed-exchange;v=b3',
  'user-agent' => 'Mozilla/5.0 (Windows NT 10.0; Win64; x64) AppleWebKit/537.36 (KHTML, like Gecko) Chrome/77.0.3865.90 Safari/537.36',
  'upgrade-insecure-requests' => '1',
  'connection' => 'keep-alive',
  'host' => 'bgn.zytest.com',
  'content-length' => '',
  'content-type' => '',
)
[ info ] [ PARAM ] array (
)
[ info ] [ DB ] INIT mysql
[ info ] [ VIEW ] D:\wwwroot\buguniao\application\admin\view\index\index.html [ array (
  0 => 'menus',
) ]
[ sql ] [ DB ] CONNECT:[ UseTime:0.016418s ] mysql:host=127.0.0.1;port=3306;dbname=buguniao;charset=utf8
[ sql ] [ SQL ] SHOW COLUMNS FROM `auth_rule` [ RunTime:0.050697s ]
[ sql ] [ SQL ] SELECT * FROM `auth_rule` WHERE  ( menustatus=1 ) ORDER BY `sort` [ RunTime:0.001966s ]
---------------------------------------------------------------
[2019-10-24T10:48:50+08:00] 127.0.0.1 GET bgn.zytest.com/admin/index/main.html
[运行时间：0.147982s] [吞吐率：6.76req/s] [内存消耗：2,568.87kb] [文件加载：77]
[ info ] [ LANG ] D:\wwwroot\buguniao\thinkphp\lang\zh-cn.php
[ info ] [ LANG ] D:\wwwroot\buguniao\application\admin\\lang\zh-cn.php
[ info ] [ ROUTE ] array (
)
[ info ] [ HEADER ] array (
  'cookie' => 'skin=0; thinkphp_show_page_trace=0|0; thinkphp_show_page_trace=1|4; PHPSESSID=dm8jcv68ub7pek8rs4ld0evrmc; Hm_lvt_d214947968792b839fd669a4decaaffc=1571753026; skin=0; thinkphp_show_page_trace=0|0; Hm_lpvt_d214947968792b839fd669a4decaaffc=1571883740',
  'accept-language' => 'zh-CN,zh;q=0.9,en;q=0.8',
  'accept-encoding' => 'gzip, deflate',
  'referer' => 'http://bgn.zytest.com/',
  'accept' => 'text/html,application/xhtml+xml,application/xml;q=0.9,image/webp,image/apng,*/*;q=0.8,application/signed-exchange;v=b3',
  'user-agent' => 'Mozilla/5.0 (Windows NT 10.0; Win64; x64) AppleWebKit/537.36 (KHTML, like Gecko) Chrome/77.0.3865.90 Safari/537.36',
  'upgrade-insecure-requests' => '1',
  'connection' => 'keep-alive',
  'host' => 'bgn.zytest.com',
  'content-length' => '',
  'content-type' => '',
)
[ info ] [ PARAM ] array (
)
[ info ] [ DB ] INIT mysql
[ info ] [ VIEW ] D:\wwwroot\buguniao\application\admin\view\index\main.html [ array (
  0 => 'config',
) ]
[ sql ] [ DB ] CONNECT:[ UseTime:0.004810s ] mysql:host=127.0.0.1;port=3306;dbname=buguniao;charset=utf8
[ sql ] [ SQL ] SELECT VERSION() AS ver [ RunTime:0.001579s ]
---------------------------------------------------------------
[2019-10-24T10:48:53+08:00] 127.0.0.1 GET bgn.zytest.com/admin/auth/adminlist.html
[运行时间：0.198101s] [吞吐率：5.05req/s] [内存消耗：2,034.74kb] [文件加载：79]
[ info ] [ LANG ] D:\wwwroot\buguniao\thinkphp\lang\zh-cn.php
[ info ] [ LANG ] D:\wwwroot\buguniao\application\admin\\lang\zh-cn.php
[ info ] [ ROUTE ] array (
)
[ info ] [ HEADER ] array (
  'cookie' => 'skin=0; thinkphp_show_page_trace=0|2; thinkphp_show_page_trace=1|4; PHPSESSID=dm8jcv68ub7pek8rs4ld0evrmc; Hm_lvt_d214947968792b839fd669a4decaaffc=1571753026; skin=0; thinkphp_show_page_trace=0|0; Hm_lpvt_d214947968792b839fd669a4decaaffc=1571883740',
  'accept-language' => 'zh-CN,zh;q=0.9,en;q=0.8',
  'accept-encoding' => 'gzip, deflate',
  'referer' => 'http://bgn.zytest.com/',
  'accept' => 'text/html,application/xhtml+xml,application/xml;q=0.9,image/webp,image/apng,*/*;q=0.8,application/signed-exchange;v=b3',
  'user-agent' => 'Mozilla/5.0 (Windows NT 10.0; Win64; x64) AppleWebKit/537.36 (KHTML, like Gecko) Chrome/77.0.3865.90 Safari/537.36',
  'upgrade-insecure-requests' => '1',
  'connection' => 'keep-alive',
  'host' => 'bgn.zytest.com',
  'content-length' => '',
  'content-type' => '',
)
[ info ] [ PARAM ] array (
)
[ info ] [ VIEW ] D:\wwwroot\buguniao\application\admin\view\auth\admin_list.html [ array (
) ]
---------------------------------------------------------------
[2019-10-24T10:48:54+08:00] 127.0.0.1 POST bgn.zytest.com/admin/auth/adminlist.html
[运行时间：0.223703s] [吞吐率：4.47req/s] [内存消耗：2,601.38kb] [文件加载：76]
[ info ] [ LANG ] D:\wwwroot\buguniao\thinkphp\lang\zh-cn.php
[ info ] [ LANG ] D:\wwwroot\buguniao\application\admin\\lang\zh-cn.php
[ info ] [ ROUTE ] array (
)
[ info ] [ HEADER ] array (
  'cookie' => 'skin=0; thinkphp_show_page_trace=0|2; thinkphp_show_page_trace=1|4; PHPSESSID=dm8jcv68ub7pek8rs4ld0evrmc; Hm_lvt_d214947968792b839fd669a4decaaffc=1571753026; skin=0; thinkphp_show_page_trace=0|0; Hm_lpvt_d214947968792b839fd669a4decaaffc=1571883740',
  'accept-language' => 'zh-CN,zh;q=0.9,en;q=0.8',
  'accept-encoding' => 'gzip, deflate',
  'referer' => 'http://bgn.zytest.com/admin/auth/adminlist.html',
  'content-type' => 'application/x-www-form-urlencoded; charset=UTF-8',
  'user-agent' => 'Mozilla/5.0 (Windows NT 10.0; Win64; x64) AppleWebKit/537.36 (KHTML, like Gecko) Chrome/77.0.3865.90 Safari/537.36',
  'x-requested-with' => 'XMLHttpRequest',
  'origin' => 'http://bgn.zytest.com',
  'accept' => 'application/json, text/javascript, */*; q=0.01',
  'content-length' => '15',
  'connection' => 'keep-alive',
  'host' => 'bgn.zytest.com',
)
[ info ] [ PARAM ] array (
  'page' => '1',
  'limit' => '10',
)
[ info ] [ DB ] INIT mysql
[ sql ] [ DB ] CONNECT:[ UseTime:0.002835s ] mysql:host=127.0.0.1;port=3306;dbname=buguniao;charset=utf8
[ sql ] [ SQL ] SHOW COLUMNS FROM `admin` [ RunTime:0.072387s ]
[ sql ] [ SQL ] SELECT `a`.*,`ag`.`title` FROM `admin` `a` LEFT JOIN `auth_group` `ag` ON `a`.`group_id`=`ag`.`group_id` [ RunTime:0.035817s ]
---------------------------------------------------------------
[2019-10-24T10:51:03+08:00] 127.0.0.1 GET bgn.zytest.com/admin/auth/admingroup.html
[运行时间：0.106944s] [吞吐率：9.35req/s] [内存消耗：1,886.52kb] [文件加载：75]
[ info ] [ LANG ] D:\wwwroot\buguniao\thinkphp\lang\zh-cn.php
[ info ] [ LANG ] D:\wwwroot\buguniao\application\admin\\lang\zh-cn.php
[ info ] [ ROUTE ] array (
)
[ info ] [ HEADER ] array (
  'cookie' => 'skin=0; thinkphp_show_page_trace=0|2; thinkphp_show_page_trace=1|4; PHPSESSID=dm8jcv68ub7pek8rs4ld0evrmc; Hm_lvt_d214947968792b839fd669a4decaaffc=1571753026; skin=0; thinkphp_show_page_trace=0|0; Hm_lpvt_d214947968792b839fd669a4decaaffc=1571883740',
  'accept-language' => 'zh-CN,zh;q=0.9,en;q=0.8',
  'accept-encoding' => 'gzip, deflate',
  'referer' => 'http://bgn.zytest.com/',
  'accept' => 'text/html,application/xhtml+xml,application/xml;q=0.9,image/webp,image/apng,*/*;q=0.8,application/signed-exchange;v=b3',
  'user-agent' => 'Mozilla/5.0 (Windows NT 10.0; Win64; x64) AppleWebKit/537.36 (KHTML, like Gecko) Chrome/77.0.3865.90 Safari/537.36',
  'upgrade-insecure-requests' => '1',
  'connection' => 'keep-alive',
  'host' => 'bgn.zytest.com',
  'content-length' => '',
  'content-type' => '',
)
[ info ] [ PARAM ] array (
)
[ info ] [ VIEW ] D:\wwwroot\buguniao\application\admin\view\auth\admin_group.html [ array (
) ]
---------------------------------------------------------------
[2019-10-24T10:51:03+08:00] 127.0.0.1 POST bgn.zytest.com/admin/auth/admingroup.html
[运行时间：0.163627s] [吞吐率：6.11req/s] [内存消耗：2,870.22kb] [文件加载：83]
[ info ] [ LANG ] D:\wwwroot\buguniao\thinkphp\lang\zh-cn.php
[ info ] [ LANG ] D:\wwwroot\buguniao\application\admin\\lang\zh-cn.php
[ info ] [ ROUTE ] array (
)
[ info ] [ HEADER ] array (
  'cookie' => 'skin=0; thinkphp_show_page_trace=0|2; thinkphp_show_page_trace=1|4; PHPSESSID=dm8jcv68ub7pek8rs4ld0evrmc; Hm_lvt_d214947968792b839fd669a4decaaffc=1571753026; skin=0; thinkphp_show_page_trace=0|0; Hm_lpvt_d214947968792b839fd669a4decaaffc=1571883740',
  'accept-language' => 'zh-CN,zh;q=0.9,en;q=0.8',
  'accept-encoding' => 'gzip, deflate',
  'referer' => 'http://bgn.zytest.com/admin/auth/admingroup.html',
  'content-type' => 'application/x-www-form-urlencoded; charset=UTF-8',
  'user-agent' => 'Mozilla/5.0 (Windows NT 10.0; Win64; x64) AppleWebKit/537.36 (KHTML, like Gecko) Chrome/77.0.3865.90 Safari/537.36',
  'x-requested-with' => 'XMLHttpRequest',
  'origin' => 'http://bgn.zytest.com',
  'accept' => 'application/json, text/javascript, */*; q=0.01',
  'content-length' => '15',
  'connection' => 'keep-alive',
  'host' => 'bgn.zytest.com',
)
[ info ] [ PARAM ] array (
  'page' => '1',
  'limit' => '10',
)
[ info ] [ DB ] INIT mysql
[ sql ] [ DB ] CONNECT:[ UseTime:0.001854s ] mysql:host=127.0.0.1;port=3306;dbname=buguniao;charset=utf8
[ sql ] [ SQL ] SHOW COLUMNS FROM `auth_group` [ RunTime:0.024288s ]
[ sql ] [ SQL ] SELECT * FROM `auth_group` [ RunTime:0.000919s ]
---------------------------------------------------------------
[2019-10-24T12:22:59+08:00] 127.0.0.1 GET bgn.zytest.com/
[运行时间：1.117142s] [吞吐率：0.90req/s] [内存消耗：2,613.86kb] [文件加载：79]
[ info ] [ LANG ] D:\wwwroot\buguniao\thinkphp\lang\zh-cn.php
[ info ] [ LANG ] D:\wwwroot\buguniao\application\admin\\lang\zh-cn.php
[ info ] [ ROUTE ] array (
  'rule' => '',
  'route' => 'admin/index/index',
  'option' => 
  array (
    'merge_rule_regex' => false,
    'complete_match' => true,
  ),
  'var' => 
  array (
  ),
)
[ info ] [ HEADER ] array (
  'cookie' => 'PHPSESSID=dm8jcv68ub7pek8rs4ld0evrmc; Hm_lvt_d214947968792b839fd669a4decaaffc=1571753026; skin=0; thinkphp_show_page_trace=0|0; Hm_lpvt_d214947968792b839fd669a4decaaffc=1571883740',
  'accept-language' => 'zh-CN,zh;q=0.9,en;q=0.8',
  'accept-encoding' => 'gzip, deflate',
  'accept' => 'text/html,application/xhtml+xml,application/xml;q=0.9,image/webp,image/apng,*/*;q=0.8,application/signed-exchange;v=b3',
  'user-agent' => 'Mozilla/5.0 (Windows NT 10.0; Win64; x64) AppleWebKit/537.36 (KHTML, like Gecko) Chrome/77.0.3865.90 Safari/537.36',
  'upgrade-insecure-requests' => '1',
  'connection' => 'keep-alive',
  'host' => 'bgn.zytest.com',
  'content-length' => '',
  'content-type' => '',
)
[ info ] [ PARAM ] array (
)
[ info ] [ DB ] INIT mysql
[ info ] [ VIEW ] D:\wwwroot\buguniao\application\admin\view\index\index.html [ array (
  0 => 'menus',
) ]
[ sql ] [ DB ] CONNECT:[ UseTime:0.212857s ] mysql:host=192.168.8.145;port=3306;dbname=bi_shop;charset=utf8
[ sql ] [ SQL ] SHOW COLUMNS FROM `auth_rule` [ RunTime:0.563481s ]
[ sql ] [ SQL ] SELECT * FROM `auth_rule` WHERE  ( menustatus=1 ) ORDER BY `sort` [ RunTime:0.171802s ]
---------------------------------------------------------------
[2019-10-24T12:23:00+08:00] 127.0.0.1 GET bgn.zytest.com/admin/index/main.html
[运行时间：0.822999s] [吞吐率：1.22req/s] [内存消耗：2,568.94kb] [文件加载：77]
[ info ] [ LANG ] D:\wwwroot\buguniao\thinkphp\lang\zh-cn.php
[ info ] [ LANG ] D:\wwwroot\buguniao\application\admin\\lang\zh-cn.php
[ info ] [ ROUTE ] array (
)
[ info ] [ HEADER ] array (
  'cookie' => 'skin=0; thinkphp_show_page_trace=0|0; thinkphp_show_page_trace=1|4; PHPSESSID=dm8jcv68ub7pek8rs4ld0evrmc; Hm_lvt_d214947968792b839fd669a4decaaffc=1571753026; skin=0; thinkphp_show_page_trace=0|0; Hm_lpvt_d214947968792b839fd669a4decaaffc=1571883740',
  'accept-language' => 'zh-CN,zh;q=0.9,en;q=0.8',
  'accept-encoding' => 'gzip, deflate',
  'referer' => 'http://bgn.zytest.com/',
  'accept' => 'text/html,application/xhtml+xml,application/xml;q=0.9,image/webp,image/apng,*/*;q=0.8,application/signed-exchange;v=b3',
  'user-agent' => 'Mozilla/5.0 (Windows NT 10.0; Win64; x64) AppleWebKit/537.36 (KHTML, like Gecko) Chrome/77.0.3865.90 Safari/537.36',
  'upgrade-insecure-requests' => '1',
  'connection' => 'keep-alive',
  'host' => 'bgn.zytest.com',
  'content-length' => '',
  'content-type' => '',
)
[ info ] [ PARAM ] array (
)
[ info ] [ DB ] INIT mysql
[ info ] [ VIEW ] D:\wwwroot\buguniao\application\admin\view\index\main.html [ array (
  0 => 'config',
) ]
[ sql ] [ DB ] CONNECT:[ UseTime:0.400726s ] mysql:host=192.168.8.145;port=3306;dbname=bi_shop;charset=utf8
[ sql ] [ SQL ] SELECT VERSION() AS ver [ RunTime:0.208402s ]
---------------------------------------------------------------
[2019-10-24T12:23:03+08:00] 127.0.0.1 GET bgn.zytest.com/admin/users/userlist.html
[运行时间：0.085831s] [吞吐率：11.65req/s] [内存消耗：1,984.86kb] [文件加载：76]
[ info ] [ LANG ] D:\wwwroot\buguniao\thinkphp\lang\zh-cn.php
[ info ] [ LANG ] D:\wwwroot\buguniao\application\admin\\lang\zh-cn.php
[ info ] [ ROUTE ] array (
)
[ info ] [ HEADER ] array (
  'cookie' => 'thinkphp_show_page_trace=1|4; PHPSESSID=dm8jcv68ub7pek8rs4ld0evrmc; Hm_lvt_d214947968792b839fd669a4decaaffc=1571753026; skin=0; thinkphp_show_page_trace=0|0; Hm_lpvt_d214947968792b839fd669a4decaaffc=1571883740',
  'accept-language' => 'zh-CN,zh;q=0.9,en;q=0.8',
  'accept-encoding' => 'gzip, deflate',
  'referer' => 'http://bgn.zytest.com/',
  'accept' => 'text/html,application/xhtml+xml,application/xml;q=0.9,image/webp,image/apng,*/*;q=0.8,application/signed-exchange;v=b3',
  'user-agent' => 'Mozilla/5.0 (Windows NT 10.0; Win64; x64) AppleWebKit/537.36 (KHTML, like Gecko) Chrome/77.0.3865.90 Safari/537.36',
  'upgrade-insecure-requests' => '1',
  'connection' => 'keep-alive',
  'host' => 'bgn.zytest.com',
  'content-length' => '',
  'content-type' => '',
)
[ info ] [ PARAM ] array (
)
[ info ] [ VIEW ] D:\wwwroot\buguniao\application\admin\view\users\user_list.html [ array (
) ]
---------------------------------------------------------------
[2019-10-24T12:23:04+08:00] 127.0.0.1 POST bgn.zytest.com/admin/users/userlist.html
[运行时间：0.976788s] [吞吐率：1.02req/s] [内存消耗：2,551.84kb] [文件加载：73]
[ info ] [ LANG ] D:\wwwroot\buguniao\thinkphp\lang\zh-cn.php
[ info ] [ LANG ] D:\wwwroot\buguniao\application\admin\\lang\zh-cn.php
[ info ] [ ROUTE ] array (
)
[ info ] [ HEADER ] array (
  'cookie' => 'skin=0; thinkphp_show_page_trace=1|4; thinkphp_show_page_trace=1|4; PHPSESSID=dm8jcv68ub7pek8rs4ld0evrmc; Hm_lvt_d214947968792b839fd669a4decaaffc=1571753026; skin=0; thinkphp_show_page_trace=0|0; Hm_lpvt_d214947968792b839fd669a4decaaffc=1571883740',
  'accept-language' => 'zh-CN,zh;q=0.9,en;q=0.8',
  'accept-encoding' => 'gzip, deflate',
  'referer' => 'http://bgn.zytest.com/admin/users/userlist.html',
  'content-type' => 'application/x-www-form-urlencoded; charset=UTF-8',
  'user-agent' => 'Mozilla/5.0 (Windows NT 10.0; Win64; x64) AppleWebKit/537.36 (KHTML, like Gecko) Chrome/77.0.3865.90 Safari/537.36',
  'x-requested-with' => 'XMLHttpRequest',
  'origin' => 'http://bgn.zytest.com',
  'accept' => 'application/json, text/javascript, */*; q=0.01',
  'content-length' => '15',
  'connection' => 'keep-alive',
  'host' => 'bgn.zytest.com',
)
[ info ] [ PARAM ] array (
  'page' => '1',
  'limit' => '10',
)
[ info ] [ DB ] INIT mysql
[ sql ] [ DB ] CONNECT:[ UseTime:0.459187s ] mysql:host=192.168.8.145;port=3306;dbname=bi_shop;charset=utf8
[ sql ] [ SQL ] SHOW COLUMNS FROM `users` [ RunTime:0.367810s ]
[ sql ] [ SQL ] SELECT * FROM `users` WHERE  ( `nickname` LIKE '%%' OR `email` LIKE '%%' OR `phone` LIKE '%%' ) [ RunTime:0.068988s ]
---------------------------------------------------------------
[2019-10-24T14:58:28+08:00] 127.0.0.1 GET bgn.zytest.com/
[运行时间：0.548800s] [吞吐率：1.82req/s] [内存消耗：2,614.55kb] [文件加载：79]
[ info ] [ LANG ] D:\wwwroot\buguniao\thinkphp\lang\zh-cn.php
[ info ] [ LANG ] D:\wwwroot\buguniao\application\admin\\lang\zh-cn.php
[ info ] [ ROUTE ] array (
  'rule' => '',
  'route' => 'admin/index/index',
  'option' => 
  array (
    'merge_rule_regex' => false,
    'complete_match' => true,
  ),
  'var' => 
  array (
  ),
)
[ info ] [ HEADER ] array (
  'cookie' => 'PHPSESSID=dm8jcv68ub7pek8rs4ld0evrmc; Hm_lvt_d214947968792b839fd669a4decaaffc=1571753026; skin=0; thinkphp_show_page_trace=0|0; Hm_lpvt_d214947968792b839fd669a4decaaffc=1571883740',
  'accept-language' => 'zh-CN,zh;q=0.9,en;q=0.8',
  'accept-encoding' => 'gzip, deflate',
  'accept' => 'text/html,application/xhtml+xml,application/xml;q=0.9,image/webp,image/apng,*/*;q=0.8,application/signed-exchange;v=b3',
  'user-agent' => 'Mozilla/5.0 (Windows NT 10.0; Win64; x64) AppleWebKit/537.36 (KHTML, like Gecko) Chrome/77.0.3865.90 Safari/537.36',
  'upgrade-insecure-requests' => '1',
  'connection' => 'keep-alive',
  'host' => 'bgn.zytest.com',
  'content-length' => '',
  'content-type' => '',
)
[ info ] [ PARAM ] array (
)
[ info ] [ DB ] INIT mysql
[ info ] [ VIEW ] D:\wwwroot\buguniao\application\admin\view\index\index.html [ array (
  0 => 'menus',
) ]
[ sql ] [ DB ] CONNECT:[ UseTime:0.139069s ] mysql:host=192.168.8.145;port=3306;dbname=bi_shop;charset=utf8
[ sql ] [ SQL ] SHOW COLUMNS FROM `auth_rule` [ RunTime:0.194711s ]
[ sql ] [ SQL ] SELECT * FROM `auth_rule` WHERE  ( menustatus=1 ) ORDER BY `sort` [ RunTime:0.025171s ]
---------------------------------------------------------------
[2019-10-24T14:58:28+08:00] 127.0.0.1 GET bgn.zytest.com/admin/index/main.html
[运行时间：0.348172s] [吞吐率：2.87req/s] [内存消耗：2,568.94kb] [文件加载：77]
[ info ] [ LANG ] D:\wwwroot\buguniao\thinkphp\lang\zh-cn.php
[ info ] [ LANG ] D:\wwwroot\buguniao\application\admin\\lang\zh-cn.php
[ info ] [ ROUTE ] array (
)
[ info ] [ HEADER ] array (
  'cookie' => 'skin=0; thinkphp_show_page_trace=0|0; thinkphp_show_page_trace=1|4; PHPSESSID=dm8jcv68ub7pek8rs4ld0evrmc; Hm_lvt_d214947968792b839fd669a4decaaffc=1571753026; skin=0; thinkphp_show_page_trace=0|0; Hm_lpvt_d214947968792b839fd669a4decaaffc=1571883740',
  'accept-language' => 'zh-CN,zh;q=0.9,en;q=0.8',
  'accept-encoding' => 'gzip, deflate',
  'referer' => 'http://bgn.zytest.com/',
  'accept' => 'text/html,application/xhtml+xml,application/xml;q=0.9,image/webp,image/apng,*/*;q=0.8,application/signed-exchange;v=b3',
  'user-agent' => 'Mozilla/5.0 (Windows NT 10.0; Win64; x64) AppleWebKit/537.36 (KHTML, like Gecko) Chrome/77.0.3865.90 Safari/537.36',
  'upgrade-insecure-requests' => '1',
  'connection' => 'keep-alive',
  'host' => 'bgn.zytest.com',
  'content-length' => '',
  'content-type' => '',
)
[ info ] [ PARAM ] array (
)
[ info ] [ DB ] INIT mysql
[ info ] [ VIEW ] D:\wwwroot\buguniao\application\admin\view\index\main.html [ array (
  0 => 'config',
) ]
[ sql ] [ DB ] CONNECT:[ UseTime:0.144989s ] mysql:host=192.168.8.145;port=3306;dbname=bi_shop;charset=utf8
[ sql ] [ SQL ] SELECT VERSION() AS ver [ RunTime:0.042931s ]
---------------------------------------------------------------
[2019-10-24T14:58:41+08:00] 127.0.0.1 GET bgn.zytest.com/admin/auth/adminrule.html
[运行时间：0.095036s] [吞吐率：10.52req/s] [内存消耗：1,890.46kb] [文件加载：75]
[ info ] [ LANG ] D:\wwwroot\buguniao\thinkphp\lang\zh-cn.php
[ info ] [ LANG ] D:\wwwroot\buguniao\application\admin\\lang\zh-cn.php
[ info ] [ ROUTE ] array (
)
[ info ] [ HEADER ] array (
  'cookie' => 'skin=0; thinkphp_show_page_trace=0|2; thinkphp_show_page_trace=1|4; PHPSESSID=dm8jcv68ub7pek8rs4ld0evrmc; Hm_lvt_d214947968792b839fd669a4decaaffc=1571753026; skin=0; thinkphp_show_page_trace=0|0; Hm_lpvt_d214947968792b839fd669a4decaaffc=1571883740',
  'accept-language' => 'zh-CN,zh;q=0.9,en;q=0.8',
  'accept-encoding' => 'gzip, deflate',
  'referer' => 'http://bgn.zytest.com/',
  'accept' => 'text/html,application/xhtml+xml,application/xml;q=0.9,image/webp,image/apng,*/*;q=0.8,application/signed-exchange;v=b3',
  'user-agent' => 'Mozilla/5.0 (Windows NT 10.0; Win64; x64) AppleWebKit/537.36 (KHTML, like Gecko) Chrome/77.0.3865.90 Safari/537.36',
  'upgrade-insecure-requests' => '1',
  'connection' => 'keep-alive',
  'host' => 'bgn.zytest.com',
  'content-length' => '',
  'content-type' => '',
)
[ info ] [ PARAM ] array (
)
[ info ] [ VIEW ] D:\wwwroot\buguniao\application\admin\view\auth\admin_rule.html [ array (
) ]
---------------------------------------------------------------
[2019-10-24T14:58:42+08:00] 127.0.0.1 POST bgn.zytest.com/admin/auth/adminrule.html
[运行时间：0.541505s] [吞吐率：1.85req/s] [内存消耗：2,600.71kb] [文件加载：74]
[ info ] [ LANG ] D:\wwwroot\buguniao\thinkphp\lang\zh-cn.php
[ info ] [ LANG ] D:\wwwroot\buguniao\application\admin\\lang\zh-cn.php
[ info ] [ ROUTE ] array (
)
[ info ] [ HEADER ] array (
  'cookie' => 'skin=0; thinkphp_show_page_trace=0|2; thinkphp_show_page_trace=1|4; PHPSESSID=dm8jcv68ub7pek8rs4ld0evrmc; Hm_lvt_d214947968792b839fd669a4decaaffc=1571753026; skin=0; thinkphp_show_page_trace=0|0; Hm_lpvt_d214947968792b839fd669a4decaaffc=1571883740',
  'accept-language' => 'zh-CN,zh;q=0.9,en;q=0.8',
  'accept-encoding' => 'gzip, deflate',
  'referer' => 'http://bgn.zytest.com/admin/auth/adminrule.html',
  'content-type' => 'application/x-www-form-urlencoded; charset=UTF-8',
  'user-agent' => 'Mozilla/5.0 (Windows NT 10.0; Win64; x64) AppleWebKit/537.36 (KHTML, like Gecko) Chrome/77.0.3865.90 Safari/537.36',
  'x-requested-with' => 'XMLHttpRequest',
  'origin' => 'http://bgn.zytest.com',
  'accept' => 'application/json, text/javascript, */*; q=0.01',
  'content-length' => '15',
  'connection' => 'keep-alive',
  'host' => 'bgn.zytest.com',
)
[ info ] [ PARAM ] array (
  'page' => '1',
  'limit' => '10',
)
[ info ] [ DB ] INIT mysql
[ sql ] [ DB ] CONNECT:[ UseTime:0.112418s ] mysql:host=192.168.8.145;port=3306;dbname=bi_shop;charset=utf8
[ sql ] [ SQL ] SHOW COLUMNS FROM `auth_rule` [ RunTime:0.175405s ]
[ sql ] [ SQL ] SELECT * FROM `auth_rule` ORDER BY `pid` ASC,`sort` ASC [ RunTime:0.104635s ]
---------------------------------------------------------------
[2019-10-24T14:58:45+08:00] 127.0.0.1 GET bgn.zytest.com/admin/auth/ruleadd.html
[运行时间：0.719051s] [吞吐率：1.39req/s] [内存消耗：3,073.71kb] [文件加载：89]
[ info ] [ LANG ] D:\wwwroot\buguniao\thinkphp\lang\zh-cn.php
[ info ] [ LANG ] D:\wwwroot\buguniao\application\admin\\lang\zh-cn.php
[ info ] [ ROUTE ] array (
)
[ info ] [ HEADER ] array (
  'cookie' => 'skin=0; thinkphp_show_page_trace=0|2; thinkphp_show_page_trace=1|4; PHPSESSID=dm8jcv68ub7pek8rs4ld0evrmc; Hm_lvt_d214947968792b839fd669a4decaaffc=1571753026; skin=0; thinkphp_show_page_trace=0|0; Hm_lpvt_d214947968792b839fd669a4decaaffc=1571883740',
  'accept-language' => 'zh-CN,zh;q=0.9,en;q=0.8',
  'accept-encoding' => 'gzip, deflate',
  'referer' => 'http://bgn.zytest.com/admin/auth/adminrule.html',
  'accept' => 'text/html,application/xhtml+xml,application/xml;q=0.9,image/webp,image/apng,*/*;q=0.8,application/signed-exchange;v=b3',
  'user-agent' => 'Mozilla/5.0 (Windows NT 10.0; Win64; x64) AppleWebKit/537.36 (KHTML, like Gecko) Chrome/77.0.3865.90 Safari/537.36',
  'upgrade-insecure-requests' => '1',
  'connection' => 'keep-alive',
  'host' => 'bgn.zytest.com',
  'content-length' => '',
  'content-type' => '',
)
[ info ] [ PARAM ] array (
)
[ info ] [ DB ] INIT mysql
[ info ] [ VIEW ] D:\wwwroot\buguniao\application\admin\view\auth\rule_add.html [ array (
  0 => 'admin_rule',
) ]
[ sql ] [ DB ] CONNECT:[ UseTime:0.270390s ] mysql:host=192.168.8.145;port=3306;dbname=bi_shop;charset=utf8
[ sql ] [ SQL ] SHOW COLUMNS FROM `auth_rule` [ RunTime:0.193358s ]
[ sql ] [ SQL ] SELECT * FROM `auth_rule` ORDER BY `sort` ASC [ RunTime:0.038171s ]
---------------------------------------------------------------
[2019-10-24T15:10:36+08:00] 127.0.0.1 GET bgn.zytest.com/admin/auth/adminrule.html
[运行时间：0.084918s] [吞吐率：11.78req/s] [内存消耗：1,890.48kb] [文件加载：75]
[ info ] [ LANG ] D:\wwwroot\buguniao\thinkphp\lang\zh-cn.php
[ info ] [ LANG ] D:\wwwroot\buguniao\application\admin\\lang\zh-cn.php
[ info ] [ ROUTE ] array (
)
[ info ] [ HEADER ] array (
  'cookie' => 'skin=0; thinkphp_show_page_trace=0|2; thinkphp_show_page_trace=1|4; PHPSESSID=dm8jcv68ub7pek8rs4ld0evrmc; Hm_lvt_d214947968792b839fd669a4decaaffc=1571753026; skin=0; thinkphp_show_page_trace=0|0; Hm_lpvt_d214947968792b839fd669a4decaaffc=1571883740',
  'accept-language' => 'zh-CN,zh;q=0.9,en;q=0.8',
  'accept-encoding' => 'gzip, deflate',
  'referer' => 'http://bgn.zytest.com/admin/auth/ruleadd.html',
  'accept' => 'text/html,application/xhtml+xml,application/xml;q=0.9,image/webp,image/apng,*/*;q=0.8,application/signed-exchange;v=b3',
  'user-agent' => 'Mozilla/5.0 (Windows NT 10.0; Win64; x64) AppleWebKit/537.36 (KHTML, like Gecko) Chrome/77.0.3865.90 Safari/537.36',
  'upgrade-insecure-requests' => '1',
  'connection' => 'keep-alive',
  'host' => 'bgn.zytest.com',
  'content-length' => '',
  'content-type' => '',
)
[ info ] [ PARAM ] array (
)
[ info ] [ VIEW ] D:\wwwroot\buguniao\application\admin\view\auth\admin_rule.html [ array (
) ]
---------------------------------------------------------------
[2019-10-24T15:10:36+08:00] 127.0.0.1 POST bgn.zytest.com/admin/auth/adminrule.html
[运行时间：0.053680s] [吞吐率：18.63req/s] [内存消耗：1,797.41kb] [文件加载：69]
[ info ] [ LANG ] D:\wwwroot\buguniao\thinkphp\lang\zh-cn.php
[ info ] [ LANG ] D:\wwwroot\buguniao\application\admin\\lang\zh-cn.php
[ info ] [ ROUTE ] array (
)
[ info ] [ HEADER ] array (
  'cookie' => 'skin=0; thinkphp_show_page_trace=0|2; thinkphp_show_page_trace=1|4; PHPSESSID=dm8jcv68ub7pek8rs4ld0evrmc; Hm_lvt_d214947968792b839fd669a4decaaffc=1571753026; skin=0; thinkphp_show_page_trace=0|0; Hm_lpvt_d214947968792b839fd669a4decaaffc=1571883740',
  'accept-language' => 'zh-CN,zh;q=0.9,en;q=0.8',
  'accept-encoding' => 'gzip, deflate',
  'referer' => 'http://bgn.zytest.com/admin/auth/adminrule.html',
  'content-type' => 'application/x-www-form-urlencoded; charset=UTF-8',
  'user-agent' => 'Mozilla/5.0 (Windows NT 10.0; Win64; x64) AppleWebKit/537.36 (KHTML, like Gecko) Chrome/77.0.3865.90 Safari/537.36',
  'x-requested-with' => 'XMLHttpRequest',
  'origin' => 'http://bgn.zytest.com',
  'accept' => 'application/json, text/javascript, */*; q=0.01',
  'content-length' => '15',
  'connection' => 'keep-alive',
  'host' => 'bgn.zytest.com',
)
[ info ] [ PARAM ] array (
  'page' => '1',
  'limit' => '10',
)
---------------------------------------------------------------
[2019-10-24T15:10:43+08:00] 127.0.0.1 GET bgn.zytest.com/admin/auth/ruleadd.html
[运行时间：0.078047s] [吞吐率：12.81req/s] [内存消耗：2,366.33kb] [文件加载：82]
[ info ] [ LANG ] D:\wwwroot\buguniao\thinkphp\lang\zh-cn.php
[ info ] [ LANG ] D:\wwwroot\buguniao\application\admin\\lang\zh-cn.php
[ info ] [ ROUTE ] array (
)
[ info ] [ HEADER ] array (
  'cookie' => 'skin=0; thinkphp_show_page_trace=0|2; thinkphp_show_page_trace=1|4; PHPSESSID=dm8jcv68ub7pek8rs4ld0evrmc; Hm_lvt_d214947968792b839fd669a4decaaffc=1571753026; skin=0; thinkphp_show_page_trace=0|0; Hm_lpvt_d214947968792b839fd669a4decaaffc=1571883740',
  'accept-language' => 'zh-CN,zh;q=0.9,en;q=0.8',
  'accept-encoding' => 'gzip, deflate',
  'referer' => 'http://bgn.zytest.com/admin/auth/adminrule.html',
  'accept' => 'text/html,application/xhtml+xml,application/xml;q=0.9,image/webp,image/apng,*/*;q=0.8,application/signed-exchange;v=b3',
  'user-agent' => 'Mozilla/5.0 (Windows NT 10.0; Win64; x64) AppleWebKit/537.36 (KHTML, like Gecko) Chrome/77.0.3865.90 Safari/537.36',
  'upgrade-insecure-requests' => '1',
  'connection' => 'keep-alive',
  'host' => 'bgn.zytest.com',
  'content-length' => '',
  'content-type' => '',
)
[ info ] [ PARAM ] array (
)
[ info ] [ VIEW ] D:\wwwroot\buguniao\application\admin\view\auth\rule_add.html [ array (
  0 => 'admin_rule',
) ]
---------------------------------------------------------------
[2019-10-24T15:11:02+08:00] 127.0.0.1 POST bgn.zytest.com/admin/auth/ruleadd.html
[运行时间：0.664017s] [吞吐率：1.51req/s] [内存消耗：2,836.13kb] [文件加载：83]
[ info ] [ LANG ] D:\wwwroot\buguniao\thinkphp\lang\zh-cn.php
[ info ] [ LANG ] D:\wwwroot\buguniao\application\admin\\lang\zh-cn.php
[ info ] [ ROUTE ] array (
)
[ info ] [ HEADER ] array (
  'cookie' => 'skin=0; thinkphp_show_page_trace=0|2; thinkphp_show_page_trace=1|4; PHPSESSID=dm8jcv68ub7pek8rs4ld0evrmc; Hm_lvt_d214947968792b839fd669a4decaaffc=1571753026; skin=0; thinkphp_show_page_trace=0|0; Hm_lpvt_d214947968792b839fd669a4decaaffc=1571883740',
  'accept-language' => 'zh-CN,zh;q=0.9,en;q=0.8',
  'accept-encoding' => 'gzip, deflate',
  'referer' => 'http://bgn.zytest.com/admin/auth/ruleadd.html',
  'content-type' => 'application/x-www-form-urlencoded; charset=UTF-8',
  'user-agent' => 'Mozilla/5.0 (Windows NT 10.0; Win64; x64) AppleWebKit/537.36 (KHTML, like Gecko) Chrome/77.0.3865.90 Safari/537.36',
  'x-requested-with' => 'XMLHttpRequest',
  'origin' => 'http://bgn.zytest.com',
  'accept' => '*/*',
  'content-length' => '90',
  'connection' => 'keep-alive',
  'host' => 'bgn.zytest.com',
)
[ info ] [ PARAM ] array (
  'pid' => '0',
  'title' => '参数管理',
  'href' => 'Parameter',
  'icon' => '',
  'menustatus' => '1',
  'sort' => '50',
)
[ info ] [ DB ] INIT mysql
[ sql ] [ DB ] CONNECT:[ UseTime:0.070136s ] mysql:host=192.168.8.145;port=3306;dbname=bi_shop;charset=utf8
[ sql ] [ SQL ] SHOW COLUMNS FROM `auth_rule` [ RunTime:0.380914s ]
[ sql ] [ SQL ] INSERT INTO `auth_rule` (`pid` , `title` , `href` , `icon` , `menustatus` , `sort` , `addtime`) VALUES (0 , '参数管理' , 'Parameter' , '' , 1 , 50 , 1571901062) [ RunTime:0.055695s ]
---------------------------------------------------------------
[2019-10-24T15:11:04+08:00] 127.0.0.1 GET bgn.zytest.com/admin/auth/adminrule.html
[运行时间：0.061511s] [吞吐率：16.26req/s] [内存消耗：1,890.48kb] [文件加载：75]
[ info ] [ LANG ] D:\wwwroot\buguniao\thinkphp\lang\zh-cn.php
[ info ] [ LANG ] D:\wwwroot\buguniao\application\admin\\lang\zh-cn.php
[ info ] [ ROUTE ] array (
)
[ info ] [ HEADER ] array (
  'cookie' => 'skin=0; thinkphp_show_page_trace=0|2; thinkphp_show_page_trace=1|4; PHPSESSID=dm8jcv68ub7pek8rs4ld0evrmc; Hm_lvt_d214947968792b839fd669a4decaaffc=1571753026; skin=0; thinkphp_show_page_trace=0|0; Hm_lpvt_d214947968792b839fd669a4decaaffc=1571883740',
  'accept-language' => 'zh-CN,zh;q=0.9,en;q=0.8',
  'accept-encoding' => 'gzip, deflate',
  'referer' => 'http://bgn.zytest.com/admin/auth/ruleadd.html',
  'accept' => 'text/html,application/xhtml+xml,application/xml;q=0.9,image/webp,image/apng,*/*;q=0.8,application/signed-exchange;v=b3',
  'user-agent' => 'Mozilla/5.0 (Windows NT 10.0; Win64; x64) AppleWebKit/537.36 (KHTML, like Gecko) Chrome/77.0.3865.90 Safari/537.36',
  'upgrade-insecure-requests' => '1',
  'connection' => 'keep-alive',
  'host' => 'bgn.zytest.com',
  'content-length' => '',
  'content-type' => '',
)
[ info ] [ PARAM ] array (
)
[ info ] [ VIEW ] D:\wwwroot\buguniao\application\admin\view\auth\admin_rule.html [ array (
) ]
---------------------------------------------------------------
[2019-10-24T15:11:04+08:00] 127.0.0.1 POST bgn.zytest.com/admin/auth/adminrule.html
[运行时间：0.566214s] [吞吐率：1.77req/s] [内存消耗：2,600.84kb] [文件加载：74]
[ info ] [ LANG ] D:\wwwroot\buguniao\thinkphp\lang\zh-cn.php
[ info ] [ LANG ] D:\wwwroot\buguniao\application\admin\\lang\zh-cn.php
[ info ] [ ROUTE ] array (
)
[ info ] [ HEADER ] array (
  'cookie' => 'skin=0; thinkphp_show_page_trace=0|2; thinkphp_show_page_trace=1|4; PHPSESSID=dm8jcv68ub7pek8rs4ld0evrmc; Hm_lvt_d214947968792b839fd669a4decaaffc=1571753026; skin=0; thinkphp_show_page_trace=0|0; Hm_lpvt_d214947968792b839fd669a4decaaffc=1571883740',
  'accept-language' => 'zh-CN,zh;q=0.9,en;q=0.8',
  'accept-encoding' => 'gzip, deflate',
  'referer' => 'http://bgn.zytest.com/admin/auth/adminrule.html',
  'content-type' => 'application/x-www-form-urlencoded; charset=UTF-8',
  'user-agent' => 'Mozilla/5.0 (Windows NT 10.0; Win64; x64) AppleWebKit/537.36 (KHTML, like Gecko) Chrome/77.0.3865.90 Safari/537.36',
  'x-requested-with' => 'XMLHttpRequest',
  'origin' => 'http://bgn.zytest.com',
  'accept' => 'application/json, text/javascript, */*; q=0.01',
  'content-length' => '15',
  'connection' => 'keep-alive',
  'host' => 'bgn.zytest.com',
)
[ info ] [ PARAM ] array (
  'page' => '1',
  'limit' => '10',
)
[ info ] [ DB ] INIT mysql
[ sql ] [ DB ] CONNECT:[ UseTime:0.278305s ] mysql:host=192.168.8.145;port=3306;dbname=bi_shop;charset=utf8
[ sql ] [ SQL ] SHOW COLUMNS FROM `auth_rule` [ RunTime:0.133781s ]
[ sql ] [ SQL ] SELECT * FROM `auth_rule` ORDER BY `pid` ASC,`sort` ASC [ RunTime:0.083472s ]
---------------------------------------------------------------
[2019-10-24T15:11:33+08:00] 127.0.0.1 GET bgn.zytest.com/admin/auth/adminlist.html
[运行时间：0.135832s] [吞吐率：7.36req/s] [内存消耗：1,896.71kb] [文件加载：76]
[ info ] [ LANG ] D:\wwwroot\buguniao\thinkphp\lang\zh-cn.php
[ info ] [ LANG ] D:\wwwroot\buguniao\application\admin\\lang\zh-cn.php
[ info ] [ ROUTE ] array (
)
[ info ] [ HEADER ] array (
  'cookie' => 'skin=0; thinkphp_show_page_trace=0|2; thinkphp_show_page_trace=1|4; PHPSESSID=dm8jcv68ub7pek8rs4ld0evrmc; Hm_lvt_d214947968792b839fd669a4decaaffc=1571753026; skin=0; thinkphp_show_page_trace=0|0; Hm_lpvt_d214947968792b839fd669a4decaaffc=1571883740',
  'accept-language' => 'zh-CN,zh;q=0.9,en;q=0.8',
  'accept-encoding' => 'gzip, deflate',
  'referer' => 'http://bgn.zytest.com/',
  'accept' => 'text/html,application/xhtml+xml,application/xml;q=0.9,image/webp,image/apng,*/*;q=0.8,application/signed-exchange;v=b3',
  'user-agent' => 'Mozilla/5.0 (Windows NT 10.0; Win64; x64) AppleWebKit/537.36 (KHTML, like Gecko) Chrome/77.0.3865.90 Safari/537.36',
  'upgrade-insecure-requests' => '1',
  'connection' => 'keep-alive',
  'host' => 'bgn.zytest.com',
  'content-length' => '',
  'content-type' => '',
)
[ info ] [ PARAM ] array (
)
[ info ] [ VIEW ] D:\wwwroot\buguniao\application\admin\view\auth\admin_list.html [ array (
) ]
---------------------------------------------------------------
[2019-10-24T15:11:34+08:00] 127.0.0.1 POST bgn.zytest.com/admin/auth/adminlist.html
[运行时间：0.789917s] [吞吐率：1.27req/s] [内存消耗：2,601.93kb] [文件加载：76]
[ info ] [ LANG ] D:\wwwroot\buguniao\thinkphp\lang\zh-cn.php
[ info ] [ LANG ] D:\wwwroot\buguniao\application\admin\\lang\zh-cn.php
[ info ] [ ROUTE ] array (
)
[ info ] [ HEADER ] array (
  'cookie' => 'skin=0; thinkphp_show_page_trace=0|2; thinkphp_show_page_trace=1|4; PHPSESSID=dm8jcv68ub7pek8rs4ld0evrmc; Hm_lvt_d214947968792b839fd669a4decaaffc=1571753026; skin=0; thinkphp_show_page_trace=0|0; Hm_lpvt_d214947968792b839fd669a4decaaffc=1571883740',
  'accept-language' => 'zh-CN,zh;q=0.9,en;q=0.8',
  'accept-encoding' => 'gzip, deflate',
  'referer' => 'http://bgn.zytest.com/admin/auth/adminlist.html',
  'content-type' => 'application/x-www-form-urlencoded; charset=UTF-8',
  'user-agent' => 'Mozilla/5.0 (Windows NT 10.0; Win64; x64) AppleWebKit/537.36 (KHTML, like Gecko) Chrome/77.0.3865.90 Safari/537.36',
  'x-requested-with' => 'XMLHttpRequest',
  'origin' => 'http://bgn.zytest.com',
  'accept' => 'application/json, text/javascript, */*; q=0.01',
  'content-length' => '15',
  'connection' => 'keep-alive',
  'host' => 'bgn.zytest.com',
)
[ info ] [ PARAM ] array (
  'page' => '1',
  'limit' => '10',
)
[ info ] [ DB ] INIT mysql
[ sql ] [ DB ] CONNECT:[ UseTime:0.468082s ] mysql:host=192.168.8.145;port=3306;dbname=bi_shop;charset=utf8
[ sql ] [ SQL ] SHOW COLUMNS FROM `admin` [ RunTime:0.214789s ]
[ sql ] [ SQL ] SELECT `a`.*,`ag`.`title` FROM `admin` `a` LEFT JOIN `auth_group` `ag` ON `a`.`group_id`=`ag`.`group_id` [ RunTime:0.030202s ]
---------------------------------------------------------------
[2019-10-24T15:11:34+08:00] 127.0.0.1 GET bgn.zytest.com/admin/auth/admingroup.html
[运行时间：0.091603s] [吞吐率：10.92req/s] [内存消耗：1,886.52kb] [文件加载：75]
[ info ] [ LANG ] D:\wwwroot\buguniao\thinkphp\lang\zh-cn.php
[ info ] [ LANG ] D:\wwwroot\buguniao\application\admin\\lang\zh-cn.php
[ info ] [ ROUTE ] array (
)
[ info ] [ HEADER ] array (
  'cookie' => 'skin=0; thinkphp_show_page_trace=0|2; thinkphp_show_page_trace=1|4; PHPSESSID=dm8jcv68ub7pek8rs4ld0evrmc; Hm_lvt_d214947968792b839fd669a4decaaffc=1571753026; skin=0; thinkphp_show_page_trace=0|0; Hm_lpvt_d214947968792b839fd669a4decaaffc=1571883740',
  'accept-language' => 'zh-CN,zh;q=0.9,en;q=0.8',
  'accept-encoding' => 'gzip, deflate',
  'referer' => 'http://bgn.zytest.com/',
  'accept' => 'text/html,application/xhtml+xml,application/xml;q=0.9,image/webp,image/apng,*/*;q=0.8,application/signed-exchange;v=b3',
  'user-agent' => 'Mozilla/5.0 (Windows NT 10.0; Win64; x64) AppleWebKit/537.36 (KHTML, like Gecko) Chrome/77.0.3865.90 Safari/537.36',
  'upgrade-insecure-requests' => '1',
  'connection' => 'keep-alive',
  'host' => 'bgn.zytest.com',
  'content-length' => '',
  'content-type' => '',
)
[ info ] [ PARAM ] array (
)
[ info ] [ VIEW ] D:\wwwroot\buguniao\application\admin\view\auth\admin_group.html [ array (
) ]
---------------------------------------------------------------
[2019-10-24T15:11:34+08:00] 127.0.0.1 POST bgn.zytest.com/admin/auth/admingroup.html
[运行时间：0.585225s] [吞吐率：1.71req/s] [内存消耗：2,870.24kb] [文件加载：83]
[ info ] [ LANG ] D:\wwwroot\buguniao\thinkphp\lang\zh-cn.php
[ info ] [ LANG ] D:\wwwroot\buguniao\application\admin\\lang\zh-cn.php
[ info ] [ ROUTE ] array (
)
[ info ] [ HEADER ] array (
  'cookie' => 'skin=0; thinkphp_show_page_trace=0|2; thinkphp_show_page_trace=1|4; PHPSESSID=dm8jcv68ub7pek8rs4ld0evrmc; Hm_lvt_d214947968792b839fd669a4decaaffc=1571753026; skin=0; thinkphp_show_page_trace=0|0; Hm_lpvt_d214947968792b839fd669a4decaaffc=1571883740',
  'accept-language' => 'zh-CN,zh;q=0.9,en;q=0.8',
  'accept-encoding' => 'gzip, deflate',
  'referer' => 'http://bgn.zytest.com/admin/auth/admingroup.html',
  'content-type' => 'application/x-www-form-urlencoded; charset=UTF-8',
  'user-agent' => 'Mozilla/5.0 (Windows NT 10.0; Win64; x64) AppleWebKit/537.36 (KHTML, like Gecko) Chrome/77.0.3865.90 Safari/537.36',
  'x-requested-with' => 'XMLHttpRequest',
  'origin' => 'http://bgn.zytest.com',
  'accept' => 'application/json, text/javascript, */*; q=0.01',
  'content-length' => '15',
  'connection' => 'keep-alive',
  'host' => 'bgn.zytest.com',
)
[ info ] [ PARAM ] array (
  'page' => '1',
  'limit' => '10',
)
[ info ] [ DB ] INIT mysql
[ sql ] [ DB ] CONNECT:[ UseTime:0.076102s ] mysql:host=192.168.8.145;port=3306;dbname=bi_shop;charset=utf8
[ sql ] [ SQL ] SHOW COLUMNS FROM `auth_group` [ RunTime:0.112576s ]
[ sql ] [ SQL ] SELECT * FROM `auth_group` [ RunTime:0.286374s ]
---------------------------------------------------------------
[2019-10-24T15:11:37+08:00] 127.0.0.1 GET bgn.zytest.com/admin/auth/groupaccess.html?id=1
[运行时间：0.906666s] [吞吐率：1.10req/s] [内存消耗：2,748.89kb] [文件加载：80]
[ info ] [ LANG ] D:\wwwroot\buguniao\thinkphp\lang\zh-cn.php
[ info ] [ LANG ] D:\wwwroot\buguniao\application\admin\\lang\zh-cn.php
[ info ] [ ROUTE ] array (
)
[ info ] [ HEADER ] array (
  'cookie' => 'skin=0; thinkphp_show_page_trace=0|2; thinkphp_show_page_trace=1|4; PHPSESSID=dm8jcv68ub7pek8rs4ld0evrmc; Hm_lvt_d214947968792b839fd669a4decaaffc=1571753026; skin=0; thinkphp_show_page_trace=0|0; Hm_lpvt_d214947968792b839fd669a4decaaffc=1571883740',
  'accept-language' => 'zh-CN,zh;q=0.9,en;q=0.8',
  'accept-encoding' => 'gzip, deflate',
  'referer' => 'http://bgn.zytest.com/admin/auth/admingroup.html',
  'accept' => 'text/html,application/xhtml+xml,application/xml;q=0.9,image/webp,image/apng,*/*;q=0.8,application/signed-exchange;v=b3',
  'user-agent' => 'Mozilla/5.0 (Windows NT 10.0; Win64; x64) AppleWebKit/537.36 (KHTML, like Gecko) Chrome/77.0.3865.90 Safari/537.36',
  'upgrade-insecure-requests' => '1',
  'connection' => 'keep-alive',
  'host' => 'bgn.zytest.com',
  'content-length' => '',
  'content-type' => '',
)
[ info ] [ PARAM ] array (
  'id' => '1',
)
[ info ] [ DB ] INIT mysql
[ info ] [ DB ] INIT mysql
[ info ] [ VIEW ] D:\wwwroot\buguniao\application\admin\view\auth\group_access.html [ array (
  0 => 'data',
) ]
[ sql ] [ DB ] CONNECT:[ UseTime:0.068426s ] mysql:host=192.168.8.145;port=3306;dbname=bi_shop;charset=utf8
[ sql ] [ SQL ] SHOW COLUMNS FROM `auth_rule` [ RunTime:0.177607s ]
[ sql ] [ SQL ] SELECT `id`,`pid`,`title` FROM `auth_rule` ORDER BY `sort` ASC [ RunTime:0.110422s ]
[ sql ] [ DB ] CONNECT:[ UseTime:0.042257s ] mysql:host=192.168.8.145;port=3306;dbname=bi_shop;charset=utf8
[ sql ] [ SQL ] SHOW COLUMNS FROM `auth_group` [ RunTime:0.135031s ]
[ sql ] [ SQL ] SELECT `rules` FROM `auth_group` WHERE  `group_id` = 1 LIMIT 1 [ RunTime:0.262011s ]
---------------------------------------------------------------
[2019-10-24T15:11:59+08:00] 127.0.0.1 GET bgn.zytest.com/admin/auth/ruleadd.html
[运行时间：0.918484s] [吞吐率：1.09req/s] [内存消耗：3,081.83kb] [文件加载：89]
[ info ] [ LANG ] D:\wwwroot\buguniao\thinkphp\lang\zh-cn.php
[ info ] [ LANG ] D:\wwwroot\buguniao\application\admin\\lang\zh-cn.php
[ info ] [ ROUTE ] array (
)
[ info ] [ HEADER ] array (
  'cookie' => 'skin=0; thinkphp_show_page_trace=0|2; thinkphp_show_page_trace=1|4; PHPSESSID=dm8jcv68ub7pek8rs4ld0evrmc; Hm_lvt_d214947968792b839fd669a4decaaffc=1571753026; skin=0; thinkphp_show_page_trace=0|0; Hm_lpvt_d214947968792b839fd669a4decaaffc=1571883740',
  'accept-language' => 'zh-CN,zh;q=0.9,en;q=0.8',
  'accept-encoding' => 'gzip, deflate',
  'referer' => 'http://bgn.zytest.com/admin/auth/adminrule.html',
  'accept' => 'text/html,application/xhtml+xml,application/xml;q=0.9,image/webp,image/apng,*/*;q=0.8,application/signed-exchange;v=b3',
  'user-agent' => 'Mozilla/5.0 (Windows NT 10.0; Win64; x64) AppleWebKit/537.36 (KHTML, like Gecko) Chrome/77.0.3865.90 Safari/537.36',
  'upgrade-insecure-requests' => '1',
  'connection' => 'keep-alive',
  'host' => 'bgn.zytest.com',
  'content-length' => '',
  'content-type' => '',
)
[ info ] [ PARAM ] array (
)
[ info ] [ DB ] INIT mysql
[ info ] [ VIEW ] D:\wwwroot\buguniao\application\admin\view\auth\rule_add.html [ array (
  0 => 'admin_rule',
) ]
[ sql ] [ DB ] CONNECT:[ UseTime:0.443650s ] mysql:host=192.168.8.145;port=3306;dbname=bi_shop;charset=utf8
[ sql ] [ SQL ] SHOW COLUMNS FROM `auth_rule` [ RunTime:0.125954s ]
[ sql ] [ SQL ] SELECT * FROM `auth_rule` ORDER BY `sort` ASC [ RunTime:0.264843s ]
---------------------------------------------------------------
[2019-10-24T15:12:48+08:00] 127.0.0.1 POST bgn.zytest.com/admin/auth/ruleadd.html
[运行时间：0.623089s] [吞吐率：1.60req/s] [内存消耗：2,836.22kb] [文件加载：83]
[ info ] [ LANG ] D:\wwwroot\buguniao\thinkphp\lang\zh-cn.php
[ info ] [ LANG ] D:\wwwroot\buguniao\application\admin\\lang\zh-cn.php
[ info ] [ ROUTE ] array (
)
[ info ] [ HEADER ] array (
  'cookie' => 'skin=0; thinkphp_show_page_trace=0|2; thinkphp_show_page_trace=1|4; PHPSESSID=dm8jcv68ub7pek8rs4ld0evrmc; Hm_lvt_d214947968792b839fd669a4decaaffc=1571753026; skin=0; thinkphp_show_page_trace=0|0; Hm_lpvt_d214947968792b839fd669a4decaaffc=1571883740',
  'accept-language' => 'zh-CN,zh;q=0.9,en;q=0.8',
  'accept-encoding' => 'gzip, deflate',
  'referer' => 'http://bgn.zytest.com/admin/auth/ruleadd.html',
  'content-type' => 'application/x-www-form-urlencoded; charset=UTF-8',
  'user-agent' => 'Mozilla/5.0 (Windows NT 10.0; Win64; x64) AppleWebKit/537.36 (KHTML, like Gecko) Chrome/77.0.3865.90 Safari/537.36',
  'x-requested-with' => 'XMLHttpRequest',
  'origin' => 'http://bgn.zytest.com',
  'accept' => '*/*',
  'content-length' => '111',
  'connection' => 'keep-alive',
  'host' => 'bgn.zytest.com',
)
[ info ] [ PARAM ] array (
  'pid' => '282',
  'title' => '汇率管理',
  'href' => 'Parameter/exchangerateList',
  'icon' => '',
  'menustatus' => '1',
  'sort' => '50',
)
[ info ] [ DB ] INIT mysql
[ sql ] [ DB ] CONNECT:[ UseTime:0.125647s ] mysql:host=192.168.8.145;port=3306;dbname=bi_shop;charset=utf8
[ sql ] [ SQL ] SHOW COLUMNS FROM `auth_rule` [ RunTime:0.300837s ]
[ sql ] [ SQL ] INSERT INTO `auth_rule` (`pid` , `title` , `href` , `icon` , `menustatus` , `sort` , `addtime`) VALUES (282 , '汇率管理' , 'Parameter/exchangerateList' , '' , 1 , 50 , 1571901168) [ RunTime:0.054859s ]
---------------------------------------------------------------
[2019-10-24T15:12:50+08:00] 127.0.0.1 GET bgn.zytest.com/admin/auth/adminrule.html
[运行时间：0.068268s] [吞吐率：14.65req/s] [内存消耗：1,890.48kb] [文件加载：75]
[ info ] [ LANG ] D:\wwwroot\buguniao\thinkphp\lang\zh-cn.php
[ info ] [ LANG ] D:\wwwroot\buguniao\application\admin\\lang\zh-cn.php
[ info ] [ ROUTE ] array (
)
[ info ] [ HEADER ] array (
  'cookie' => 'skin=0; thinkphp_show_page_trace=0|2; thinkphp_show_page_trace=1|4; PHPSESSID=dm8jcv68ub7pek8rs4ld0evrmc; Hm_lvt_d214947968792b839fd669a4decaaffc=1571753026; skin=0; thinkphp_show_page_trace=0|0; Hm_lpvt_d214947968792b839fd669a4decaaffc=1571883740',
  'accept-language' => 'zh-CN,zh;q=0.9,en;q=0.8',
  'accept-encoding' => 'gzip, deflate',
  'referer' => 'http://bgn.zytest.com/admin/auth/ruleadd.html',
  'accept' => 'text/html,application/xhtml+xml,application/xml;q=0.9,image/webp,image/apng,*/*;q=0.8,application/signed-exchange;v=b3',
  'user-agent' => 'Mozilla/5.0 (Windows NT 10.0; Win64; x64) AppleWebKit/537.36 (KHTML, like Gecko) Chrome/77.0.3865.90 Safari/537.36',
  'upgrade-insecure-requests' => '1',
  'connection' => 'keep-alive',
  'host' => 'bgn.zytest.com',
  'content-length' => '',
  'content-type' => '',
)
[ info ] [ PARAM ] array (
)
[ info ] [ VIEW ] D:\wwwroot\buguniao\application\admin\view\auth\admin_rule.html [ array (
) ]
---------------------------------------------------------------
[2019-10-24T15:12:50+08:00] 127.0.0.1 POST bgn.zytest.com/admin/auth/adminrule.html
[运行时间：0.417167s] [吞吐率：2.40req/s] [内存消耗：2,601.01kb] [文件加载：74]
[ info ] [ LANG ] D:\wwwroot\buguniao\thinkphp\lang\zh-cn.php
[ info ] [ LANG ] D:\wwwroot\buguniao\application\admin\\lang\zh-cn.php
[ info ] [ ROUTE ] array (
)
[ info ] [ HEADER ] array (
  'cookie' => 'skin=0; thinkphp_show_page_trace=0|2; thinkphp_show_page_trace=1|4; PHPSESSID=dm8jcv68ub7pek8rs4ld0evrmc; Hm_lvt_d214947968792b839fd669a4decaaffc=1571753026; skin=0; thinkphp_show_page_trace=0|0; Hm_lpvt_d214947968792b839fd669a4decaaffc=1571883740',
  'accept-language' => 'zh-CN,zh;q=0.9,en;q=0.8',
  'accept-encoding' => 'gzip, deflate',
  'referer' => 'http://bgn.zytest.com/admin/auth/adminrule.html',
  'content-type' => 'application/x-www-form-urlencoded; charset=UTF-8',
  'user-agent' => 'Mozilla/5.0 (Windows NT 10.0; Win64; x64) AppleWebKit/537.36 (KHTML, like Gecko) Chrome/77.0.3865.90 Safari/537.36',
  'x-requested-with' => 'XMLHttpRequest',
  'origin' => 'http://bgn.zytest.com',
  'accept' => 'application/json, text/javascript, */*; q=0.01',
  'content-length' => '15',
  'connection' => 'keep-alive',
  'host' => 'bgn.zytest.com',
)
[ info ] [ PARAM ] array (
  'page' => '1',
  'limit' => '10',
)
[ info ] [ DB ] INIT mysql
[ sql ] [ DB ] CONNECT:[ UseTime:0.053030s ] mysql:host=192.168.8.145;port=3306;dbname=bi_shop;charset=utf8
[ sql ] [ SQL ] SHOW COLUMNS FROM `auth_rule` [ RunTime:0.208565s ]
[ sql ] [ SQL ] SELECT * FROM `auth_rule` ORDER BY `pid` ASC,`sort` ASC [ RunTime:0.083881s ]
---------------------------------------------------------------
[2019-10-24T15:13:06+08:00] 127.0.0.1 POST bgn.zytest.com/admin/auth/ruletz.html
[运行时间：0.439503s] [吞吐率：2.28req/s] [内存消耗：2,553.30kb] [文件加载：75]
[ info ] [ LANG ] D:\wwwroot\buguniao\thinkphp\lang\zh-cn.php
[ info ] [ LANG ] D:\wwwroot\buguniao\application\admin\\lang\zh-cn.php
[ info ] [ ROUTE ] array (
)
[ info ] [ HEADER ] array (
  'cookie' => 'skin=0; thinkphp_show_page_trace=0|2; thinkphp_show_page_trace=1|4; PHPSESSID=dm8jcv68ub7pek8rs4ld0evrmc; Hm_lvt_d214947968792b839fd669a4decaaffc=1571753026; skin=0; thinkphp_show_page_trace=0|0; Hm_lpvt_d214947968792b839fd669a4decaaffc=1571883740',
  'accept-language' => 'zh-CN,zh;q=0.9,en;q=0.8',
  'accept-encoding' => 'gzip, deflate',
  'referer' => 'http://bgn.zytest.com/admin/auth/adminrule.html',
  'content-type' => 'application/x-www-form-urlencoded; charset=UTF-8',
  'user-agent' => 'Mozilla/5.0 (Windows NT 10.0; Win64; x64) AppleWebKit/537.36 (KHTML, like Gecko) Chrome/77.0.3865.90 Safari/537.36',
  'x-requested-with' => 'XMLHttpRequest',
  'origin' => 'http://bgn.zytest.com',
  'accept' => '*/*',
  'content-length' => '17',
  'connection' => 'keep-alive',
  'host' => 'bgn.zytest.com',
)
[ info ] [ PARAM ] array (
  'id' => '282',
  'authopen' => '0',
)
[ info ] [ DB ] INIT mysql
[ sql ] [ DB ] CONNECT:[ UseTime:0.085676s ] mysql:host=192.168.8.145;port=3306;dbname=bi_shop;charset=utf8
[ sql ] [ SQL ] SHOW COLUMNS FROM `auth_rule` [ RunTime:0.245960s ]
[ sql ] [ SQL ] UPDATE `auth_rule`  SET `authopen` = 0  WHERE  ( id=282 ) [ RunTime:0.031761s ]
---------------------------------------------------------------
[2019-10-24T15:13:08+08:00] 127.0.0.1 POST bgn.zytest.com/admin/auth/ruletz.html
[运行时间：0.405901s] [吞吐率：2.46req/s] [内存消耗：2,553.30kb] [文件加载：75]
[ info ] [ LANG ] D:\wwwroot\buguniao\thinkphp\lang\zh-cn.php
[ info ] [ LANG ] D:\wwwroot\buguniao\application\admin\\lang\zh-cn.php
[ info ] [ ROUTE ] array (
)
[ info ] [ HEADER ] array (
  'cookie' => 'skin=0; thinkphp_show_page_trace=0|2; thinkphp_show_page_trace=1|4; PHPSESSID=dm8jcv68ub7pek8rs4ld0evrmc; Hm_lvt_d214947968792b839fd669a4decaaffc=1571753026; skin=0; thinkphp_show_page_trace=0|0; Hm_lpvt_d214947968792b839fd669a4decaaffc=1571883740',
  'accept-language' => 'zh-CN,zh;q=0.9,en;q=0.8',
  'accept-encoding' => 'gzip, deflate',
  'referer' => 'http://bgn.zytest.com/admin/auth/adminrule.html',
  'content-type' => 'application/x-www-form-urlencoded; charset=UTF-8',
  'user-agent' => 'Mozilla/5.0 (Windows NT 10.0; Win64; x64) AppleWebKit/537.36 (KHTML, like Gecko) Chrome/77.0.3865.90 Safari/537.36',
  'x-requested-with' => 'XMLHttpRequest',
  'origin' => 'http://bgn.zytest.com',
  'accept' => '*/*',
  'content-length' => '17',
  'connection' => 'keep-alive',
  'host' => 'bgn.zytest.com',
)
[ info ] [ PARAM ] array (
  'id' => '283',
  'authopen' => '0',
)
[ info ] [ DB ] INIT mysql
[ sql ] [ DB ] CONNECT:[ UseTime:0.097983s ] mysql:host=192.168.8.145;port=3306;dbname=bi_shop;charset=utf8
[ sql ] [ SQL ] SHOW COLUMNS FROM `auth_rule` [ RunTime:0.205856s ]
[ sql ] [ SQL ] UPDATE `auth_rule`  SET `authopen` = 0  WHERE  ( id=283 ) [ RunTime:0.028036s ]
---------------------------------------------------------------
[2019-10-24T15:13:20+08:00] 127.0.0.1 GET bgn.zytest.com/admin/auth/ruleadd.html
[运行时间：0.423901s] [吞吐率：2.36req/s] [内存消耗：3,086.05kb] [文件加载：89]
[ info ] [ LANG ] D:\wwwroot\buguniao\thinkphp\lang\zh-cn.php
[ info ] [ LANG ] D:\wwwroot\buguniao\application\admin\\lang\zh-cn.php
[ info ] [ ROUTE ] array (
)
[ info ] [ HEADER ] array (
  'cookie' => 'skin=0; thinkphp_show_page_trace=0|2; thinkphp_show_page_trace=1|4; PHPSESSID=dm8jcv68ub7pek8rs4ld0evrmc; Hm_lvt_d214947968792b839fd669a4decaaffc=1571753026; skin=0; thinkphp_show_page_trace=0|0; Hm_lpvt_d214947968792b839fd669a4decaaffc=1571883740',
  'accept-language' => 'zh-CN,zh;q=0.9,en;q=0.8',
  'accept-encoding' => 'gzip, deflate',
  'referer' => 'http://bgn.zytest.com/admin/auth/adminrule.html',
  'accept' => 'text/html,application/xhtml+xml,application/xml;q=0.9,image/webp,image/apng,*/*;q=0.8,application/signed-exchange;v=b3',
  'user-agent' => 'Mozilla/5.0 (Windows NT 10.0; Win64; x64) AppleWebKit/537.36 (KHTML, like Gecko) Chrome/77.0.3865.90 Safari/537.36',
  'upgrade-insecure-requests' => '1',
  'connection' => 'keep-alive',
  'host' => 'bgn.zytest.com',
  'content-length' => '',
  'content-type' => '',
)
[ info ] [ PARAM ] array (
)
[ info ] [ DB ] INIT mysql
[ info ] [ VIEW ] D:\wwwroot\buguniao\application\admin\view\auth\rule_add.html [ array (
  0 => 'admin_rule',
) ]
[ sql ] [ DB ] CONNECT:[ UseTime:0.143969s ] mysql:host=192.168.8.145;port=3306;dbname=bi_shop;charset=utf8
[ sql ] [ SQL ] SHOW COLUMNS FROM `auth_rule` [ RunTime:0.120070s ]
[ sql ] [ SQL ] SELECT * FROM `auth_rule` ORDER BY `sort` ASC [ RunTime:0.060623s ]
---------------------------------------------------------------
[2019-10-24T15:13:27+08:00] 127.0.0.1 GET bgn.zytest.com/admin/auth/adminrule.html
[运行时间：0.067060s] [吞吐率：14.91req/s] [内存消耗：1,890.48kb] [文件加载：75]
[ info ] [ LANG ] D:\wwwroot\buguniao\thinkphp\lang\zh-cn.php
[ info ] [ LANG ] D:\wwwroot\buguniao\application\admin\\lang\zh-cn.php
[ info ] [ ROUTE ] array (
)
[ info ] [ HEADER ] array (
  'cookie' => 'skin=0; thinkphp_show_page_trace=0|2; thinkphp_show_page_trace=1|4; PHPSESSID=dm8jcv68ub7pek8rs4ld0evrmc; Hm_lvt_d214947968792b839fd669a4decaaffc=1571753026; skin=0; thinkphp_show_page_trace=0|0; Hm_lpvt_d214947968792b839fd669a4decaaffc=1571883740',
  'accept-language' => 'zh-CN,zh;q=0.9,en;q=0.8',
  'accept-encoding' => 'gzip, deflate',
  'referer' => 'http://bgn.zytest.com/admin/auth/ruleadd.html',
  'accept' => 'text/html,application/xhtml+xml,application/xml;q=0.9,image/webp,image/apng,*/*;q=0.8,application/signed-exchange;v=b3',
  'user-agent' => 'Mozilla/5.0 (Windows NT 10.0; Win64; x64) AppleWebKit/537.36 (KHTML, like Gecko) Chrome/77.0.3865.90 Safari/537.36',
  'upgrade-insecure-requests' => '1',
  'connection' => 'keep-alive',
  'host' => 'bgn.zytest.com',
  'content-length' => '',
  'content-type' => '',
)
[ info ] [ PARAM ] array (
)
[ info ] [ VIEW ] D:\wwwroot\buguniao\application\admin\view\auth\admin_rule.html [ array (
) ]
---------------------------------------------------------------
[2019-10-24T15:13:27+08:00] 127.0.0.1 POST bgn.zytest.com/admin/auth/adminrule.html
[运行时间：0.490236s] [吞吐率：2.04req/s] [内存消耗：2,601.01kb] [文件加载：74]
[ info ] [ LANG ] D:\wwwroot\buguniao\thinkphp\lang\zh-cn.php
[ info ] [ LANG ] D:\wwwroot\buguniao\application\admin\\lang\zh-cn.php
[ info ] [ ROUTE ] array (
)
[ info ] [ HEADER ] array (
  'cookie' => 'skin=0; thinkphp_show_page_trace=0|2; thinkphp_show_page_trace=1|4; PHPSESSID=dm8jcv68ub7pek8rs4ld0evrmc; Hm_lvt_d214947968792b839fd669a4decaaffc=1571753026; skin=0; thinkphp_show_page_trace=0|0; Hm_lpvt_d214947968792b839fd669a4decaaffc=1571883740',
  'accept-language' => 'zh-CN,zh;q=0.9,en;q=0.8',
  'accept-encoding' => 'gzip, deflate',
  'referer' => 'http://bgn.zytest.com/admin/auth/adminrule.html',
  'content-type' => 'application/x-www-form-urlencoded; charset=UTF-8',
  'user-agent' => 'Mozilla/5.0 (Windows NT 10.0; Win64; x64) AppleWebKit/537.36 (KHTML, like Gecko) Chrome/77.0.3865.90 Safari/537.36',
  'x-requested-with' => 'XMLHttpRequest',
  'origin' => 'http://bgn.zytest.com',
  'accept' => 'application/json, text/javascript, */*; q=0.01',
  'content-length' => '15',
  'connection' => 'keep-alive',
  'host' => 'bgn.zytest.com',
)
[ info ] [ PARAM ] array (
  'page' => '1',
  'limit' => '10',
)
[ info ] [ DB ] INIT mysql
[ sql ] [ DB ] CONNECT:[ UseTime:0.037148s ] mysql:host=192.168.8.145;port=3306;dbname=bi_shop;charset=utf8
[ sql ] [ SQL ] SHOW COLUMNS FROM `auth_rule` [ RunTime:0.296227s ]
[ sql ] [ SQL ] SELECT * FROM `auth_rule` ORDER BY `pid` ASC,`sort` ASC [ RunTime:0.093444s ]
---------------------------------------------------------------
[2019-10-24T15:13:31+08:00] 127.0.0.1 GET bgn.zytest.com/admin/auth/admingroup.html
[运行时间：0.077642s] [吞吐率：12.88req/s] [内存消耗：1,886.52kb] [文件加载：75]
[ info ] [ LANG ] D:\wwwroot\buguniao\thinkphp\lang\zh-cn.php
[ info ] [ LANG ] D:\wwwroot\buguniao\application\admin\\lang\zh-cn.php
[ info ] [ ROUTE ] array (
)
[ info ] [ HEADER ] array (
  'cookie' => 'skin=0; thinkphp_show_page_trace=0|2; thinkphp_show_page_trace=1|4; PHPSESSID=dm8jcv68ub7pek8rs4ld0evrmc; Hm_lvt_d214947968792b839fd669a4decaaffc=1571753026; skin=0; thinkphp_show_page_trace=0|0; Hm_lpvt_d214947968792b839fd669a4decaaffc=1571883740',
  'accept-language' => 'zh-CN,zh;q=0.9,en;q=0.8',
  'accept-encoding' => 'gzip, deflate',
  'referer' => 'http://bgn.zytest.com/',
  'accept' => 'text/html,application/xhtml+xml,application/xml;q=0.9,image/webp,image/apng,*/*;q=0.8,application/signed-exchange;v=b3',
  'user-agent' => 'Mozilla/5.0 (Windows NT 10.0; Win64; x64) AppleWebKit/537.36 (KHTML, like Gecko) Chrome/77.0.3865.90 Safari/537.36',
  'upgrade-insecure-requests' => '1',
  'connection' => 'keep-alive',
  'host' => 'bgn.zytest.com',
  'content-length' => '',
  'content-type' => '',
)
[ info ] [ PARAM ] array (
)
[ info ] [ VIEW ] D:\wwwroot\buguniao\application\admin\view\auth\admin_group.html [ array (
) ]
---------------------------------------------------------------
[2019-10-24T15:13:32+08:00] 127.0.0.1 POST bgn.zytest.com/admin/auth/admingroup.html
[运行时间：0.333009s] [吞吐率：3.00req/s] [内存消耗：2,870.24kb] [文件加载：83]
[ info ] [ LANG ] D:\wwwroot\buguniao\thinkphp\lang\zh-cn.php
[ info ] [ LANG ] D:\wwwroot\buguniao\application\admin\\lang\zh-cn.php
[ info ] [ ROUTE ] array (
)
[ info ] [ HEADER ] array (
  'cookie' => 'skin=0; thinkphp_show_page_trace=0|2; thinkphp_show_page_trace=1|4; PHPSESSID=dm8jcv68ub7pek8rs4ld0evrmc; Hm_lvt_d214947968792b839fd669a4decaaffc=1571753026; skin=0; thinkphp_show_page_trace=0|0; Hm_lpvt_d214947968792b839fd669a4decaaffc=1571883740',
  'accept-language' => 'zh-CN,zh;q=0.9,en;q=0.8',
  'accept-encoding' => 'gzip, deflate',
  'referer' => 'http://bgn.zytest.com/admin/auth/admingroup.html',
  'content-type' => 'application/x-www-form-urlencoded; charset=UTF-8',
  'user-agent' => 'Mozilla/5.0 (Windows NT 10.0; Win64; x64) AppleWebKit/537.36 (KHTML, like Gecko) Chrome/77.0.3865.90 Safari/537.36',
  'x-requested-with' => 'XMLHttpRequest',
  'origin' => 'http://bgn.zytest.com',
  'accept' => 'application/json, text/javascript, */*; q=0.01',
  'content-length' => '15',
  'connection' => 'keep-alive',
  'host' => 'bgn.zytest.com',
)
[ info ] [ PARAM ] array (
  'page' => '1',
  'limit' => '10',
)
[ info ] [ DB ] INIT mysql
[ sql ] [ DB ] CONNECT:[ UseTime:0.076996s ] mysql:host=192.168.8.145;port=3306;dbname=bi_shop;charset=utf8
[ sql ] [ SQL ] SHOW COLUMNS FROM `auth_group` [ RunTime:0.124570s ]
[ sql ] [ SQL ] SELECT * FROM `auth_group` [ RunTime:0.042126s ]
---------------------------------------------------------------
[2019-10-24T15:13:33+08:00] 127.0.0.1 GET bgn.zytest.com/admin/auth/groupaccess.html?id=1
[运行时间：0.478710s] [吞吐率：2.09req/s] [内存消耗：2,748.96kb] [文件加载：80]
[ info ] [ LANG ] D:\wwwroot\buguniao\thinkphp\lang\zh-cn.php
[ info ] [ LANG ] D:\wwwroot\buguniao\application\admin\\lang\zh-cn.php
[ info ] [ ROUTE ] array (
)
[ info ] [ HEADER ] array (
  'cookie' => 'skin=0; thinkphp_show_page_trace=0|2; thinkphp_show_page_trace=1|4; PHPSESSID=dm8jcv68ub7pek8rs4ld0evrmc; Hm_lvt_d214947968792b839fd669a4decaaffc=1571753026; skin=0; thinkphp_show_page_trace=0|0; Hm_lpvt_d214947968792b839fd669a4decaaffc=1571883740',
  'accept-language' => 'zh-CN,zh;q=0.9,en;q=0.8',
  'accept-encoding' => 'gzip, deflate',
  'referer' => 'http://bgn.zytest.com/admin/auth/admingroup.html',
  'accept' => 'text/html,application/xhtml+xml,application/xml;q=0.9,image/webp,image/apng,*/*;q=0.8,application/signed-exchange;v=b3',
  'user-agent' => 'Mozilla/5.0 (Windows NT 10.0; Win64; x64) AppleWebKit/537.36 (KHTML, like Gecko) Chrome/77.0.3865.90 Safari/537.36',
  'upgrade-insecure-requests' => '1',
  'connection' => 'keep-alive',
  'host' => 'bgn.zytest.com',
  'content-length' => '',
  'content-type' => '',
)
[ info ] [ PARAM ] array (
  'id' => '1',
)
[ info ] [ DB ] INIT mysql
[ info ] [ DB ] INIT mysql
[ info ] [ VIEW ] D:\wwwroot\buguniao\application\admin\view\auth\group_access.html [ array (
  0 => 'data',
) ]
[ sql ] [ DB ] CONNECT:[ UseTime:0.079643s ] mysql:host=192.168.8.145;port=3306;dbname=bi_shop;charset=utf8
[ sql ] [ SQL ] SHOW COLUMNS FROM `auth_rule` [ RunTime:0.142246s ]
[ sql ] [ SQL ] SELECT `id`,`pid`,`title` FROM `auth_rule` ORDER BY `sort` ASC [ RunTime:0.025117s ]
[ sql ] [ DB ] CONNECT:[ UseTime:0.046432s ] mysql:host=192.168.8.145;port=3306;dbname=bi_shop;charset=utf8
[ sql ] [ SQL ] SHOW COLUMNS FROM `auth_group` [ RunTime:0.088379s ]
[ sql ] [ SQL ] SELECT `rules` FROM `auth_group` WHERE  `group_id` = 1 LIMIT 1 [ RunTime:0.025260s ]
---------------------------------------------------------------
[2019-10-24T15:13:37+08:00] 127.0.0.1 POST bgn.zytest.com/admin/auth/groupsetaccess.html
[运行时间：0.392416s] [吞吐率：2.55req/s] [内存消耗：2,833.32kb] [文件加载：83]
[ info ] [ LANG ] D:\wwwroot\buguniao\thinkphp\lang\zh-cn.php
[ info ] [ LANG ] D:\wwwroot\buguniao\application\admin\\lang\zh-cn.php
[ info ] [ ROUTE ] array (
)
[ info ] [ HEADER ] array (
  'cookie' => 'skin=0; thinkphp_show_page_trace=0|2; thinkphp_show_page_trace=1|4; PHPSESSID=dm8jcv68ub7pek8rs4ld0evrmc; Hm_lvt_d214947968792b839fd669a4decaaffc=1571753026; skin=0; thinkphp_show_page_trace=0|0; Hm_lpvt_d214947968792b839fd669a4decaaffc=1571883740',
  'accept-language' => 'zh-CN,zh;q=0.9,en;q=0.8',
  'accept-encoding' => 'gzip, deflate',
  'referer' => 'http://bgn.zytest.com/admin/auth/groupaccess.html?id=1',
  'content-type' => 'application/x-www-form-urlencoded; charset=UTF-8',
  'user-agent' => 'Mozilla/5.0 (Windows NT 10.0; Win64; x64) AppleWebKit/537.36 (KHTML, like Gecko) Chrome/77.0.3865.90 Safari/537.36',
  'x-requested-with' => 'XMLHttpRequest',
  'origin' => 'http://bgn.zytest.com',
  'accept' => '*/*',
  'content-length' => '161',
  'connection' => 'keep-alive',
  'host' => 'bgn.zytest.com',
)
[ info ] [ PARAM ] array (
  'rules' => '0,15,16,119,120,121,145,17,149,116,117,118,151,181,18,108,114,112,109,110,111,280,281,282,283,',
  'group_id' => '1',
)
[ info ] [ DB ] INIT mysql
[ sql ] [ DB ] CONNECT:[ UseTime:0.065565s ] mysql:host=192.168.8.145;port=3306;dbname=bi_shop;charset=utf8
[ sql ] [ SQL ] SHOW COLUMNS FROM `auth_group` [ RunTime:0.136428s ]
[ sql ] [ SQL ] UPDATE `auth_group`  SET `rules` = '0,15,16,119,120,121,145,17,149,116,117,118,151,181,18,108,114,112,109,110,111,280,281,282,283,' , `group_id` = 1  WHERE  `group_id` = 1 [ RunTime:0.009942s ]
---------------------------------------------------------------
[2019-10-24T15:13:39+08:00] 127.0.0.1 GET bgn.zytest.com/admin/auth/admingroup.html
[运行时间：0.064443s] [吞吐率：15.52req/s] [内存消耗：1,886.56kb] [文件加载：75]
[ info ] [ LANG ] D:\wwwroot\buguniao\thinkphp\lang\zh-cn.php
[ info ] [ LANG ] D:\wwwroot\buguniao\application\admin\\lang\zh-cn.php
[ info ] [ ROUTE ] array (
)
[ info ] [ HEADER ] array (
  'cookie' => 'skin=0; thinkphp_show_page_trace=0|2; thinkphp_show_page_trace=1|4; PHPSESSID=dm8jcv68ub7pek8rs4ld0evrmc; Hm_lvt_d214947968792b839fd669a4decaaffc=1571753026; skin=0; thinkphp_show_page_trace=0|0; Hm_lpvt_d214947968792b839fd669a4decaaffc=1571883740',
  'accept-language' => 'zh-CN,zh;q=0.9,en;q=0.8',
  'accept-encoding' => 'gzip, deflate',
  'referer' => 'http://bgn.zytest.com/admin/auth/groupaccess.html?id=1',
  'accept' => 'text/html,application/xhtml+xml,application/xml;q=0.9,image/webp,image/apng,*/*;q=0.8,application/signed-exchange;v=b3',
  'user-agent' => 'Mozilla/5.0 (Windows NT 10.0; Win64; x64) AppleWebKit/537.36 (KHTML, like Gecko) Chrome/77.0.3865.90 Safari/537.36',
  'upgrade-insecure-requests' => '1',
  'connection' => 'keep-alive',
  'host' => 'bgn.zytest.com',
  'content-length' => '',
  'content-type' => '',
)
[ info ] [ PARAM ] array (
)
[ info ] [ VIEW ] D:\wwwroot\buguniao\application\admin\view\auth\admin_group.html [ array (
) ]
---------------------------------------------------------------
[2019-10-24T15:13:40+08:00] 127.0.0.1 POST bgn.zytest.com/admin/auth/admingroup.html
[运行时间：0.403380s] [吞吐率：2.48req/s] [内存消耗：2,870.29kb] [文件加载：83]
[ info ] [ LANG ] D:\wwwroot\buguniao\thinkphp\lang\zh-cn.php
[ info ] [ LANG ] D:\wwwroot\buguniao\application\admin\\lang\zh-cn.php
[ info ] [ ROUTE ] array (
)
[ info ] [ HEADER ] array (
  'cookie' => 'skin=0; thinkphp_show_page_trace=0|2; thinkphp_show_page_trace=1|4; PHPSESSID=dm8jcv68ub7pek8rs4ld0evrmc; Hm_lvt_d214947968792b839fd669a4decaaffc=1571753026; skin=0; thinkphp_show_page_trace=0|0; Hm_lpvt_d214947968792b839fd669a4decaaffc=1571883740',
  'accept-language' => 'zh-CN,zh;q=0.9,en;q=0.8',
  'accept-encoding' => 'gzip, deflate',
  'referer' => 'http://bgn.zytest.com/admin/auth/admingroup.html',
  'content-type' => 'application/x-www-form-urlencoded; charset=UTF-8',
  'user-agent' => 'Mozilla/5.0 (Windows NT 10.0; Win64; x64) AppleWebKit/537.36 (KHTML, like Gecko) Chrome/77.0.3865.90 Safari/537.36',
  'x-requested-with' => 'XMLHttpRequest',
  'origin' => 'http://bgn.zytest.com',
  'accept' => 'application/json, text/javascript, */*; q=0.01',
  'content-length' => '15',
  'connection' => 'keep-alive',
  'host' => 'bgn.zytest.com',
)
[ info ] [ PARAM ] array (
  'page' => '1',
  'limit' => '10',
)
[ info ] [ DB ] INIT mysql
[ sql ] [ DB ] CONNECT:[ UseTime:0.099796s ] mysql:host=192.168.8.145;port=3306;dbname=bi_shop;charset=utf8
[ sql ] [ SQL ] SHOW COLUMNS FROM `auth_group` [ RunTime:0.172690s ]
[ sql ] [ SQL ] SELECT * FROM `auth_group` [ RunTime:0.059668s ]
---------------------------------------------------------------
[2019-10-24T15:13:42+08:00] 127.0.0.1 GET bgn.zytest.com/admin/users/userlist.html
[运行时间：0.074972s] [吞吐率：13.34req/s] [内存消耗：1,842.68kb] [文件加载：73]
[ info ] [ LANG ] D:\wwwroot\buguniao\thinkphp\lang\zh-cn.php
[ info ] [ LANG ] D:\wwwroot\buguniao\application\admin\\lang\zh-cn.php
[ info ] [ ROUTE ] array (
)
[ info ] [ HEADER ] array (
  'cookie' => 'skin=0; thinkphp_show_page_trace=0|4; thinkphp_show_page_trace=1|4; PHPSESSID=dm8jcv68ub7pek8rs4ld0evrmc; Hm_lvt_d214947968792b839fd669a4decaaffc=1571753026; skin=0; thinkphp_show_page_trace=0|0; Hm_lpvt_d214947968792b839fd669a4decaaffc=1571883740',
  'accept-language' => 'zh-CN,zh;q=0.9,en;q=0.8',
  'accept-encoding' => 'gzip, deflate',
  'referer' => 'http://bgn.zytest.com/',
  'accept' => 'text/html,application/xhtml+xml,application/xml;q=0.9,image/webp,image/apng,*/*;q=0.8,application/signed-exchange;v=b3',
  'user-agent' => 'Mozilla/5.0 (Windows NT 10.0; Win64; x64) AppleWebKit/537.36 (KHTML, like Gecko) Chrome/77.0.3865.90 Safari/537.36',
  'upgrade-insecure-requests' => '1',
  'connection' => 'keep-alive',
  'host' => 'bgn.zytest.com',
  'content-length' => '',
  'content-type' => '',
)
[ info ] [ PARAM ] array (
)
[ info ] [ VIEW ] D:\wwwroot\buguniao\application\admin\view\users\user_list.html [ array (
) ]
---------------------------------------------------------------
[2019-10-24T15:13:43+08:00] 127.0.0.1 POST bgn.zytest.com/admin/users/userlist.html
[运行时间：0.443713s] [吞吐率：2.25req/s] [内存消耗：2,551.98kb] [文件加载：73]
[ info ] [ LANG ] D:\wwwroot\buguniao\thinkphp\lang\zh-cn.php
[ info ] [ LANG ] D:\wwwroot\buguniao\application\admin\\lang\zh-cn.php
[ info ] [ ROUTE ] array (
)
[ info ] [ HEADER ] array (
  'cookie' => 'skin=0; thinkphp_show_page_trace=0|4; thinkphp_show_page_trace=1|4; PHPSESSID=dm8jcv68ub7pek8rs4ld0evrmc; Hm_lvt_d214947968792b839fd669a4decaaffc=1571753026; skin=0; thinkphp_show_page_trace=0|0; Hm_lpvt_d214947968792b839fd669a4decaaffc=1571883740',
  'accept-language' => 'zh-CN,zh;q=0.9,en;q=0.8',
  'accept-encoding' => 'gzip, deflate',
  'referer' => 'http://bgn.zytest.com/admin/users/userlist.html',
  'content-type' => 'application/x-www-form-urlencoded; charset=UTF-8',
  'user-agent' => 'Mozilla/5.0 (Windows NT 10.0; Win64; x64) AppleWebKit/537.36 (KHTML, like Gecko) Chrome/77.0.3865.90 Safari/537.36',
  'x-requested-with' => 'XMLHttpRequest',
  'origin' => 'http://bgn.zytest.com',
  'accept' => 'application/json, text/javascript, */*; q=0.01',
  'content-length' => '15',
  'connection' => 'keep-alive',
  'host' => 'bgn.zytest.com',
)
[ info ] [ PARAM ] array (
  'page' => '1',
  'limit' => '10',
)
[ info ] [ DB ] INIT mysql
[ sql ] [ DB ] CONNECT:[ UseTime:0.186321s ] mysql:host=192.168.8.145;port=3306;dbname=bi_shop;charset=utf8
[ sql ] [ SQL ] SHOW COLUMNS FROM `users` [ RunTime:0.127857s ]
[ sql ] [ SQL ] SELECT * FROM `users` WHERE  ( `nickname` LIKE '%%' OR `email` LIKE '%%' OR `phone` LIKE '%%' ) [ RunTime:0.038278s ]
---------------------------------------------------------------
[2019-10-24T15:13:49+08:00] 127.0.0.1 GET bgn.zytest.com/
[运行时间：0.460917s] [吞吐率：2.17req/s] [内存消耗：2,619.21kb] [文件加载：79]
[ info ] [ LANG ] D:\wwwroot\buguniao\thinkphp\lang\zh-cn.php
[ info ] [ LANG ] D:\wwwroot\buguniao\application\admin\\lang\zh-cn.php
[ info ] [ ROUTE ] array (
  'rule' => '',
  'route' => 'admin/index/index',
  'option' => 
  array (
    'merge_rule_regex' => false,
    'complete_match' => true,
  ),
  'var' => 
  array (
  ),
)
[ info ] [ HEADER ] array (
  'cookie' => 'PHPSESSID=dm8jcv68ub7pek8rs4ld0evrmc; Hm_lvt_d214947968792b839fd669a4decaaffc=1571753026; skin=0; thinkphp_show_page_trace=0|0; Hm_lpvt_d214947968792b839fd669a4decaaffc=1571883740',
  'accept-language' => 'zh-CN,zh;q=0.9,en;q=0.8',
  'accept-encoding' => 'gzip, deflate',
  'accept' => 'text/html,application/xhtml+xml,application/xml;q=0.9,image/webp,image/apng,*/*;q=0.8,application/signed-exchange;v=b3',
  'user-agent' => 'Mozilla/5.0 (Windows NT 10.0; Win64; x64) AppleWebKit/537.36 (KHTML, like Gecko) Chrome/77.0.3865.90 Safari/537.36',
  'upgrade-insecure-requests' => '1',
  'cache-control' => 'max-age=0',
  'connection' => 'keep-alive',
  'host' => 'bgn.zytest.com',
  'content-length' => '',
  'content-type' => '',
)
[ info ] [ PARAM ] array (
)
[ info ] [ DB ] INIT mysql
[ info ] [ VIEW ] D:\wwwroot\buguniao\application\admin\view\index\index.html [ array (
  0 => 'menus',
) ]
[ sql ] [ DB ] CONNECT:[ UseTime:0.164907s ] mysql:host=192.168.8.145;port=3306;dbname=bi_shop;charset=utf8
[ sql ] [ SQL ] SHOW COLUMNS FROM `auth_rule` [ RunTime:0.185198s ]
[ sql ] [ SQL ] SELECT * FROM `auth_rule` WHERE  ( menustatus=1 ) ORDER BY `sort` [ RunTime:0.023628s ]
---------------------------------------------------------------
[2019-10-24T15:13:49+08:00] 127.0.0.1 GET bgn.zytest.com/admin/index/main.html
[运行时间：0.337063s] [吞吐率：2.97req/s] [内存消耗：2,568.94kb] [文件加载：77]
[ info ] [ LANG ] D:\wwwroot\buguniao\thinkphp\lang\zh-cn.php
[ info ] [ LANG ] D:\wwwroot\buguniao\application\admin\\lang\zh-cn.php
[ info ] [ ROUTE ] array (
)
[ info ] [ HEADER ] array (
  'cookie' => 'skin=0; thinkphp_show_page_trace=0|0; thinkphp_show_page_trace=1|4; PHPSESSID=dm8jcv68ub7pek8rs4ld0evrmc; Hm_lvt_d214947968792b839fd669a4decaaffc=1571753026; skin=0; thinkphp_show_page_trace=0|0; Hm_lpvt_d214947968792b839fd669a4decaaffc=1571883740',
  'accept-language' => 'zh-CN,zh;q=0.9,en;q=0.8',
  'accept-encoding' => 'gzip, deflate',
  'referer' => 'http://bgn.zytest.com/',
  'accept' => 'text/html,application/xhtml+xml,application/xml;q=0.9,image/webp,image/apng,*/*;q=0.8,application/signed-exchange;v=b3',
  'user-agent' => 'Mozilla/5.0 (Windows NT 10.0; Win64; x64) AppleWebKit/537.36 (KHTML, like Gecko) Chrome/77.0.3865.90 Safari/537.36',
  'upgrade-insecure-requests' => '1',
  'connection' => 'keep-alive',
  'host' => 'bgn.zytest.com',
  'content-length' => '',
  'content-type' => '',
)
[ info ] [ PARAM ] array (
)
[ info ] [ DB ] INIT mysql
[ info ] [ VIEW ] D:\wwwroot\buguniao\application\admin\view\index\main.html [ array (
  0 => 'config',
) ]
[ sql ] [ DB ] CONNECT:[ UseTime:0.145922s ] mysql:host=192.168.8.145;port=3306;dbname=bi_shop;charset=utf8
[ sql ] [ SQL ] SELECT VERSION() AS ver [ RunTime:0.037179s ]
---------------------------------------------------------------
[2019-10-24T15:13:51+08:00] 127.0.0.1 GET bgn.zytest.com/admin/parameter/exchangeratelist.html
[运行时间：0.117856s] [吞吐率：8.48req/s] [内存消耗：1,782.31kb] [文件加载：72]
[ info ] [ LANG ] D:\wwwroot\buguniao\thinkphp\lang\zh-cn.php
[ info ] [ LANG ] D:\wwwroot\buguniao\application\admin\\lang\zh-cn.php
[ info ] [ ROUTE ] array (
)
[ info ] [ HEADER ] array (
  'cookie' => 'thinkphp_show_page_trace=1|4; PHPSESSID=dm8jcv68ub7pek8rs4ld0evrmc; Hm_lvt_d214947968792b839fd669a4decaaffc=1571753026; skin=0; thinkphp_show_page_trace=0|0; Hm_lpvt_d214947968792b839fd669a4decaaffc=1571883740',
  'accept-language' => 'zh-CN,zh;q=0.9,en;q=0.8',
  'accept-encoding' => 'gzip, deflate',
  'referer' => 'http://bgn.zytest.com/',
  'accept' => 'text/html,application/xhtml+xml,application/xml;q=0.9,image/webp,image/apng,*/*;q=0.8,application/signed-exchange;v=b3',
  'user-agent' => 'Mozilla/5.0 (Windows NT 10.0; Win64; x64) AppleWebKit/537.36 (KHTML, like Gecko) Chrome/77.0.3865.90 Safari/537.36',
  'upgrade-insecure-requests' => '1',
  'connection' => 'keep-alive',
  'host' => 'bgn.zytest.com',
  'content-length' => '',
  'content-type' => '',
)
[ info ] [ PARAM ] array (
)
---------------------------------------------------------------
[2019-10-24T15:14:17+08:00] 127.0.0.1 GET bgn.zytest.com/
[运行时间：0.074865s] [吞吐率：13.36req/s] [内存消耗：1,818.23kb] [文件加载：73]
[ info ] [ LANG ] D:\wwwroot\buguniao\thinkphp\lang\zh-cn.php
[ info ] [ LANG ] D:\wwwroot\buguniao\application\admin\\lang\zh-cn.php
[ info ] [ ROUTE ] array (
  'rule' => '',
  'route' => 'admin/index/index',
  'option' => 
  array (
    'merge_rule_regex' => false,
    'complete_match' => true,
  ),
  'var' => 
  array (
  ),
)
[ info ] [ HEADER ] array (
  'cookie' => 'PHPSESSID=dm8jcv68ub7pek8rs4ld0evrmc; Hm_lvt_d214947968792b839fd669a4decaaffc=1571753026; skin=0; thinkphp_show_page_trace=0|0; Hm_lpvt_d214947968792b839fd669a4decaaffc=1571883740',
  'accept-language' => 'zh-CN,zh;q=0.9,en;q=0.8',
  'accept-encoding' => 'gzip, deflate',
  'accept' => 'text/html,application/xhtml+xml,application/xml;q=0.9,image/webp,image/apng,*/*;q=0.8,application/signed-exchange;v=b3',
  'user-agent' => 'Mozilla/5.0 (Windows NT 10.0; Win64; x64) AppleWebKit/537.36 (KHTML, like Gecko) Chrome/77.0.3865.90 Safari/537.36',
  'upgrade-insecure-requests' => '1',
  'cache-control' => 'max-age=0',
  'connection' => 'keep-alive',
  'host' => 'bgn.zytest.com',
  'content-length' => '',
  'content-type' => '',
)
[ info ] [ PARAM ] array (
)
[ info ] [ VIEW ] D:\wwwroot\buguniao\application\admin\view\index\index.html [ array (
  0 => 'menus',
) ]
---------------------------------------------------------------
[2019-10-24T15:14:17+08:00] 127.0.0.1 GET bgn.zytest.com/admin/index/main.html
[运行时间：0.294469s] [吞吐率：3.40req/s] [内存消耗：2,568.94kb] [文件加载：77]
[ info ] [ LANG ] D:\wwwroot\buguniao\thinkphp\lang\zh-cn.php
[ info ] [ LANG ] D:\wwwroot\buguniao\application\admin\\lang\zh-cn.php
[ info ] [ ROUTE ] array (
)
[ info ] [ HEADER ] array (
  'cookie' => 'skin=0; thinkphp_show_page_trace=0|0; thinkphp_show_page_trace=1|4; PHPSESSID=dm8jcv68ub7pek8rs4ld0evrmc; Hm_lvt_d214947968792b839fd669a4decaaffc=1571753026; skin=0; thinkphp_show_page_trace=0|0; Hm_lpvt_d214947968792b839fd669a4decaaffc=1571883740',
  'accept-language' => 'zh-CN,zh;q=0.9,en;q=0.8',
  'accept-encoding' => 'gzip, deflate',
  'referer' => 'http://bgn.zytest.com/',
  'accept' => 'text/html,application/xhtml+xml,application/xml;q=0.9,image/webp,image/apng,*/*;q=0.8,application/signed-exchange;v=b3',
  'user-agent' => 'Mozilla/5.0 (Windows NT 10.0; Win64; x64) AppleWebKit/537.36 (KHTML, like Gecko) Chrome/77.0.3865.90 Safari/537.36',
  'upgrade-insecure-requests' => '1',
  'connection' => 'keep-alive',
  'host' => 'bgn.zytest.com',
  'content-length' => '',
  'content-type' => '',
)
[ info ] [ PARAM ] array (
)
[ info ] [ DB ] INIT mysql
[ info ] [ VIEW ] D:\wwwroot\buguniao\application\admin\view\index\main.html [ array (
  0 => 'config',
) ]
[ sql ] [ DB ] CONNECT:[ UseTime:0.071524s ] mysql:host=192.168.8.145;port=3306;dbname=bi_shop;charset=utf8
[ sql ] [ SQL ] SELECT VERSION() AS ver [ RunTime:0.040056s ]
---------------------------------------------------------------
[2019-10-24T15:14:19+08:00] 127.0.0.1 GET bgn.zytest.com/admin/parameter/exchangeratelist.html
[运行时间：0.093275s] [吞吐率：10.72req/s] [内存消耗：1,887.23kb] [文件加载：71]
[ info ] [ LANG ] D:\wwwroot\buguniao\thinkphp\lang\zh-cn.php
[ info ] [ LANG ] D:\wwwroot\buguniao\application\admin\\lang\zh-cn.php
[ info ] [ ROUTE ] array (
)
[ info ] [ HEADER ] array (
  'cookie' => 'thinkphp_show_page_trace=1|4; thinkphp_show_page_trace=1|4; PHPSESSID=dm8jcv68ub7pek8rs4ld0evrmc; Hm_lvt_d214947968792b839fd669a4decaaffc=1571753026; skin=0; thinkphp_show_page_trace=0|0; Hm_lpvt_d214947968792b839fd669a4decaaffc=1571883740',
  'accept-language' => 'zh-CN,zh;q=0.9,en;q=0.8',
  'accept-encoding' => 'gzip, deflate',
  'referer' => 'http://bgn.zytest.com/',
  'accept' => 'text/html,application/xhtml+xml,application/xml;q=0.9,image/webp,image/apng,*/*;q=0.8,application/signed-exchange;v=b3',
  'user-agent' => 'Mozilla/5.0 (Windows NT 10.0; Win64; x64) AppleWebKit/537.36 (KHTML, like Gecko) Chrome/77.0.3865.90 Safari/537.36',
  'upgrade-insecure-requests' => '1',
  'connection' => 'keep-alive',
  'host' => 'bgn.zytest.com',
  'content-length' => '',
  'content-type' => '',
)
[ info ] [ PARAM ] array (
)
[ info ] [ VIEW ] D:\wwwroot\buguniao\application\admin\view\parameter\exchangerate_list.html [ array (
) ]
