---------------------------------------------------------------
[2019-10-28T12:07:21+08:00] 127.0.0.1 GET bgn.zytest.com/
[运行时间：0.300182s] [吞吐率：3.33req/s] [内存消耗：1,748.84kb] [文件加载：69]
[ info ] [ LANG ] D:\wwwroot\buguniao\thinkphp\lang\zh-cn.php
[ info ] [ LANG ] D:\wwwroot\buguniao\application\admin\\lang\zh-cn.php
[ info ] [ ROUTE ] array (
  'rule' => '',
  'route' => 'admin/index/index',
  'option' => 
  array (
    'merge_rule_regex' => false,
    'complete_match' => true,
  ),
  'var' => 
  array (
  ),
)
[ info ] [ HEADER ] array (
  'cookie' => 'Hm_lvt_d214947968792b839fd669a4decaaffc=1571753026,1571972537',
  'accept-language' => 'zh-CN,zh;q=0.9,en;q=0.8',
  'accept-encoding' => 'gzip, deflate',
  'accept' => 'text/html,application/xhtml+xml,application/xml;q=0.9,image/webp,image/apng,*/*;q=0.8,application/signed-exchange;v=b3',
  'user-agent' => 'Mozilla/5.0 (Windows NT 10.0; Win64; x64) AppleWebKit/537.36 (KHTML, like Gecko) Chrome/77.0.3865.90 Safari/537.36',
  'upgrade-insecure-requests' => '1',
  'connection' => 'keep-alive',
  'host' => 'bgn.zytest.com',
  'content-length' => '',
  'content-type' => '',
)
[ info ] [ PARAM ] array (
)
---------------------------------------------------------------
[2019-10-28T12:07:21+08:00] 127.0.0.1 GET bgn.zytest.com/admin/login/index.html
[运行时间：0.091466s] [吞吐率：10.93req/s] [内存消耗：1,781.26kb] [文件加载：73]
[ info ] [ LANG ] D:\wwwroot\buguniao\thinkphp\lang\zh-cn.php
[ info ] [ LANG ] D:\wwwroot\buguniao\application\admin\\lang\zh-cn.php
[ info ] [ ROUTE ] array (
)
[ info ] [ HEADER ] array (
  'cookie' => 'Hm_lvt_d214947968792b839fd669a4decaaffc=1571753026,1571972537; PHPSESSID=b1uf5h26t1h8t69aicrotmnckm',
  'accept-language' => 'zh-CN,zh;q=0.9,en;q=0.8',
  'accept-encoding' => 'gzip, deflate',
  'accept' => 'text/html,application/xhtml+xml,application/xml;q=0.9,image/webp,image/apng,*/*;q=0.8,application/signed-exchange;v=b3',
  'user-agent' => 'Mozilla/5.0 (Windows NT 10.0; Win64; x64) AppleWebKit/537.36 (KHTML, like Gecko) Chrome/77.0.3865.90 Safari/537.36',
  'upgrade-insecure-requests' => '1',
  'connection' => 'keep-alive',
  'host' => 'bgn.zytest.com',
  'content-length' => '',
  'content-type' => '',
)
[ info ] [ PARAM ] array (
)
[ info ] [ VIEW ] D:\wwwroot\buguniao\application\admin\view\login\index.html [ array (
) ]
[ error ] [8]未定义变量: system[D:\wwwroot\buguniao\runtime\temp\779c6e1dfa05a4318e92cf682e3a4bfd.php:37]
---------------------------------------------------------------
[2019-10-28T12:07:29+08:00] 127.0.0.1 POST bgn.zytest.com/admin/login/index.html
[运行时间：6.069559s] [吞吐率：0.16req/s] [内存消耗：2,723.51kb] [文件加载：79]
[ info ] [ LANG ] D:\wwwroot\buguniao\thinkphp\lang\zh-cn.php
[ info ] [ LANG ] D:\wwwroot\buguniao\application\admin\\lang\zh-cn.php
[ info ] [ ROUTE ] array (
)
[ info ] [ HEADER ] array (
  'cookie' => 'Hm_lvt_d214947968792b839fd669a4decaaffc=1571753026,1571972537; PHPSESSID=b1uf5h26t1h8t69aicrotmnckm',
  'accept-language' => 'zh-CN,zh;q=0.9,en;q=0.8',
  'accept-encoding' => 'gzip, deflate',
  'referer' => 'http://bgn.zytest.com/admin/login/index.html',
  'content-type' => 'application/x-www-form-urlencoded; charset=UTF-8',
  'user-agent' => 'Mozilla/5.0 (Windows NT 10.0; Win64; x64) AppleWebKit/537.36 (KHTML, like Gecko) Chrome/77.0.3865.90 Safari/537.36',
  'x-requested-with' => 'XMLHttpRequest',
  'origin' => 'http://bgn.zytest.com',
  'accept' => '*/*',
  'content-length' => '32',
  'connection' => 'keep-alive',
  'host' => 'bgn.zytest.com',
)
[ info ] [ PARAM ] array (
  'username' => 'admin',
  'password' => 'admin123',
)
[ info ] [ DB ] INIT mysql
[ sql ] [ DB ] CONNECT:[ UseTime:5.176483s ] mysql:host=3.115.122.30;port=3306;dbname=buguniao;charset=utf8
[ sql ] [ SQL ] SHOW COLUMNS FROM `admin` [ RunTime:0.303057s ]
[ sql ] [ SQL ] SELECT * FROM `admin` WHERE  `username` = 'admin' LIMIT 1 [ RunTime:0.387013s ]
---------------------------------------------------------------
[2019-10-28T12:07:32+08:00] 127.0.0.1 GET bgn.zytest.com/
[运行时间：1.560361s] [吞吐率：0.64req/s] [内存消耗：2,698.01kb] [文件加载：81]
[ info ] [ LANG ] D:\wwwroot\buguniao\thinkphp\lang\zh-cn.php
[ info ] [ LANG ] D:\wwwroot\buguniao\application\admin\\lang\zh-cn.php
[ info ] [ ROUTE ] array (
  'rule' => '',
  'route' => 'admin/index/index',
  'option' => 
  array (
    'merge_rule_regex' => false,
    'complete_match' => true,
  ),
  'var' => 
  array (
  ),
)
[ info ] [ HEADER ] array (
  'cookie' => 'Hm_lvt_d214947968792b839fd669a4decaaffc=1571753026,1571972537; PHPSESSID=b1uf5h26t1h8t69aicrotmnckm',
  'accept-language' => 'zh-CN,zh;q=0.9,en;q=0.8',
  'accept-encoding' => 'gzip, deflate',
  'referer' => 'http://bgn.zytest.com/admin/login/index.html',
  'accept' => 'text/html,application/xhtml+xml,application/xml;q=0.9,image/webp,image/apng,*/*;q=0.8,application/signed-exchange;v=b3',
  'user-agent' => 'Mozilla/5.0 (Windows NT 10.0; Win64; x64) AppleWebKit/537.36 (KHTML, like Gecko) Chrome/77.0.3865.90 Safari/537.36',
  'upgrade-insecure-requests' => '1',
  'connection' => 'keep-alive',
  'host' => 'bgn.zytest.com',
  'content-length' => '',
  'content-type' => '',
)
[ info ] [ PARAM ] array (
)
[ info ] [ DB ] INIT mysql
[ info ] [ VIEW ] D:\wwwroot\buguniao\application\admin\view\index\index.html [ array (
  0 => 'menus',
) ]
[ sql ] [ DB ] CONNECT:[ UseTime:0.395656s ] mysql:host=3.115.122.30;port=3306;dbname=buguniao;charset=utf8
[ sql ] [ SQL ] SHOW COLUMNS FROM `auth_rule` [ RunTime:0.242639s ]
[ sql ] [ SQL ] SELECT * FROM `auth_rule` WHERE  ( menustatus=1 ) ORDER BY `sort` [ RunTime:0.621981s ]
---------------------------------------------------------------
[2019-10-28T12:07:32+08:00] 127.0.0.1 GET bgn.zytest.com/uploads/20180625/f266169c2956429d9aaea6cf6f1e51cb.jpg
[运行时间：0.088924s] [吞吐率：11.25req/s] [内存消耗：1,339.02kb] [文件加载：54]
[ info ] [ LANG ] D:\wwwroot\buguniao\thinkphp\lang\zh-cn.php
---------------------------------------------------------------
[2019-10-28T12:07:34+08:00] 127.0.0.1 GET bgn.zytest.com/admin/index/main.html
[运行时间：1.167530s] [吞吐率：0.86req/s] [内存消耗：2,506.27kb] [文件加载：76]
[ info ] [ LANG ] D:\wwwroot\buguniao\thinkphp\lang\zh-cn.php
[ info ] [ LANG ] D:\wwwroot\buguniao\application\admin\\lang\zh-cn.php
[ info ] [ ROUTE ] array (
)
[ info ] [ HEADER ] array (
  'cookie' => 'Hm_lvt_d214947968792b839fd669a4decaaffc=1571753026,1571972537; PHPSESSID=b1uf5h26t1h8t69aicrotmnckm; skin=0',
  'accept-language' => 'zh-CN,zh;q=0.9,en;q=0.8',
  'accept-encoding' => 'gzip, deflate',
  'referer' => 'http://bgn.zytest.com/',
  'accept' => 'text/html,application/xhtml+xml,application/xml;q=0.9,image/webp,image/apng,*/*;q=0.8,application/signed-exchange;v=b3',
  'user-agent' => 'Mozilla/5.0 (Windows NT 10.0; Win64; x64) AppleWebKit/537.36 (KHTML, like Gecko) Chrome/77.0.3865.90 Safari/537.36',
  'upgrade-insecure-requests' => '1',
  'connection' => 'keep-alive',
  'host' => 'bgn.zytest.com',
  'content-length' => '',
  'content-type' => '',
)
[ info ] [ PARAM ] array (
)
[ info ] [ DB ] INIT mysql
[ info ] [ VIEW ] D:\wwwroot\buguniao\application\admin\view\index\main.html [ array (
  0 => 'config',
) ]
[ sql ] [ DB ] CONNECT:[ UseTime:0.755771s ] mysql:host=3.115.122.30;port=3306;dbname=buguniao;charset=utf8
[ sql ] [ SQL ] SELECT VERSION() AS ver [ RunTime:0.252166s ]
---------------------------------------------------------------
[2019-10-28T12:07:35+08:00] 127.0.0.1 GET bgn.zytest.com/admin/parameter/exchangeratelist.html
[运行时间：0.117369s] [吞吐率：8.52req/s] [内存消耗：1,912.87kb] [文件加载：77]
[ info ] [ LANG ] D:\wwwroot\buguniao\thinkphp\lang\zh-cn.php
[ info ] [ LANG ] D:\wwwroot\buguniao\application\admin\\lang\zh-cn.php
[ info ] [ ROUTE ] array (
)
[ info ] [ HEADER ] array (
  'cookie' => 'Hm_lvt_d214947968792b839fd669a4decaaffc=1571753026,1571972537; PHPSESSID=b1uf5h26t1h8t69aicrotmnckm; skin=0',
  'accept-language' => 'zh-CN,zh;q=0.9,en;q=0.8',
  'accept-encoding' => 'gzip, deflate',
  'referer' => 'http://bgn.zytest.com/',
  'accept' => 'text/html,application/xhtml+xml,application/xml;q=0.9,image/webp,image/apng,*/*;q=0.8,application/signed-exchange;v=b3',
  'user-agent' => 'Mozilla/5.0 (Windows NT 10.0; Win64; x64) AppleWebKit/537.36 (KHTML, like Gecko) Chrome/77.0.3865.90 Safari/537.36',
  'upgrade-insecure-requests' => '1',
  'connection' => 'keep-alive',
  'host' => 'bgn.zytest.com',
  'content-length' => '',
  'content-type' => '',
)
[ info ] [ PARAM ] array (
)
[ info ] [ VIEW ] D:\wwwroot\buguniao\application\admin\view\parameter\exchangerate_list.html [ array (
) ]
---------------------------------------------------------------
[2019-10-28T12:07:35+08:00] 127.0.0.1 POST bgn.zytest.com/admin/parameter/exchangerare.html
[运行时间：0.080466s] [吞吐率：12.43req/s] [内存消耗：1,710.68kb] [文件加载：70]
[ info ] [ LANG ] D:\wwwroot\buguniao\thinkphp\lang\zh-cn.php
[ info ] [ LANG ] D:\wwwroot\buguniao\application\admin\\lang\zh-cn.php
[ info ] [ ROUTE ] array (
)
[ info ] [ HEADER ] array (
  'cookie' => 'skin=0; Hm_lvt_d214947968792b839fd669a4decaaffc=1571753026,1571972537; PHPSESSID=b1uf5h26t1h8t69aicrotmnckm; skin=0',
  'accept-language' => 'zh-CN,zh;q=0.9,en;q=0.8',
  'accept-encoding' => 'gzip, deflate',
  'referer' => 'http://bgn.zytest.com/admin/parameter/exchangeratelist.html',
  'content-type' => 'application/x-www-form-urlencoded; charset=UTF-8',
  'user-agent' => 'Mozilla/5.0 (Windows NT 10.0; Win64; x64) AppleWebKit/537.36 (KHTML, like Gecko) Chrome/77.0.3865.90 Safari/537.36',
  'x-requested-with' => 'XMLHttpRequest',
  'origin' => 'http://bgn.zytest.com',
  'accept' => 'application/json, text/javascript, */*; q=0.01',
  'content-length' => '15',
  'connection' => 'keep-alive',
  'host' => 'bgn.zytest.com',
)
[ info ] [ PARAM ] array (
  'page' => '1',
  'limit' => '10',
)
---------------------------------------------------------------
[2019-10-28T12:07:37+08:00] 127.0.0.1 GET bgn.zytest.com/admin/parameter/exchangerateadd.html
[运行时间：0.094778s] [吞吐率：10.55req/s] [内存消耗：1,905.20kb] [文件加载：77]
[ info ] [ LANG ] D:\wwwroot\buguniao\thinkphp\lang\zh-cn.php
[ info ] [ LANG ] D:\wwwroot\buguniao\application\admin\\lang\zh-cn.php
[ info ] [ ROUTE ] array (
)
[ info ] [ HEADER ] array (
  'cookie' => 'skin=0; Hm_lvt_d214947968792b839fd669a4decaaffc=1571753026,1571972537; PHPSESSID=b1uf5h26t1h8t69aicrotmnckm; skin=0',
  'accept-language' => 'zh-CN,zh;q=0.9,en;q=0.8',
  'accept-encoding' => 'gzip, deflate',
  'referer' => 'http://bgn.zytest.com/admin/parameter/exchangeratelist.html',
  'accept' => 'text/html,application/xhtml+xml,application/xml;q=0.9,image/webp,image/apng,*/*;q=0.8,application/signed-exchange;v=b3',
  'user-agent' => 'Mozilla/5.0 (Windows NT 10.0; Win64; x64) AppleWebKit/537.36 (KHTML, like Gecko) Chrome/77.0.3865.90 Safari/537.36',
  'upgrade-insecure-requests' => '1',
  'connection' => 'keep-alive',
  'host' => 'bgn.zytest.com',
  'content-length' => '',
  'content-type' => '',
)
[ info ] [ PARAM ] array (
)
[ info ] [ VIEW ] D:\wwwroot\buguniao\application\admin\view\parameter\exchangerate_add.html [ array (
) ]
---------------------------------------------------------------
[2019-10-28T12:11:11+08:00] 127.0.0.1 GET bgn.zytest.com/admin/parameter/exchangerateadd.html
[运行时间：0.078695s] [吞吐率：12.71req/s] [内存消耗：1,906.42kb] [文件加载：77]
[ info ] [ LANG ] D:\wwwroot\buguniao\thinkphp\lang\zh-cn.php
[ info ] [ LANG ] D:\wwwroot\buguniao\application\admin\\lang\zh-cn.php
[ info ] [ ROUTE ] array (
)
[ info ] [ HEADER ] array (
  'cookie' => 'skin=0; Hm_lvt_d214947968792b839fd669a4decaaffc=1571753026,1571972537; PHPSESSID=b1uf5h26t1h8t69aicrotmnckm; skin=0',
  'accept-language' => 'zh-CN,zh;q=0.9,en;q=0.8',
  'accept-encoding' => 'gzip, deflate',
  'accept' => 'text/html,application/xhtml+xml,application/xml;q=0.9,image/webp,image/apng,*/*;q=0.8,application/signed-exchange;v=b3',
  'user-agent' => 'Mozilla/5.0 (Windows NT 10.0; Win64; x64) AppleWebKit/537.36 (KHTML, like Gecko) Chrome/77.0.3865.90 Safari/537.36',
  'upgrade-insecure-requests' => '1',
  'cache-control' => 'max-age=0',
  'connection' => 'keep-alive',
  'host' => 'bgn.zytest.com',
  'content-length' => '',
  'content-type' => '',
)
[ info ] [ PARAM ] array (
)
[ info ] [ VIEW ] D:\wwwroot\buguniao\application\admin\view\parameter\exchangerate_add.html [ array (
  0 => '$rate_date',
) ]
---------------------------------------------------------------
[2019-10-28T12:11:35+08:00] 127.0.0.1 GET bgn.zytest.com/admin/parameter/exchangerateadd.html
[运行时间：0.064487s] [吞吐率：15.51req/s] [内存消耗：1,939.21kb] [文件加载：80]
[ info ] [ LANG ] D:\wwwroot\buguniao\thinkphp\lang\zh-cn.php
[ info ] [ LANG ] D:\wwwroot\buguniao\application\admin\\lang\zh-cn.php
[ info ] [ ROUTE ] array (
)
[ info ] [ HEADER ] array (
  'cookie' => 'skin=0; Hm_lvt_d214947968792b839fd669a4decaaffc=1571753026,1571972537; PHPSESSID=b1uf5h26t1h8t69aicrotmnckm; skin=0',
  'accept-language' => 'zh-CN,zh;q=0.9,en;q=0.8',
  'accept-encoding' => 'gzip, deflate',
  'accept' => 'text/html,application/xhtml+xml,application/xml;q=0.9,image/webp,image/apng,*/*;q=0.8,application/signed-exchange;v=b3',
  'user-agent' => 'Mozilla/5.0 (Windows NT 10.0; Win64; x64) AppleWebKit/537.36 (KHTML, like Gecko) Chrome/77.0.3865.90 Safari/537.36',
  'upgrade-insecure-requests' => '1',
  'cache-control' => 'max-age=0',
  'connection' => 'keep-alive',
  'host' => 'bgn.zytest.com',
  'content-length' => '',
  'content-type' => '',
)
[ info ] [ PARAM ] array (
)
[ info ] [ VIEW ] D:\wwwroot\buguniao\application\admin\view\parameter\exchangerate_add.html [ array (
  0 => '$rate_date',
) ]
[ error ] [8]未定义变量: rate_date[D:\wwwroot\buguniao\runtime\temp\8b582401ac50df19420c42b3c18b5a76.php:26]
---------------------------------------------------------------
[2019-10-28T12:11:41+08:00] 127.0.0.1 GET bgn.zytest.com/
[运行时间：0.069389s] [吞吐率：14.41req/s] [内存消耗：1,759.09kb] [文件加载：72]
[ info ] [ LANG ] D:\wwwroot\buguniao\thinkphp\lang\zh-cn.php
[ info ] [ LANG ] D:\wwwroot\buguniao\application\admin\\lang\zh-cn.php
[ info ] [ ROUTE ] array (
  'rule' => '',
  'route' => 'admin/index/index',
  'option' => 
  array (
    'merge_rule_regex' => false,
    'complete_match' => true,
  ),
  'var' => 
  array (
  ),
)
[ info ] [ HEADER ] array (
  'cookie' => 'Hm_lvt_d214947968792b839fd669a4decaaffc=1571753026,1571972537; PHPSESSID=b1uf5h26t1h8t69aicrotmnckm; skin=0',
  'accept-language' => 'zh-CN,zh;q=0.9,en;q=0.8',
  'accept-encoding' => 'gzip, deflate',
  'referer' => 'http://bgn.zytest.com/',
  'accept' => 'text/html,application/xhtml+xml,application/xml;q=0.9,image/webp,image/apng,*/*;q=0.8,application/signed-exchange;v=b3',
  'user-agent' => 'Mozilla/5.0 (Windows NT 10.0; Win64; x64) AppleWebKit/537.36 (KHTML, like Gecko) Chrome/77.0.3865.90 Safari/537.36',
  'upgrade-insecure-requests' => '1',
  'cache-control' => 'max-age=0',
  'connection' => 'keep-alive',
  'host' => 'bgn.zytest.com',
  'content-length' => '',
  'content-type' => '',
)
[ info ] [ PARAM ] array (
)
[ info ] [ VIEW ] D:\wwwroot\buguniao\application\admin\view\index\index.html [ array (
  0 => 'menus',
) ]
---------------------------------------------------------------
[2019-10-28T12:11:41+08:00] 127.0.0.1 GET bgn.zytest.com/uploads/20180625/f266169c2956429d9aaea6cf6f1e51cb.jpg
[运行时间：0.087083s] [吞吐率：11.48req/s] [内存消耗：1,339.02kb] [文件加载：54]
[ info ] [ LANG ] D:\wwwroot\buguniao\thinkphp\lang\zh-cn.php
---------------------------------------------------------------
[2019-10-28T12:11:45+08:00] 127.0.0.1 GET bgn.zytest.com/admin/index/main.html
[运行时间：3.995164s] [吞吐率：0.25req/s] [内存消耗：2,506.30kb] [文件加载：76]
[ info ] [ LANG ] D:\wwwroot\buguniao\thinkphp\lang\zh-cn.php
[ info ] [ LANG ] D:\wwwroot\buguniao\application\admin\\lang\zh-cn.php
[ info ] [ ROUTE ] array (
)
[ info ] [ HEADER ] array (
  'cookie' => 'skin=0; Hm_lvt_d214947968792b839fd669a4decaaffc=1571753026,1571972537; PHPSESSID=b1uf5h26t1h8t69aicrotmnckm; skin=0',
  'accept-language' => 'zh-CN,zh;q=0.9,en;q=0.8',
  'accept-encoding' => 'gzip, deflate',
  'referer' => 'http://bgn.zytest.com/',
  'accept' => 'text/html,application/xhtml+xml,application/xml;q=0.9,image/webp,image/apng,*/*;q=0.8,application/signed-exchange;v=b3',
  'user-agent' => 'Mozilla/5.0 (Windows NT 10.0; Win64; x64) AppleWebKit/537.36 (KHTML, like Gecko) Chrome/77.0.3865.90 Safari/537.36',
  'upgrade-insecure-requests' => '1',
  'connection' => 'keep-alive',
  'host' => 'bgn.zytest.com',
  'content-length' => '',
  'content-type' => '',
)
[ info ] [ PARAM ] array (
)
[ info ] [ DB ] INIT mysql
[ info ] [ VIEW ] D:\wwwroot\buguniao\application\admin\view\index\main.html [ array (
  0 => 'config',
) ]
[ sql ] [ DB ] CONNECT:[ UseTime:3.694768s ] mysql:host=3.115.122.30;port=3306;dbname=buguniao;charset=utf8
[ sql ] [ SQL ] SELECT VERSION() AS ver [ RunTime:0.227575s ]
---------------------------------------------------------------
[2019-10-28T12:11:45+08:00] 127.0.0.1 GET bgn.zytest.com/admin/parameter/exchangeratelist.html
[运行时间：0.091841s] [吞吐率：10.89req/s] [内存消耗：1,775.37kb] [文件加载：74]
[ info ] [ LANG ] D:\wwwroot\buguniao\thinkphp\lang\zh-cn.php
[ info ] [ LANG ] D:\wwwroot\buguniao\application\admin\\lang\zh-cn.php
[ info ] [ ROUTE ] array (
)
[ info ] [ HEADER ] array (
  'cookie' => 'skin=0; Hm_lvt_d214947968792b839fd669a4decaaffc=1571753026,1571972537; PHPSESSID=b1uf5h26t1h8t69aicrotmnckm; skin=0',
  'accept-language' => 'zh-CN,zh;q=0.9,en;q=0.8',
  'accept-encoding' => 'gzip, deflate',
  'referer' => 'http://bgn.zytest.com/',
  'accept' => 'text/html,application/xhtml+xml,application/xml;q=0.9,image/webp,image/apng,*/*;q=0.8,application/signed-exchange;v=b3',
  'user-agent' => 'Mozilla/5.0 (Windows NT 10.0; Win64; x64) AppleWebKit/537.36 (KHTML, like Gecko) Chrome/77.0.3865.90 Safari/537.36',
  'upgrade-insecure-requests' => '1',
  'connection' => 'keep-alive',
  'host' => 'bgn.zytest.com',
  'content-length' => '',
  'content-type' => '',
)
[ info ] [ PARAM ] array (
)
[ info ] [ VIEW ] D:\wwwroot\buguniao\application\admin\view\parameter\exchangerate_list.html [ array (
) ]
---------------------------------------------------------------
[2019-10-28T12:11:45+08:00] 127.0.0.1 POST bgn.zytest.com/admin/parameter/exchangerare.html
[运行时间：0.081516s] [吞吐率：12.27req/s] [内存消耗：1,711.22kb] [文件加载：70]
[ info ] [ LANG ] D:\wwwroot\buguniao\thinkphp\lang\zh-cn.php
[ info ] [ LANG ] D:\wwwroot\buguniao\application\admin\\lang\zh-cn.php
[ info ] [ ROUTE ] array (
)
[ info ] [ HEADER ] array (
  'cookie' => 'skin=0; Hm_lvt_d214947968792b839fd669a4decaaffc=1571753026,1571972537; PHPSESSID=b1uf5h26t1h8t69aicrotmnckm; skin=0',
  'accept-language' => 'zh-CN,zh;q=0.9,en;q=0.8',
  'accept-encoding' => 'gzip, deflate',
  'referer' => 'http://bgn.zytest.com/admin/parameter/exchangeratelist.html',
  'content-type' => 'application/x-www-form-urlencoded; charset=UTF-8',
  'user-agent' => 'Mozilla/5.0 (Windows NT 10.0; Win64; x64) AppleWebKit/537.36 (KHTML, like Gecko) Chrome/77.0.3865.90 Safari/537.36',
  'x-requested-with' => 'XMLHttpRequest',
  'origin' => 'http://bgn.zytest.com',
  'accept' => 'application/json, text/javascript, */*; q=0.01',
  'content-length' => '15',
  'connection' => 'keep-alive',
  'host' => 'bgn.zytest.com',
)
[ info ] [ PARAM ] array (
  'page' => '1',
  'limit' => '10',
)
---------------------------------------------------------------
[2019-10-28T12:11:48+08:00] 127.0.0.1 GET bgn.zytest.com/admin/parameter/exchangerateadd.html
[运行时间：0.059798s] [吞吐率：16.72req/s] [内存消耗：1,807.46kb] [文件加载：77]
[ info ] [ LANG ] D:\wwwroot\buguniao\thinkphp\lang\zh-cn.php
[ info ] [ LANG ] D:\wwwroot\buguniao\application\admin\\lang\zh-cn.php
[ info ] [ ROUTE ] array (
)
[ info ] [ HEADER ] array (
  'cookie' => 'skin=0; Hm_lvt_d214947968792b839fd669a4decaaffc=1571753026,1571972537; PHPSESSID=b1uf5h26t1h8t69aicrotmnckm; skin=0',
  'accept-language' => 'zh-CN,zh;q=0.9,en;q=0.8',
  'accept-encoding' => 'gzip, deflate',
  'referer' => 'http://bgn.zytest.com/admin/parameter/exchangeratelist.html',
  'accept' => 'text/html,application/xhtml+xml,application/xml;q=0.9,image/webp,image/apng,*/*;q=0.8,application/signed-exchange;v=b3',
  'user-agent' => 'Mozilla/5.0 (Windows NT 10.0; Win64; x64) AppleWebKit/537.36 (KHTML, like Gecko) Chrome/77.0.3865.90 Safari/537.36',
  'upgrade-insecure-requests' => '1',
  'connection' => 'keep-alive',
  'host' => 'bgn.zytest.com',
  'content-length' => '',
  'content-type' => '',
)
[ info ] [ PARAM ] array (
)
[ info ] [ VIEW ] D:\wwwroot\buguniao\application\admin\view\parameter\exchangerate_add.html [ array (
  0 => '$rate_date',
) ]
[ error ] [8]未定义变量: rate_date[D:\wwwroot\buguniao\runtime\temp\8b582401ac50df19420c42b3c18b5a76.php:26]
---------------------------------------------------------------
[2019-10-28T13:11:41+08:00] 127.0.0.1 GET bgn.zytest.com/admin/parameter/exchangerateadd.html
[运行时间：0.057322s] [吞吐率：17.45req/s] [内存消耗：1,807.30kb] [文件加载：77]
[ info ] [ LANG ] D:\wwwroot\buguniao\thinkphp\lang\zh-cn.php
[ info ] [ LANG ] D:\wwwroot\buguniao\application\admin\\lang\zh-cn.php
[ info ] [ ROUTE ] array (
)
[ info ] [ HEADER ] array (
  'cookie' => 'skin=0; Hm_lvt_d214947968792b839fd669a4decaaffc=1571753026,1571972537; PHPSESSID=b1uf5h26t1h8t69aicrotmnckm; skin=0',
  'accept-language' => 'zh-CN,zh;q=0.9,en;q=0.8',
  'accept-encoding' => 'gzip, deflate',
  'accept' => 'text/html,application/xhtml+xml,application/xml;q=0.9,image/webp,image/apng,*/*;q=0.8,application/signed-exchange;v=b3',
  'user-agent' => 'Mozilla/5.0 (Windows NT 10.0; Win64; x64) AppleWebKit/537.36 (KHTML, like Gecko) Chrome/77.0.3865.90 Safari/537.36',
  'upgrade-insecure-requests' => '1',
  'cache-control' => 'max-age=0',
  'connection' => 'keep-alive',
  'host' => 'bgn.zytest.com',
  'content-length' => '',
  'content-type' => '',
)
[ info ] [ PARAM ] array (
)
[ info ] [ VIEW ] D:\wwwroot\buguniao\application\admin\view\parameter\exchangerate_add.html [ array (
  0 => '$rate_date',
) ]
[ error ] [8]未定义变量: rate_date[D:\wwwroot\buguniao\runtime\temp\8b582401ac50df19420c42b3c18b5a76.php:26]
---------------------------------------------------------------
[2019-10-28T13:18:55+08:00] 127.0.0.1 GET bgn.zytest.com/admin/parameter/exchangerateadd.html
[运行时间：0.061023s] [吞吐率：16.39req/s] [内存消耗：1,774.91kb] [文件加载：74]
[ info ] [ LANG ] D:\wwwroot\buguniao\thinkphp\lang\zh-cn.php
[ info ] [ LANG ] D:\wwwroot\buguniao\application\admin\\lang\zh-cn.php
[ info ] [ ROUTE ] array (
)
[ info ] [ HEADER ] array (
  'cookie' => 'skin=0; Hm_lvt_d214947968792b839fd669a4decaaffc=1571753026,1571972537; PHPSESSID=b1uf5h26t1h8t69aicrotmnckm; skin=0',
  'accept-language' => 'zh-CN,zh;q=0.9,en;q=0.8',
  'accept-encoding' => 'gzip, deflate',
  'accept' => 'text/html,application/xhtml+xml,application/xml;q=0.9,image/webp,image/apng,*/*;q=0.8,application/signed-exchange;v=b3',
  'user-agent' => 'Mozilla/5.0 (Windows NT 10.0; Win64; x64) AppleWebKit/537.36 (KHTML, like Gecko) Chrome/77.0.3865.90 Safari/537.36',
  'upgrade-insecure-requests' => '1',
  'cache-control' => 'max-age=0',
  'connection' => 'keep-alive',
  'host' => 'bgn.zytest.com',
  'content-length' => '',
  'content-type' => '',
)
[ info ] [ PARAM ] array (
)
[ info ] [ VIEW ] D:\wwwroot\buguniao\application\admin\view\parameter\exchangerate_add.html [ array (
  0 => 'rate_date',
) ]
---------------------------------------------------------------
[2019-10-28T14:14:26+08:00] 127.0.0.1 GET bgn.zytest.com/layuiadmin/index
[运行时间：0.114873s] [吞吐率：8.71req/s] [内存消耗：1,801.86kb] [文件加载：67]
[ info ] [ LANG ] D:\wwwroot\buguniao\thinkphp\lang\zh-cn.php
[ info ] [ ROUTE ] array (
)
[ info ] [ HEADER ] array (
  'cookie' => 'Hm_lvt_d214947968792b839fd669a4decaaffc=1571753026,1571972537; PHPSESSID=b1uf5h26t1h8t69aicrotmnckm; skin=0',
  'accept-language' => 'zh-CN,zh;q=0.9,en;q=0.8',
  'accept-encoding' => 'gzip, deflate',
  'purpose' => 'prefetch',
  'accept' => 'text/html,application/xhtml+xml,application/xml;q=0.9,image/webp,image/apng,*/*;q=0.8,application/signed-exchange;v=b3',
  'user-agent' => 'Mozilla/5.0 (Windows NT 10.0; Win64; x64) AppleWebKit/537.36 (KHTML, like Gecko) Chrome/77.0.3865.90 Safari/537.36',
  'upgrade-insecure-requests' => '1',
  'connection' => 'keep-alive',
  'host' => 'bgn.zytest.com',
  'content-length' => '',
  'content-type' => '',
)
[ info ] [ PARAM ] array (
)
[ info ] [ VIEW ] D:\wwwroot\buguniao\application\layuiadmin\view\index.html [ array (
) ]
---------------------------------------------------------------
[2019-10-28T14:20:16+08:00] 127.0.0.1 GET bgn.zytest.com/layuiadmin/index
[运行时间：0.088478s] [吞吐率：11.30req/s] [内存消耗：1,800.27kb] [文件加载：67]
[ info ] [ LANG ] D:\wwwroot\buguniao\thinkphp\lang\zh-cn.php
[ info ] [ ROUTE ] array (
)
[ info ] [ HEADER ] array (
  'cookie' => 'Hm_lvt_d214947968792b839fd669a4decaaffc=1571753026,1571972537; PHPSESSID=b1uf5h26t1h8t69aicrotmnckm; skin=0',
  'accept-language' => 'zh-CN,zh;q=0.9,en;q=0.8',
  'accept-encoding' => 'gzip, deflate',
  'purpose' => 'prefetch',
  'accept' => 'text/html,application/xhtml+xml,application/xml;q=0.9,image/webp,image/apng,*/*;q=0.8,application/signed-exchange;v=b3',
  'user-agent' => 'Mozilla/5.0 (Windows NT 10.0; Win64; x64) AppleWebKit/537.36 (KHTML, like Gecko) Chrome/77.0.3865.90 Safari/537.36',
  'upgrade-insecure-requests' => '1',
  'connection' => 'keep-alive',
  'host' => 'bgn.zytest.com',
  'content-length' => '',
  'content-type' => '',
)
[ info ] [ PARAM ] array (
)
[ info ] [ VIEW ] D:\wwwroot\buguniao\application\layuiadmin\view\index.html [ array (
) ]
---------------------------------------------------------------
[2019-10-28T14:20:17+08:00] 127.0.0.1 GET bgn.zytest.com/layuiadmin/index/console.html
[运行时间：0.208593s] [吞吐率：4.79req/s] [内存消耗：1,723.66kb] [文件加载：65]
[ info ] [ LANG ] D:\wwwroot\buguniao\thinkphp\lang\zh-cn.php
[ info ] [ ROUTE ] array (
)
[ info ] [ HEADER ] array (
  'cookie' => 'Hm_lvt_d214947968792b839fd669a4decaaffc=1571753026,1571972537; PHPSESSID=b1uf5h26t1h8t69aicrotmnckm; skin=0',
  'accept-language' => 'zh-CN,zh;q=0.9,en;q=0.8',
  'accept-encoding' => 'gzip, deflate',
  'referer' => 'http://bgn.zytest.com/layuiadmin/index',
  'accept' => 'text/html,application/xhtml+xml,application/xml;q=0.9,image/webp,image/apng,*/*;q=0.8,application/signed-exchange;v=b3',
  'user-agent' => 'Mozilla/5.0 (Windows NT 10.0; Win64; x64) AppleWebKit/537.36 (KHTML, like Gecko) Chrome/77.0.3865.90 Safari/537.36',
  'upgrade-insecure-requests' => '1',
  'connection' => 'keep-alive',
  'host' => 'bgn.zytest.com',
  'content-length' => '',
  'content-type' => '',
)
[ info ] [ PARAM ] array (
)
[ info ] [ VIEW ] D:\wwwroot\buguniao\application\layuiadmin\view\home\console.html [ array (
) ]
---------------------------------------------------------------
[2019-10-28T14:20:17+08:00] 127.0.0.1 GET bgn.zytest.com/layuiadmin/api.config.config.js
[运行时间：0.064899s] [吞吐率：15.41req/s] [内存消耗：1,678.29kb] [文件加载：66]
[ info ] [ LANG ] D:\wwwroot\buguniao\thinkphp\lang\zh-cn.php
[ info ] [ ROUTE ] array (
)
[ info ] [ HEADER ] array (
  'cookie' => 'Hm_lvt_d214947968792b839fd669a4decaaffc=1571753026,1571972537; PHPSESSID=b1uf5h26t1h8t69aicrotmnckm; skin=0',
  'accept-language' => 'zh-CN,zh;q=0.9,en;q=0.8',
  'accept-encoding' => 'gzip, deflate',
  'referer' => 'http://bgn.zytest.com/layuiadmin/index',
  'accept' => '*/*',
  'user-agent' => 'Mozilla/5.0 (Windows NT 10.0; Win64; x64) AppleWebKit/537.36 (KHTML, like Gecko) Chrome/77.0.3865.90 Safari/537.36',
  'connection' => 'keep-alive',
  'host' => 'bgn.zytest.com',
  'content-length' => '',
  'content-type' => '',
)
[ info ] [ PARAM ] array (
)
---------------------------------------------------------------
[2019-10-28T14:20:17+08:00] 127.0.0.1 GET bgn.zytest.com/layuiadmin/api.config.config.js
[运行时间：0.056686s] [吞吐率：17.64req/s] [内存消耗：1,678.75kb] [文件加载：66]
[ info ] [ LANG ] D:\wwwroot\buguniao\thinkphp\lang\zh-cn.php
[ info ] [ ROUTE ] array (
)
[ info ] [ HEADER ] array (
  'cookie' => 'PHPSESSID=b1uf5h26t1h8t69aicrotmnckm; skin=0; Hm_lvt_d214947968792b839fd669a4decaaffc=1571753026,1571972537,1572243618; Hm_lpvt_d214947968792b839fd669a4decaaffc=1572243618',
  'accept-language' => 'zh-CN,zh;q=0.9,en;q=0.8',
  'accept-encoding' => 'gzip, deflate',
  'referer' => 'http://bgn.zytest.com/layuiadmin/index/console.html',
  'accept' => '*/*',
  'user-agent' => 'Mozilla/5.0 (Windows NT 10.0; Win64; x64) AppleWebKit/537.36 (KHTML, like Gecko) Chrome/77.0.3865.90 Safari/537.36',
  'connection' => 'keep-alive',
  'host' => 'bgn.zytest.com',
  'content-length' => '',
  'content-type' => '',
)
[ info ] [ PARAM ] array (
)
---------------------------------------------------------------
[2019-10-28T14:20:19+08:00] 127.0.0.1 GET bgn.zytest.com/layuiadmin/index
[运行时间：0.071792s] [吞吐率：13.93req/s] [内存消耗：1,800.59kb] [文件加载：67]
[ info ] [ LANG ] D:\wwwroot\buguniao\thinkphp\lang\zh-cn.php
[ info ] [ ROUTE ] array (
)
[ info ] [ HEADER ] array (
  'cookie' => 'PHPSESSID=b1uf5h26t1h8t69aicrotmnckm; skin=0; Hm_lvt_d214947968792b839fd669a4decaaffc=1571753026,1571972537,1572243618; Hm_lpvt_d214947968792b839fd669a4decaaffc=1572243618',
  'accept-language' => 'zh-CN,zh;q=0.9,en;q=0.8',
  'accept-encoding' => 'gzip, deflate',
  'accept' => 'text/html,application/xhtml+xml,application/xml;q=0.9,image/webp,image/apng,*/*;q=0.8,application/signed-exchange;v=b3',
  'user-agent' => 'Mozilla/5.0 (Windows NT 10.0; Win64; x64) AppleWebKit/537.36 (KHTML, like Gecko) Chrome/77.0.3865.90 Safari/537.36',
  'upgrade-insecure-requests' => '1',
  'cache-control' => 'max-age=0',
  'connection' => 'keep-alive',
  'host' => 'bgn.zytest.com',
  'content-length' => '',
  'content-type' => '',
)
[ info ] [ PARAM ] array (
)
[ info ] [ VIEW ] D:\wwwroot\buguniao\application\layuiadmin\view\index.html [ array (
) ]
---------------------------------------------------------------
[2019-10-28T14:20:19+08:00] 127.0.0.1 GET bgn.zytest.com/layuiadmin/api.config.config.js
[运行时间：0.079075s] [吞吐率：12.65req/s] [内存消耗：1,678.73kb] [文件加载：66]
[ info ] [ LANG ] D:\wwwroot\buguniao\thinkphp\lang\zh-cn.php
[ info ] [ ROUTE ] array (
)
[ info ] [ HEADER ] array (
  'cookie' => 'PHPSESSID=b1uf5h26t1h8t69aicrotmnckm; skin=0; Hm_lvt_d214947968792b839fd669a4decaaffc=1571753026,1571972537,1572243618; Hm_lpvt_d214947968792b839fd669a4decaaffc=1572243618',
  'accept-language' => 'zh-CN,zh;q=0.9,en;q=0.8',
  'accept-encoding' => 'gzip, deflate',
  'referer' => 'http://bgn.zytest.com/layuiadmin/index',
  'accept' => '*/*',
  'user-agent' => 'Mozilla/5.0 (Windows NT 10.0; Win64; x64) AppleWebKit/537.36 (KHTML, like Gecko) Chrome/77.0.3865.90 Safari/537.36',
  'connection' => 'keep-alive',
  'host' => 'bgn.zytest.com',
  'content-length' => '',
  'content-type' => '',
)
[ info ] [ PARAM ] array (
)
---------------------------------------------------------------
[2019-10-28T14:20:20+08:00] 127.0.0.1 GET bgn.zytest.com/layuiadmin/index/console.html
[运行时间：0.094611s] [吞吐率：10.57req/s] [内存消耗：1,724.23kb] [文件加载：65]
[ info ] [ LANG ] D:\wwwroot\buguniao\thinkphp\lang\zh-cn.php
[ info ] [ ROUTE ] array (
)
[ info ] [ HEADER ] array (
  'cookie' => 'PHPSESSID=b1uf5h26t1h8t69aicrotmnckm; skin=0; Hm_lvt_d214947968792b839fd669a4decaaffc=1571753026,1571972537,1572243618; Hm_lpvt_d214947968792b839fd669a4decaaffc=1572243618',
  'accept-language' => 'zh-CN,zh;q=0.9,en;q=0.8',
  'accept-encoding' => 'gzip, deflate',
  'referer' => 'http://bgn.zytest.com/layuiadmin/index',
  'accept' => 'text/html,application/xhtml+xml,application/xml;q=0.9,image/webp,image/apng,*/*;q=0.8,application/signed-exchange;v=b3',
  'user-agent' => 'Mozilla/5.0 (Windows NT 10.0; Win64; x64) AppleWebKit/537.36 (KHTML, like Gecko) Chrome/77.0.3865.90 Safari/537.36',
  'upgrade-insecure-requests' => '1',
  'connection' => 'keep-alive',
  'host' => 'bgn.zytest.com',
  'content-length' => '',
  'content-type' => '',
)
[ info ] [ PARAM ] array (
)
[ info ] [ VIEW ] D:\wwwroot\buguniao\application\layuiadmin\view\home\console.html [ array (
) ]
---------------------------------------------------------------
[2019-10-28T14:20:20+08:00] 127.0.0.1 GET bgn.zytest.com/layuiadmin/api.config.config.js
[运行时间：0.088454s] [吞吐率：11.31req/s] [内存消耗：1,678.75kb] [文件加载：66]
[ info ] [ LANG ] D:\wwwroot\buguniao\thinkphp\lang\zh-cn.php
[ info ] [ ROUTE ] array (
)
[ info ] [ HEADER ] array (
  'cookie' => 'PHPSESSID=b1uf5h26t1h8t69aicrotmnckm; skin=0; Hm_lvt_d214947968792b839fd669a4decaaffc=1571753026,1571972537,1572243618; Hm_lpvt_d214947968792b839fd669a4decaaffc=1572243620',
  'accept-language' => 'zh-CN,zh;q=0.9,en;q=0.8',
  'accept-encoding' => 'gzip, deflate',
  'referer' => 'http://bgn.zytest.com/layuiadmin/index/console.html',
  'accept' => '*/*',
  'user-agent' => 'Mozilla/5.0 (Windows NT 10.0; Win64; x64) AppleWebKit/537.36 (KHTML, like Gecko) Chrome/77.0.3865.90 Safari/537.36',
  'connection' => 'keep-alive',
  'host' => 'bgn.zytest.com',
  'content-length' => '',
  'content-type' => '',
)
[ info ] [ PARAM ] array (
)
---------------------------------------------------------------
[2019-10-28T14:22:12+08:00] 127.0.0.1 GET bgn.zytest.com/layuiadmin/index
[运行时间：0.115143s] [吞吐率：8.68req/s] [内存消耗：1,800.45kb] [文件加载：67]
[ info ] [ LANG ] D:\wwwroot\buguniao\thinkphp\lang\zh-cn.php
[ info ] [ ROUTE ] array (
)
[ info ] [ HEADER ] array (
  'cookie' => 'PHPSESSID=b1uf5h26t1h8t69aicrotmnckm; skin=0; Hm_lvt_d214947968792b839fd669a4decaaffc=1571753026,1571972537,1572243618; Hm_lpvt_d214947968792b839fd669a4decaaffc=1572243620',
  'accept-language' => 'zh-CN,zh;q=0.9,en;q=0.8',
  'accept-encoding' => 'gzip, deflate',
  'purpose' => 'prefetch',
  'accept' => 'text/html,application/xhtml+xml,application/xml;q=0.9,image/webp,image/apng,*/*;q=0.8,application/signed-exchange;v=b3',
  'user-agent' => 'Mozilla/5.0 (Windows NT 10.0; Win64; x64) AppleWebKit/537.36 (KHTML, like Gecko) Chrome/77.0.3865.90 Safari/537.36',
  'upgrade-insecure-requests' => '1',
  'connection' => 'keep-alive',
  'host' => 'bgn.zytest.com',
  'content-length' => '',
  'content-type' => '',
)
[ info ] [ PARAM ] array (
)
[ info ] [ VIEW ] D:\wwwroot\buguniao\application\layuiadmin\view\index.html [ array (
) ]
---------------------------------------------------------------
[2019-10-28T14:22:13+08:00] 127.0.0.1 GET bgn.zytest.com/layuiadmin/index/console.html
[运行时间：0.112615s] [吞吐率：8.88req/s] [内存消耗：1,724.23kb] [文件加载：65]
[ info ] [ LANG ] D:\wwwroot\buguniao\thinkphp\lang\zh-cn.php
[ info ] [ ROUTE ] array (
)
[ info ] [ HEADER ] array (
  'cookie' => 'PHPSESSID=b1uf5h26t1h8t69aicrotmnckm; skin=0; Hm_lvt_d214947968792b839fd669a4decaaffc=1571753026,1571972537,1572243618; Hm_lpvt_d214947968792b839fd669a4decaaffc=1572243620',
  'accept-language' => 'zh-CN,zh;q=0.9,en;q=0.8',
  'accept-encoding' => 'gzip, deflate',
  'referer' => 'http://bgn.zytest.com/layuiadmin/index',
  'accept' => 'text/html,application/xhtml+xml,application/xml;q=0.9,image/webp,image/apng,*/*;q=0.8,application/signed-exchange;v=b3',
  'user-agent' => 'Mozilla/5.0 (Windows NT 10.0; Win64; x64) AppleWebKit/537.36 (KHTML, like Gecko) Chrome/77.0.3865.90 Safari/537.36',
  'upgrade-insecure-requests' => '1',
  'connection' => 'keep-alive',
  'host' => 'bgn.zytest.com',
  'content-length' => '',
  'content-type' => '',
)
[ info ] [ PARAM ] array (
)
[ info ] [ VIEW ] D:\wwwroot\buguniao\application\layuiadmin\view\home\console.html [ array (
) ]
---------------------------------------------------------------
[2019-10-28T14:22:13+08:00] 127.0.0.1 GET bgn.zytest.com/layuiadmin/api.config.config.js
[运行时间：0.108869s] [吞吐率：9.19req/s] [内存消耗：1,678.73kb] [文件加载：66]
[ info ] [ LANG ] D:\wwwroot\buguniao\thinkphp\lang\zh-cn.php
[ info ] [ ROUTE ] array (
)
[ info ] [ HEADER ] array (
  'cookie' => 'PHPSESSID=b1uf5h26t1h8t69aicrotmnckm; skin=0; Hm_lvt_d214947968792b839fd669a4decaaffc=1571753026,1571972537,1572243618; Hm_lpvt_d214947968792b839fd669a4decaaffc=1572243620',
  'accept-language' => 'zh-CN,zh;q=0.9,en;q=0.8',
  'accept-encoding' => 'gzip, deflate',
  'referer' => 'http://bgn.zytest.com/layuiadmin/index',
  'accept' => '*/*',
  'user-agent' => 'Mozilla/5.0 (Windows NT 10.0; Win64; x64) AppleWebKit/537.36 (KHTML, like Gecko) Chrome/77.0.3865.90 Safari/537.36',
  'connection' => 'keep-alive',
  'host' => 'bgn.zytest.com',
  'content-length' => '',
  'content-type' => '',
)
[ info ] [ PARAM ] array (
)
---------------------------------------------------------------
[2019-10-28T14:22:13+08:00] 127.0.0.1 GET bgn.zytest.com/layuiadmin/api.config.config.js
[运行时间：0.052938s] [吞吐率：18.89req/s] [内存消耗：1,678.75kb] [文件加载：66]
[ info ] [ LANG ] D:\wwwroot\buguniao\thinkphp\lang\zh-cn.php
[ info ] [ ROUTE ] array (
)
[ info ] [ HEADER ] array (
  'cookie' => 'PHPSESSID=b1uf5h26t1h8t69aicrotmnckm; skin=0; Hm_lvt_d214947968792b839fd669a4decaaffc=1571753026,1571972537,1572243618; Hm_lpvt_d214947968792b839fd669a4decaaffc=1572243620',
  'accept-language' => 'zh-CN,zh;q=0.9,en;q=0.8',
  'accept-encoding' => 'gzip, deflate',
  'referer' => 'http://bgn.zytest.com/layuiadmin/index/console.html',
  'accept' => '*/*',
  'user-agent' => 'Mozilla/5.0 (Windows NT 10.0; Win64; x64) AppleWebKit/537.36 (KHTML, like Gecko) Chrome/77.0.3865.90 Safari/537.36',
  'connection' => 'keep-alive',
  'host' => 'bgn.zytest.com',
  'content-length' => '',
  'content-type' => '',
)
[ info ] [ PARAM ] array (
)
---------------------------------------------------------------
[2019-10-28T14:23:59+08:00] 127.0.0.1 GET bgn.zytest.com/
[运行时间：2.226183s] [吞吐率：0.45req/s] [内存消耗：2,577.28kb] [文件加载：79]
[ info ] [ LANG ] D:\wwwroot\buguniao\thinkphp\lang\zh-cn.php
[ info ] [ LANG ] D:\wwwroot\buguniao\application\admin\\lang\zh-cn.php
[ info ] [ ROUTE ] array (
)
[ info ] [ HEADER ] array (
  'cookie' => 'PHPSESSID=b1uf5h26t1h8t69aicrotmnckm; skin=0; Hm_lvt_d214947968792b839fd669a4decaaffc=1571753026,1571972537,1572243618; Hm_lpvt_d214947968792b839fd669a4decaaffc=1572243733',
  'accept-language' => 'zh-CN,zh;q=0.9,en;q=0.8',
  'accept-encoding' => 'gzip, deflate',
  'referer' => 'http://bgn.zytest.com/',
  'accept' => 'text/html,application/xhtml+xml,application/xml;q=0.9,image/webp,image/apng,*/*;q=0.8,application/signed-exchange;v=b3',
  'user-agent' => 'Mozilla/5.0 (Windows NT 10.0; Win64; x64) AppleWebKit/537.36 (KHTML, like Gecko) Chrome/77.0.3865.90 Safari/537.36',
  'upgrade-insecure-requests' => '1',
  'cache-control' => 'max-age=0',
  'connection' => 'keep-alive',
  'host' => 'bgn.zytest.com',
  'content-length' => '',
  'content-type' => '',
)
[ info ] [ PARAM ] array (
)
[ info ] [ DB ] INIT mysql
[ info ] [ VIEW ] D:\wwwroot\buguniao\application\admin\view\index\index.html [ array (
  0 => 'menus',
) ]
[ sql ] [ DB ] CONNECT:[ UseTime:1.344887s ] mysql:host=3.115.122.30;port=3306;dbname=buguniao;charset=utf8
[ sql ] [ SQL ] SHOW COLUMNS FROM `auth_rule` [ RunTime:0.218129s ]
[ sql ] [ SQL ] SELECT * FROM `auth_rule` WHERE  ( menustatus=1 ) ORDER BY `sort` [ RunTime:0.549960s ]
---------------------------------------------------------------
[2019-10-28T14:23:59+08:00] 127.0.0.1 GET bgn.zytest.com/uploads/20180625/f266169c2956429d9aaea6cf6f1e51cb.jpg
[运行时间：0.091797s] [吞吐率：10.89req/s] [内存消耗：1,338.81kb] [文件加载：54]
[ info ] [ LANG ] D:\wwwroot\buguniao\thinkphp\lang\zh-cn.php
---------------------------------------------------------------
[2019-10-28T14:24:00+08:00] 127.0.0.1 GET bgn.zytest.com/admin/index/main.html
[运行时间：0.838235s] [吞吐率：1.19req/s] [内存消耗：2,506.40kb] [文件加载：76]
[ info ] [ LANG ] D:\wwwroot\buguniao\thinkphp\lang\zh-cn.php
[ info ] [ LANG ] D:\wwwroot\buguniao\application\admin\\lang\zh-cn.php
[ info ] [ ROUTE ] array (
)
[ info ] [ HEADER ] array (
  'cookie' => 'skin=0; PHPSESSID=b1uf5h26t1h8t69aicrotmnckm; skin=0; Hm_lvt_d214947968792b839fd669a4decaaffc=1571753026,1571972537,1572243618; Hm_lpvt_d214947968792b839fd669a4decaaffc=1572243733',
  'accept-language' => 'zh-CN,zh;q=0.9,en;q=0.8',
  'accept-encoding' => 'gzip, deflate',
  'referer' => 'http://bgn.zytest.com/',
  'accept' => 'text/html,application/xhtml+xml,application/xml;q=0.9,image/webp,image/apng,*/*;q=0.8,application/signed-exchange;v=b3',
  'user-agent' => 'Mozilla/5.0 (Windows NT 10.0; Win64; x64) AppleWebKit/537.36 (KHTML, like Gecko) Chrome/77.0.3865.90 Safari/537.36',
  'upgrade-insecure-requests' => '1',
  'connection' => 'keep-alive',
  'host' => 'bgn.zytest.com',
  'content-length' => '',
  'content-type' => '',
)
[ info ] [ PARAM ] array (
)
[ info ] [ DB ] INIT mysql
[ info ] [ VIEW ] D:\wwwroot\buguniao\application\admin\view\index\main.html [ array (
  0 => 'config',
) ]
[ sql ] [ DB ] CONNECT:[ UseTime:0.399975s ] mysql:host=3.115.122.30;port=3306;dbname=buguniao;charset=utf8
[ sql ] [ SQL ] SELECT VERSION() AS ver [ RunTime:0.263085s ]
---------------------------------------------------------------
[2019-10-28T14:24:02+08:00] 127.0.0.1 GET bgn.zytest.com/
[运行时间：0.055859s] [吞吐率：17.90req/s] [内存消耗：1,780.59kb] [文件加载：73]
[ info ] [ LANG ] D:\wwwroot\buguniao\thinkphp\lang\zh-cn.php
[ info ] [ LANG ] D:\wwwroot\buguniao\application\admin\\lang\zh-cn.php
[ info ] [ ROUTE ] array (
)
[ info ] [ HEADER ] array (
  'cookie' => 'PHPSESSID=b1uf5h26t1h8t69aicrotmnckm; skin=0; Hm_lvt_d214947968792b839fd669a4decaaffc=1571753026,1571972537,1572243618; Hm_lpvt_d214947968792b839fd669a4decaaffc=1572243733',
  'accept-language' => 'zh-CN,zh;q=0.9,en;q=0.8',
  'accept-encoding' => 'gzip, deflate',
  'referer' => 'http://bgn.zytest.com/',
  'accept' => 'text/html,application/xhtml+xml,application/xml;q=0.9,image/webp,image/apng,*/*;q=0.8,application/signed-exchange;v=b3',
  'user-agent' => 'Mozilla/5.0 (Windows NT 10.0; Win64; x64) AppleWebKit/537.36 (KHTML, like Gecko) Chrome/77.0.3865.90 Safari/537.36',
  'upgrade-insecure-requests' => '1',
  'cache-control' => 'max-age=0',
  'connection' => 'keep-alive',
  'host' => 'bgn.zytest.com',
  'content-length' => '',
  'content-type' => '',
)
[ info ] [ PARAM ] array (
)
[ info ] [ VIEW ] D:\wwwroot\buguniao\application\admin\view\index\index.html [ array (
  0 => 'menus',
) ]
---------------------------------------------------------------
[2019-10-28T14:24:03+08:00] 127.0.0.1 GET bgn.zytest.com/uploads/20180625/f266169c2956429d9aaea6cf6f1e51cb.jpg
[运行时间：0.103328s] [吞吐率：9.68req/s] [内存消耗：1,338.81kb] [文件加载：54]
[ info ] [ LANG ] D:\wwwroot\buguniao\thinkphp\lang\zh-cn.php
---------------------------------------------------------------
[2019-10-28T14:24:03+08:00] 127.0.0.1 GET bgn.zytest.com/admin/index/main.html
[运行时间：0.696508s] [吞吐率：1.44req/s] [内存消耗：2,506.40kb] [文件加载：76]
[ info ] [ LANG ] D:\wwwroot\buguniao\thinkphp\lang\zh-cn.php
[ info ] [ LANG ] D:\wwwroot\buguniao\application\admin\\lang\zh-cn.php
[ info ] [ ROUTE ] array (
)
[ info ] [ HEADER ] array (
  'cookie' => 'skin=0; PHPSESSID=b1uf5h26t1h8t69aicrotmnckm; skin=0; Hm_lvt_d214947968792b839fd669a4decaaffc=1571753026,1571972537,1572243618; Hm_lpvt_d214947968792b839fd669a4decaaffc=1572243733',
  'accept-language' => 'zh-CN,zh;q=0.9,en;q=0.8',
  'accept-encoding' => 'gzip, deflate',
  'referer' => 'http://bgn.zytest.com/',
  'accept' => 'text/html,application/xhtml+xml,application/xml;q=0.9,image/webp,image/apng,*/*;q=0.8,application/signed-exchange;v=b3',
  'user-agent' => 'Mozilla/5.0 (Windows NT 10.0; Win64; x64) AppleWebKit/537.36 (KHTML, like Gecko) Chrome/77.0.3865.90 Safari/537.36',
  'upgrade-insecure-requests' => '1',
  'connection' => 'keep-alive',
  'host' => 'bgn.zytest.com',
  'content-length' => '',
  'content-type' => '',
)
[ info ] [ PARAM ] array (
)
[ info ] [ DB ] INIT mysql
[ info ] [ VIEW ] D:\wwwroot\buguniao\application\admin\view\index\main.html [ array (
  0 => 'config',
) ]
[ sql ] [ DB ] CONNECT:[ UseTime:0.331456s ] mysql:host=3.115.122.30;port=3306;dbname=buguniao;charset=utf8
[ sql ] [ SQL ] SELECT VERSION() AS ver [ RunTime:0.236963s ]
---------------------------------------------------------------
[2019-10-28T14:24:05+08:00] 127.0.0.1 GET bgn.zytest.com/
[运行时间：0.056856s] [吞吐率：17.59req/s] [内存消耗：1,780.59kb] [文件加载：73]
[ info ] [ LANG ] D:\wwwroot\buguniao\thinkphp\lang\zh-cn.php
[ info ] [ LANG ] D:\wwwroot\buguniao\application\admin\\lang\zh-cn.php
[ info ] [ ROUTE ] array (
)
[ info ] [ HEADER ] array (
  'cookie' => 'PHPSESSID=b1uf5h26t1h8t69aicrotmnckm; skin=0; Hm_lvt_d214947968792b839fd669a4decaaffc=1571753026,1571972537,1572243618; Hm_lpvt_d214947968792b839fd669a4decaaffc=1572243733',
  'accept-language' => 'zh-CN,zh;q=0.9,en;q=0.8',
  'accept-encoding' => 'gzip, deflate',
  'referer' => 'http://bgn.zytest.com/',
  'accept' => 'text/html,application/xhtml+xml,application/xml;q=0.9,image/webp,image/apng,*/*;q=0.8,application/signed-exchange;v=b3',
  'user-agent' => 'Mozilla/5.0 (Windows NT 10.0; Win64; x64) AppleWebKit/537.36 (KHTML, like Gecko) Chrome/77.0.3865.90 Safari/537.36',
  'upgrade-insecure-requests' => '1',
  'cache-control' => 'max-age=0',
  'connection' => 'keep-alive',
  'host' => 'bgn.zytest.com',
  'content-length' => '',
  'content-type' => '',
)
[ info ] [ PARAM ] array (
)
[ info ] [ VIEW ] D:\wwwroot\buguniao\application\admin\view\index\index.html [ array (
  0 => 'menus',
) ]
---------------------------------------------------------------
[2019-10-28T14:24:06+08:00] 127.0.0.1 GET bgn.zytest.com/admin/index/main.html
[运行时间：1.090614s] [吞吐率：0.92req/s] [内存消耗：2,506.40kb] [文件加载：76]
[ info ] [ LANG ] D:\wwwroot\buguniao\thinkphp\lang\zh-cn.php
[ info ] [ LANG ] D:\wwwroot\buguniao\application\admin\\lang\zh-cn.php
[ info ] [ ROUTE ] array (
)
[ info ] [ HEADER ] array (
  'cookie' => 'skin=0; PHPSESSID=b1uf5h26t1h8t69aicrotmnckm; skin=0; Hm_lvt_d214947968792b839fd669a4decaaffc=1571753026,1571972537,1572243618; Hm_lpvt_d214947968792b839fd669a4decaaffc=1572243733',
  'accept-language' => 'zh-CN,zh;q=0.9,en;q=0.8',
  'accept-encoding' => 'gzip, deflate',
  'referer' => 'http://bgn.zytest.com/',
  'accept' => 'text/html,application/xhtml+xml,application/xml;q=0.9,image/webp,image/apng,*/*;q=0.8,application/signed-exchange;v=b3',
  'user-agent' => 'Mozilla/5.0 (Windows NT 10.0; Win64; x64) AppleWebKit/537.36 (KHTML, like Gecko) Chrome/77.0.3865.90 Safari/537.36',
  'upgrade-insecure-requests' => '1',
  'connection' => 'keep-alive',
  'host' => 'bgn.zytest.com',
  'content-length' => '',
  'content-type' => '',
)
[ info ] [ PARAM ] array (
)
[ info ] [ DB ] INIT mysql
[ info ] [ VIEW ] D:\wwwroot\buguniao\application\admin\view\index\main.html [ array (
  0 => 'config',
) ]
[ sql ] [ DB ] CONNECT:[ UseTime:0.716000s ] mysql:host=3.115.122.30;port=3306;dbname=buguniao;charset=utf8
[ sql ] [ SQL ] SELECT VERSION() AS ver [ RunTime:0.242635s ]
---------------------------------------------------------------
[2019-10-28T14:24:06+08:00] 127.0.0.1 GET bgn.zytest.com/uploads/20180625/f266169c2956429d9aaea6cf6f1e51cb.jpg
[运行时间：0.081617s] [吞吐率：12.25req/s] [内存消耗：1,338.81kb] [文件加载：54]
[ info ] [ LANG ] D:\wwwroot\buguniao\thinkphp\lang\zh-cn.php
---------------------------------------------------------------
[2019-10-28T16:47:30+08:00] 127.0.0.1 GET bgn.zytest.com/admin/parameter/exchangeList
[运行时间：0.176575s] [吞吐率：5.66req/s] [内存消耗：1,714.56kb] [文件加载：69]
[ info ] [ LANG ] D:\wwwroot\buguniao\thinkphp\lang\zh-cn.php
[ info ] [ LANG ] D:\wwwroot\buguniao\application\admin\\lang\zh-cn.php
[ info ] [ ROUTE ] array (
)
[ info ] [ HEADER ] array (
  'cookie' => 'skin=0; PHPSESSID=b1uf5h26t1h8t69aicrotmnckm; skin=0; Hm_lvt_d214947968792b839fd669a4decaaffc=1571753026,1571972537,1572243618; Hm_lpvt_d214947968792b839fd669a4decaaffc=1572243733',
  'accept-language' => 'zh-CN,zh;q=0.9,en;q=0.8',
  'accept-encoding' => 'gzip, deflate',
  'accept' => 'text/html,application/xhtml+xml,application/xml;q=0.9,image/webp,image/apng,*/*;q=0.8,application/signed-exchange;v=b3',
  'user-agent' => 'Mozilla/5.0 (Windows NT 10.0; Win64; x64) AppleWebKit/537.36 (KHTML, like Gecko) Chrome/77.0.3865.90 Safari/537.36',
  'upgrade-insecure-requests' => '1',
  'connection' => 'keep-alive',
  'host' => 'bgn.zytest.com',
  'content-length' => '',
  'content-type' => '',
)
[ info ] [ PARAM ] array (
)
[ info ] [ VIEW ] D:\wwwroot\buguniao\thinkphp\tpl/dispatch_jump.tpl [ array (
  0 => 'code',
  1 => 'msg',
  2 => 'data',
  3 => 'url',
  4 => 'wait',
) ]
---------------------------------------------------------------
[2019-10-28T16:48:23+08:00] 127.0.0.1 GET bgn.zytest.com/admin/parameter/exchangerateList
[运行时间：1.326992s] [吞吐率：0.75req/s] [内存消耗：2,792.95kb] [文件加载：82]
[ info ] [ LANG ] D:\wwwroot\buguniao\thinkphp\lang\zh-cn.php
[ info ] [ LANG ] D:\wwwroot\buguniao\application\admin\\lang\zh-cn.php
[ info ] [ ROUTE ] array (
)
[ info ] [ HEADER ] array (
  'cookie' => 'skin=0; PHPSESSID=b1uf5h26t1h8t69aicrotmnckm; skin=0; Hm_lvt_d214947968792b839fd669a4decaaffc=1571753026,1571972537,1572243618; Hm_lpvt_d214947968792b839fd669a4decaaffc=1572243733',
  'accept-language' => 'zh-CN,zh;q=0.9,en;q=0.8',
  'accept-encoding' => 'gzip, deflate',
  'accept' => 'text/html,application/xhtml+xml,application/xml;q=0.9,image/webp,image/apng,*/*;q=0.8,application/signed-exchange;v=b3',
  'user-agent' => 'Mozilla/5.0 (Windows NT 10.0; Win64; x64) AppleWebKit/537.36 (KHTML, like Gecko) Chrome/77.0.3865.90 Safari/537.36',
  'upgrade-insecure-requests' => '1',
  'connection' => 'keep-alive',
  'host' => 'bgn.zytest.com',
  'content-length' => '',
  'content-type' => '',
)
[ info ] [ PARAM ] array (
)
[ info ] [ DB ] INIT mysql
[ error ] [8]未定义变量: map[D:\wwwroot\buguniao\application\admin\controller\Parameter.php:15]
[ sql ] [ DB ] CONNECT:[ UseTime:0.359939s ] mysql:host=3.115.122.30;port=3306;dbname=buguniao;charset=utf8
[ sql ] [ SQL ] SHOW COLUMNS FROM `exchangerate` [ RunTime:0.265634s ]
[ sql ] [ SQL ] SELECT * FROM `exchangerate` [ RunTime:0.571273s ]
---------------------------------------------------------------
[2019-10-28T16:49:16+08:00] 127.0.0.1 GET bgn.zytest.com/admin/auth/adminrule.html
[运行时间：0.218248s] [吞吐率：4.58req/s] [内存消耗：1,969.95kb] [文件加载：77]
[ info ] [ LANG ] D:\wwwroot\buguniao\thinkphp\lang\zh-cn.php
[ info ] [ LANG ] D:\wwwroot\buguniao\application\admin\\lang\zh-cn.php
[ info ] [ ROUTE ] array (
)
[ info ] [ HEADER ] array (
  'cookie' => 'PHPSESSID=b1uf5h26t1h8t69aicrotmnckm; skin=0; Hm_lvt_d214947968792b839fd669a4decaaffc=1571753026,1571972537,1572243618; Hm_lpvt_d214947968792b839fd669a4decaaffc=1572243733',
  'accept-language' => 'zh-CN,zh;q=0.9,en;q=0.8',
  'accept-encoding' => 'gzip, deflate',
  'referer' => 'http://bgn.zytest.com/',
  'accept' => 'text/html,application/xhtml+xml,application/xml;q=0.9,image/webp,image/apng,*/*;q=0.8,application/signed-exchange;v=b3',
  'user-agent' => 'Mozilla/5.0 (Windows NT 10.0; Win64; x64) AppleWebKit/537.36 (KHTML, like Gecko) Chrome/77.0.3865.90 Safari/537.36',
  'upgrade-insecure-requests' => '1',
  'connection' => 'keep-alive',
  'host' => 'bgn.zytest.com',
  'content-length' => '',
  'content-type' => '',
)
[ info ] [ PARAM ] array (
)
[ info ] [ VIEW ] D:\wwwroot\buguniao\application\admin\view\auth\admin_rule.html [ array (
) ]
---------------------------------------------------------------
[2019-10-28T16:49:17+08:00] 127.0.0.1 POST bgn.zytest.com/admin/auth/adminrule.html
[运行时间：1.142392s] [吞吐率：0.88req/s] [内存消耗：2,565.90kb] [文件加载：74]
[ info ] [ LANG ] D:\wwwroot\buguniao\thinkphp\lang\zh-cn.php
[ info ] [ LANG ] D:\wwwroot\buguniao\application\admin\\lang\zh-cn.php
[ info ] [ ROUTE ] array (
)
[ info ] [ HEADER ] array (
  'cookie' => 'skin=0; PHPSESSID=b1uf5h26t1h8t69aicrotmnckm; skin=0; Hm_lvt_d214947968792b839fd669a4decaaffc=1571753026,1571972537,1572243618; Hm_lpvt_d214947968792b839fd669a4decaaffc=1572243733',
  'accept-language' => 'zh-CN,zh;q=0.9,en;q=0.8',
  'accept-encoding' => 'gzip, deflate',
  'referer' => 'http://bgn.zytest.com/admin/auth/adminrule.html',
  'content-type' => 'application/x-www-form-urlencoded; charset=UTF-8',
  'user-agent' => 'Mozilla/5.0 (Windows NT 10.0; Win64; x64) AppleWebKit/537.36 (KHTML, like Gecko) Chrome/77.0.3865.90 Safari/537.36',
  'x-requested-with' => 'XMLHttpRequest',
  'origin' => 'http://bgn.zytest.com',
  'accept' => 'application/json, text/javascript, */*; q=0.01',
  'content-length' => '15',
  'connection' => 'keep-alive',
  'host' => 'bgn.zytest.com',
)
[ info ] [ PARAM ] array (
  'page' => '1',
  'limit' => '10',
)
[ info ] [ DB ] INIT mysql
[ sql ] [ DB ] CONNECT:[ UseTime:0.425203s ] mysql:host=3.115.122.30;port=3306;dbname=buguniao;charset=utf8
[ sql ] [ SQL ] SHOW COLUMNS FROM `auth_rule` [ RunTime:0.260119s ]
[ sql ] [ SQL ] SELECT * FROM `auth_rule` ORDER BY `pid` ASC,`sort` ASC [ RunTime:0.325003s ]
---------------------------------------------------------------
[2019-10-28T16:49:26+08:00] 127.0.0.1 GET bgn.zytest.com/admin/auth/ruleedit.html?id=283
[运行时间：1.053485s] [吞吐率：0.95req/s] [内存消耗：2,842.20kb] [文件加载：85]
[ info ] [ LANG ] D:\wwwroot\buguniao\thinkphp\lang\zh-cn.php
[ info ] [ LANG ] D:\wwwroot\buguniao\application\admin\\lang\zh-cn.php
[ info ] [ ROUTE ] array (
)
[ info ] [ HEADER ] array (
  'cookie' => 'skin=0; PHPSESSID=b1uf5h26t1h8t69aicrotmnckm; skin=0; Hm_lvt_d214947968792b839fd669a4decaaffc=1571753026,1571972537,1572243618; Hm_lpvt_d214947968792b839fd669a4decaaffc=1572243733',
  'accept-language' => 'zh-CN,zh;q=0.9,en;q=0.8',
  'accept-encoding' => 'gzip, deflate',
  'referer' => 'http://bgn.zytest.com/admin/auth/adminrule.html',
  'accept' => 'text/html,application/xhtml+xml,application/xml;q=0.9,image/webp,image/apng,*/*;q=0.8,application/signed-exchange;v=b3',
  'user-agent' => 'Mozilla/5.0 (Windows NT 10.0; Win64; x64) AppleWebKit/537.36 (KHTML, like Gecko) Chrome/77.0.3865.90 Safari/537.36',
  'upgrade-insecure-requests' => '1',
  'connection' => 'keep-alive',
  'host' => 'bgn.zytest.com',
  'content-length' => '',
  'content-type' => '',
)
[ info ] [ PARAM ] array (
  'id' => '283',
)
[ info ] [ DB ] INIT mysql
[ info ] [ VIEW ] D:\wwwroot\buguniao\application\admin\view\auth\rule_edit.html [ array (
  0 => 'rule',
) ]
[ sql ] [ DB ] CONNECT:[ UseTime:0.353526s ] mysql:host=3.115.122.30;port=3306;dbname=buguniao;charset=utf8
[ sql ] [ SQL ] SHOW COLUMNS FROM `auth_rule` [ RunTime:0.264539s ]
[ sql ] [ SQL ] SELECT `id`,`href`,`title`,`icon`,`sort`,`menustatus` FROM `auth_rule` WHERE  `id` = 283 LIMIT 1 [ RunTime:0.244969s ]
---------------------------------------------------------------
[2019-10-28T16:49:46+08:00] 127.0.0.1 GET bgn.zytest.com/admin/parameter/exchangeratelist.html
[运行时间：0.106421s] [吞吐率：9.40req/s] [内存消耗：1,776.45kb] [文件加载：72]
[ info ] [ LANG ] D:\wwwroot\buguniao\thinkphp\lang\zh-cn.php
[ info ] [ LANG ] D:\wwwroot\buguniao\application\admin\\lang\zh-cn.php
[ info ] [ ROUTE ] array (
)
[ info ] [ HEADER ] array (
  'cookie' => 'skin=0; PHPSESSID=b1uf5h26t1h8t69aicrotmnckm; skin=0; Hm_lvt_d214947968792b839fd669a4decaaffc=1571753026,1571972537,1572243618; Hm_lpvt_d214947968792b839fd669a4decaaffc=1572243733',
  'accept-language' => 'zh-CN,zh;q=0.9,en;q=0.8',
  'accept-encoding' => 'gzip, deflate',
  'referer' => 'http://bgn.zytest.com/',
  'accept' => 'text/html,application/xhtml+xml,application/xml;q=0.9,image/webp,image/apng,*/*;q=0.8,application/signed-exchange;v=b3',
  'user-agent' => 'Mozilla/5.0 (Windows NT 10.0; Win64; x64) AppleWebKit/537.36 (KHTML, like Gecko) Chrome/77.0.3865.90 Safari/537.36',
  'upgrade-insecure-requests' => '1',
  'connection' => 'keep-alive',
  'host' => 'bgn.zytest.com',
  'content-length' => '',
  'content-type' => '',
)
[ info ] [ PARAM ] array (
)
[ info ] [ VIEW ] D:\wwwroot\buguniao\application\admin\view\parameter\exchangerate_list.html [ array (
) ]
---------------------------------------------------------------
[2019-10-28T16:49:47+08:00] 127.0.0.1 POST bgn.zytest.com/admin/parameter/exchangerare.html
[运行时间：0.072838s] [吞吐率：13.73req/s] [内存消耗：1,712.00kb] [文件加载：68]
[ info ] [ LANG ] D:\wwwroot\buguniao\thinkphp\lang\zh-cn.php
[ info ] [ LANG ] D:\wwwroot\buguniao\application\admin\\lang\zh-cn.php
[ info ] [ ROUTE ] array (
)
[ info ] [ HEADER ] array (
  'cookie' => 'skin=0; PHPSESSID=b1uf5h26t1h8t69aicrotmnckm; skin=0; Hm_lvt_d214947968792b839fd669a4decaaffc=1571753026,1571972537,1572243618; Hm_lpvt_d214947968792b839fd669a4decaaffc=1572243733',
  'accept-language' => 'zh-CN,zh;q=0.9,en;q=0.8',
  'accept-encoding' => 'gzip, deflate',
  'referer' => 'http://bgn.zytest.com/admin/parameter/exchangeratelist.html',
  'content-type' => 'application/x-www-form-urlencoded; charset=UTF-8',
  'user-agent' => 'Mozilla/5.0 (Windows NT 10.0; Win64; x64) AppleWebKit/537.36 (KHTML, like Gecko) Chrome/77.0.3865.90 Safari/537.36',
  'x-requested-with' => 'XMLHttpRequest',
  'origin' => 'http://bgn.zytest.com',
  'accept' => 'application/json, text/javascript, */*; q=0.01',
  'content-length' => '15',
  'connection' => 'keep-alive',
  'host' => 'bgn.zytest.com',
)
[ info ] [ PARAM ] array (
  'page' => '1',
  'limit' => '10',
)
---------------------------------------------------------------
[2019-10-28T17:10:33+08:00] 127.0.0.1 GET bgn.zytest.com/admin/parameter/exchangerateList
[运行时间：0.974932s] [吞吐率：1.03req/s] [内存消耗：2,795.19kb] [文件加载：82]
[ info ] [ LANG ] D:\wwwroot\buguniao\thinkphp\lang\zh-cn.php
[ info ] [ LANG ] D:\wwwroot\buguniao\application\admin\\lang\zh-cn.php
[ info ] [ ROUTE ] array (
)
[ info ] [ HEADER ] array (
  'cookie' => 'skin=0; PHPSESSID=b1uf5h26t1h8t69aicrotmnckm; skin=0; Hm_lvt_d214947968792b839fd669a4decaaffc=1571753026,1571972537,1572243618; Hm_lpvt_d214947968792b839fd669a4decaaffc=1572243733',
  'accept-language' => 'zh-CN,zh;q=0.9,en;q=0.8',
  'accept-encoding' => 'gzip, deflate',
  'accept' => 'text/html,application/xhtml+xml,application/xml;q=0.9,image/webp,image/apng,*/*;q=0.8,application/signed-exchange;v=b3',
  'user-agent' => 'Mozilla/5.0 (Windows NT 10.0; Win64; x64) AppleWebKit/537.36 (KHTML, like Gecko) Chrome/77.0.3865.90 Safari/537.36',
  'upgrade-insecure-requests' => '1',
  'cache-control' => 'max-age=0',
  'connection' => 'keep-alive',
  'host' => 'bgn.zytest.com',
  'content-length' => '',
  'content-type' => '',
)
[ info ] [ PARAM ] array (
)
[ info ] [ DB ] INIT mysql
[ error ] [8]未定义变量: map[D:\wwwroot\buguniao\application\admin\controller\Parameter.php:17]
[ sql ] [ DB ] CONNECT:[ UseTime:0.396124s ] mysql:host=3.115.122.30;port=3306;dbname=buguniao;charset=utf8
[ sql ] [ SQL ] SHOW COLUMNS FROM `exchangerate` [ RunTime:0.228133s ]
[ sql ] [ SQL ] SELECT `a`.*,`b`.`username` FROM `exchangerate` `a` LEFT JOIN `admin` `b` ON `b`.`admin_id`=`a`.`add_user` [ RunTime:0.270077s ]
