---------------------------------------------------------------
[2020-12-05T05:23:38+08:00] 81.68.171.197 POST pingshen.hbhb.vip/api/users/wxlogin
[运行时间：0.448869s] [吞吐率：2.23req/s] [内存消耗：3,775.75kb] [文件加载：90]
[ info ] [ LANG ] /www/wwwroot/pingshen/thinkphp/lang/zh-cn.php
[ info ] [ ROUTE ] array (
)
[ info ] [ HEADER ] array (
  'x-wx-cascade-timeout' => '10000',
  'content-type' => 'application/json',
  'user-agent' => 'Mozilla/5.0 (iPhone; CPU iPhone OS 11_0 like Mac OS X) AppleWebKit/604.1.38 (KHTML, like Gecko) Version/11.0 Mobile/15A372 Safari/604.1 MicroMessenger/6.5 mpcrawler',
  'referer' => 'https://servicewechat.com/wx700e406bf204d191/1/page-frame.html',
  'host' => 'pingshen.hbhb.vip',
  'content-length' => '43',
  'connection' => 'keep-alive',
  'accept-language' => 'en-US',
  'accept-encoding' => 'gzip, deflate',
  'accept' => '*/*',
)
[ info ] [ PARAM ] array (
  'code' => '061xm2000CBgLK1nNZ200LFHe54xm207',
)
[ info ] [ DB ] INIT mysql
[ error ] [8]未定义数组索引: openid[/www/wwwroot/pingshen/application/api/controller/Base.php:33]
[ error ] [8]未定义数组索引: errcode[/www/wwwroot/pingshen/application/api/controller/Users.php:28]
[ error ] [8]未定义数组索引: errcode[/www/wwwroot/pingshen/application/api/controller/Users.php:28]
[ sql ] [ DB ] CONNECT:[ UseTime:0.009979s ] mysql:host=47.97.169.58;port=3306;dbname=pingshen;charset=utf8
[ sql ] [ SQL ] SHOW COLUMNS FROM `weixin_user` [ RunTime:0.020648s ]
[ sql ] [ SQL ] SELECT * FROM `weixin_user` WHERE  `openid` = 'oqBTY5fAW3w9mEBg9fEh9rXKLI5k' LIMIT 1 [ RunTime:0.040607s ]
---------------------------------------------------------------
[2020-12-05T05:23:38+08:00] 175.24.68.22 POST pingshen.hbhb.vip/api/users/reg
[运行时间：0.231279s] [吞吐率：4.32req/s] [内存消耗：3,555.39kb] [文件加载：94]
[ info ] [ LANG ] /www/wwwroot/pingshen/thinkphp/lang/zh-cn.php
[ info ] [ ROUTE ] array (
)
[ info ] [ HEADER ] array (
  'x-wx-cascade-timeout' => '10000',
  'content-type' => 'application/json',
  'user-agent' => 'Mozilla/5.0 (iPhone; CPU iPhone OS 11_0 like Mac OS X) AppleWebKit/604.1.38 (KHTML, like Gecko) Version/11.0 Mobile/15A372 Safari/604.1 MicroMessenger/6.5 mpcrawler',
  'referer' => 'https://servicewechat.com/wx700e406bf204d191/1/page-frame.html',
  'host' => 'pingshen.hbhb.vip',
  'content-length' => '227',
  'connection' => 'keep-alive',
  'accept-language' => 'en-US',
  'accept-encoding' => 'gzip, deflate',
  'accept' => '*/*',
)
[ info ] [ PARAM ] array (
  'nickName' => '陈伟义',
  'gender' => '0',
  'language' => 'zh_CN',
  'city' => '',
  'province' => '',
  'country' => '',
  'avatarUrl' => 'https://thirdwx.qlogo.cn/mmhead/2o2iaPuTO3TvhHrIgV92xnMRkrG6sb6qHBBeic8ImAYXo/132',
  'openid' => 'oqBTY5fAW3w9mEBg9fEh9rXKLI5k',
)
[ info ] [ DB ] INIT mysql
[ error ] [8]未定义数组索引: nickname[/www/wwwroot/pingshen/application/api/controller/Users.php:49]
[ error ] [8]未定义数组索引: avatarurl[/www/wwwroot/pingshen/application/api/controller/Users.php:50]
[ error ] [8]未定义数组索引: u[/www/wwwroot/pingshen/application/api/controller/Users.php:72]
[ error ] [8192]Non-static method app\api\model\Token::create_unique() should not be called statically[/www/wwwroot/pingshen/application/api/model/Token.php:37]
[ sql ] [ DB ] CONNECT:[ UseTime:0.009067s ] mysql:host=47.97.169.58;port=3306;dbname=pingshen;charset=utf8
[ sql ] [ SQL ] SHOW COLUMNS FROM `weixin_user` [ RunTime:0.007548s ]
[ sql ] [ SQL ] SELECT * FROM `weixin_user` WHERE  `openid` = 'oqBTY5fAW3w9mEBg9fEh9rXKLI5k' LIMIT 1 [ RunTime:0.006149s ]
[ sql ] [ SQL ] INSERT INTO `weixin_user` (`gender` , `language` , `city` , `province` , `country` , `openid` , `nickname` , `avatarurl`) VALUES ('0' , 'zh_CN' , '' , '' , '' , 'oqBTY5fAW3w9mEBg9fEh9rXKLI5k' , '陈伟义' , 'https://thirdwx.qlogo.cn/mmhead/2o2iaPuTO3TvhHrIgV92xnMRkrG6sb6qHBBeic8ImAYXo/132') [ RunTime:0.006121s ]
[ sql ] [ SQL ] SELECT * FROM `weixin_user` WHERE  `openid` = 'oqBTY5fAW3w9mEBg9fEh9rXKLI5k' LIMIT 1 [ RunTime:0.006165s ]
[ sql ] [ SQL ] SHOW COLUMNS FROM `users` [ RunTime:0.047353s ]
[ sql ] [ SQL ] SELECT * FROM `users` WHERE  `openid` = 'oqBTY5fAW3w9mEBg9fEh9rXKLI5k' ORDER BY `id` DESC LIMIT 1 [ RunTime:0.010386s ]
[ sql ] [ SQL ] INSERT INTO `users` (`city` , `province` , `country` , `openid` , `nickname` , `headimg` , `sex` , `parent_id`) VALUES ('' , '' , '' , 'oqBTY5fAW3w9mEBg9fEh9rXKLI5k' , '陈伟义' , 'https://thirdwx.qlogo.cn/mmhead/2o2iaPuTO3TvhHrIgV92xnMRkrG6sb6qHBBeic8ImAYXo/132' , 0 , 0) [ RunTime:0.007402s ]
[ sql ] [ SQL ] UPDATE `weixin_user`  SET `userid` = 66  WHERE  `openid` = 'oqBTY5fAW3w9mEBg9fEh9rXKLI5k' [ RunTime:0.006373s ]
[ sql ] [ SQL ] UPDATE `users`  SET `sex` = 0 , `country` = '' , `province` = '' , `city` = ''  WHERE  `id` = 66 [ RunTime:0.007360s ]
[ sql ] [ SQL ] SELECT * FROM `users` WHERE  `id` = 66 LIMIT 1 [ RunTime:0.006335s ]
---------------------------------------------------------------
[2020-12-05T06:41:36+08:00] 47.101.45.14 GET pingshen.hbhb.vip/
[运行时间：0.052451s] [吞吐率：19.07req/s] [内存消耗：2,225.12kb] [文件加载：75]
[ info ] [ LANG ] /www/wwwroot/pingshen/thinkphp/lang/zh-cn.php
[ info ] [ LANG ] /www/wwwroot/pingshen/application/admin//lang/zh-cn.php
[ info ] [ ROUTE ] array (
)
[ info ] [ HEADER ] array (
  'accept-encoding' => 'gzip',
  'connection' => 'Keep-Alive',
  'host' => 'pingshen.hbhb.vip',
  'user-agent' => 'Mozilla/5.0 chrome(windows nt/Windows NT;)Chrome',
  'content-type' => '',
  'content-length' => '',
)
[ info ] [ PARAM ] array (
)
---------------------------------------------------------------
[2020-12-05T06:41:36+08:00] 47.101.45.14 GET pingshen.hbhb.vip/admin/login/index.html
[运行时间：0.043645s] [吞吐率：22.91req/s] [内存消耗：2,210.23kb] [文件加载：77]
[ info ] [ LANG ] /www/wwwroot/pingshen/thinkphp/lang/zh-cn.php
[ info ] [ LANG ] /www/wwwroot/pingshen/application/admin//lang/zh-cn.php
[ info ] [ ROUTE ] array (
)
[ info ] [ HEADER ] array (
  'accept-encoding' => 'gzip',
  'connection' => 'Keep-Alive',
  'host' => 'pingshen.hbhb.vip',
  'user-agent' => 'Mozilla/5.0 chrome(windows nt/Windows NT;)Chrome',
  'content-type' => '',
  'content-length' => '',
)
[ info ] [ PARAM ] array (
)
[ info ] [ VIEW ] /www/wwwroot/pingshen/application/admin/view/login/index.html [ array (
) ]
[ error ] [8]未定义变量: system[/www/wwwroot/pingshen/runtime/temp/b8b184884121afc82a66e9b20efb8822.php:37]
---------------------------------------------------------------
[2020-12-05T06:41:38+08:00] 47.101.45.14 GET pingshen.hbhb.vip/admin/index/index.html
[运行时间：0.050369s] [吞吐率：19.85req/s] [内存消耗：2,225.32kb] [文件加载：75]
[ info ] [ LANG ] /www/wwwroot/pingshen/thinkphp/lang/zh-cn.php
[ info ] [ LANG ] /www/wwwroot/pingshen/application/admin//lang/zh-cn.php
[ info ] [ ROUTE ] array (
)
[ info ] [ HEADER ] array (
  'accept-encoding' => 'gzip',
  'connection' => 'Keep-Alive',
  'host' => 'pingshen.hbhb.vip',
  'user-agent' => 'Mozilla/5.0 chrome(windows nt/Windows NT;)Chrome',
  'content-type' => '',
  'content-length' => '',
)
[ info ] [ PARAM ] array (
)
---------------------------------------------------------------
[2020-12-05T06:41:39+08:00] 47.101.45.14 GET pingshen.hbhb.vip/admin/login/index.html
[运行时间：0.061141s] [吞吐率：16.36req/s] [内存消耗：2,210.23kb] [文件加载：77]
[ info ] [ LANG ] /www/wwwroot/pingshen/thinkphp/lang/zh-cn.php
[ info ] [ LANG ] /www/wwwroot/pingshen/application/admin//lang/zh-cn.php
[ info ] [ ROUTE ] array (
)
[ info ] [ HEADER ] array (
  'accept-encoding' => 'gzip',
  'connection' => 'Keep-Alive',
  'host' => 'pingshen.hbhb.vip',
  'user-agent' => 'Mozilla/5.0 chrome(windows nt/Windows NT;)Chrome',
  'content-type' => '',
  'content-length' => '',
)
[ info ] [ PARAM ] array (
)
[ info ] [ VIEW ] /www/wwwroot/pingshen/application/admin/view/login/index.html [ array (
) ]
[ error ] [8]未定义变量: system[/www/wwwroot/pingshen/runtime/temp/b8b184884121afc82a66e9b20efb8822.php:37]
