---------------------------------------------------------------
[2020-12-16T02:52:32+08:00] 101.133.138.3 GET pingshen.hbhb.vip/
[运行时间：0.021981s] [吞吐率：45.49req/s] [内存消耗：2,225.81kb] [文件加载：75]
[ info ] [ LANG ] /www/wwwroot/pingshen/thinkphp/lang/zh-cn.php
[ info ] [ LANG ] /www/wwwroot/pingshen/application/admin//lang/zh-cn.php
[ info ] [ ROUTE ] array (
)
[ info ] [ HEADER ] array (
  'accept-language' => 'zh-CN,zh;q=0.8',
  'connection' => 'keep-alive',
  'accept' => 'text/html,application/xhtml+xml,application/xml;q=0.9,image/webp,image/apng,*/*;q=0.8',
  'accept-encoding' => 'gzip, deflate',
  'user-agent' => 'Mozilla/5.0 (Windows NT 10.0; Win64; x64) AppleWebKit/537.36 (KHTML, like Gecko) Chrome/59.0.3071.115 Safari/537.36',
  'host' => 'pingshen.hbhb.vip',
  'content-type' => '',
  'content-length' => '',
)
[ info ] [ PARAM ] array (
)
---------------------------------------------------------------
[2020-12-16T02:52:32+08:00] 101.133.138.3 GET pingshen.hbhb.vip/admin/login/index.html
[运行时间：0.021489s] [吞吐率：46.54req/s] [内存消耗：2,211.40kb] [文件加载：77]
[ info ] [ LANG ] /www/wwwroot/pingshen/thinkphp/lang/zh-cn.php
[ info ] [ LANG ] /www/wwwroot/pingshen/application/admin//lang/zh-cn.php
[ info ] [ ROUTE ] array (
)
[ info ] [ HEADER ] array (
  'cookie' => 'PHPSESSID=bdsdebvh58k9j0s80cp5mndaj6',
  'accept-language' => 'zh-CN,zh;q=0.8',
  'connection' => 'keep-alive',
  'accept' => 'text/html,application/xhtml+xml,application/xml;q=0.9,image/webp,image/apng,*/*;q=0.8',
  'accept-encoding' => 'gzip, deflate',
  'user-agent' => 'Mozilla/5.0 (Windows NT 10.0; Win64; x64) AppleWebKit/537.36 (KHTML, like Gecko) Chrome/59.0.3071.115 Safari/537.36',
  'host' => 'pingshen.hbhb.vip',
  'content-type' => '',
  'content-length' => '',
)
[ info ] [ PARAM ] array (
)
[ info ] [ VIEW ] /www/wwwroot/pingshen/application/admin/view/login/index.html [ array (
) ]
[ error ] [8]未定义变量: system[/www/wwwroot/pingshen/runtime/temp/b8b184884121afc82a66e9b20efb8822.php:37]
---------------------------------------------------------------
[2020-12-16T02:52:32+08:00] 101.133.138.3 GET pingshen.hbhb.vip/explicit_not_exist_path
[运行时间：0.031197s] [吞吐率：32.05req/s] [内存消耗：2,118.08kb] [文件加载：69]
[ info ] [ LANG ] /www/wwwroot/pingshen/thinkphp/lang/zh-cn.php
[ info ] [ ROUTE ] array (
)
[ info ] [ HEADER ] array (
  'cookie' => 'PHPSESSID=bdsdebvh58k9j0s80cp5mndaj6',
  'accept-language' => 'zh-CN,zh;q=0.8',
  'connection' => 'keep-alive',
  'accept' => 'text/html,application/xhtml+xml,application/xml;q=0.9,image/webp,image/apng,*/*;q=0.8',
  'accept-encoding' => 'gzip, deflate',
  'user-agent' => 'Mozilla/5.0 (Windows NT 10.0; Win64; x64) AppleWebKit/537.36 (KHTML, like Gecko) Chrome/59.0.3071.115 Safari/537.36',
  'host' => 'pingshen.hbhb.vip',
  'content-type' => '',
  'content-length' => '',
)
[ info ] [ PARAM ] array (
)
---------------------------------------------------------------
[2020-12-16T02:52:33+08:00] 101.133.138.3 GET pingshen.hbhb.vip/admin/
[运行时间：0.019923s] [吞吐率：50.19req/s] [内存消耗：2,123.87kb] [文件加载：71]
[ info ] [ LANG ] /www/wwwroot/pingshen/thinkphp/lang/zh-cn.php
[ info ] [ LANG ] /www/wwwroot/pingshen/application/admin//lang/zh-cn.php
[ info ] [ ROUTE ] array (
)
[ info ] [ HEADER ] array (
  'cookie' => 'PHPSESSID=bdsdebvh58k9j0s80cp5mndaj6',
  'accept-language' => 'zh-CN,zh;q=0.8',
  'connection' => 'keep-alive',
  'accept' => 'text/html,application/xhtml+xml,application/xml;q=0.9,image/webp,image/apng,*/*;q=0.8',
  'accept-encoding' => 'gzip, deflate',
  'user-agent' => 'Mozilla/5.0 (Windows NT 10.0; Win64; x64) AppleWebKit/537.36 (KHTML, like Gecko) Chrome/59.0.3071.115 Safari/537.36',
  'host' => 'pingshen.hbhb.vip',
  'content-type' => '',
  'content-length' => '',
)
[ info ] [ PARAM ] array (
)
---------------------------------------------------------------
[2020-12-16T02:52:33+08:00] 101.133.138.3 GET pingshen.hbhb.vip/login/img/product_logo.png
[运行时间：0.019890s] [吞吐率：50.28req/s] [内存消耗：2,118.20kb] [文件加载：69]
[ info ] [ LANG ] /www/wwwroot/pingshen/thinkphp/lang/zh-cn.php
[ info ] [ ROUTE ] array (
)
[ info ] [ HEADER ] array (
  'cookie' => 'PHPSESSID=bdsdebvh58k9j0s80cp5mndaj6',
  'accept-language' => 'zh-CN,zh;q=0.8',
  'connection' => 'keep-alive',
  'accept' => 'text/html,application/xhtml+xml,application/xml;q=0.9,image/webp,image/apng,*/*;q=0.8',
  'accept-encoding' => 'gzip, deflate',
  'user-agent' => 'Mozilla/5.0 (Windows NT 10.0; Win64; x64) AppleWebKit/537.36 (KHTML, like Gecko) Chrome/59.0.3071.115 Safari/537.36',
  'host' => 'pingshen.hbhb.vip',
  'content-type' => '',
  'content-length' => '',
)
[ info ] [ PARAM ] array (
)
---------------------------------------------------------------
[2020-12-16T02:52:33+08:00] 101.133.138.3 GET pingshen.hbhb.vip/index.php/explicit_not_exist_path
[运行时间：0.019836s] [吞吐率：50.41req/s] [内存消耗：2,118.23kb] [文件加载：69]
[ info ] [ LANG ] /www/wwwroot/pingshen/thinkphp/lang/zh-cn.php
[ info ] [ ROUTE ] array (
)
[ info ] [ HEADER ] array (
  'cookie' => 'PHPSESSID=bdsdebvh58k9j0s80cp5mndaj6',
  'accept-language' => 'zh-CN,zh;q=0.8',
  'connection' => 'keep-alive',
  'accept' => 'text/html,application/xhtml+xml,application/xml;q=0.9,image/webp,image/apng,*/*;q=0.8',
  'accept-encoding' => 'gzip, deflate',
  'user-agent' => 'Mozilla/5.0 (Windows NT 10.0; Win64; x64) AppleWebKit/537.36 (KHTML, like Gecko) Chrome/59.0.3071.115 Safari/537.36',
  'host' => 'pingshen.hbhb.vip',
  'content-type' => '',
  'content-length' => '',
)
[ info ] [ PARAM ] array (
)
---------------------------------------------------------------
[2020-12-16T02:52:33+08:00] 101.133.138.3 GET pingshen.hbhb.vip/static/.gitignore
[运行时间：0.014898s] [吞吐率：67.12req/s] [内存消耗：1,661.89kb] [文件加载：57]
[ info ] [ LANG ] /www/wwwroot/pingshen/thinkphp/lang/zh-cn.php
---------------------------------------------------------------
[2020-12-16T02:52:33+08:00] 101.133.138.3 GET pingshen.hbhb.vip/4e5e5d7364f443e28fbf0d3ae744a59a
[运行时间：0.019186s] [吞吐率：52.12req/s] [内存消耗：2,118.09kb] [文件加载：69]
[ info ] [ LANG ] /www/wwwroot/pingshen/thinkphp/lang/zh-cn.php
[ info ] [ ROUTE ] array (
)
[ info ] [ HEADER ] array (
  'cookie' => 'PHPSESSID=bdsdebvh58k9j0s80cp5mndaj6',
  'accept-language' => 'zh-CN,zh;q=0.8',
  'connection' => 'keep-alive',
  'accept' => 'text/html,application/xhtml+xml,application/xml;q=0.9,image/webp,image/apng,*/*;q=0.8',
  'accept-encoding' => 'gzip, deflate',
  'user-agent' => 'Mozilla/5.0 (Windows NT 10.0; Win64; x64) AppleWebKit/537.36 (KHTML, like Gecko) Chrome/59.0.3071.115 Safari/537.36',
  'host' => 'pingshen.hbhb.vip',
  'content-type' => '',
  'content-length' => '',
)
[ info ] [ PARAM ] array (
)
---------------------------------------------------------------
[2020-12-16T02:52:33+08:00] 101.133.138.3 GET pingshen.hbhb.vip/?c=4e5e5d7364f443e28fbf0d3ae744a59a
[运行时间：0.020119s] [吞吐率：49.70req/s] [内存消耗：2,227.14kb] [文件加载：75]
[ info ] [ LANG ] /www/wwwroot/pingshen/thinkphp/lang/zh-cn.php
[ info ] [ LANG ] /www/wwwroot/pingshen/application/admin//lang/zh-cn.php
[ info ] [ ROUTE ] array (
)
[ info ] [ HEADER ] array (
  'cookie' => 'PHPSESSID=bdsdebvh58k9j0s80cp5mndaj6',
  'accept-language' => 'zh-CN,zh;q=0.8',
  'connection' => 'keep-alive',
  'accept' => 'text/html,application/xhtml+xml,application/xml;q=0.9,image/webp,image/apng,*/*;q=0.8',
  'accept-encoding' => 'gzip, deflate',
  'user-agent' => 'Mozilla/5.0 (Windows NT 10.0; Win64; x64) AppleWebKit/537.36 (KHTML, like Gecko) Chrome/59.0.3071.115 Safari/537.36',
  'host' => 'pingshen.hbhb.vip',
  'content-type' => '',
  'content-length' => '',
)
[ info ] [ PARAM ] array (
  'c' => '4e5e5d7364f443e28fbf0d3ae744a59a',
)
---------------------------------------------------------------
[2020-12-16T02:52:33+08:00] 101.133.138.3 GET pingshen.hbhb.vip/images/ofbiz.ico
[运行时间：0.019495s] [吞吐率：51.30req/s] [内存消耗：2,118.16kb] [文件加载：69]
[ info ] [ LANG ] /www/wwwroot/pingshen/thinkphp/lang/zh-cn.php
[ info ] [ ROUTE ] array (
)
[ info ] [ HEADER ] array (
  'cookie' => 'PHPSESSID=bdsdebvh58k9j0s80cp5mndaj6',
  'accept-language' => 'zh-CN,zh;q=0.8',
  'connection' => 'keep-alive',
  'accept' => 'text/html,application/xhtml+xml,application/xml;q=0.9,image/webp,image/apng,*/*;q=0.8',
  'accept-encoding' => 'gzip, deflate',
  'user-agent' => 'Mozilla/5.0 (Windows NT 10.0; Win64; x64) AppleWebKit/537.36 (KHTML, like Gecko) Chrome/59.0.3071.115 Safari/537.36',
  'host' => 'pingshen.hbhb.vip',
  'content-type' => '',
  'content-length' => '',
)
[ info ] [ PARAM ] array (
)
---------------------------------------------------------------
[2020-12-16T02:52:33+08:00] 101.133.138.3 GET pingshen.hbhb.vip/attachment/logo/logo-default.png
[运行时间：0.019575s] [吞吐率：51.09req/s] [内存消耗：2,118.23kb] [文件加载：69]
[ info ] [ LANG ] /www/wwwroot/pingshen/thinkphp/lang/zh-cn.php
[ info ] [ ROUTE ] array (
)
[ info ] [ HEADER ] array (
  'cookie' => 'PHPSESSID=bdsdebvh58k9j0s80cp5mndaj6',
  'accept-language' => 'zh-CN,zh;q=0.8',
  'connection' => 'keep-alive',
  'accept' => 'text/html,application/xhtml+xml,application/xml;q=0.9,image/webp,image/apng,*/*;q=0.8',
  'accept-encoding' => 'gzip, deflate',
  'user-agent' => 'Mozilla/5.0 (Windows NT 10.0; Win64; x64) AppleWebKit/537.36 (KHTML, like Gecko) Chrome/59.0.3071.115 Safari/537.36',
  'host' => 'pingshen.hbhb.vip',
  'content-type' => '',
  'content-length' => '',
)
[ info ] [ PARAM ] array (
)
---------------------------------------------------------------
[2020-12-16T02:52:33+08:00] 101.133.138.3 GET pingshen.hbhb.vip/r/cms/www/red/img/prompt.jpg
[运行时间：0.019669s] [吞吐率：50.84req/s] [内存消耗：2,118.87kb] [文件加载：69]
[ info ] [ LANG ] /www/wwwroot/pingshen/thinkphp/lang/zh-cn.php
[ info ] [ ROUTE ] array (
)
[ info ] [ HEADER ] array (
  'cookie' => 'PHPSESSID=bdsdebvh58k9j0s80cp5mndaj6',
  'accept-language' => 'zh-CN,zh;q=0.8',
  'connection' => 'keep-alive',
  'accept' => 'text/html,application/xhtml+xml,application/xml;q=0.9,image/webp,image/apng,*/*;q=0.8',
  'accept-encoding' => 'gzip, deflate',
  'user-agent' => 'Mozilla/5.0 (Windows NT 10.0; Win64; x64) AppleWebKit/537.36 (KHTML, like Gecko) Chrome/59.0.3071.115 Safari/537.36',
  'host' => 'pingshen.hbhb.vip',
  'content-type' => '',
  'content-length' => '',
)
[ info ] [ PARAM ] array (
  'red' => 'img',
)
---------------------------------------------------------------
[2020-12-16T02:52:33+08:00] 101.133.138.3 GET pingshen.hbhb.vip/r/cms/www/red/style/swiper.min.js
[运行时间：0.019470s] [吞吐率：51.36req/s] [内存消耗：2,118.88kb] [文件加载：69]
[ info ] [ LANG ] /www/wwwroot/pingshen/thinkphp/lang/zh-cn.php
[ info ] [ ROUTE ] array (
)
[ info ] [ HEADER ] array (
  'cookie' => 'PHPSESSID=bdsdebvh58k9j0s80cp5mndaj6',
  'accept-language' => 'zh-CN,zh;q=0.8',
  'connection' => 'keep-alive',
  'accept' => 'text/html,application/xhtml+xml,application/xml;q=0.9,image/webp,image/apng,*/*;q=0.8',
  'accept-encoding' => 'gzip, deflate',
  'user-agent' => 'Mozilla/5.0 (Windows NT 10.0; Win64; x64) AppleWebKit/537.36 (KHTML, like Gecko) Chrome/59.0.3071.115 Safari/537.36',
  'host' => 'pingshen.hbhb.vip',
  'content-type' => '',
  'content-length' => '',
)
[ info ] [ PARAM ] array (
  'red' => 'style',
)
---------------------------------------------------------------
[2020-12-16T02:52:34+08:00] 101.133.138.3 GET pingshen.hbhb.vip/admin/login/explicit_not_exist_path
[运行时间：0.021880s] [吞吐率：45.70req/s] [内存消耗：2,171.48kb] [文件加载：74]
[ info ] [ LANG ] /www/wwwroot/pingshen/thinkphp/lang/zh-cn.php
[ info ] [ LANG ] /www/wwwroot/pingshen/application/admin//lang/zh-cn.php
[ info ] [ ROUTE ] array (
)
[ info ] [ HEADER ] array (
  'cookie' => 'PHPSESSID=bdsdebvh58k9j0s80cp5mndaj6',
  'accept-language' => 'zh-CN,zh;q=0.8',
  'connection' => 'keep-alive',
  'accept' => 'text/html,application/xhtml+xml,application/xml;q=0.9,image/webp,image/apng,*/*;q=0.8',
  'accept-encoding' => 'gzip, deflate',
  'user-agent' => 'Mozilla/5.0 (Windows NT 10.0; Win64; x64) AppleWebKit/537.36 (KHTML, like Gecko) Chrome/59.0.3071.115 Safari/537.36',
  'host' => 'pingshen.hbhb.vip',
  'content-type' => '',
  'content-length' => '',
)
[ info ] [ PARAM ] array (
)
---------------------------------------------------------------
[2020-12-16T02:52:34+08:00] 101.133.138.3 GET pingshen.hbhb.vip/admin/login/robots.txt
[运行时间：0.020740s] [吞吐率：48.22req/s] [内存消耗：2,171.45kb] [文件加载：74]
[ info ] [ LANG ] /www/wwwroot/pingshen/thinkphp/lang/zh-cn.php
[ info ] [ LANG ] /www/wwwroot/pingshen/application/admin//lang/zh-cn.php
[ info ] [ ROUTE ] array (
)
[ info ] [ HEADER ] array (
  'cookie' => 'PHPSESSID=bdsdebvh58k9j0s80cp5mndaj6',
  'accept-language' => 'zh-CN,zh;q=0.8',
  'connection' => 'keep-alive',
  'accept' => 'text/html,application/xhtml+xml,application/xml;q=0.9,image/webp,image/apng,*/*;q=0.8',
  'accept-encoding' => 'gzip, deflate',
  'user-agent' => 'Mozilla/5.0 (Windows NT 10.0; Win64; x64) AppleWebKit/537.36 (KHTML, like Gecko) Chrome/59.0.3071.115 Safari/537.36',
  'host' => 'pingshen.hbhb.vip',
  'content-type' => '',
  'content-length' => '',
)
[ info ] [ PARAM ] array (
)
---------------------------------------------------------------
[2020-12-16T02:52:34+08:00] 101.133.138.3 GET pingshen.hbhb.vip/admin/login/favicon.ico
[运行时间：0.020145s] [吞吐率：49.64req/s] [内存消耗：2,171.45kb] [文件加载：74]
[ info ] [ LANG ] /www/wwwroot/pingshen/thinkphp/lang/zh-cn.php
[ info ] [ LANG ] /www/wwwroot/pingshen/application/admin//lang/zh-cn.php
[ info ] [ ROUTE ] array (
)
[ info ] [ HEADER ] array (
  'cookie' => 'PHPSESSID=bdsdebvh58k9j0s80cp5mndaj6',
  'accept-language' => 'zh-CN,zh;q=0.8',
  'connection' => 'keep-alive',
  'accept' => 'text/html,application/xhtml+xml,application/xml;q=0.9,image/webp,image/apng,*/*;q=0.8',
  'accept-encoding' => 'gzip, deflate',
  'user-agent' => 'Mozilla/5.0 (Windows NT 10.0; Win64; x64) AppleWebKit/537.36 (KHTML, like Gecko) Chrome/59.0.3071.115 Safari/537.36',
  'host' => 'pingshen.hbhb.vip',
  'content-type' => '',
  'content-length' => '',
)
[ info ] [ PARAM ] array (
)
---------------------------------------------------------------
[2020-12-16T02:52:34+08:00] 101.133.138.3 GET pingshen.hbhb.vip/admin/login/index.php/explicit_not_exist_path
[运行时间：0.020211s] [吞吐率：49.48req/s] [内存消耗：2,171.48kb] [文件加载：74]
[ info ] [ LANG ] /www/wwwroot/pingshen/thinkphp/lang/zh-cn.php
[ info ] [ LANG ] /www/wwwroot/pingshen/application/admin//lang/zh-cn.php
[ info ] [ ROUTE ] array (
)
[ info ] [ HEADER ] array (
  'cookie' => 'PHPSESSID=bdsdebvh58k9j0s80cp5mndaj6',
  'accept-language' => 'zh-CN,zh;q=0.8',
  'connection' => 'keep-alive',
  'accept' => 'text/html,application/xhtml+xml,application/xml;q=0.9,image/webp,image/apng,*/*;q=0.8',
  'accept-encoding' => 'gzip, deflate',
  'user-agent' => 'Mozilla/5.0 (Windows NT 10.0; Win64; x64) AppleWebKit/537.36 (KHTML, like Gecko) Chrome/59.0.3071.115 Safari/537.36',
  'host' => 'pingshen.hbhb.vip',
  'content-type' => '',
  'content-length' => '',
)
[ info ] [ PARAM ] array (
)
---------------------------------------------------------------
[2020-12-16T02:52:34+08:00] 101.133.138.3 GET pingshen.hbhb.vip/admin/login/static/.gitignore
[运行时间：0.020120s] [吞吐率：49.70req/s] [内存消耗：2,171.44kb] [文件加载：74]
[ info ] [ LANG ] /www/wwwroot/pingshen/thinkphp/lang/zh-cn.php
[ info ] [ LANG ] /www/wwwroot/pingshen/application/admin//lang/zh-cn.php
[ info ] [ ROUTE ] array (
)
[ info ] [ HEADER ] array (
  'cookie' => 'PHPSESSID=bdsdebvh58k9j0s80cp5mndaj6',
  'accept-language' => 'zh-CN,zh;q=0.8',
  'connection' => 'keep-alive',
  'accept' => 'text/html,application/xhtml+xml,application/xml;q=0.9,image/webp,image/apng,*/*;q=0.8',
  'accept-encoding' => 'gzip, deflate',
  'user-agent' => 'Mozilla/5.0 (Windows NT 10.0; Win64; x64) AppleWebKit/537.36 (KHTML, like Gecko) Chrome/59.0.3071.115 Safari/537.36',
  'host' => 'pingshen.hbhb.vip',
  'content-type' => '',
  'content-length' => '',
)
[ info ] [ PARAM ] array (
)
---------------------------------------------------------------
[2020-12-16T02:52:34+08:00] 101.133.138.3 GET pingshen.hbhb.vip/admin/login/4e5e5d7364f443e28fbf0d3ae744a59a
[运行时间：0.028162s] [吞吐率：35.51req/s] [内存消耗：2,171.52kb] [文件加载：74]
[ info ] [ LANG ] /www/wwwroot/pingshen/thinkphp/lang/zh-cn.php
[ info ] [ LANG ] /www/wwwroot/pingshen/application/admin//lang/zh-cn.php
[ info ] [ ROUTE ] array (
)
[ info ] [ HEADER ] array (
  'cookie' => 'PHPSESSID=bdsdebvh58k9j0s80cp5mndaj6',
  'accept-language' => 'zh-CN,zh;q=0.8',
  'connection' => 'keep-alive',
  'accept' => 'text/html,application/xhtml+xml,application/xml;q=0.9,image/webp,image/apng,*/*;q=0.8',
  'accept-encoding' => 'gzip, deflate',
  'user-agent' => 'Mozilla/5.0 (Windows NT 10.0; Win64; x64) AppleWebKit/537.36 (KHTML, like Gecko) Chrome/59.0.3071.115 Safari/537.36',
  'host' => 'pingshen.hbhb.vip',
  'content-type' => '',
  'content-length' => '',
)
[ info ] [ PARAM ] array (
)
---------------------------------------------------------------
[2020-12-16T02:52:34+08:00] 101.133.138.3 GET pingshen.hbhb.vip/admin/login/index.html?c=4e5e5d7364f443e28fbf0d3ae744a59a
[运行时间：0.021618s] [吞吐率：46.26req/s] [内存消耗：2,212.13kb] [文件加载：77]
[ info ] [ LANG ] /www/wwwroot/pingshen/thinkphp/lang/zh-cn.php
[ info ] [ LANG ] /www/wwwroot/pingshen/application/admin//lang/zh-cn.php
[ info ] [ ROUTE ] array (
)
[ info ] [ HEADER ] array (
  'cookie' => 'PHPSESSID=bdsdebvh58k9j0s80cp5mndaj6',
  'accept-language' => 'zh-CN,zh;q=0.8',
  'connection' => 'keep-alive',
  'accept' => 'text/html,application/xhtml+xml,application/xml;q=0.9,image/webp,image/apng,*/*;q=0.8',
  'accept-encoding' => 'gzip, deflate',
  'user-agent' => 'Mozilla/5.0 (Windows NT 10.0; Win64; x64) AppleWebKit/537.36 (KHTML, like Gecko) Chrome/59.0.3071.115 Safari/537.36',
  'host' => 'pingshen.hbhb.vip',
  'content-type' => '',
  'content-length' => '',
)
[ info ] [ PARAM ] array (
  'c' => '4e5e5d7364f443e28fbf0d3ae744a59a',
)
[ info ] [ VIEW ] /www/wwwroot/pingshen/application/admin/view/login/index.html [ array (
) ]
[ error ] [8]未定义变量: system[/www/wwwroot/pingshen/runtime/temp/b8b184884121afc82a66e9b20efb8822.php:37]
---------------------------------------------------------------
[2020-12-16T02:52:34+08:00] 101.133.138.3 GET pingshen.hbhb.vip/phpMyAdmin/
[运行时间：0.020043s] [吞吐率：49.89req/s] [内存消耗：2,118.17kb] [文件加载：69]
[ info ] [ LANG ] /www/wwwroot/pingshen/thinkphp/lang/zh-cn.php
[ info ] [ ROUTE ] array (
)
[ info ] [ HEADER ] array (
  'cookie' => 'PHPSESSID=bdsdebvh58k9j0s80cp5mndaj6',
  'accept-language' => 'zh-CN,zh;q=0.8',
  'connection' => 'keep-alive',
  'accept' => 'text/html,application/xhtml+xml,application/xml;q=0.9,image/webp,image/apng,*/*;q=0.8',
  'accept-encoding' => 'gzip, deflate',
  'user-agent' => 'Mozilla/5.0 (Windows NT 10.0; Win64; x64) AppleWebKit/537.36 (KHTML, like Gecko) Chrome/59.0.3071.115 Safari/537.36',
  'host' => 'pingshen.hbhb.vip',
  'content-type' => '',
  'content-length' => '',
)
[ info ] [ PARAM ] array (
)
---------------------------------------------------------------
[2020-12-16T02:52:34+08:00] 101.133.138.3 GET pingshen.hbhb.vip/phpmyadmin/
[运行时间：0.019924s] [吞吐率：50.19req/s] [内存消耗：2,118.17kb] [文件加载：69]
[ info ] [ LANG ] /www/wwwroot/pingshen/thinkphp/lang/zh-cn.php
[ info ] [ ROUTE ] array (
)
[ info ] [ HEADER ] array (
  'cookie' => 'PHPSESSID=bdsdebvh58k9j0s80cp5mndaj6',
  'accept-language' => 'zh-CN,zh;q=0.8',
  'connection' => 'keep-alive',
  'accept' => 'text/html,application/xhtml+xml,application/xml;q=0.9,image/webp,image/apng,*/*;q=0.8',
  'accept-encoding' => 'gzip, deflate',
  'user-agent' => 'Mozilla/5.0 (Windows NT 10.0; Win64; x64) AppleWebKit/537.36 (KHTML, like Gecko) Chrome/59.0.3071.115 Safari/537.36',
  'host' => 'pingshen.hbhb.vip',
  'content-type' => '',
  'content-length' => '',
)
[ info ] [ PARAM ] array (
)
---------------------------------------------------------------
[2020-12-16T02:52:34+08:00] 101.133.138.3 GET pingshen.hbhb.vip/wcm/
[运行时间：0.019937s] [吞吐率：50.16req/s] [内存消耗：2,118.16kb] [文件加载：69]
[ info ] [ LANG ] /www/wwwroot/pingshen/thinkphp/lang/zh-cn.php
[ info ] [ ROUTE ] array (
)
[ info ] [ HEADER ] array (
  'cookie' => 'PHPSESSID=bdsdebvh58k9j0s80cp5mndaj6',
  'accept-language' => 'zh-CN,zh;q=0.8',
  'connection' => 'keep-alive',
  'accept' => 'text/html,application/xhtml+xml,application/xml;q=0.9,image/webp,image/apng,*/*;q=0.8',
  'accept-encoding' => 'gzip, deflate',
  'user-agent' => 'Mozilla/5.0 (Windows NT 10.0; Win64; x64) AppleWebKit/537.36 (KHTML, like Gecko) Chrome/59.0.3071.115 Safari/537.36',
  'host' => 'pingshen.hbhb.vip',
  'content-type' => '',
  'content-length' => '',
)
[ info ] [ PARAM ] array (
)
---------------------------------------------------------------
[2020-12-16T19:57:20+08:00] 8.133.171.177 GET pingshen.hbhb.vip/
[运行时间：0.173776s] [吞吐率：5.75req/s] [内存消耗：2,225.81kb] [文件加载：75]
[ info ] [ LANG ] /www/wwwroot/pingshen/thinkphp/lang/zh-cn.php
[ info ] [ LANG ] /www/wwwroot/pingshen/application/admin//lang/zh-cn.php
[ info ] [ ROUTE ] array (
)
[ info ] [ HEADER ] array (
  'accept-language' => 'zh-CN,zh;q=0.8',
  'connection' => 'keep-alive',
  'accept' => 'text/html,application/xhtml+xml,application/xml;q=0.9,image/webp,image/apng,*/*;q=0.8',
  'accept-encoding' => 'gzip, deflate',
  'user-agent' => 'Mozilla/5.0 (Windows NT 10.0; Win64; x64) AppleWebKit/537.36 (KHTML, like Gecko) Chrome/59.0.3071.115 Safari/537.36',
  'host' => 'pingshen.hbhb.vip',
  'content-type' => '',
  'content-length' => '',
)
[ info ] [ PARAM ] array (
)
---------------------------------------------------------------
[2020-12-16T19:57:20+08:00] 8.133.171.177 GET pingshen.hbhb.vip/admin/login/index.html
[运行时间：0.033400s] [吞吐率：29.94req/s] [内存消耗：2,211.40kb] [文件加载：77]
[ info ] [ LANG ] /www/wwwroot/pingshen/thinkphp/lang/zh-cn.php
[ info ] [ LANG ] /www/wwwroot/pingshen/application/admin//lang/zh-cn.php
[ info ] [ ROUTE ] array (
)
[ info ] [ HEADER ] array (
  'cookie' => 'PHPSESSID=1l8dj4fu5jscmpd5nljsrgov98',
  'accept-language' => 'zh-CN,zh;q=0.8',
  'connection' => 'keep-alive',
  'accept' => 'text/html,application/xhtml+xml,application/xml;q=0.9,image/webp,image/apng,*/*;q=0.8',
  'accept-encoding' => 'gzip, deflate',
  'user-agent' => 'Mozilla/5.0 (Windows NT 10.0; Win64; x64) AppleWebKit/537.36 (KHTML, like Gecko) Chrome/59.0.3071.115 Safari/537.36',
  'host' => 'pingshen.hbhb.vip',
  'content-type' => '',
  'content-length' => '',
)
[ info ] [ PARAM ] array (
)
[ info ] [ VIEW ] /www/wwwroot/pingshen/application/admin/view/login/index.html [ array (
) ]
[ error ] [8]未定义变量: system[/www/wwwroot/pingshen/runtime/temp/b8b184884121afc82a66e9b20efb8822.php:37]
---------------------------------------------------------------
[2020-12-16T19:57:20+08:00] 8.133.171.177 GET pingshen.hbhb.vip/explicit_not_exist_path
[运行时间：0.019896s] [吞吐率：50.26req/s] [内存消耗：2,118.08kb] [文件加载：69]
[ info ] [ LANG ] /www/wwwroot/pingshen/thinkphp/lang/zh-cn.php
[ info ] [ ROUTE ] array (
)
[ info ] [ HEADER ] array (
  'cookie' => 'PHPSESSID=1l8dj4fu5jscmpd5nljsrgov98',
  'accept-language' => 'zh-CN,zh;q=0.8',
  'connection' => 'keep-alive',
  'accept' => 'text/html,application/xhtml+xml,application/xml;q=0.9,image/webp,image/apng,*/*;q=0.8',
  'accept-encoding' => 'gzip, deflate',
  'user-agent' => 'Mozilla/5.0 (Windows NT 10.0; Win64; x64) AppleWebKit/537.36 (KHTML, like Gecko) Chrome/59.0.3071.115 Safari/537.36',
  'host' => 'pingshen.hbhb.vip',
  'content-type' => '',
  'content-length' => '',
)
[ info ] [ PARAM ] array (
)
---------------------------------------------------------------
[2020-12-16T19:57:20+08:00] 8.133.171.177 GET pingshen.hbhb.vip/admin/
[运行时间：0.021263s] [吞吐率：47.03req/s] [内存消耗：2,123.87kb] [文件加载：71]
[ info ] [ LANG ] /www/wwwroot/pingshen/thinkphp/lang/zh-cn.php
[ info ] [ LANG ] /www/wwwroot/pingshen/application/admin//lang/zh-cn.php
[ info ] [ ROUTE ] array (
)
[ info ] [ HEADER ] array (
  'cookie' => 'PHPSESSID=1l8dj4fu5jscmpd5nljsrgov98',
  'accept-language' => 'zh-CN,zh;q=0.8',
  'connection' => 'keep-alive',
  'accept' => 'text/html,application/xhtml+xml,application/xml;q=0.9,image/webp,image/apng,*/*;q=0.8',
  'accept-encoding' => 'gzip, deflate',
  'user-agent' => 'Mozilla/5.0 (Windows NT 10.0; Win64; x64) AppleWebKit/537.36 (KHTML, like Gecko) Chrome/59.0.3071.115 Safari/537.36',
  'host' => 'pingshen.hbhb.vip',
  'content-type' => '',
  'content-length' => '',
)
[ info ] [ PARAM ] array (
)
---------------------------------------------------------------
[2020-12-16T19:57:20+08:00] 8.133.171.177 GET pingshen.hbhb.vip/login/img/product_logo.png
[运行时间：0.020626s] [吞吐率：48.48req/s] [内存消耗：2,118.20kb] [文件加载：69]
[ info ] [ LANG ] /www/wwwroot/pingshen/thinkphp/lang/zh-cn.php
[ info ] [ ROUTE ] array (
)
[ info ] [ HEADER ] array (
  'cookie' => 'PHPSESSID=1l8dj4fu5jscmpd5nljsrgov98',
  'accept-language' => 'zh-CN,zh;q=0.8',
  'connection' => 'keep-alive',
  'accept' => 'text/html,application/xhtml+xml,application/xml;q=0.9,image/webp,image/apng,*/*;q=0.8',
  'accept-encoding' => 'gzip, deflate',
  'user-agent' => 'Mozilla/5.0 (Windows NT 10.0; Win64; x64) AppleWebKit/537.36 (KHTML, like Gecko) Chrome/59.0.3071.115 Safari/537.36',
  'host' => 'pingshen.hbhb.vip',
  'content-type' => '',
  'content-length' => '',
)
[ info ] [ PARAM ] array (
)
---------------------------------------------------------------
[2020-12-16T19:57:20+08:00] 8.133.171.177 GET pingshen.hbhb.vip/index.php/explicit_not_exist_path
[运行时间：0.020958s] [吞吐率：47.71req/s] [内存消耗：2,118.23kb] [文件加载：69]
[ info ] [ LANG ] /www/wwwroot/pingshen/thinkphp/lang/zh-cn.php
[ info ] [ ROUTE ] array (
)
[ info ] [ HEADER ] array (
  'cookie' => 'PHPSESSID=1l8dj4fu5jscmpd5nljsrgov98',
  'accept-language' => 'zh-CN,zh;q=0.8',
  'connection' => 'keep-alive',
  'accept' => 'text/html,application/xhtml+xml,application/xml;q=0.9,image/webp,image/apng,*/*;q=0.8',
  'accept-encoding' => 'gzip, deflate',
  'user-agent' => 'Mozilla/5.0 (Windows NT 10.0; Win64; x64) AppleWebKit/537.36 (KHTML, like Gecko) Chrome/59.0.3071.115 Safari/537.36',
  'host' => 'pingshen.hbhb.vip',
  'content-type' => '',
  'content-length' => '',
)
[ info ] [ PARAM ] array (
)
---------------------------------------------------------------
[2020-12-16T19:57:20+08:00] 8.133.171.177 GET pingshen.hbhb.vip/static/.gitignore
[运行时间：0.014971s] [吞吐率：66.80req/s] [内存消耗：1,661.89kb] [文件加载：57]
[ info ] [ LANG ] /www/wwwroot/pingshen/thinkphp/lang/zh-cn.php
---------------------------------------------------------------
[2020-12-16T19:57:20+08:00] 8.133.171.177 GET pingshen.hbhb.vip/4e5e5d7364f443e28fbf0d3ae744a59a
[运行时间：0.019211s] [吞吐率：52.05req/s] [内存消耗：2,118.09kb] [文件加载：69]
[ info ] [ LANG ] /www/wwwroot/pingshen/thinkphp/lang/zh-cn.php
[ info ] [ ROUTE ] array (
)
[ info ] [ HEADER ] array (
  'cookie' => 'PHPSESSID=1l8dj4fu5jscmpd5nljsrgov98',
  'accept-language' => 'zh-CN,zh;q=0.8',
  'connection' => 'keep-alive',
  'accept' => 'text/html,application/xhtml+xml,application/xml;q=0.9,image/webp,image/apng,*/*;q=0.8',
  'accept-encoding' => 'gzip, deflate',
  'user-agent' => 'Mozilla/5.0 (Windows NT 10.0; Win64; x64) AppleWebKit/537.36 (KHTML, like Gecko) Chrome/59.0.3071.115 Safari/537.36',
  'host' => 'pingshen.hbhb.vip',
  'content-type' => '',
  'content-length' => '',
)
[ info ] [ PARAM ] array (
)
---------------------------------------------------------------
[2020-12-16T19:57:20+08:00] 8.133.171.177 GET pingshen.hbhb.vip/?c=4e5e5d7364f443e28fbf0d3ae744a59a
[运行时间：0.019973s] [吞吐率：50.07req/s] [内存消耗：2,227.14kb] [文件加载：75]
[ info ] [ LANG ] /www/wwwroot/pingshen/thinkphp/lang/zh-cn.php
[ info ] [ LANG ] /www/wwwroot/pingshen/application/admin//lang/zh-cn.php
[ info ] [ ROUTE ] array (
)
[ info ] [ HEADER ] array (
  'cookie' => 'PHPSESSID=1l8dj4fu5jscmpd5nljsrgov98',
  'accept-language' => 'zh-CN,zh;q=0.8',
  'connection' => 'keep-alive',
  'accept' => 'text/html,application/xhtml+xml,application/xml;q=0.9,image/webp,image/apng,*/*;q=0.8',
  'accept-encoding' => 'gzip, deflate',
  'user-agent' => 'Mozilla/5.0 (Windows NT 10.0; Win64; x64) AppleWebKit/537.36 (KHTML, like Gecko) Chrome/59.0.3071.115 Safari/537.36',
  'host' => 'pingshen.hbhb.vip',
  'content-type' => '',
  'content-length' => '',
)
[ info ] [ PARAM ] array (
  'c' => '4e5e5d7364f443e28fbf0d3ae744a59a',
)
---------------------------------------------------------------
[2020-12-16T19:57:20+08:00] 8.133.171.177 GET pingshen.hbhb.vip/images/ofbiz.ico
[运行时间：0.020071s] [吞吐率：49.82req/s] [内存消耗：2,118.16kb] [文件加载：69]
[ info ] [ LANG ] /www/wwwroot/pingshen/thinkphp/lang/zh-cn.php
[ info ] [ ROUTE ] array (
)
[ info ] [ HEADER ] array (
  'cookie' => 'PHPSESSID=1l8dj4fu5jscmpd5nljsrgov98',
  'accept-language' => 'zh-CN,zh;q=0.8',
  'connection' => 'keep-alive',
  'accept' => 'text/html,application/xhtml+xml,application/xml;q=0.9,image/webp,image/apng,*/*;q=0.8',
  'accept-encoding' => 'gzip, deflate',
  'user-agent' => 'Mozilla/5.0 (Windows NT 10.0; Win64; x64) AppleWebKit/537.36 (KHTML, like Gecko) Chrome/59.0.3071.115 Safari/537.36',
  'host' => 'pingshen.hbhb.vip',
  'content-type' => '',
  'content-length' => '',
)
[ info ] [ PARAM ] array (
)
---------------------------------------------------------------
[2020-12-16T19:57:20+08:00] 8.133.171.177 GET pingshen.hbhb.vip/attachment/logo/logo-default.png
[运行时间：0.019145s] [吞吐率：52.23req/s] [内存消耗：2,118.23kb] [文件加载：69]
[ info ] [ LANG ] /www/wwwroot/pingshen/thinkphp/lang/zh-cn.php
[ info ] [ ROUTE ] array (
)
[ info ] [ HEADER ] array (
  'cookie' => 'PHPSESSID=1l8dj4fu5jscmpd5nljsrgov98',
  'accept-language' => 'zh-CN,zh;q=0.8',
  'connection' => 'keep-alive',
  'accept' => 'text/html,application/xhtml+xml,application/xml;q=0.9,image/webp,image/apng,*/*;q=0.8',
  'accept-encoding' => 'gzip, deflate',
  'user-agent' => 'Mozilla/5.0 (Windows NT 10.0; Win64; x64) AppleWebKit/537.36 (KHTML, like Gecko) Chrome/59.0.3071.115 Safari/537.36',
  'host' => 'pingshen.hbhb.vip',
  'content-type' => '',
  'content-length' => '',
)
[ info ] [ PARAM ] array (
)
---------------------------------------------------------------
[2020-12-16T19:57:20+08:00] 8.133.171.177 GET pingshen.hbhb.vip/r/cms/www/red/img/prompt.jpg
[运行时间：0.020448s] [吞吐率：48.90req/s] [内存消耗：2,118.87kb] [文件加载：69]
[ info ] [ LANG ] /www/wwwroot/pingshen/thinkphp/lang/zh-cn.php
[ info ] [ ROUTE ] array (
)
[ info ] [ HEADER ] array (
  'cookie' => 'PHPSESSID=1l8dj4fu5jscmpd5nljsrgov98',
  'accept-language' => 'zh-CN,zh;q=0.8',
  'connection' => 'keep-alive',
  'accept' => 'text/html,application/xhtml+xml,application/xml;q=0.9,image/webp,image/apng,*/*;q=0.8',
  'accept-encoding' => 'gzip, deflate',
  'user-agent' => 'Mozilla/5.0 (Windows NT 10.0; Win64; x64) AppleWebKit/537.36 (KHTML, like Gecko) Chrome/59.0.3071.115 Safari/537.36',
  'host' => 'pingshen.hbhb.vip',
  'content-type' => '',
  'content-length' => '',
)
[ info ] [ PARAM ] array (
  'red' => 'img',
)
---------------------------------------------------------------
[2020-12-16T19:57:20+08:00] 8.133.171.177 GET pingshen.hbhb.vip/r/cms/www/red/style/swiper.min.js
[运行时间：0.019475s] [吞吐率：51.35req/s] [内存消耗：2,118.88kb] [文件加载：69]
[ info ] [ LANG ] /www/wwwroot/pingshen/thinkphp/lang/zh-cn.php
[ info ] [ ROUTE ] array (
)
[ info ] [ HEADER ] array (
  'cookie' => 'PHPSESSID=1l8dj4fu5jscmpd5nljsrgov98',
  'accept-language' => 'zh-CN,zh;q=0.8',
  'connection' => 'keep-alive',
  'accept' => 'text/html,application/xhtml+xml,application/xml;q=0.9,image/webp,image/apng,*/*;q=0.8',
  'accept-encoding' => 'gzip, deflate',
  'user-agent' => 'Mozilla/5.0 (Windows NT 10.0; Win64; x64) AppleWebKit/537.36 (KHTML, like Gecko) Chrome/59.0.3071.115 Safari/537.36',
  'host' => 'pingshen.hbhb.vip',
  'content-type' => '',
  'content-length' => '',
)
[ info ] [ PARAM ] array (
  'red' => 'style',
)
---------------------------------------------------------------
[2020-12-16T19:57:20+08:00] 8.133.171.177 GET pingshen.hbhb.vip/admin/login/explicit_not_exist_path
[运行时间：0.021063s] [吞吐率：47.48req/s] [内存消耗：2,171.48kb] [文件加载：74]
[ info ] [ LANG ] /www/wwwroot/pingshen/thinkphp/lang/zh-cn.php
[ info ] [ LANG ] /www/wwwroot/pingshen/application/admin//lang/zh-cn.php
[ info ] [ ROUTE ] array (
)
[ info ] [ HEADER ] array (
  'cookie' => 'PHPSESSID=1l8dj4fu5jscmpd5nljsrgov98',
  'accept-language' => 'zh-CN,zh;q=0.8',
  'connection' => 'keep-alive',
  'accept' => 'text/html,application/xhtml+xml,application/xml;q=0.9,image/webp,image/apng,*/*;q=0.8',
  'accept-encoding' => 'gzip, deflate',
  'user-agent' => 'Mozilla/5.0 (Windows NT 10.0; Win64; x64) AppleWebKit/537.36 (KHTML, like Gecko) Chrome/59.0.3071.115 Safari/537.36',
  'host' => 'pingshen.hbhb.vip',
  'content-type' => '',
  'content-length' => '',
)
[ info ] [ PARAM ] array (
)
---------------------------------------------------------------
[2020-12-16T19:57:21+08:00] 8.133.171.177 GET pingshen.hbhb.vip/admin/login/robots.txt
[运行时间：0.020113s] [吞吐率：49.72req/s] [内存消耗：2,171.45kb] [文件加载：74]
[ info ] [ LANG ] /www/wwwroot/pingshen/thinkphp/lang/zh-cn.php
[ info ] [ LANG ] /www/wwwroot/pingshen/application/admin//lang/zh-cn.php
[ info ] [ ROUTE ] array (
)
[ info ] [ HEADER ] array (
  'cookie' => 'PHPSESSID=1l8dj4fu5jscmpd5nljsrgov98',
  'accept-language' => 'zh-CN,zh;q=0.8',
  'connection' => 'keep-alive',
  'accept' => 'text/html,application/xhtml+xml,application/xml;q=0.9,image/webp,image/apng,*/*;q=0.8',
  'accept-encoding' => 'gzip, deflate',
  'user-agent' => 'Mozilla/5.0 (Windows NT 10.0; Win64; x64) AppleWebKit/537.36 (KHTML, like Gecko) Chrome/59.0.3071.115 Safari/537.36',
  'host' => 'pingshen.hbhb.vip',
  'content-type' => '',
  'content-length' => '',
)
[ info ] [ PARAM ] array (
)
---------------------------------------------------------------
[2020-12-16T19:57:21+08:00] 8.133.171.177 GET pingshen.hbhb.vip/admin/login/favicon.ico
[运行时间：0.020174s] [吞吐率：49.57req/s] [内存消耗：2,171.45kb] [文件加载：74]
[ info ] [ LANG ] /www/wwwroot/pingshen/thinkphp/lang/zh-cn.php
[ info ] [ LANG ] /www/wwwroot/pingshen/application/admin//lang/zh-cn.php
[ info ] [ ROUTE ] array (
)
[ info ] [ HEADER ] array (
  'cookie' => 'PHPSESSID=1l8dj4fu5jscmpd5nljsrgov98',
  'accept-language' => 'zh-CN,zh;q=0.8',
  'connection' => 'keep-alive',
  'accept' => 'text/html,application/xhtml+xml,application/xml;q=0.9,image/webp,image/apng,*/*;q=0.8',
  'accept-encoding' => 'gzip, deflate',
  'user-agent' => 'Mozilla/5.0 (Windows NT 10.0; Win64; x64) AppleWebKit/537.36 (KHTML, like Gecko) Chrome/59.0.3071.115 Safari/537.36',
  'host' => 'pingshen.hbhb.vip',
  'content-type' => '',
  'content-length' => '',
)
[ info ] [ PARAM ] array (
)
---------------------------------------------------------------
[2020-12-16T19:57:21+08:00] 8.133.171.177 GET pingshen.hbhb.vip/admin/login/index.php/explicit_not_exist_path
[运行时间：0.030000s] [吞吐率：33.33req/s] [内存消耗：2,171.48kb] [文件加载：74]
[ info ] [ LANG ] /www/wwwroot/pingshen/thinkphp/lang/zh-cn.php
[ info ] [ LANG ] /www/wwwroot/pingshen/application/admin//lang/zh-cn.php
[ info ] [ ROUTE ] array (
)
[ info ] [ HEADER ] array (
  'cookie' => 'PHPSESSID=1l8dj4fu5jscmpd5nljsrgov98',
  'accept-language' => 'zh-CN,zh;q=0.8',
  'connection' => 'keep-alive',
  'accept' => 'text/html,application/xhtml+xml,application/xml;q=0.9,image/webp,image/apng,*/*;q=0.8',
  'accept-encoding' => 'gzip, deflate',
  'user-agent' => 'Mozilla/5.0 (Windows NT 10.0; Win64; x64) AppleWebKit/537.36 (KHTML, like Gecko) Chrome/59.0.3071.115 Safari/537.36',
  'host' => 'pingshen.hbhb.vip',
  'content-type' => '',
  'content-length' => '',
)
[ info ] [ PARAM ] array (
)
---------------------------------------------------------------
[2020-12-16T19:57:21+08:00] 8.133.171.177 GET pingshen.hbhb.vip/admin/login/static/.gitignore
[运行时间：0.020386s] [吞吐率：49.05req/s] [内存消耗：2,171.44kb] [文件加载：74]
[ info ] [ LANG ] /www/wwwroot/pingshen/thinkphp/lang/zh-cn.php
[ info ] [ LANG ] /www/wwwroot/pingshen/application/admin//lang/zh-cn.php
[ info ] [ ROUTE ] array (
)
[ info ] [ HEADER ] array (
  'cookie' => 'PHPSESSID=1l8dj4fu5jscmpd5nljsrgov98',
  'accept-language' => 'zh-CN,zh;q=0.8',
  'connection' => 'keep-alive',
  'accept' => 'text/html,application/xhtml+xml,application/xml;q=0.9,image/webp,image/apng,*/*;q=0.8',
  'accept-encoding' => 'gzip, deflate',
  'user-agent' => 'Mozilla/5.0 (Windows NT 10.0; Win64; x64) AppleWebKit/537.36 (KHTML, like Gecko) Chrome/59.0.3071.115 Safari/537.36',
  'host' => 'pingshen.hbhb.vip',
  'content-type' => '',
  'content-length' => '',
)
[ info ] [ PARAM ] array (
)
---------------------------------------------------------------
[2020-12-16T19:57:21+08:00] 8.133.171.177 GET pingshen.hbhb.vip/admin/login/4e5e5d7364f443e28fbf0d3ae744a59a
[运行时间：0.020077s] [吞吐率：49.81req/s] [内存消耗：2,171.52kb] [文件加载：74]
[ info ] [ LANG ] /www/wwwroot/pingshen/thinkphp/lang/zh-cn.php
[ info ] [ LANG ] /www/wwwroot/pingshen/application/admin//lang/zh-cn.php
[ info ] [ ROUTE ] array (
)
[ info ] [ HEADER ] array (
  'cookie' => 'PHPSESSID=1l8dj4fu5jscmpd5nljsrgov98',
  'accept-language' => 'zh-CN,zh;q=0.8',
  'connection' => 'keep-alive',
  'accept' => 'text/html,application/xhtml+xml,application/xml;q=0.9,image/webp,image/apng,*/*;q=0.8',
  'accept-encoding' => 'gzip, deflate',
  'user-agent' => 'Mozilla/5.0 (Windows NT 10.0; Win64; x64) AppleWebKit/537.36 (KHTML, like Gecko) Chrome/59.0.3071.115 Safari/537.36',
  'host' => 'pingshen.hbhb.vip',
  'content-type' => '',
  'content-length' => '',
)
[ info ] [ PARAM ] array (
)
---------------------------------------------------------------
[2020-12-16T19:57:21+08:00] 8.133.171.177 GET pingshen.hbhb.vip/admin/login/index.html?c=4e5e5d7364f443e28fbf0d3ae744a59a
[运行时间：0.021080s] [吞吐率：47.44req/s] [内存消耗：2,212.13kb] [文件加载：77]
[ info ] [ LANG ] /www/wwwroot/pingshen/thinkphp/lang/zh-cn.php
[ info ] [ LANG ] /www/wwwroot/pingshen/application/admin//lang/zh-cn.php
[ info ] [ ROUTE ] array (
)
[ info ] [ HEADER ] array (
  'cookie' => 'PHPSESSID=1l8dj4fu5jscmpd5nljsrgov98',
  'accept-language' => 'zh-CN,zh;q=0.8',
  'connection' => 'keep-alive',
  'accept' => 'text/html,application/xhtml+xml,application/xml;q=0.9,image/webp,image/apng,*/*;q=0.8',
  'accept-encoding' => 'gzip, deflate',
  'user-agent' => 'Mozilla/5.0 (Windows NT 10.0; Win64; x64) AppleWebKit/537.36 (KHTML, like Gecko) Chrome/59.0.3071.115 Safari/537.36',
  'host' => 'pingshen.hbhb.vip',
  'content-type' => '',
  'content-length' => '',
)
[ info ] [ PARAM ] array (
  'c' => '4e5e5d7364f443e28fbf0d3ae744a59a',
)
[ info ] [ VIEW ] /www/wwwroot/pingshen/application/admin/view/login/index.html [ array (
) ]
[ error ] [8]未定义变量: system[/www/wwwroot/pingshen/runtime/temp/b8b184884121afc82a66e9b20efb8822.php:37]
---------------------------------------------------------------
[2020-12-16T19:57:21+08:00] 8.133.171.177 GET pingshen.hbhb.vip/phpMyAdmin/
[运行时间：0.020953s] [吞吐率：47.73req/s] [内存消耗：2,118.17kb] [文件加载：69]
[ info ] [ LANG ] /www/wwwroot/pingshen/thinkphp/lang/zh-cn.php
[ info ] [ ROUTE ] array (
)
[ info ] [ HEADER ] array (
  'cookie' => 'PHPSESSID=1l8dj4fu5jscmpd5nljsrgov98',
  'accept-language' => 'zh-CN,zh;q=0.8',
  'connection' => 'keep-alive',
  'accept' => 'text/html,application/xhtml+xml,application/xml;q=0.9,image/webp,image/apng,*/*;q=0.8',
  'accept-encoding' => 'gzip, deflate',
  'user-agent' => 'Mozilla/5.0 (Windows NT 10.0; Win64; x64) AppleWebKit/537.36 (KHTML, like Gecko) Chrome/59.0.3071.115 Safari/537.36',
  'host' => 'pingshen.hbhb.vip',
  'content-type' => '',
  'content-length' => '',
)
[ info ] [ PARAM ] array (
)
---------------------------------------------------------------
[2020-12-16T19:57:21+08:00] 8.133.171.177 GET pingshen.hbhb.vip/phpmyadmin/
[运行时间：0.020796s] [吞吐率：48.09req/s] [内存消耗：2,118.17kb] [文件加载：69]
[ info ] [ LANG ] /www/wwwroot/pingshen/thinkphp/lang/zh-cn.php
[ info ] [ ROUTE ] array (
)
[ info ] [ HEADER ] array (
  'cookie' => 'PHPSESSID=1l8dj4fu5jscmpd5nljsrgov98',
  'accept-language' => 'zh-CN,zh;q=0.8',
  'connection' => 'keep-alive',
  'accept' => 'text/html,application/xhtml+xml,application/xml;q=0.9,image/webp,image/apng,*/*;q=0.8',
  'accept-encoding' => 'gzip, deflate',
  'user-agent' => 'Mozilla/5.0 (Windows NT 10.0; Win64; x64) AppleWebKit/537.36 (KHTML, like Gecko) Chrome/59.0.3071.115 Safari/537.36',
  'host' => 'pingshen.hbhb.vip',
  'content-type' => '',
  'content-length' => '',
)
[ info ] [ PARAM ] array (
)
---------------------------------------------------------------
[2020-12-16T19:57:21+08:00] 8.133.171.177 GET pingshen.hbhb.vip/wcm/
[运行时间：0.019587s] [吞吐率：51.05req/s] [内存消耗：2,118.16kb] [文件加载：69]
[ info ] [ LANG ] /www/wwwroot/pingshen/thinkphp/lang/zh-cn.php
[ info ] [ ROUTE ] array (
)
[ info ] [ HEADER ] array (
  'cookie' => 'PHPSESSID=1l8dj4fu5jscmpd5nljsrgov98',
  'accept-language' => 'zh-CN,zh;q=0.8',
  'connection' => 'keep-alive',
  'accept' => 'text/html,application/xhtml+xml,application/xml;q=0.9,image/webp,image/apng,*/*;q=0.8',
  'accept-encoding' => 'gzip, deflate',
  'user-agent' => 'Mozilla/5.0 (Windows NT 10.0; Win64; x64) AppleWebKit/537.36 (KHTML, like Gecko) Chrome/59.0.3071.115 Safari/537.36',
  'host' => 'pingshen.hbhb.vip',
  'content-type' => '',
  'content-length' => '',
)
[ info ] [ PARAM ] array (
)
