---------------------------------------------------------------
[2020-12-25T03:04:06+08:00] 47.101.200.166 GET pingshen.hbhb.vip/
[运行时间：0.145744s] [吞吐率：6.86req/s] [内存消耗：2,225.12kb] [文件加载：75]
[ info ] [ LANG ] /www/wwwroot/pingshen/thinkphp/lang/zh-cn.php
[ info ] [ LANG ] /www/wwwroot/pingshen/application/admin//lang/zh-cn.php
[ info ] [ ROUTE ] array (
)
[ info ] [ HEADER ] array (
  'accept-encoding' => 'gzip',
  'connection' => 'Keep-Alive',
  'host' => 'pingshen.hbhb.vip',
  'user-agent' => 'Mozilla/5.0 (X11; Ubuntu; Linux x86_64; rv:36.0) Gecko/20100101 Firefox/36.0',
  'content-type' => '',
  'content-length' => '',
)
[ info ] [ PARAM ] array (
)
---------------------------------------------------------------
[2020-12-25T03:04:06+08:00] 47.101.200.166 GET pingshen.hbhb.vip/admin/login/index.html
[运行时间：0.034511s] [吞吐率：28.98req/s] [内存消耗：2,210.23kb] [文件加载：77]
[ info ] [ LANG ] /www/wwwroot/pingshen/thinkphp/lang/zh-cn.php
[ info ] [ LANG ] /www/wwwroot/pingshen/application/admin//lang/zh-cn.php
[ info ] [ ROUTE ] array (
)
[ info ] [ HEADER ] array (
  'accept-encoding' => 'gzip',
  'connection' => 'Keep-Alive',
  'host' => 'pingshen.hbhb.vip',
  'user-agent' => 'Mozilla/5.0 (X11; Ubuntu; Linux x86_64; rv:36.0) Gecko/20100101 Firefox/36.0',
  'content-type' => '',
  'content-length' => '',
)
[ info ] [ PARAM ] array (
)
[ info ] [ VIEW ] /www/wwwroot/pingshen/application/admin/view/login/index.html [ array (
) ]
[ error ] [8]未定义变量: system[/www/wwwroot/pingshen/runtime/temp/b8b184884121afc82a66e9b20efb8822.php:37]
---------------------------------------------------------------
[2020-12-25T03:04:08+08:00] 47.101.200.166 GET pingshen.hbhb.vip/admin/index/index.html
[运行时间：0.021168s] [吞吐率：47.24req/s] [内存消耗：2,225.32kb] [文件加载：75]
[ info ] [ LANG ] /www/wwwroot/pingshen/thinkphp/lang/zh-cn.php
[ info ] [ LANG ] /www/wwwroot/pingshen/application/admin//lang/zh-cn.php
[ info ] [ ROUTE ] array (
)
[ info ] [ HEADER ] array (
  'accept-encoding' => 'gzip',
  'connection' => 'Keep-Alive',
  'host' => 'pingshen.hbhb.vip',
  'user-agent' => 'Mozilla/5.0 (X11; Ubuntu; Linux x86_64; rv:36.0) Gecko/20100101 Firefox/36.0',
  'content-type' => '',
  'content-length' => '',
)
[ info ] [ PARAM ] array (
)
---------------------------------------------------------------
[2020-12-25T07:59:54+08:00] 47.101.196.225 GET pingshen.hbhb.vip/
[运行时间：0.020352s] [吞吐率：49.13req/s] [内存消耗：2,225.12kb] [文件加载：75]
[ info ] [ LANG ] /www/wwwroot/pingshen/thinkphp/lang/zh-cn.php
[ info ] [ LANG ] /www/wwwroot/pingshen/application/admin//lang/zh-cn.php
[ info ] [ ROUTE ] array (
)
[ info ] [ HEADER ] array (
  'accept-encoding' => 'gzip',
  'connection' => 'Keep-Alive',
  'host' => 'pingshen.hbhb.vip',
  'user-agent' => 'Mozilla/5.0 (X11; Ubuntu; Linux x86_64; rv:36.0) Gecko/20100101 Firefox/36.0',
  'content-type' => '',
  'content-length' => '',
)
[ info ] [ PARAM ] array (
)
---------------------------------------------------------------
[2020-12-25T07:59:54+08:00] 47.101.196.225 GET pingshen.hbhb.vip/admin/login/index.html
[运行时间：0.021118s] [吞吐率：47.35req/s] [内存消耗：2,210.23kb] [文件加载：77]
[ info ] [ LANG ] /www/wwwroot/pingshen/thinkphp/lang/zh-cn.php
[ info ] [ LANG ] /www/wwwroot/pingshen/application/admin//lang/zh-cn.php
[ info ] [ ROUTE ] array (
)
[ info ] [ HEADER ] array (
  'accept-encoding' => 'gzip',
  'connection' => 'Keep-Alive',
  'host' => 'pingshen.hbhb.vip',
  'user-agent' => 'Mozilla/5.0 (X11; Ubuntu; Linux x86_64; rv:36.0) Gecko/20100101 Firefox/36.0',
  'content-type' => '',
  'content-length' => '',
)
[ info ] [ PARAM ] array (
)
[ info ] [ VIEW ] /www/wwwroot/pingshen/application/admin/view/login/index.html [ array (
) ]
[ error ] [8]未定义变量: system[/www/wwwroot/pingshen/runtime/temp/b8b184884121afc82a66e9b20efb8822.php:37]
---------------------------------------------------------------
[2020-12-25T07:59:55+08:00] 47.101.196.225 GET pingshen.hbhb.vip/admin/index/index.html
[运行时间：0.020456s] [吞吐率：48.89req/s] [内存消耗：2,225.32kb] [文件加载：75]
[ info ] [ LANG ] /www/wwwroot/pingshen/thinkphp/lang/zh-cn.php
[ info ] [ LANG ] /www/wwwroot/pingshen/application/admin//lang/zh-cn.php
[ info ] [ ROUTE ] array (
)
[ info ] [ HEADER ] array (
  'accept-encoding' => 'gzip',
  'connection' => 'Keep-Alive',
  'host' => 'pingshen.hbhb.vip',
  'user-agent' => 'Mozilla/5.0 (X11; Ubuntu; Linux x86_64; rv:36.0) Gecko/20100101 Firefox/36.0',
  'content-type' => '',
  'content-length' => '',
)
[ info ] [ PARAM ] array (
)
---------------------------------------------------------------
[2020-12-25T07:59:55+08:00] 47.101.196.225 GET pingshen.hbhb.vip/admin/login/index.html
[运行时间：0.020404s] [吞吐率：49.01req/s] [内存消耗：2,210.23kb] [文件加载：77]
[ info ] [ LANG ] /www/wwwroot/pingshen/thinkphp/lang/zh-cn.php
[ info ] [ LANG ] /www/wwwroot/pingshen/application/admin//lang/zh-cn.php
[ info ] [ ROUTE ] array (
)
[ info ] [ HEADER ] array (
  'accept-encoding' => 'gzip',
  'connection' => 'Keep-Alive',
  'host' => 'pingshen.hbhb.vip',
  'user-agent' => 'Mozilla/5.0 (X11; Ubuntu; Linux x86_64; rv:36.0) Gecko/20100101 Firefox/36.0',
  'content-type' => '',
  'content-length' => '',
)
[ info ] [ PARAM ] array (
)
[ info ] [ VIEW ] /www/wwwroot/pingshen/application/admin/view/login/index.html [ array (
) ]
[ error ] [8]未定义变量: system[/www/wwwroot/pingshen/runtime/temp/b8b184884121afc82a66e9b20efb8822.php:37]
---------------------------------------------------------------
[2020-12-25T22:10:58+08:00] 47.101.200.245 GET pingshen.hbhb.vip/
[运行时间：0.162858s] [吞吐率：6.14req/s] [内存消耗：2,225.12kb] [文件加载：75]
[ info ] [ LANG ] /www/wwwroot/pingshen/thinkphp/lang/zh-cn.php
[ info ] [ LANG ] /www/wwwroot/pingshen/application/admin//lang/zh-cn.php
[ info ] [ ROUTE ] array (
)
[ info ] [ HEADER ] array (
  'accept-encoding' => 'gzip',
  'connection' => 'Keep-Alive',
  'host' => 'pingshen.hbhb.vip',
  'user-agent' => 'Mozilla/5.0 (X11; Ubuntu; Linux x86_64; rv:36.0) Gecko/20100101 Firefox/36.0',
  'content-type' => '',
  'content-length' => '',
)
[ info ] [ PARAM ] array (
)
---------------------------------------------------------------
[2020-12-25T22:10:58+08:00] 47.101.200.245 GET pingshen.hbhb.vip/admin/login/index.html
[运行时间：0.027067s] [吞吐率：36.95req/s] [内存消耗：2,210.23kb] [文件加载：77]
[ info ] [ LANG ] /www/wwwroot/pingshen/thinkphp/lang/zh-cn.php
[ info ] [ LANG ] /www/wwwroot/pingshen/application/admin//lang/zh-cn.php
[ info ] [ ROUTE ] array (
)
[ info ] [ HEADER ] array (
  'accept-encoding' => 'gzip',
  'connection' => 'Keep-Alive',
  'host' => 'pingshen.hbhb.vip',
  'user-agent' => 'Mozilla/5.0 (X11; Ubuntu; Linux x86_64; rv:36.0) Gecko/20100101 Firefox/36.0',
  'content-type' => '',
  'content-length' => '',
)
[ info ] [ PARAM ] array (
)
[ info ] [ VIEW ] /www/wwwroot/pingshen/application/admin/view/login/index.html [ array (
) ]
[ error ] [8]未定义变量: system[/www/wwwroot/pingshen/runtime/temp/b8b184884121afc82a66e9b20efb8822.php:37]
---------------------------------------------------------------
[2020-12-25T22:10:58+08:00] 47.101.200.245 GET pingshen.hbhb.vip/admin/index/index.html
[运行时间：0.021122s] [吞吐率：47.34req/s] [内存消耗：2,225.32kb] [文件加载：75]
[ info ] [ LANG ] /www/wwwroot/pingshen/thinkphp/lang/zh-cn.php
[ info ] [ LANG ] /www/wwwroot/pingshen/application/admin//lang/zh-cn.php
[ info ] [ ROUTE ] array (
)
[ info ] [ HEADER ] array (
  'accept-encoding' => 'gzip',
  'connection' => 'Keep-Alive',
  'host' => 'pingshen.hbhb.vip',
  'user-agent' => 'Mozilla/5.0 (X11; Ubuntu; Linux x86_64; rv:36.0) Gecko/20100101 Firefox/36.0',
  'content-type' => '',
  'content-length' => '',
)
[ info ] [ PARAM ] array (
)
---------------------------------------------------------------
[2020-12-25T22:10:58+08:00] 47.101.200.245 GET pingshen.hbhb.vip/admin/login/index.html
[运行时间：0.020821s] [吞吐率：48.03req/s] [内存消耗：2,210.23kb] [文件加载：77]
[ info ] [ LANG ] /www/wwwroot/pingshen/thinkphp/lang/zh-cn.php
[ info ] [ LANG ] /www/wwwroot/pingshen/application/admin//lang/zh-cn.php
[ info ] [ ROUTE ] array (
)
[ info ] [ HEADER ] array (
  'accept-encoding' => 'gzip',
  'connection' => 'Keep-Alive',
  'host' => 'pingshen.hbhb.vip',
  'user-agent' => 'Mozilla/5.0 (X11; Ubuntu; Linux x86_64; rv:36.0) Gecko/20100101 Firefox/36.0',
  'content-type' => '',
  'content-length' => '',
)
[ info ] [ PARAM ] array (
)
[ info ] [ VIEW ] /www/wwwroot/pingshen/application/admin/view/login/index.html [ array (
) ]
[ error ] [8]未定义变量: system[/www/wwwroot/pingshen/runtime/temp/b8b184884121afc82a66e9b20efb8822.php:37]
