---------------------------------------------------------------
[2020-12-29T03:39:28+08:00] 175.24.19.31 POST pingshen.hbhb.vip/api/users/wxlogin
[运行时间：0.277517s] [吞吐率：3.60req/s] [内存消耗：3,775.75kb] [文件加载：90]
[ info ] [ LANG ] /www/wwwroot/pingshen/thinkphp/lang/zh-cn.php
[ info ] [ ROUTE ] array (
)
[ info ] [ HEADER ] array (
  'x-wx-cascade-timeout' => '10000',
  'content-type' => 'application/json',
  'user-agent' => 'Mozilla/5.0 (iPhone; CPU iPhone OS 11_0 like Mac OS X) AppleWebKit/604.1.38 (KHTML, like Gecko) Version/11.0 Mobile/15A372 Safari/604.1 MicroMessenger/6.5 mpcrawler',
  'referer' => 'https://servicewechat.com/wx700e406bf204d191/1/page-frame.html',
  'host' => 'pingshen.hbhb.vip',
  'content-length' => '43',
  'connection' => 'keep-alive',
  'accept-language' => 'en-US',
  'accept-encoding' => 'gzip, deflate',
  'accept' => '*/*',
)
[ info ] [ PARAM ] array (
  'code' => '0112en000oTiUK1O6c200XXOaR22en0x',
)
[ info ] [ DB ] INIT mysql
[ error ] [8]未定义数组索引: openid[/www/wwwroot/pingshen/application/api/controller/Base.php:33]
[ error ] [8]未定义数组索引: errcode[/www/wwwroot/pingshen/application/api/controller/Users.php:28]
[ error ] [8]未定义数组索引: errcode[/www/wwwroot/pingshen/application/api/controller/Users.php:28]
[ sql ] [ DB ] CONNECT:[ UseTime:0.008706s ] mysql:host=47.97.169.58;port=3306;dbname=pingshen;charset=utf8
[ sql ] [ SQL ] SHOW COLUMNS FROM `weixin_user` [ RunTime:0.009701s ]
[ sql ] [ SQL ] SELECT * FROM `weixin_user` WHERE  `openid` = 'oqBTY5SNQGEOx-D4HmghAm_H3wHM' LIMIT 1 [ RunTime:0.007178s ]
---------------------------------------------------------------
[2020-12-29T03:39:29+08:00] 81.68.171.50 POST pingshen.hbhb.vip/api/users/reg
[运行时间：0.203912s] [吞吐率：4.90req/s] [内存消耗：3,555.45kb] [文件加载：94]
[ info ] [ LANG ] /www/wwwroot/pingshen/thinkphp/lang/zh-cn.php
[ info ] [ ROUTE ] array (
)
[ info ] [ HEADER ] array (
  'x-wx-cascade-timeout' => '10000',
  'content-type' => 'application/json',
  'user-agent' => 'Mozilla/5.0 (iPhone; CPU iPhone OS 11_0 like Mac OS X) AppleWebKit/604.1.38 (KHTML, like Gecko) Version/11.0 Mobile/15A372 Safari/604.1 MicroMessenger/6.5 mpcrawler',
  'referer' => 'https://servicewechat.com/wx700e406bf204d191/1/page-frame.html',
  'host' => 'pingshen.hbhb.vip',
  'content-length' => '228',
  'connection' => 'keep-alive',
  'accept-language' => 'en-US',
  'accept-encoding' => 'gzip, deflate',
  'accept' => '*/*',
)
[ info ] [ PARAM ] array (
  'nickName' => '吕长帆',
  'gender' => '0',
  'language' => 'zh_CN',
  'city' => '',
  'province' => '',
  'country' => '',
  'avatarUrl' => 'https://thirdwx.qlogo.cn/mmhead/PTet0I0AECBW8HLwyTr62vmCiaZnia7icyMQVQAvhjT2Fw/132',
  'openid' => 'oqBTY5SNQGEOx-D4HmghAm_H3wHM',
)
[ info ] [ DB ] INIT mysql
[ error ] [8]未定义数组索引: nickname[/www/wwwroot/pingshen/application/api/controller/Users.php:49]
[ error ] [8]未定义数组索引: avatarurl[/www/wwwroot/pingshen/application/api/controller/Users.php:50]
[ error ] [8]未定义数组索引: u[/www/wwwroot/pingshen/application/api/controller/Users.php:72]
[ error ] [8192]Non-static method app\api\model\Token::create_unique() should not be called statically[/www/wwwroot/pingshen/application/api/model/Token.php:37]
[ sql ] [ DB ] CONNECT:[ UseTime:0.008783s ] mysql:host=47.97.169.58;port=3306;dbname=pingshen;charset=utf8
[ sql ] [ SQL ] SHOW COLUMNS FROM `weixin_user` [ RunTime:0.011457s ]
[ sql ] [ SQL ] SELECT * FROM `weixin_user` WHERE  `openid` = 'oqBTY5SNQGEOx-D4HmghAm_H3wHM' LIMIT 1 [ RunTime:0.006345s ]
[ sql ] [ SQL ] INSERT INTO `weixin_user` (`gender` , `language` , `city` , `province` , `country` , `openid` , `nickname` , `avatarurl`) VALUES ('0' , 'zh_CN' , '' , '' , '' , 'oqBTY5SNQGEOx-D4HmghAm_H3wHM' , '吕长帆' , 'https://thirdwx.qlogo.cn/mmhead/PTet0I0AECBW8HLwyTr62vmCiaZnia7icyMQVQAvhjT2Fw/132') [ RunTime:0.005879s ]
[ sql ] [ SQL ] SELECT * FROM `weixin_user` WHERE  `openid` = 'oqBTY5SNQGEOx-D4HmghAm_H3wHM' LIMIT 1 [ RunTime:0.005863s ]
[ sql ] [ SQL ] SHOW COLUMNS FROM `users` [ RunTime:0.062803s ]
[ sql ] [ SQL ] SELECT * FROM `users` WHERE  `openid` = 'oqBTY5SNQGEOx-D4HmghAm_H3wHM' ORDER BY `id` DESC LIMIT 1 [ RunTime:0.009017s ]
[ sql ] [ SQL ] INSERT INTO `users` (`city` , `province` , `country` , `openid` , `nickname` , `headimg` , `sex` , `parent_id`) VALUES ('' , '' , '' , 'oqBTY5SNQGEOx-D4HmghAm_H3wHM' , '吕长帆' , 'https://thirdwx.qlogo.cn/mmhead/PTet0I0AECBW8HLwyTr62vmCiaZnia7icyMQVQAvhjT2Fw/132' , 0 , 0) [ RunTime:0.007326s ]
[ sql ] [ SQL ] UPDATE `weixin_user`  SET `userid` = 76  WHERE  `openid` = 'oqBTY5SNQGEOx-D4HmghAm_H3wHM' [ RunTime:0.006042s ]
[ sql ] [ SQL ] UPDATE `users`  SET `sex` = 0 , `country` = '' , `province` = '' , `city` = ''  WHERE  `id` = 76 [ RunTime:0.005830s ]
[ sql ] [ SQL ] SELECT * FROM `users` WHERE  `id` = 76 LIMIT 1 [ RunTime:0.005897s ]
---------------------------------------------------------------
[2020-12-29T16:36:37+08:00] 223.104.111.230 POST pingshen.hbhb.vip/api/users/wxlogin
[运行时间：0.543161s] [吞吐率：1.84req/s] [内存消耗：3,848.52kb] [文件加载：92]
[ info ] [ LANG ] /www/wwwroot/pingshen/thinkphp/lang/zh-cn.php
[ info ] [ ROUTE ] array (
)
[ info ] [ HEADER ] array (
  'accept-encoding' => 'gzip, deflate, br',
  'referer' => 'https://servicewechat.com/wx700e406bf204d191/0/page-frame.html',
  'user-agent' => 'Mozilla/5.0 (iPhone; CPU iPhone OS 13_7 like Mac OS X) AppleWebKit/605.1.15 (KHTML, like Gecko) Mobile/15E148 MicroMessenger/7.0.20(0x17001425) NetType/4G Language/zh_CN',
  'accept-language' => 'zh-cn',
  'content-length' => '43',
  'content-type' => 'application/json',
  'accept' => '*/*',
  'host' => 'pingshen.hbhb.vip',
)
[ info ] [ PARAM ] array (
  'code' => '033pBC1w3Z10AV2bFj0w3zLUl93pBC1S',
)
[ info ] [ DB ] INIT mysql
[ error ] [8]未定义数组索引: openid[/www/wwwroot/pingshen/application/api/controller/Base.php:33]
[ error ] [8]未定义数组索引: errcode[/www/wwwroot/pingshen/application/api/controller/Users.php:28]
[ error ] [8]未定义数组索引: errcode[/www/wwwroot/pingshen/application/api/controller/Users.php:28]
[ error ] [8192]Non-static method app\api\model\Token::create_unique() should not be called statically[/www/wwwroot/pingshen/application/api/model/Token.php:37]
[ sql ] [ DB ] CONNECT:[ UseTime:0.008636s ] mysql:host=47.97.169.58;port=3306;dbname=pingshen;charset=utf8
[ sql ] [ SQL ] SHOW COLUMNS FROM `weixin_user` [ RunTime:0.008267s ]
[ sql ] [ SQL ] SELECT * FROM `weixin_user` WHERE  `openid` = 'oqBTY5Xs6MZMvs9PbcagfsWrZDPM' LIMIT 1 [ RunTime:0.005847s ]
[ sql ] [ SQL ] SHOW COLUMNS FROM `users` [ RunTime:0.036387s ]
[ sql ] [ SQL ] SELECT * FROM `users` WHERE  `id` = 67 LIMIT 1 [ RunTime:0.008313s ]
---------------------------------------------------------------
[2020-12-29T16:36:37+08:00] 223.104.111.230 POST pingshen.hbhb.vip/api/users/wxlogin
[运行时间：0.543161s] [吞吐率：1.84req/s] [内存消耗：3,848.52kb] [文件加载：92]
[ info ] [ LANG ] /www/wwwroot/pingshen/thinkphp/lang/zh-cn.php
[ info ] [ ROUTE ] array (
)
[ info ] [ HEADER ] array (
  'accept-encoding' => 'gzip, deflate, br',
  'referer' => 'https://servicewechat.com/wx700e406bf204d191/0/page-frame.html',
  'user-agent' => 'Mozilla/5.0 (iPhone; CPU iPhone OS 13_7 like Mac OS X) AppleWebKit/605.1.15 (KHTML, like Gecko) Mobile/15E148 MicroMessenger/7.0.20(0x17001425) NetType/4G Language/zh_CN',
  'accept-language' => 'zh-cn',
  'content-length' => '43',
  'content-type' => 'application/json',
  'accept' => '*/*',
  'host' => 'pingshen.hbhb.vip',
)
[ info ] [ PARAM ] array (
  'code' => '083gLCFa1Do6fA0UdaGa1mVLQb1gLCFB',
)
[ info ] [ DB ] INIT mysql
[ error ] [8]未定义数组索引: openid[/www/wwwroot/pingshen/application/api/controller/Base.php:33]
[ error ] [8]未定义数组索引: errcode[/www/wwwroot/pingshen/application/api/controller/Users.php:28]
[ error ] [8]未定义数组索引: errcode[/www/wwwroot/pingshen/application/api/controller/Users.php:28]
[ error ] [8192]Non-static method app\api\model\Token::create_unique() should not be called statically[/www/wwwroot/pingshen/application/api/model/Token.php:37]
[ sql ] [ DB ] CONNECT:[ UseTime:0.008408s ] mysql:host=47.97.169.58;port=3306;dbname=pingshen;charset=utf8
[ sql ] [ SQL ] SHOW COLUMNS FROM `weixin_user` [ RunTime:0.008361s ]
[ sql ] [ SQL ] SELECT * FROM `weixin_user` WHERE  `openid` = 'oqBTY5Xs6MZMvs9PbcagfsWrZDPM' LIMIT 1 [ RunTime:0.005618s ]
[ sql ] [ SQL ] SHOW COLUMNS FROM `users` [ RunTime:0.036260s ]
[ sql ] [ SQL ] SELECT * FROM `users` WHERE  `id` = 67 LIMIT 1 [ RunTime:0.008401s ]
---------------------------------------------------------------
[2020-12-29T16:36:38+08:00] 223.104.111.230 POST pingshen.hbhb.vip/api/department/departList
[运行时间：0.086516s] [吞吐率：11.56req/s] [内存消耗：3,413.88kb] [文件加载：83]
[ info ] [ LANG ] /www/wwwroot/pingshen/thinkphp/lang/zh-cn.php
[ info ] [ ROUTE ] array (
)
[ info ] [ HEADER ] array (
  'accept-encoding' => 'gzip, deflate, br',
  'referer' => 'https://servicewechat.com/wx700e406bf204d191/0/page-frame.html',
  'user-agent' => 'Mozilla/5.0 (iPhone; CPU iPhone OS 13_7 like Mac OS X) AppleWebKit/605.1.15 (KHTML, like Gecko) Mobile/15E148 MicroMessenger/7.0.20(0x17001425) NetType/4G Language/zh_CN',
  'accept-language' => 'zh-cn',
  'content-length' => '52',
  'content-type' => 'application/json',
  'accept' => '*/*',
  'host' => 'pingshen.hbhb.vip',
)
[ info ] [ PARAM ] array (
  'token' => '2cf8fcde00dc8cc739c95386c4143e79e8ef4283',
)
[ info ] [ DB ] INIT mysql
[ error ] [8]未定义数组索引: openid[/www/wwwroot/pingshen/application/api/controller/Base.php:33]
[ sql ] [ DB ] CONNECT:[ UseTime:0.008961s ] mysql:host=47.97.169.58;port=3306;dbname=pingshen;charset=utf8
[ sql ] [ SQL ] SHOW COLUMNS FROM `department` [ RunTime:0.034710s ]
[ sql ] [ SQL ] SELECT COUNT(*) AS tp_count FROM `department` ORDER BY `sort` DESC,`id` ASC [ RunTime:0.006727s ]
[ sql ] [ SQL ] SELECT `id`,`class_name` FROM `department` ORDER BY `sort` DESC,`id` ASC LIMIT 0,12 [ RunTime:0.005937s ]
---------------------------------------------------------------
[2020-12-29T16:36:38+08:00] 223.104.111.230 POST pingshen.hbhb.vip/api/standard/standList
[运行时间：0.054600s] [吞吐率：18.32req/s] [内存消耗：3,523.66kb] [文件加载：91]
[ info ] [ LANG ] /www/wwwroot/pingshen/thinkphp/lang/zh-cn.php
[ info ] [ ROUTE ] array (
)
[ info ] [ HEADER ] array (
  'accept-encoding' => 'gzip, deflate, br',
  'referer' => 'https://servicewechat.com/wx700e406bf204d191/0/page-frame.html',
  'user-agent' => 'Mozilla/5.0 (iPhone; CPU iPhone OS 13_7 like Mac OS X) AppleWebKit/605.1.15 (KHTML, like Gecko) Mobile/15E148 MicroMessenger/7.0.20(0x17001425) NetType/4G Language/zh_CN',
  'accept-language' => 'zh-cn',
  'content-length' => '52',
  'content-type' => 'application/json',
  'accept' => '*/*',
  'host' => 'pingshen.hbhb.vip',
)
[ info ] [ PARAM ] array (
  'token' => '2cf8fcde00dc8cc739c95386c4143e79e8ef4283',
)
[ info ] [ DB ] INIT mysql
[ error ] [8]未定义数组索引: openid[/www/wwwroot/pingshen/application/api/controller/Base.php:33]
[ sql ] [ DB ] CONNECT:[ UseTime:0.008409s ] mysql:host=47.97.169.58;port=3306;dbname=pingshen;charset=utf8
[ sql ] [ SQL ] SHOW COLUMNS FROM `users` [ RunTime:0.006407s ]
[ sql ] [ SQL ] SELECT * FROM `users` WHERE  `id` = 67 LIMIT 1 [ RunTime:0.005839s ]
