---------------------------------------------------------------
[2020-02-03T16:01:06+08:00] 111.229.107.124 POST pingshen.hbhb.vip/api/users/wxlogin
[运行时间：0.323801s] [吞吐率：3.09req/s] [内存消耗：3,775.78kb] [文件加载：90]
[ info ] [ LANG ] /www/wwwroot/pingshen/thinkphp/lang/zh-cn.php
[ info ] [ ROUTE ] array (
)
[ info ] [ HEADER ] array (
  'x-wx-cascade-timeout' => '10000',
  'content-type' => 'application/json',
  'user-agent' => 'Mozilla/5.0 (iPhone; CPU iPhone OS 11_0 like Mac OS X) AppleWebKit/604.1.38 (KHTML, like Gecko) Version/11.0 Mobile/15A372 Safari/604.1 MicroMessenger/6.5 mpcrawler',
  'referer' => 'https://servicewechat.com/wx700e406bf204d191/1/page-frame.html',
  'pragma' => 'no-cache',
  'host' => 'pingshen.hbhb.vip',
  'content-length' => '43',
  'connection' => 'keep-alive',
  'cache-control' => 'no-cache',
  'accept-encoding' => 'gzip, deflate',
  'accept' => '*/*',
)
[ info ] [ PARAM ] array (
  'code' => '08181xbl16D0Dq0q2Yal1eYbbl181xbg',
)
[ info ] [ DB ] INIT mysql
[ error ] [8]未定义数组索引: openid[/www/wwwroot/pingshen/application/api/controller/Base.php:33]
[ error ] [8]未定义数组索引: errcode[/www/wwwroot/pingshen/application/api/controller/Users.php:28]
[ error ] [8]未定义数组索引: errcode[/www/wwwroot/pingshen/application/api/controller/Users.php:28]
[ sql ] [ DB ] CONNECT:[ UseTime:0.009321s ] mysql:host=47.97.169.58;port=3306;dbname=pingshen;charset=utf8
[ sql ] [ SQL ] SHOW COLUMNS FROM `weixin_user` [ RunTime:0.007537s ]
[ sql ] [ SQL ] SELECT * FROM `weixin_user` WHERE  `openid` = 'oqBTY5QAzQ2fVlwAfYjbBq_b-5tE' LIMIT 1 [ RunTime:0.006299s ]
---------------------------------------------------------------
[2020-02-03T16:01:06+08:00] 111.229.3.184 POST pingshen.hbhb.vip/api/users/reg
[运行时间：0.139643s] [吞吐率：7.16req/s] [内存消耗：3,555.64kb] [文件加载：94]
[ info ] [ LANG ] /www/wwwroot/pingshen/thinkphp/lang/zh-cn.php
[ info ] [ ROUTE ] array (
)
[ info ] [ HEADER ] array (
  'x-wx-cascade-timeout' => '10000',
  'content-type' => 'application/json',
  'user-agent' => 'Mozilla/5.0 (iPhone; CPU iPhone OS 11_0 like Mac OS X) AppleWebKit/604.1.38 (KHTML, like Gecko) Version/11.0 Mobile/15A372 Safari/604.1 MicroMessenger/6.5 mpcrawler',
  'referer' => 'https://servicewechat.com/wx700e406bf204d191/1/page-frame.html',
  'pragma' => 'no-cache',
  'host' => 'pingshen.hbhb.vip',
  'content-length' => '220',
  'connection' => 'keep-alive',
  'cache-control' => 'no-cache',
  'accept-encoding' => 'gzip, deflate',
  'accept' => '*/*',
)
[ info ] [ PARAM ] array (
  'nickName' => '梁家豪',
  'gender' => '0',
  'language' => 'zh_CN',
  'city' => '',
  'province' => '',
  'country' => '',
  'avatarUrl' => 'https://wx.qlogo.cn/mmhead/3Bhd4dj20RNNTO7ZvAjj6A270jYUY6tIZWaMgQHNE6w/132',
  'openid' => 'oqBTY5QAzQ2fVlwAfYjbBq_b-5tE',
)
[ info ] [ DB ] INIT mysql
[ error ] [8]未定义数组索引: nickname[/www/wwwroot/pingshen/application/api/controller/Users.php:49]
[ error ] [8]未定义数组索引: avatarurl[/www/wwwroot/pingshen/application/api/controller/Users.php:50]
[ error ] [8]未定义数组索引: u[/www/wwwroot/pingshen/application/api/controller/Users.php:72]
[ error ] [8192]Non-static method app\api\model\Token::create_unique() should not be called statically[/www/wwwroot/pingshen/application/api/model/Token.php:37]
[ sql ] [ DB ] CONNECT:[ UseTime:0.009207s ] mysql:host=47.97.169.58;port=3306;dbname=pingshen;charset=utf8
[ sql ] [ SQL ] SHOW COLUMNS FROM `weixin_user` [ RunTime:0.007498s ]
[ sql ] [ SQL ] SELECT * FROM `weixin_user` WHERE  `openid` = 'oqBTY5QAzQ2fVlwAfYjbBq_b-5tE' LIMIT 1 [ RunTime:0.006242s ]
[ sql ] [ SQL ] INSERT INTO `weixin_user` (`gender` , `language` , `city` , `province` , `country` , `openid` , `nickname` , `avatarurl`) VALUES ('0' , 'zh_CN' , '' , '' , '' , 'oqBTY5QAzQ2fVlwAfYjbBq_b-5tE' , '梁家豪' , 'https://wx.qlogo.cn/mmhead/3Bhd4dj20RNNTO7ZvAjj6A270jYUY6tIZWaMgQHNE6w/132') [ RunTime:0.006188s ]
[ sql ] [ SQL ] SELECT * FROM `weixin_user` WHERE  `openid` = 'oqBTY5QAzQ2fVlwAfYjbBq_b-5tE' LIMIT 1 [ RunTime:0.006184s ]
[ sql ] [ SQL ] SHOW COLUMNS FROM `users` [ RunTime:0.007393s ]
[ sql ] [ SQL ] SELECT * FROM `users` WHERE  `openid` = 'oqBTY5QAzQ2fVlwAfYjbBq_b-5tE' ORDER BY `id` DESC LIMIT 1 [ RunTime:0.006302s ]
[ sql ] [ SQL ] INSERT INTO `users` (`city` , `province` , `country` , `openid` , `nickname` , `headimg` , `sex` , `parent_id`) VALUES ('' , '' , '' , 'oqBTY5QAzQ2fVlwAfYjbBq_b-5tE' , '梁家豪' , 'https://wx.qlogo.cn/mmhead/3Bhd4dj20RNNTO7ZvAjj6A270jYUY6tIZWaMgQHNE6w/132' , 0 , 0) [ RunTime:0.006131s ]
[ sql ] [ SQL ] UPDATE `weixin_user`  SET `userid` = 20  WHERE  `openid` = 'oqBTY5QAzQ2fVlwAfYjbBq_b-5tE' [ RunTime:0.006245s ]
[ sql ] [ SQL ] UPDATE `users`  SET `sex` = 0 , `country` = '' , `province` = '' , `city` = ''  WHERE  `id` = 20 [ RunTime:0.006178s ]
[ sql ] [ SQL ] SELECT * FROM `users` WHERE  `id` = 20 LIMIT 1 [ RunTime:0.006242s ]
---------------------------------------------------------------
[2020-02-03T17:32:35+08:00] 64.225.6.139 GET pingshen.hbhb.vip/
[运行时间：0.021634s] [吞吐率：46.22req/s] [内存消耗：2,224.82kb] [文件加载：75]
[ info ] [ LANG ] /www/wwwroot/pingshen/thinkphp/lang/zh-cn.php
[ info ] [ LANG ] /www/wwwroot/pingshen/application/admin//lang/zh-cn.php
[ info ] [ ROUTE ] array (
)
[ info ] [ HEADER ] array (
  'user-agent' => 'Mozilla/5.0 (compatible; NetcraftSurveyAgent/1.0; +info@netcraft.com)',
  'host' => 'pingshen.hbhb.vip',
  'content-type' => '',
  'content-length' => '',
)
[ info ] [ PARAM ] array (
)
