---------------------------------------------------------------
[2020-02-19T11:10:05+08:00] 115.192.140.154 GET pingshen.hbhb.vip/admin/index/index.html
[运行时间：0.054253s] [吞吐率：18.43req/s] [内存消耗：3,140.69kb] [文件加载：84]
[ info ] [ LANG ] /www/wwwroot/pingshen/thinkphp/lang/zh-cn.php
[ info ] [ LANG ] /www/wwwroot/pingshen/application/admin//lang/zh-cn.php
[ info ] [ ROUTE ] array (
)
[ info ] [ HEADER ] array (
  'cookie' => 'skin=0; PHPSESSID=6jj16eh9jjt4nmtvcpugfsdn3j; __guid=45053733.3000308160523766000.1581945795151.1138',
  'accept-language' => 'zh-CN,zh;q=0.9',
  'accept-encoding' => 'gzip, deflate, br',
  'referer' => 'https://pingshen.hbhb.vip/admin/login/index.html',
  'accept' => 'text/html,application/xhtml+xml,application/xml;q=0.9,image/webp,image/apng,*/*;q=0.8',
  'user-agent' => 'Mozilla/5.0 (Windows NT 6.1; WOW64) AppleWebKit/537.36 (KHTML, like Gecko) Chrome/63.0.3239.132 Safari/537.36',
  'upgrade-insecure-requests' => '1',
  'cache-control' => 'max-age=0',
  'host' => 'pingshen.hbhb.vip',
  'content-type' => '',
  'content-length' => '',
)
[ info ] [ PARAM ] array (
)
[ info ] [ DB ] INIT mysql
[ info ] [ VIEW ] /www/wwwroot/pingshen/application/admin/view/index/index.html [ array (
  0 => 'menus',
) ]
[ sql ] [ DB ] CONNECT:[ UseTime:0.009615s ] mysql:host=47.97.169.58;port=3306;dbname=pingshen;charset=utf8
[ sql ] [ SQL ] SHOW COLUMNS FROM `auth_rule` [ RunTime:0.007623s ]
[ sql ] [ SQL ] SELECT * FROM `auth_rule` WHERE  ( menustatus=1 ) ORDER BY `sort` [ RunTime:0.006501s ]
---------------------------------------------------------------
[2020-02-19T11:10:05+08:00] 115.192.140.154 GET pingshen.hbhb.vip/uploads/20180625/f266169c2956429d9aaea6cf6f1e51cb.jpg
[运行时间：0.015484s] [吞吐率：64.58req/s] [内存消耗：1,661.92kb] [文件加载：57]
[ info ] [ LANG ] /www/wwwroot/pingshen/thinkphp/lang/zh-cn.php
---------------------------------------------------------------
[2020-02-19T11:10:06+08:00] 115.192.140.154 GET pingshen.hbhb.vip/admin/index/main.html
[运行时间：0.045450s] [吞吐率：22.00req/s] [内存消耗：3,098.35kb] [文件加载：84]
[ info ] [ LANG ] /www/wwwroot/pingshen/thinkphp/lang/zh-cn.php
[ info ] [ LANG ] /www/wwwroot/pingshen/application/admin//lang/zh-cn.php
[ info ] [ ROUTE ] array (
)
[ info ] [ HEADER ] array (
  'cookie' => 'skin=0; PHPSESSID=6jj16eh9jjt4nmtvcpugfsdn3j; __guid=45053733.3000308160523766000.1581945795151.1138; monitor_count=1',
  'accept-language' => 'zh-CN,zh;q=0.9',
  'accept-encoding' => 'gzip, deflate, br',
  'referer' => 'https://pingshen.hbhb.vip/admin/index/index.html',
  'accept' => 'text/html,application/xhtml+xml,application/xml;q=0.9,image/webp,image/apng,*/*;q=0.8',
  'user-agent' => 'Mozilla/5.0 (Windows NT 6.1; WOW64) AppleWebKit/537.36 (KHTML, like Gecko) Chrome/63.0.3239.132 Safari/537.36',
  'upgrade-insecure-requests' => '1',
  'host' => 'pingshen.hbhb.vip',
  'content-type' => '',
  'content-length' => '',
)
[ info ] [ PARAM ] array (
)
[ info ] [ DB ] INIT mysql
[ info ] [ VIEW ] /www/wwwroot/pingshen/application/admin/view/index/main.html [ array (
  0 => 'config',
) ]
[ sql ] [ DB ] CONNECT:[ UseTime:0.009208s ] mysql:host=47.97.169.58;port=3306;dbname=pingshen;charset=utf8
[ sql ] [ SQL ] SELECT VERSION() AS ver [ RunTime:0.006013s ]
[ error ] [8]未定义数组索引: HTTP_CLIENT_IP[/www/wwwroot/pingshen/application/common.php:227]
[ error ] [8]未定义数组索引: HTTP_X_FORWARDED_FOR[/www/wwwroot/pingshen/application/common.php:229]
---------------------------------------------------------------
[2020-02-19T11:10:13+08:00] 115.192.140.154 GET pingshen.hbhb.vip/admin/users/userlist.html
[运行时间：0.021358s] [吞吐率：46.82req/s] [内存消耗：2,223.90kb] [文件加载：76]
[ info ] [ LANG ] /www/wwwroot/pingshen/thinkphp/lang/zh-cn.php
[ info ] [ LANG ] /www/wwwroot/pingshen/application/admin//lang/zh-cn.php
[ info ] [ ROUTE ] array (
)
[ info ] [ HEADER ] array (
  'cookie' => 'skin=0; PHPSESSID=6jj16eh9jjt4nmtvcpugfsdn3j; __guid=45053733.3000308160523766000.1581945795151.1138; monitor_count=1',
  'accept-language' => 'zh-CN,zh;q=0.9',
  'accept-encoding' => 'gzip, deflate, br',
  'referer' => 'https://pingshen.hbhb.vip/admin/index/index.html',
  'accept' => 'text/html,application/xhtml+xml,application/xml;q=0.9,image/webp,image/apng,*/*;q=0.8',
  'user-agent' => 'Mozilla/5.0 (Windows NT 6.1; WOW64) AppleWebKit/537.36 (KHTML, like Gecko) Chrome/63.0.3239.132 Safari/537.36',
  'upgrade-insecure-requests' => '1',
  'host' => 'pingshen.hbhb.vip',
  'content-type' => '',
  'content-length' => '',
)
[ info ] [ PARAM ] array (
)
[ info ] [ VIEW ] /www/wwwroot/pingshen/application/admin/view/users/user_list.html [ array (
) ]
---------------------------------------------------------------
[2020-02-19T11:10:14+08:00] 115.192.140.154 POST pingshen.hbhb.vip/admin/users/userlist.html
[运行时间：0.050767s] [吞吐率：19.70req/s] [内存消耗：3,111.90kb] [文件加载：77]
[ info ] [ LANG ] /www/wwwroot/pingshen/thinkphp/lang/zh-cn.php
[ info ] [ LANG ] /www/wwwroot/pingshen/application/admin//lang/zh-cn.php
[ info ] [ ROUTE ] array (
)
[ info ] [ HEADER ] array (
  'cookie' => 'skin=0; PHPSESSID=6jj16eh9jjt4nmtvcpugfsdn3j; __guid=45053733.3000308160523766000.1581945795151.1138; monitor_count=1',
  'accept-language' => 'zh-CN,zh;q=0.9',
  'accept-encoding' => 'gzip, deflate, br',
  'referer' => 'https://pingshen.hbhb.vip/admin/users/userlist.html',
  'content-type' => 'application/x-www-form-urlencoded; charset=UTF-8',
  'user-agent' => 'Mozilla/5.0 (Windows NT 6.1; WOW64) AppleWebKit/537.36 (KHTML, like Gecko) Chrome/63.0.3239.132 Safari/537.36',
  'x-requested-with' => 'XMLHttpRequest',
  'origin' => 'https://pingshen.hbhb.vip',
  'accept' => 'application/json, text/javascript, */*; q=0.01',
  'content-length' => '15',
  'host' => 'pingshen.hbhb.vip',
)
[ info ] [ PARAM ] array (
  'page' => '1',
  'limit' => '10',
)
[ info ] [ DB ] INIT mysql
[ sql ] [ DB ] CONNECT:[ UseTime:0.009240s ] mysql:host=47.97.169.58;port=3306;dbname=pingshen;charset=utf8
[ sql ] [ SQL ] SHOW COLUMNS FROM `users` [ RunTime:0.007846s ]
[ sql ] [ SQL ] SELECT * FROM `users` WHERE  ( `nickname` LIKE '%%' OR `email` LIKE '%%' OR `mobile` LIKE '%%' ) [ RunTime:0.006394s ]
---------------------------------------------------------------
[2020-02-19T22:04:07+08:00] 115.192.140.154 GET pingshen.hbhb.vip/admin/index/index.html
[运行时间：0.053464s] [吞吐率：18.70req/s] [内存消耗：3,140.69kb] [文件加载：84]
[ info ] [ LANG ] /www/wwwroot/pingshen/thinkphp/lang/zh-cn.php
[ info ] [ LANG ] /www/wwwroot/pingshen/application/admin//lang/zh-cn.php
[ info ] [ ROUTE ] array (
)
[ info ] [ HEADER ] array (
  'cookie' => 'skin=0; PHPSESSID=6jj16eh9jjt4nmtvcpugfsdn3j; __guid=45053733.3000308160523766000.1581945795151.1138; monitor_count=1',
  'accept-language' => 'zh-CN,zh;q=0.9',
  'accept-encoding' => 'gzip, deflate, br',
  'referer' => 'https://pingshen.hbhb.vip/admin/login/index.html',
  'accept' => 'text/html,application/xhtml+xml,application/xml;q=0.9,image/webp,image/apng,*/*;q=0.8',
  'user-agent' => 'Mozilla/5.0 (Windows NT 6.1; WOW64) AppleWebKit/537.36 (KHTML, like Gecko) Chrome/63.0.3239.132 Safari/537.36',
  'upgrade-insecure-requests' => '1',
  'cache-control' => 'max-age=0',
  'host' => 'pingshen.hbhb.vip',
  'content-type' => '',
  'content-length' => '',
)
[ info ] [ PARAM ] array (
)
[ info ] [ DB ] INIT mysql
[ info ] [ VIEW ] /www/wwwroot/pingshen/application/admin/view/index/index.html [ array (
  0 => 'menus',
) ]
[ sql ] [ DB ] CONNECT:[ UseTime:0.009127s ] mysql:host=47.97.169.58;port=3306;dbname=pingshen;charset=utf8
[ sql ] [ SQL ] SHOW COLUMNS FROM `auth_rule` [ RunTime:0.007480s ]
[ sql ] [ SQL ] SELECT * FROM `auth_rule` WHERE  ( menustatus=1 ) ORDER BY `sort` [ RunTime:0.006199s ]
---------------------------------------------------------------
[2020-02-19T22:04:07+08:00] 115.192.140.154 GET pingshen.hbhb.vip/uploads/20180625/f266169c2956429d9aaea6cf6f1e51cb.jpg
[运行时间：0.015364s] [吞吐率：65.09req/s] [内存消耗：1,661.92kb] [文件加载：57]
[ info ] [ LANG ] /www/wwwroot/pingshen/thinkphp/lang/zh-cn.php
---------------------------------------------------------------
[2020-02-19T22:04:07+08:00] 115.192.140.154 GET pingshen.hbhb.vip/admin/index/main.html
[运行时间：0.042438s] [吞吐率：23.56req/s] [内存消耗：3,098.35kb] [文件加载：84]
[ info ] [ LANG ] /www/wwwroot/pingshen/thinkphp/lang/zh-cn.php
[ info ] [ LANG ] /www/wwwroot/pingshen/application/admin//lang/zh-cn.php
[ info ] [ ROUTE ] array (
)
[ info ] [ HEADER ] array (
  'cookie' => 'skin=0; PHPSESSID=6jj16eh9jjt4nmtvcpugfsdn3j; __guid=45053733.3000308160523766000.1581945795151.1138; monitor_count=2',
  'accept-language' => 'zh-CN,zh;q=0.9',
  'accept-encoding' => 'gzip, deflate, br',
  'referer' => 'https://pingshen.hbhb.vip/admin/index/index.html',
  'accept' => 'text/html,application/xhtml+xml,application/xml;q=0.9,image/webp,image/apng,*/*;q=0.8',
  'user-agent' => 'Mozilla/5.0 (Windows NT 6.1; WOW64) AppleWebKit/537.36 (KHTML, like Gecko) Chrome/63.0.3239.132 Safari/537.36',
  'upgrade-insecure-requests' => '1',
  'host' => 'pingshen.hbhb.vip',
  'content-type' => '',
  'content-length' => '',
)
[ info ] [ PARAM ] array (
)
[ info ] [ DB ] INIT mysql
[ info ] [ VIEW ] /www/wwwroot/pingshen/application/admin/view/index/main.html [ array (
  0 => 'config',
) ]
[ sql ] [ DB ] CONNECT:[ UseTime:0.008154s ] mysql:host=47.97.169.58;port=3306;dbname=pingshen;charset=utf8
[ sql ] [ SQL ] SELECT VERSION() AS ver [ RunTime:0.005338s ]
[ error ] [8]未定义数组索引: HTTP_CLIENT_IP[/www/wwwroot/pingshen/application/common.php:227]
[ error ] [8]未定义数组索引: HTTP_X_FORWARDED_FOR[/www/wwwroot/pingshen/application/common.php:229]
---------------------------------------------------------------
[2020-02-19T22:04:10+08:00] 115.192.140.154 GET pingshen.hbhb.vip/admin/users/userlist.html
[运行时间：0.021307s] [吞吐率：46.93req/s] [内存消耗：2,223.90kb] [文件加载：76]
[ info ] [ LANG ] /www/wwwroot/pingshen/thinkphp/lang/zh-cn.php
[ info ] [ LANG ] /www/wwwroot/pingshen/application/admin//lang/zh-cn.php
[ info ] [ ROUTE ] array (
)
[ info ] [ HEADER ] array (
  'cookie' => 'skin=0; PHPSESSID=6jj16eh9jjt4nmtvcpugfsdn3j; __guid=45053733.3000308160523766000.1581945795151.1138; monitor_count=2',
  'accept-language' => 'zh-CN,zh;q=0.9',
  'accept-encoding' => 'gzip, deflate, br',
  'referer' => 'https://pingshen.hbhb.vip/admin/index/index.html',
  'accept' => 'text/html,application/xhtml+xml,application/xml;q=0.9,image/webp,image/apng,*/*;q=0.8',
  'user-agent' => 'Mozilla/5.0 (Windows NT 6.1; WOW64) AppleWebKit/537.36 (KHTML, like Gecko) Chrome/63.0.3239.132 Safari/537.36',
  'upgrade-insecure-requests' => '1',
  'host' => 'pingshen.hbhb.vip',
  'content-type' => '',
  'content-length' => '',
)
[ info ] [ PARAM ] array (
)
[ info ] [ VIEW ] /www/wwwroot/pingshen/application/admin/view/users/user_list.html [ array (
) ]
---------------------------------------------------------------
[2020-02-19T22:04:10+08:00] 115.192.140.154 POST pingshen.hbhb.vip/admin/users/userlist.html
[运行时间：0.050214s] [吞吐率：19.91req/s] [内存消耗：3,111.90kb] [文件加载：77]
[ info ] [ LANG ] /www/wwwroot/pingshen/thinkphp/lang/zh-cn.php
[ info ] [ LANG ] /www/wwwroot/pingshen/application/admin//lang/zh-cn.php
[ info ] [ ROUTE ] array (
)
[ info ] [ HEADER ] array (
  'cookie' => 'skin=0; PHPSESSID=6jj16eh9jjt4nmtvcpugfsdn3j; __guid=45053733.3000308160523766000.1581945795151.1138; monitor_count=2',
  'accept-language' => 'zh-CN,zh;q=0.9',
  'accept-encoding' => 'gzip, deflate, br',
  'referer' => 'https://pingshen.hbhb.vip/admin/users/userlist.html',
  'content-type' => 'application/x-www-form-urlencoded; charset=UTF-8',
  'user-agent' => 'Mozilla/5.0 (Windows NT 6.1; WOW64) AppleWebKit/537.36 (KHTML, like Gecko) Chrome/63.0.3239.132 Safari/537.36',
  'x-requested-with' => 'XMLHttpRequest',
  'origin' => 'https://pingshen.hbhb.vip',
  'accept' => 'application/json, text/javascript, */*; q=0.01',
  'content-length' => '15',
  'host' => 'pingshen.hbhb.vip',
)
[ info ] [ PARAM ] array (
  'page' => '1',
  'limit' => '10',
)
[ info ] [ DB ] INIT mysql
[ sql ] [ DB ] CONNECT:[ UseTime:0.009662s ] mysql:host=47.97.169.58;port=3306;dbname=pingshen;charset=utf8
[ sql ] [ SQL ] SHOW COLUMNS FROM `users` [ RunTime:0.007928s ]
[ sql ] [ SQL ] SELECT * FROM `users` WHERE  ( `nickname` LIKE '%%' OR `email` LIKE '%%' OR `mobile` LIKE '%%' ) [ RunTime:0.006650s ]
