---------------------------------------------------------------
[2020-03-04T00:36:12+08:00] 111.231.26.68 POST pingshen.hbhb.vip/api/users/wxlogin
[运行时间：0.138996s] [吞吐率：7.19req/s] [内存消耗：3,775.59kb] [文件加载：90]
[ info ] [ LANG ] /www/wwwroot/pingshen/thinkphp/lang/zh-cn.php
[ info ] [ ROUTE ] array (
)
[ info ] [ HEADER ] array (
  'x-wx-cascade-timeout' => '10000',
  'content-type' => 'application/json',
  'user-agent' => 'Mozilla/5.0 (iPhone; CPU iPhone OS 11_0 like Mac OS X) AppleWebKit/604.1.38 (KHTML, like Gecko) Version/11.0 Mobile/15A372 Safari/604.1 MicroMessenger/6.5 mpcrawler',
  'referer' => 'https://servicewechat.com/wx700e406bf204d191/1/page-frame.html',
  'host' => 'pingshen.hbhb.vip',
  'content-length' => '43',
  'connection' => 'keep-alive',
  'accept-encoding' => 'gzip, deflate',
  'accept' => '*/*',
)
[ info ] [ PARAM ] array (
  'code' => '011PwcUY1PItcV0a4ITY1WMVTY1PwcUV',
)
[ info ] [ DB ] INIT mysql
[ error ] [8]未定义数组索引: openid[/www/wwwroot/pingshen/application/api/controller/Base.php:33]
[ error ] [8]未定义数组索引: errcode[/www/wwwroot/pingshen/application/api/controller/Users.php:28]
[ error ] [8]未定义数组索引: errcode[/www/wwwroot/pingshen/application/api/controller/Users.php:28]
[ sql ] [ DB ] CONNECT:[ UseTime:0.008417s ] mysql:host=47.97.169.58;port=3306;dbname=pingshen;charset=utf8
[ sql ] [ SQL ] SHOW COLUMNS FROM `weixin_user` [ RunTime:0.007089s ]
[ sql ] [ SQL ] SELECT * FROM `weixin_user` WHERE  `openid` = 'oqBTY5fHHM78QRT2dTV0zs5c4GWs' LIMIT 1 [ RunTime:0.005684s ]
---------------------------------------------------------------
[2020-03-04T00:36:12+08:00] 223.166.222.104 POST pingshen.hbhb.vip/api/users/reg
[运行时间：0.137770s] [吞吐率：7.26req/s] [内存消耗：3,555.32kb] [文件加载：94]
[ info ] [ LANG ] /www/wwwroot/pingshen/thinkphp/lang/zh-cn.php
[ info ] [ ROUTE ] array (
)
[ info ] [ HEADER ] array (
  'x-wx-cascade-timeout' => '10000',
  'content-type' => 'application/json',
  'user-agent' => 'Mozilla/5.0 (iPhone; CPU iPhone OS 11_0 like Mac OS X) AppleWebKit/604.1.38 (KHTML, like Gecko) Version/11.0 Mobile/15A372 Safari/604.1 MicroMessenger/6.5 mpcrawler',
  'referer' => 'https://servicewechat.com/wx700e406bf204d191/1/page-frame.html',
  'host' => 'pingshen.hbhb.vip',
  'content-length' => '222',
  'connection' => 'keep-alive',
  'accept-encoding' => 'gzip, deflate',
  'accept' => '*/*',
)
[ info ] [ PARAM ] array (
  'nickName' => '谢和奇',
  'gender' => '0',
  'language' => 'zh_CN',
  'city' => '',
  'province' => '',
  'country' => '',
  'avatarUrl' => 'https://wx.qlogo.cn/mmhead/OKOdKluks2aBmr4puPBO32IiaGGxTJFNbQy456Q9eia5M/132',
  'openid' => 'oqBTY5fHHM78QRT2dTV0zs5c4GWs',
)
[ info ] [ DB ] INIT mysql
[ error ] [8]未定义数组索引: nickname[/www/wwwroot/pingshen/application/api/controller/Users.php:49]
[ error ] [8]未定义数组索引: avatarurl[/www/wwwroot/pingshen/application/api/controller/Users.php:50]
[ error ] [8]未定义数组索引: u[/www/wwwroot/pingshen/application/api/controller/Users.php:72]
[ error ] [8192]Non-static method app\api\model\Token::create_unique() should not be called statically[/www/wwwroot/pingshen/application/api/model/Token.php:37]
[ sql ] [ DB ] CONNECT:[ UseTime:0.009239s ] mysql:host=47.97.169.58;port=3306;dbname=pingshen;charset=utf8
[ sql ] [ SQL ] SHOW COLUMNS FROM `weixin_user` [ RunTime:0.007445s ]
[ sql ] [ SQL ] SELECT * FROM `weixin_user` WHERE  `openid` = 'oqBTY5fHHM78QRT2dTV0zs5c4GWs' LIMIT 1 [ RunTime:0.006203s ]
[ sql ] [ SQL ] INSERT INTO `weixin_user` (`gender` , `language` , `city` , `province` , `country` , `openid` , `nickname` , `avatarurl`) VALUES ('0' , 'zh_CN' , '' , '' , '' , 'oqBTY5fHHM78QRT2dTV0zs5c4GWs' , '谢和奇' , 'https://wx.qlogo.cn/mmhead/OKOdKluks2aBmr4puPBO32IiaGGxTJFNbQy456Q9eia5M/132') [ RunTime:0.006118s ]
[ sql ] [ SQL ] SELECT * FROM `weixin_user` WHERE  `openid` = 'oqBTY5fHHM78QRT2dTV0zs5c4GWs' LIMIT 1 [ RunTime:0.006193s ]
[ sql ] [ SQL ] SHOW COLUMNS FROM `users` [ RunTime:0.007262s ]
[ sql ] [ SQL ] SELECT * FROM `users` WHERE  `openid` = 'oqBTY5fHHM78QRT2dTV0zs5c4GWs' ORDER BY `id` DESC LIMIT 1 [ RunTime:0.006253s ]
[ sql ] [ SQL ] INSERT INTO `users` (`city` , `province` , `country` , `openid` , `nickname` , `headimg` , `sex` , `parent_id`) VALUES ('' , '' , '' , 'oqBTY5fHHM78QRT2dTV0zs5c4GWs' , '谢和奇' , 'https://wx.qlogo.cn/mmhead/OKOdKluks2aBmr4puPBO32IiaGGxTJFNbQy456Q9eia5M/132' , 0 , 0) [ RunTime:0.006133s ]
[ sql ] [ SQL ] UPDATE `weixin_user`  SET `userid` = 27  WHERE  `openid` = 'oqBTY5fHHM78QRT2dTV0zs5c4GWs' [ RunTime:0.006226s ]
[ sql ] [ SQL ] UPDATE `users`  SET `sex` = 0 , `country` = '' , `province` = '' , `city` = ''  WHERE  `id` = 27 [ RunTime:0.006159s ]
[ sql ] [ SQL ] SELECT * FROM `users` WHERE  `id` = 27 LIMIT 1 [ RunTime:0.006222s ]
---------------------------------------------------------------
[2020-03-04T01:56:20+08:00] 101.132.110.72 GET pingshen.hbhb.vip/
[运行时间：0.021220s] [吞吐率：47.13req/s] [内存消耗：2,225.12kb] [文件加载：75]
[ info ] [ LANG ] /www/wwwroot/pingshen/thinkphp/lang/zh-cn.php
[ info ] [ LANG ] /www/wwwroot/pingshen/application/admin//lang/zh-cn.php
[ info ] [ ROUTE ] array (
)
[ info ] [ HEADER ] array (
  'accept-encoding' => 'gzip',
  'connection' => 'Keep-Alive',
  'host' => 'pingshen.hbhb.vip',
  'user-agent' => 'Mozilla/5.0 (X11; Ubuntu; Linux x86_64; rv:36.0) Gecko/20100101 Firefox/36.0',
  'content-type' => '',
  'content-length' => '',
)
[ info ] [ PARAM ] array (
)
---------------------------------------------------------------
[2020-03-04T01:56:20+08:00] 101.132.110.72 GET pingshen.hbhb.vip/admin/login/index.html
[运行时间：0.020584s] [吞吐率：48.58req/s] [内存消耗：2,210.23kb] [文件加载：77]
[ info ] [ LANG ] /www/wwwroot/pingshen/thinkphp/lang/zh-cn.php
[ info ] [ LANG ] /www/wwwroot/pingshen/application/admin//lang/zh-cn.php
[ info ] [ ROUTE ] array (
)
[ info ] [ HEADER ] array (
  'accept-encoding' => 'gzip',
  'connection' => 'Keep-Alive',
  'host' => 'pingshen.hbhb.vip',
  'user-agent' => 'Mozilla/5.0 (X11; Ubuntu; Linux x86_64; rv:36.0) Gecko/20100101 Firefox/36.0',
  'content-type' => '',
  'content-length' => '',
)
[ info ] [ PARAM ] array (
)
[ info ] [ VIEW ] /www/wwwroot/pingshen/application/admin/view/login/index.html [ array (
) ]
[ error ] [8]未定义变量: system[/www/wwwroot/pingshen/runtime/temp/b8b184884121afc82a66e9b20efb8822.php:37]
---------------------------------------------------------------
[2020-03-04T01:56:22+08:00] 101.132.110.72 GET pingshen.hbhb.vip/admin/index/index.html
[运行时间：0.020430s] [吞吐率：48.95req/s] [内存消耗：2,225.32kb] [文件加载：75]
[ info ] [ LANG ] /www/wwwroot/pingshen/thinkphp/lang/zh-cn.php
[ info ] [ LANG ] /www/wwwroot/pingshen/application/admin//lang/zh-cn.php
[ info ] [ ROUTE ] array (
)
[ info ] [ HEADER ] array (
  'accept-encoding' => 'gzip',
  'connection' => 'Keep-Alive',
  'host' => 'pingshen.hbhb.vip',
  'user-agent' => 'Mozilla/5.0 (X11; Ubuntu; Linux x86_64; rv:36.0) Gecko/20100101 Firefox/36.0',
  'content-type' => '',
  'content-length' => '',
)
[ info ] [ PARAM ] array (
)
---------------------------------------------------------------
[2020-03-04T01:56:22+08:00] 101.132.110.72 GET pingshen.hbhb.vip/admin/login/index.html
[运行时间：0.020564s] [吞吐率：48.63req/s] [内存消耗：2,210.23kb] [文件加载：77]
[ info ] [ LANG ] /www/wwwroot/pingshen/thinkphp/lang/zh-cn.php
[ info ] [ LANG ] /www/wwwroot/pingshen/application/admin//lang/zh-cn.php
[ info ] [ ROUTE ] array (
)
[ info ] [ HEADER ] array (
  'accept-encoding' => 'gzip',
  'connection' => 'Keep-Alive',
  'host' => 'pingshen.hbhb.vip',
  'user-agent' => 'Mozilla/5.0 (X11; Ubuntu; Linux x86_64; rv:36.0) Gecko/20100101 Firefox/36.0',
  'content-type' => '',
  'content-length' => '',
)
[ info ] [ PARAM ] array (
)
[ info ] [ VIEW ] /www/wwwroot/pingshen/application/admin/view/login/index.html [ array (
) ]
[ error ] [8]未定义变量: system[/www/wwwroot/pingshen/runtime/temp/b8b184884121afc82a66e9b20efb8822.php:37]
---------------------------------------------------------------
[2020-03-04T01:59:25+08:00] 209.17.96.66 GET pingshen.hbhb.vip/
[运行时间：0.021507s] [吞吐率：46.50req/s] [内存消耗：2,224.85kb] [文件加载：75]
[ info ] [ LANG ] /www/wwwroot/pingshen/thinkphp/lang/zh-cn.php
[ info ] [ LANG ] /www/wwwroot/pingshen/application/admin//lang/zh-cn.php
[ info ] [ ROUTE ] array (
)
[ info ] [ HEADER ] array (
  'user-agent' => 'Mozilla/5.0 (compatible; Nimbostratus-Bot/v1.3.2; http://cloudsystemnetworks.com)',
  'host' => 'pingshen.hbhb.vip',
  'content-type' => '',
  'content-length' => '',
)
[ info ] [ PARAM ] array (
)
---------------------------------------------------------------
[2020-03-04T13:50:27+08:00] 125.120.45.52 GET pingshen.hbhb.vip/
[运行时间：0.021015s] [吞吐率：47.58req/s] [内存消耗：2,226.43kb] [文件加载：75]
[ info ] [ LANG ] /www/wwwroot/pingshen/thinkphp/lang/zh-cn.php
[ info ] [ LANG ] /www/wwwroot/pingshen/application/admin//lang/zh-cn.php
[ info ] [ ROUTE ] array (
)
[ info ] [ HEADER ] array (
  'accept-language' => 'zh-CN,zh;q=0.9',
  'accept-encoding' => 'gzip, deflate',
  'accept' => 'text/html,application/xhtml+xml,application/xml;q=0.9,image/webp,image/apng,*/*;q=0.8',
  'user-agent' => 'Mozilla/5.0 (Windows NT 10.0; Win64; x64) AppleWebKit/537.36 (KHTML, like Gecko) Chrome/72.0.3626.119 Safari/537.36',
  'upgrade-insecure-requests' => '1',
  'connection' => 'keep-alive',
  'host' => 'pingshen.hbhb.vip',
  'content-type' => '',
  'content-length' => '',
)
[ info ] [ PARAM ] array (
)
---------------------------------------------------------------
[2020-03-04T13:50:27+08:00] 125.120.45.52 GET pingshen.hbhb.vip/admin/login/index.html
[运行时间：0.021906s] [吞吐率：45.65req/s] [内存消耗：2,211.45kb] [文件加载：77]
[ info ] [ LANG ] /www/wwwroot/pingshen/thinkphp/lang/zh-cn.php
[ info ] [ LANG ] /www/wwwroot/pingshen/application/admin//lang/zh-cn.php
[ info ] [ ROUTE ] array (
)
[ info ] [ HEADER ] array (
  'cookie' => 'PHPSESSID=nt9o67j5cgel5557mj1iaojec4',
  'accept-language' => 'zh-CN,zh;q=0.9',
  'accept-encoding' => 'gzip, deflate',
  'accept' => 'text/html,application/xhtml+xml,application/xml;q=0.9,image/webp,image/apng,*/*;q=0.8',
  'user-agent' => 'Mozilla/5.0 (Windows NT 10.0; Win64; x64) AppleWebKit/537.36 (KHTML, like Gecko) Chrome/72.0.3626.119 Safari/537.36',
  'upgrade-insecure-requests' => '1',
  'connection' => 'keep-alive',
  'host' => 'pingshen.hbhb.vip',
  'content-type' => '',
  'content-length' => '',
)
[ info ] [ PARAM ] array (
)
[ info ] [ VIEW ] /www/wwwroot/pingshen/application/admin/view/login/index.html [ array (
) ]
[ error ] [8]未定义变量: system[/www/wwwroot/pingshen/runtime/temp/b8b184884121afc82a66e9b20efb8822.php:37]
