---------------------------------------------------------------
[2020-03-06T11:18:12+08:00] 183.199.125.210 POST pingshen.hbhb.vip/api/users/wxlogin
[运行时间：0.167073s] [吞吐率：5.99req/s] [内存消耗：3,848.66kb] [文件加载：92]
[ info ] [ LANG ] /www/wwwroot/pingshen/thinkphp/lang/zh-cn.php
[ info ] [ ROUTE ] array (
)
[ info ] [ HEADER ] array (
  'referer' => 'https://servicewechat.com/wx700e406bf204d191/1/page-frame.html',
  'accept-encoding' => 'gzip',
  'content-type' => 'application/json',
  'user-agent' => 'Mozilla/5.0 (Linux; Android 10; YAL-AL00 Build/HUAWEIYAL-AL00; wv) AppleWebKit/537.36 (KHTML, like Gecko) Version/4.0 Chrome/74.0.3729.186 Mobile Safari/537.36 MicroMessenger/7.0.11.1600(0x27000B32) Process/appbrand0 NetType/WIFI Language/zh_CN ABI/arm64',
  'charset' => 'utf-8',
  'content-length' => '43',
  'connection' => 'keep-alive',
  'host' => 'pingshen.hbhb.vip',
)
[ info ] [ PARAM ] array (
  'code' => '001fmUEF01VMrf2NwLEF0Zl3FF0fmUE8',
)
[ info ] [ DB ] INIT mysql
[ error ] [8]未定义数组索引: openid[/www/wwwroot/pingshen/application/api/controller/Base.php:33]
[ error ] [8]未定义数组索引: errcode[/www/wwwroot/pingshen/application/api/controller/Users.php:28]
[ error ] [8]未定义数组索引: errcode[/www/wwwroot/pingshen/application/api/controller/Users.php:28]
[ error ] [8192]Non-static method app\api\model\Token::create_unique() should not be called statically[/www/wwwroot/pingshen/application/api/model/Token.php:37]
[ sql ] [ DB ] CONNECT:[ UseTime:0.009154s ] mysql:host=47.97.169.58;port=3306;dbname=pingshen;charset=utf8
[ sql ] [ SQL ] SHOW COLUMNS FROM `weixin_user` [ RunTime:0.007521s ]
[ sql ] [ SQL ] SELECT * FROM `weixin_user` WHERE  `openid` = 'oqBTY5eZ37vXTqGXnXIAubLLbDwE' LIMIT 1 [ RunTime:0.006164s ]
[ sql ] [ SQL ] SHOW COLUMNS FROM `users` [ RunTime:0.007553s ]
[ sql ] [ SQL ] SELECT * FROM `users` WHERE  `id` = 28 LIMIT 1 [ RunTime:0.006138s ]
---------------------------------------------------------------
[2020-03-06T11:18:12+08:00] 183.199.125.210 POST pingshen.hbhb.vip/api/department/departList
[运行时间：0.056312s] [吞吐率：17.76req/s] [内存消耗：3,413.94kb] [文件加载：83]
[ info ] [ LANG ] /www/wwwroot/pingshen/thinkphp/lang/zh-cn.php
[ info ] [ ROUTE ] array (
)
[ info ] [ HEADER ] array (
  'referer' => 'https://servicewechat.com/wx700e406bf204d191/1/page-frame.html',
  'accept-encoding' => 'gzip',
  'content-type' => 'application/json',
  'user-agent' => 'Mozilla/5.0 (Linux; Android 10; YAL-AL00 Build/HUAWEIYAL-AL00; wv) AppleWebKit/537.36 (KHTML, like Gecko) Version/4.0 Chrome/74.0.3729.186 Mobile Safari/537.36 MicroMessenger/7.0.11.1600(0x27000B32) Process/appbrand0 NetType/WIFI Language/zh_CN ABI/arm64',
  'charset' => 'utf-8',
  'content-length' => '52',
  'connection' => 'keep-alive',
  'host' => 'pingshen.hbhb.vip',
)
[ info ] [ PARAM ] array (
  'token' => '14e67433f2cf3a3b23129bd677696786a7b25a7c',
)
[ info ] [ DB ] INIT mysql
[ error ] [8]未定义数组索引: openid[/www/wwwroot/pingshen/application/api/controller/Base.php:33]
[ sql ] [ DB ] CONNECT:[ UseTime:0.008680s ] mysql:host=47.97.169.58;port=3306;dbname=pingshen;charset=utf8
[ sql ] [ SQL ] SHOW COLUMNS FROM `department` [ RunTime:0.007155s ]
[ sql ] [ SQL ] SELECT COUNT(*) AS tp_count FROM `department` ORDER BY `sort` DESC,`id` ASC [ RunTime:0.005789s ]
[ sql ] [ SQL ] SELECT `id`,`class_name` FROM `department` ORDER BY `sort` DESC,`id` ASC LIMIT 0,12 [ RunTime:0.005779s ]
---------------------------------------------------------------
[2020-03-06T11:18:12+08:00] 183.199.125.210 POST pingshen.hbhb.vip/api/standard/standList
[运行时间：0.101408s] [吞吐率：9.86req/s] [内存消耗：3,848.41kb] [文件加载：92]
[ info ] [ LANG ] /www/wwwroot/pingshen/thinkphp/lang/zh-cn.php
[ info ] [ ROUTE ] array (
)
[ info ] [ HEADER ] array (
  'referer' => 'https://servicewechat.com/wx700e406bf204d191/1/page-frame.html',
  'accept-encoding' => 'gzip',
  'content-type' => 'application/json',
  'user-agent' => 'Mozilla/5.0 (Linux; Android 10; YAL-AL00 Build/HUAWEIYAL-AL00; wv) AppleWebKit/537.36 (KHTML, like Gecko) Version/4.0 Chrome/74.0.3729.186 Mobile Safari/537.36 MicroMessenger/7.0.11.1600(0x27000B32) Process/appbrand0 NetType/WIFI Language/zh_CN ABI/arm64',
  'charset' => 'utf-8',
  'content-length' => '52',
  'connection' => 'keep-alive',
  'host' => 'pingshen.hbhb.vip',
)
[ info ] [ PARAM ] array (
  'token' => '14e67433f2cf3a3b23129bd677696786a7b25a7c',
)
[ info ] [ DB ] INIT mysql
[ error ] [8]未定义数组索引: openid[/www/wwwroot/pingshen/application/api/controller/Base.php:33]
[ sql ] [ DB ] CONNECT:[ UseTime:0.009152s ] mysql:host=47.97.169.58;port=3306;dbname=pingshen;charset=utf8
[ sql ] [ SQL ] SHOW COLUMNS FROM `users` [ RunTime:0.007674s ]
[ sql ] [ SQL ] SELECT * FROM `users` WHERE  `id` = 28 LIMIT 1 [ RunTime:0.006206s ]
[ sql ] [ SQL ] SHOW COLUMNS FROM `weixin_user` [ RunTime:0.007122s ]
[ sql ] [ SQL ] SELECT * FROM `weixin_user` WHERE  `userid` = 28 ORDER BY `id` DESC LIMIT 1 [ RunTime:0.006159s ]
[ sql ] [ SQL ] SHOW COLUMNS FROM `standard` [ RunTime:0.007040s ]
[ sql ] [ SQL ] SELECT COUNT(*) AS tp_count FROM `standard` [ RunTime:0.006008s ]
[ sql ] [ SQL ] SELECT `stand_name`,`stand_text`,`mark` FROM `standard` LIMIT 0,12 [ RunTime:0.006054s ]
[ sql ] [ SQL ] SHOW COLUMNS FROM `achievement` [ RunTime:0.006997s ]
[ sql ] [ SQL ] SELECT `score_detail`,`total_score`,`c_id` FROM `achievement` WHERE  `uid` = 28  AND `status` = 1 [ RunTime:0.006156s ]
---------------------------------------------------------------
[2020-03-06T11:18:27+08:00] 183.199.125.210 POST pingshen.hbhb.vip/api/standard/markList
[运行时间：0.085799s] [吞吐率：11.66req/s] [内存消耗：3,817.59kb] [文件加载：92]
[ info ] [ LANG ] /www/wwwroot/pingshen/thinkphp/lang/zh-cn.php
[ info ] [ ROUTE ] array (
)
[ info ] [ HEADER ] array (
  'referer' => 'https://servicewechat.com/wx700e406bf204d191/1/page-frame.html',
  'accept-encoding' => 'gzip',
  'content-type' => 'application/json',
  'user-agent' => 'Mozilla/5.0 (Linux; Android 10; YAL-AL00 Build/HUAWEIYAL-AL00; wv) AppleWebKit/537.36 (KHTML, like Gecko) Version/4.0 Chrome/74.0.3729.186 Mobile Safari/537.36 MicroMessenger/7.0.11.1600(0x27000B32) Process/appbrand0 NetType/WIFI Language/zh_CN ABI/arm64',
  'charset' => 'utf-8',
  'content-length' => '52',
  'connection' => 'keep-alive',
  'host' => 'pingshen.hbhb.vip',
)
[ info ] [ PARAM ] array (
  'token' => '14e67433f2cf3a3b23129bd677696786a7b25a7c',
)
[ info ] [ DB ] INIT mysql
[ error ] [8]未定义数组索引: openid[/www/wwwroot/pingshen/application/api/controller/Base.php:33]
[ sql ] [ DB ] CONNECT:[ UseTime:0.009699s ] mysql:host=47.97.169.58;port=3306;dbname=pingshen;charset=utf8
[ sql ] [ SQL ] SHOW COLUMNS FROM `users` [ RunTime:0.008026s ]
[ sql ] [ SQL ] SELECT * FROM `users` WHERE  `id` = 28 LIMIT 1 [ RunTime:0.006640s ]
[ sql ] [ SQL ] SHOW COLUMNS FROM `weixin_user` [ RunTime:0.007530s ]
[ sql ] [ SQL ] SELECT * FROM `weixin_user` WHERE  `userid` = 28 ORDER BY `id` DESC LIMIT 1 [ RunTime:0.006456s ]
[ sql ] [ SQL ] SHOW COLUMNS FROM `achievement` [ RunTime:0.007461s ]
[ sql ] [ SQL ] SELECT `id`,`sign` FROM `achievement` WHERE  `uid` = 28 GROUP BY `sign` [ RunTime:0.006779s ]
---------------------------------------------------------------
[2020-03-06T11:24:23+08:00] 183.199.125.210 POST pingshen.hbhb.vip/api/users/wxlogin
[运行时间：0.151457s] [吞吐率：6.60req/s] [内存消耗：3,848.66kb] [文件加载：92]
[ info ] [ LANG ] /www/wwwroot/pingshen/thinkphp/lang/zh-cn.php
[ info ] [ ROUTE ] array (
)
[ info ] [ HEADER ] array (
  'referer' => 'https://servicewechat.com/wx700e406bf204d191/1/page-frame.html',
  'accept-encoding' => 'gzip',
  'content-type' => 'application/json',
  'user-agent' => 'Mozilla/5.0 (Linux; Android 10; YAL-AL00 Build/HUAWEIYAL-AL00; wv) AppleWebKit/537.36 (KHTML, like Gecko) Version/4.0 Chrome/74.0.3729.186 Mobile Safari/537.36 MicroMessenger/7.0.11.1600(0x27000B32) Process/appbrand2 NetType/WIFI Language/zh_CN ABI/arm64',
  'charset' => 'utf-8',
  'content-length' => '43',
  'connection' => 'keep-alive',
  'host' => 'pingshen.hbhb.vip',
)
[ info ] [ PARAM ] array (
  'code' => '011gJHMG10EPr20rJ5KG1l9mMG1gJHMr',
)
[ info ] [ DB ] INIT mysql
[ error ] [8]未定义数组索引: openid[/www/wwwroot/pingshen/application/api/controller/Base.php:33]
[ error ] [8]未定义数组索引: errcode[/www/wwwroot/pingshen/application/api/controller/Users.php:28]
[ error ] [8]未定义数组索引: errcode[/www/wwwroot/pingshen/application/api/controller/Users.php:28]
[ error ] [8192]Non-static method app\api\model\Token::create_unique() should not be called statically[/www/wwwroot/pingshen/application/api/model/Token.php:37]
[ sql ] [ DB ] CONNECT:[ UseTime:0.009590s ] mysql:host=47.97.169.58;port=3306;dbname=pingshen;charset=utf8
[ sql ] [ SQL ] SHOW COLUMNS FROM `weixin_user` [ RunTime:0.007756s ]
[ sql ] [ SQL ] SELECT * FROM `weixin_user` WHERE  `openid` = 'oqBTY5eZ37vXTqGXnXIAubLLbDwE' LIMIT 1 [ RunTime:0.006466s ]
[ sql ] [ SQL ] SHOW COLUMNS FROM `users` [ RunTime:0.007514s ]
[ sql ] [ SQL ] SELECT * FROM `users` WHERE  `id` = 28 LIMIT 1 [ RunTime:0.006469s ]
---------------------------------------------------------------
[2020-03-06T11:24:23+08:00] 183.199.125.210 POST pingshen.hbhb.vip/api/department/departList
[运行时间：0.057988s] [吞吐率：17.24req/s] [内存消耗：3,413.94kb] [文件加载：83]
[ info ] [ LANG ] /www/wwwroot/pingshen/thinkphp/lang/zh-cn.php
[ info ] [ ROUTE ] array (
)
[ info ] [ HEADER ] array (
  'referer' => 'https://servicewechat.com/wx700e406bf204d191/1/page-frame.html',
  'accept-encoding' => 'gzip',
  'content-type' => 'application/json',
  'user-agent' => 'Mozilla/5.0 (Linux; Android 10; YAL-AL00 Build/HUAWEIYAL-AL00; wv) AppleWebKit/537.36 (KHTML, like Gecko) Version/4.0 Chrome/74.0.3729.186 Mobile Safari/537.36 MicroMessenger/7.0.11.1600(0x27000B32) Process/appbrand2 NetType/WIFI Language/zh_CN ABI/arm64',
  'charset' => 'utf-8',
  'content-length' => '52',
  'connection' => 'keep-alive',
  'host' => 'pingshen.hbhb.vip',
)
[ info ] [ PARAM ] array (
  'token' => 'c777aaf02ed0c7c25b44bfaf4965af1ff3761d43',
)
[ info ] [ DB ] INIT mysql
[ error ] [8]未定义数组索引: openid[/www/wwwroot/pingshen/application/api/controller/Base.php:33]
[ sql ] [ DB ] CONNECT:[ UseTime:0.009376s ] mysql:host=47.97.169.58;port=3306;dbname=pingshen;charset=utf8
[ sql ] [ SQL ] SHOW COLUMNS FROM `department` [ RunTime:0.007587s ]
[ sql ] [ SQL ] SELECT COUNT(*) AS tp_count FROM `department` ORDER BY `sort` DESC,`id` ASC [ RunTime:0.006197s ]
[ sql ] [ SQL ] SELECT `id`,`class_name` FROM `department` ORDER BY `sort` DESC,`id` ASC LIMIT 0,12 [ RunTime:0.006167s ]
---------------------------------------------------------------
[2020-03-06T11:24:23+08:00] 183.199.125.210 POST pingshen.hbhb.vip/api/standard/standList
[运行时间：0.097271s] [吞吐率：10.28req/s] [内存消耗：3,848.41kb] [文件加载：92]
[ info ] [ LANG ] /www/wwwroot/pingshen/thinkphp/lang/zh-cn.php
[ info ] [ ROUTE ] array (
)
[ info ] [ HEADER ] array (
  'referer' => 'https://servicewechat.com/wx700e406bf204d191/1/page-frame.html',
  'accept-encoding' => 'gzip',
  'content-type' => 'application/json',
  'user-agent' => 'Mozilla/5.0 (Linux; Android 10; YAL-AL00 Build/HUAWEIYAL-AL00; wv) AppleWebKit/537.36 (KHTML, like Gecko) Version/4.0 Chrome/74.0.3729.186 Mobile Safari/537.36 MicroMessenger/7.0.11.1600(0x27000B32) Process/appbrand2 NetType/WIFI Language/zh_CN ABI/arm64',
  'charset' => 'utf-8',
  'content-length' => '52',
  'connection' => 'keep-alive',
  'host' => 'pingshen.hbhb.vip',
)
[ info ] [ PARAM ] array (
  'token' => 'c777aaf02ed0c7c25b44bfaf4965af1ff3761d43',
)
[ info ] [ DB ] INIT mysql
[ error ] [8]未定义数组索引: openid[/www/wwwroot/pingshen/application/api/controller/Base.php:33]
[ sql ] [ DB ] CONNECT:[ UseTime:0.008661s ] mysql:host=47.97.169.58;port=3306;dbname=pingshen;charset=utf8
[ sql ] [ SQL ] SHOW COLUMNS FROM `users` [ RunTime:0.007287s ]
[ sql ] [ SQL ] SELECT * FROM `users` WHERE  `id` = 28 LIMIT 1 [ RunTime:0.005940s ]
[ sql ] [ SQL ] SHOW COLUMNS FROM `weixin_user` [ RunTime:0.006798s ]
[ sql ] [ SQL ] SELECT * FROM `weixin_user` WHERE  `userid` = 28 ORDER BY `id` DESC LIMIT 1 [ RunTime:0.005789s ]
[ sql ] [ SQL ] SHOW COLUMNS FROM `standard` [ RunTime:0.006784s ]
[ sql ] [ SQL ] SELECT COUNT(*) AS tp_count FROM `standard` [ RunTime:0.005656s ]
[ sql ] [ SQL ] SELECT `stand_name`,`stand_text`,`mark` FROM `standard` LIMIT 0,12 [ RunTime:0.005754s ]
[ sql ] [ SQL ] SHOW COLUMNS FROM `achievement` [ RunTime:0.006698s ]
[ sql ] [ SQL ] SELECT `score_detail`,`total_score`,`c_id` FROM `achievement` WHERE  `uid` = 28  AND `status` = 1 [ RunTime:0.005823s ]
---------------------------------------------------------------
[2020-03-06T11:24:32+08:00] 183.199.125.210 POST pingshen.hbhb.vip/api/standard/markList
[运行时间：0.085322s] [吞吐率：11.72req/s] [内存消耗：3,817.59kb] [文件加载：92]
[ info ] [ LANG ] /www/wwwroot/pingshen/thinkphp/lang/zh-cn.php
[ info ] [ ROUTE ] array (
)
[ info ] [ HEADER ] array (
  'referer' => 'https://servicewechat.com/wx700e406bf204d191/1/page-frame.html',
  'accept-encoding' => 'gzip',
  'content-type' => 'application/json',
  'user-agent' => 'Mozilla/5.0 (Linux; Android 10; YAL-AL00 Build/HUAWEIYAL-AL00; wv) AppleWebKit/537.36 (KHTML, like Gecko) Version/4.0 Chrome/74.0.3729.186 Mobile Safari/537.36 MicroMessenger/7.0.11.1600(0x27000B32) Process/appbrand2 NetType/WIFI Language/zh_CN ABI/arm64',
  'charset' => 'utf-8',
  'content-length' => '52',
  'connection' => 'keep-alive',
  'host' => 'pingshen.hbhb.vip',
)
[ info ] [ PARAM ] array (
  'token' => 'c777aaf02ed0c7c25b44bfaf4965af1ff3761d43',
)
[ info ] [ DB ] INIT mysql
[ error ] [8]未定义数组索引: openid[/www/wwwroot/pingshen/application/api/controller/Base.php:33]
[ sql ] [ DB ] CONNECT:[ UseTime:0.009450s ] mysql:host=47.97.169.58;port=3306;dbname=pingshen;charset=utf8
[ sql ] [ SQL ] SHOW COLUMNS FROM `users` [ RunTime:0.007899s ]
[ sql ] [ SQL ] SELECT * FROM `users` WHERE  `id` = 28 LIMIT 1 [ RunTime:0.006483s ]
[ sql ] [ SQL ] SHOW COLUMNS FROM `weixin_user` [ RunTime:0.007466s ]
[ sql ] [ SQL ] SELECT * FROM `weixin_user` WHERE  `userid` = 28 ORDER BY `id` DESC LIMIT 1 [ RunTime:0.006296s ]
[ sql ] [ SQL ] SHOW COLUMNS FROM `achievement` [ RunTime:0.007226s ]
[ sql ] [ SQL ] SELECT `id`,`sign` FROM `achievement` WHERE  `uid` = 28 GROUP BY `sign` [ RunTime:0.006615s ]
---------------------------------------------------------------
[2020-03-06T11:24:35+08:00] 183.199.125.210 POST pingshen.hbhb.vip/api/department/departList
[运行时间：0.058282s] [吞吐率：17.16req/s] [内存消耗：3,413.94kb] [文件加载：83]
[ info ] [ LANG ] /www/wwwroot/pingshen/thinkphp/lang/zh-cn.php
[ info ] [ ROUTE ] array (
)
[ info ] [ HEADER ] array (
  'referer' => 'https://servicewechat.com/wx700e406bf204d191/1/page-frame.html',
  'accept-encoding' => 'gzip',
  'content-type' => 'application/json',
  'user-agent' => 'Mozilla/5.0 (Linux; Android 10; YAL-AL00 Build/HUAWEIYAL-AL00; wv) AppleWebKit/537.36 (KHTML, like Gecko) Version/4.0 Chrome/74.0.3729.186 Mobile Safari/537.36 MicroMessenger/7.0.11.1600(0x27000B32) Process/appbrand2 NetType/WIFI Language/zh_CN ABI/arm64',
  'charset' => 'utf-8',
  'content-length' => '52',
  'connection' => 'keep-alive',
  'host' => 'pingshen.hbhb.vip',
)
[ info ] [ PARAM ] array (
  'token' => 'c777aaf02ed0c7c25b44bfaf4965af1ff3761d43',
)
[ info ] [ DB ] INIT mysql
[ error ] [8]未定义数组索引: openid[/www/wwwroot/pingshen/application/api/controller/Base.php:33]
[ sql ] [ DB ] CONNECT:[ UseTime:0.008903s ] mysql:host=47.97.169.58;port=3306;dbname=pingshen;charset=utf8
[ sql ] [ SQL ] SHOW COLUMNS FROM `department` [ RunTime:0.007272s ]
[ sql ] [ SQL ] SELECT COUNT(*) AS tp_count FROM `department` ORDER BY `sort` DESC,`id` ASC [ RunTime:0.005920s ]
[ sql ] [ SQL ] SELECT `id`,`class_name` FROM `department` ORDER BY `sort` DESC,`id` ASC LIMIT 0,12 [ RunTime:0.005868s ]
---------------------------------------------------------------
[2020-03-06T11:24:35+08:00] 183.199.125.210 POST pingshen.hbhb.vip/api/standard/standList
[运行时间：0.107149s] [吞吐率：9.33req/s] [内存消耗：3,848.41kb] [文件加载：92]
[ info ] [ LANG ] /www/wwwroot/pingshen/thinkphp/lang/zh-cn.php
[ info ] [ ROUTE ] array (
)
[ info ] [ HEADER ] array (
  'referer' => 'https://servicewechat.com/wx700e406bf204d191/1/page-frame.html',
  'accept-encoding' => 'gzip',
  'content-type' => 'application/json',
  'user-agent' => 'Mozilla/5.0 (Linux; Android 10; YAL-AL00 Build/HUAWEIYAL-AL00; wv) AppleWebKit/537.36 (KHTML, like Gecko) Version/4.0 Chrome/74.0.3729.186 Mobile Safari/537.36 MicroMessenger/7.0.11.1600(0x27000B32) Process/appbrand2 NetType/WIFI Language/zh_CN ABI/arm64',
  'charset' => 'utf-8',
  'content-length' => '52',
  'connection' => 'keep-alive',
  'host' => 'pingshen.hbhb.vip',
)
[ info ] [ PARAM ] array (
  'token' => 'c777aaf02ed0c7c25b44bfaf4965af1ff3761d43',
)
[ info ] [ DB ] INIT mysql
[ error ] [8]未定义数组索引: openid[/www/wwwroot/pingshen/application/api/controller/Base.php:33]
[ sql ] [ DB ] CONNECT:[ UseTime:0.009679s ] mysql:host=47.97.169.58;port=3306;dbname=pingshen;charset=utf8
[ sql ] [ SQL ] SHOW COLUMNS FROM `users` [ RunTime:0.008124s ]
[ sql ] [ SQL ] SELECT * FROM `users` WHERE  `id` = 28 LIMIT 1 [ RunTime:0.006623s ]
[ sql ] [ SQL ] SHOW COLUMNS FROM `weixin_user` [ RunTime:0.007613s ]
[ sql ] [ SQL ] SELECT * FROM `weixin_user` WHERE  `userid` = 28 ORDER BY `id` DESC LIMIT 1 [ RunTime:0.006480s ]
[ sql ] [ SQL ] SHOW COLUMNS FROM `standard` [ RunTime:0.007359s ]
[ sql ] [ SQL ] SELECT COUNT(*) AS tp_count FROM `standard` [ RunTime:0.006363s ]
[ sql ] [ SQL ] SELECT `stand_name`,`stand_text`,`mark` FROM `standard` LIMIT 0,12 [ RunTime:0.006371s ]
[ sql ] [ SQL ] SHOW COLUMNS FROM `achievement` [ RunTime:0.007308s ]
[ sql ] [ SQL ] SELECT `score_detail`,`total_score`,`c_id` FROM `achievement` WHERE  `uid` = 28  AND `status` = 1 [ RunTime:0.006512s ]
---------------------------------------------------------------
[2020-03-06T11:30:24+08:00] 125.120.45.52 GET pingshen.hbhb.vip/
[运行时间：0.021008s] [吞吐率：47.60req/s] [内存消耗：2,226.43kb] [文件加载：75]
[ info ] [ LANG ] /www/wwwroot/pingshen/thinkphp/lang/zh-cn.php
[ info ] [ LANG ] /www/wwwroot/pingshen/application/admin//lang/zh-cn.php
[ info ] [ ROUTE ] array (
)
[ info ] [ HEADER ] array (
  'accept-language' => 'zh-CN,zh;q=0.9',
  'accept-encoding' => 'gzip, deflate',
  'accept' => 'text/html,application/xhtml+xml,application/xml;q=0.9,image/webp,image/apng,*/*;q=0.8',
  'user-agent' => 'Mozilla/5.0 (Windows NT 10.0; Win64; x64) AppleWebKit/537.36 (KHTML, like Gecko) Chrome/72.0.3626.119 Safari/537.36',
  'upgrade-insecure-requests' => '1',
  'connection' => 'keep-alive',
  'host' => 'pingshen.hbhb.vip',
  'content-type' => '',
  'content-length' => '',
)
[ info ] [ PARAM ] array (
)
---------------------------------------------------------------
[2020-03-06T11:30:24+08:00] 125.120.45.52 GET pingshen.hbhb.vip/admin/login/index.html
[运行时间：0.021071s] [吞吐率：47.46req/s] [内存消耗：2,211.45kb] [文件加载：77]
[ info ] [ LANG ] /www/wwwroot/pingshen/thinkphp/lang/zh-cn.php
[ info ] [ LANG ] /www/wwwroot/pingshen/application/admin//lang/zh-cn.php
[ info ] [ ROUTE ] array (
)
[ info ] [ HEADER ] array (
  'cookie' => 'PHPSESSID=a3nlle5c0naj617reqskitndob',
  'accept-language' => 'zh-CN,zh;q=0.9',
  'accept-encoding' => 'gzip, deflate',
  'accept' => 'text/html,application/xhtml+xml,application/xml;q=0.9,image/webp,image/apng,*/*;q=0.8',
  'user-agent' => 'Mozilla/5.0 (Windows NT 10.0; Win64; x64) AppleWebKit/537.36 (KHTML, like Gecko) Chrome/72.0.3626.119 Safari/537.36',
  'upgrade-insecure-requests' => '1',
  'connection' => 'keep-alive',
  'host' => 'pingshen.hbhb.vip',
  'content-type' => '',
  'content-length' => '',
)
[ info ] [ PARAM ] array (
)
[ info ] [ VIEW ] /www/wwwroot/pingshen/application/admin/view/login/index.html [ array (
) ]
[ error ] [8]未定义变量: system[/www/wwwroot/pingshen/runtime/temp/b8b184884121afc82a66e9b20efb8822.php:37]
---------------------------------------------------------------
[2020-03-06T11:30:25+08:00] 125.120.45.52 POST pingshen.hbhb.vip/admin/login/index.html
[运行时间：0.052515s] [吞吐率：19.04req/s] [内存消耗：3,350.16kb] [文件加载：83]
[ info ] [ LANG ] /www/wwwroot/pingshen/thinkphp/lang/zh-cn.php
[ info ] [ LANG ] /www/wwwroot/pingshen/application/admin//lang/zh-cn.php
[ info ] [ ROUTE ] array (
)
[ info ] [ HEADER ] array (
  'cookie' => 'PHPSESSID=a3nlle5c0naj617reqskitndob',
  'accept-language' => 'zh-CN,zh;q=0.9',
  'accept-encoding' => 'gzip, deflate',
  'referer' => 'http://pingshen.hbhb.vip/admin/login/index.html',
  'content-type' => 'application/x-www-form-urlencoded; charset=UTF-8',
  'user-agent' => 'Mozilla/5.0 (Windows NT 10.0; Win64; x64) AppleWebKit/537.36 (KHTML, like Gecko) Chrome/72.0.3626.119 Safari/537.36',
  'x-requested-with' => 'XMLHttpRequest',
  'origin' => 'http://pingshen.hbhb.vip',
  'accept' => '*/*',
  'content-length' => '32',
  'connection' => 'keep-alive',
  'host' => 'pingshen.hbhb.vip',
)
[ info ] [ PARAM ] array (
  'username' => 'admin',
  'password' => 'admin123',
)
[ info ] [ DB ] INIT mysql
[ sql ] [ DB ] CONNECT:[ UseTime:0.009636s ] mysql:host=47.97.169.58;port=3306;dbname=pingshen;charset=utf8
[ sql ] [ SQL ] SHOW COLUMNS FROM `admin` [ RunTime:0.007866s ]
[ sql ] [ SQL ] SELECT * FROM `admin` WHERE  `username` = 'admin' LIMIT 1 [ RunTime:0.006437s ]
---------------------------------------------------------------
[2020-03-06T11:30:26+08:00] 125.120.45.52 GET pingshen.hbhb.vip/admin/index/index.html
[运行时间：0.054941s] [吞吐率：18.20req/s] [内存消耗：3,141.00kb] [文件加载：84]
[ info ] [ LANG ] /www/wwwroot/pingshen/thinkphp/lang/zh-cn.php
[ info ] [ LANG ] /www/wwwroot/pingshen/application/admin//lang/zh-cn.php
[ info ] [ ROUTE ] array (
)
[ info ] [ HEADER ] array (
  'cookie' => 'PHPSESSID=a3nlle5c0naj617reqskitndob',
  'accept-language' => 'zh-CN,zh;q=0.9',
  'accept-encoding' => 'gzip, deflate',
  'referer' => 'http://pingshen.hbhb.vip/admin/login/index.html',
  'accept' => 'text/html,application/xhtml+xml,application/xml;q=0.9,image/webp,image/apng,*/*;q=0.8',
  'user-agent' => 'Mozilla/5.0 (Windows NT 10.0; Win64; x64) AppleWebKit/537.36 (KHTML, like Gecko) Chrome/72.0.3626.119 Safari/537.36',
  'upgrade-insecure-requests' => '1',
  'connection' => 'keep-alive',
  'host' => 'pingshen.hbhb.vip',
  'content-type' => '',
  'content-length' => '',
)
[ info ] [ PARAM ] array (
)
[ info ] [ DB ] INIT mysql
[ info ] [ VIEW ] /www/wwwroot/pingshen/application/admin/view/index/index.html [ array (
  0 => 'menus',
) ]
[ sql ] [ DB ] CONNECT:[ UseTime:0.009653s ] mysql:host=47.97.169.58;port=3306;dbname=pingshen;charset=utf8
[ sql ] [ SQL ] SHOW COLUMNS FROM `auth_rule` [ RunTime:0.007924s ]
[ sql ] [ SQL ] SELECT * FROM `auth_rule` WHERE  ( menustatus=1 ) ORDER BY `sort` [ RunTime:0.006524s ]
---------------------------------------------------------------
[2020-03-06T11:30:26+08:00] 125.120.45.52 GET pingshen.hbhb.vip/uploads/20180625/f266169c2956429d9aaea6cf6f1e51cb.jpg
[运行时间：0.015832s] [吞吐率：63.16req/s] [内存消耗：1,661.92kb] [文件加载：57]
[ info ] [ LANG ] /www/wwwroot/pingshen/thinkphp/lang/zh-cn.php
---------------------------------------------------------------
[2020-03-06T11:30:27+08:00] 125.120.45.52 GET pingshen.hbhb.vip/admin/index/main.html
[运行时间：0.044051s] [吞吐率：22.70req/s] [内存消耗：3,098.14kb] [文件加载：84]
[ info ] [ LANG ] /www/wwwroot/pingshen/thinkphp/lang/zh-cn.php
[ info ] [ LANG ] /www/wwwroot/pingshen/application/admin//lang/zh-cn.php
[ info ] [ ROUTE ] array (
)
[ info ] [ HEADER ] array (
  'cookie' => 'skin=0; PHPSESSID=a3nlle5c0naj617reqskitndob',
  'accept-language' => 'zh-CN,zh;q=0.9',
  'accept-encoding' => 'gzip, deflate',
  'referer' => 'http://pingshen.hbhb.vip/admin/index/index.html',
  'accept' => 'text/html,application/xhtml+xml,application/xml;q=0.9,image/webp,image/apng,*/*;q=0.8',
  'user-agent' => 'Mozilla/5.0 (Windows NT 10.0; Win64; x64) AppleWebKit/537.36 (KHTML, like Gecko) Chrome/72.0.3626.119 Safari/537.36',
  'upgrade-insecure-requests' => '1',
  'connection' => 'keep-alive',
  'host' => 'pingshen.hbhb.vip',
  'content-type' => '',
  'content-length' => '',
)
[ info ] [ PARAM ] array (
)
[ info ] [ DB ] INIT mysql
[ info ] [ VIEW ] /www/wwwroot/pingshen/application/admin/view/index/main.html [ array (
  0 => 'config',
) ]
[ sql ] [ DB ] CONNECT:[ UseTime:0.008594s ] mysql:host=47.97.169.58;port=3306;dbname=pingshen;charset=utf8
[ sql ] [ SQL ] SELECT VERSION() AS ver [ RunTime:0.005653s ]
[ error ] [8]未定义数组索引: HTTP_CLIENT_IP[/www/wwwroot/pingshen/application/common.php:227]
[ error ] [8]未定义数组索引: HTTP_X_FORWARDED_FOR[/www/wwwroot/pingshen/application/common.php:229]
---------------------------------------------------------------
[2020-03-06T11:30:28+08:00] 125.120.45.52 GET pingshen.hbhb.vip/admin/users/userlist.html
[运行时间：0.022329s] [吞吐率：44.78req/s] [内存消耗：2,223.81kb] [文件加载：76]
[ info ] [ LANG ] /www/wwwroot/pingshen/thinkphp/lang/zh-cn.php
[ info ] [ LANG ] /www/wwwroot/pingshen/application/admin//lang/zh-cn.php
[ info ] [ ROUTE ] array (
)
[ info ] [ HEADER ] array (
  'cookie' => 'PHPSESSID=a3nlle5c0naj617reqskitndob',
  'accept-language' => 'zh-CN,zh;q=0.9',
  'accept-encoding' => 'gzip, deflate',
  'referer' => 'http://pingshen.hbhb.vip/admin/index/index.html',
  'accept' => 'text/html,application/xhtml+xml,application/xml;q=0.9,image/webp,image/apng,*/*;q=0.8',
  'user-agent' => 'Mozilla/5.0 (Windows NT 10.0; Win64; x64) AppleWebKit/537.36 (KHTML, like Gecko) Chrome/72.0.3626.119 Safari/537.36',
  'upgrade-insecure-requests' => '1',
  'connection' => 'keep-alive',
  'host' => 'pingshen.hbhb.vip',
  'content-type' => '',
  'content-length' => '',
)
[ info ] [ PARAM ] array (
)
[ info ] [ VIEW ] /www/wwwroot/pingshen/application/admin/view/users/user_list.html [ array (
) ]
---------------------------------------------------------------
[2020-03-06T11:30:28+08:00] 125.120.45.52 POST pingshen.hbhb.vip/admin/users/userlist.html
[运行时间：0.048519s] [吞吐率：20.61req/s] [内存消耗：3,114.16kb] [文件加载：77]
[ info ] [ LANG ] /www/wwwroot/pingshen/thinkphp/lang/zh-cn.php
[ info ] [ LANG ] /www/wwwroot/pingshen/application/admin//lang/zh-cn.php
[ info ] [ ROUTE ] array (
)
[ info ] [ HEADER ] array (
  'cookie' => 'skin=0; PHPSESSID=a3nlle5c0naj617reqskitndob',
  'accept-language' => 'zh-CN,zh;q=0.9',
  'accept-encoding' => 'gzip, deflate',
  'referer' => 'http://pingshen.hbhb.vip/admin/users/userlist.html',
  'content-type' => 'application/x-www-form-urlencoded; charset=UTF-8',
  'user-agent' => 'Mozilla/5.0 (Windows NT 10.0; Win64; x64) AppleWebKit/537.36 (KHTML, like Gecko) Chrome/72.0.3626.119 Safari/537.36',
  'x-requested-with' => 'XMLHttpRequest',
  'origin' => 'http://pingshen.hbhb.vip',
  'accept' => 'application/json, text/javascript, */*; q=0.01',
  'content-length' => '15',
  'connection' => 'keep-alive',
  'host' => 'pingshen.hbhb.vip',
)
[ info ] [ PARAM ] array (
  'page' => '1',
  'limit' => '10',
)
[ info ] [ DB ] INIT mysql
[ sql ] [ DB ] CONNECT:[ UseTime:0.008775s ] mysql:host=47.97.169.58;port=3306;dbname=pingshen;charset=utf8
[ sql ] [ SQL ] SHOW COLUMNS FROM `users` [ RunTime:0.007534s ]
[ sql ] [ SQL ] SELECT * FROM `users` WHERE  ( `nickname` LIKE '%%' OR `email` LIKE '%%' OR `mobile` LIKE '%%' ) [ RunTime:0.006146s ]
---------------------------------------------------------------
[2020-03-06T11:30:31+08:00] 125.120.45.52 GET pingshen.hbhb.vip/admin/achievement/aclist.html
[运行时间：0.022099s] [吞吐率：45.25req/s] [内存消耗：2,229.69kb] [文件加载：76]
[ info ] [ LANG ] /www/wwwroot/pingshen/thinkphp/lang/zh-cn.php
[ info ] [ LANG ] /www/wwwroot/pingshen/application/admin//lang/zh-cn.php
[ info ] [ ROUTE ] array (
)
[ info ] [ HEADER ] array (
  'cookie' => 'PHPSESSID=a3nlle5c0naj617reqskitndob',
  'accept-language' => 'zh-CN,zh;q=0.9',
  'accept-encoding' => 'gzip, deflate',
  'referer' => 'http://pingshen.hbhb.vip/admin/index/index.html',
  'accept' => 'text/html,application/xhtml+xml,application/xml;q=0.9,image/webp,image/apng,*/*;q=0.8',
  'user-agent' => 'Mozilla/5.0 (Windows NT 10.0; Win64; x64) AppleWebKit/537.36 (KHTML, like Gecko) Chrome/72.0.3626.119 Safari/537.36',
  'upgrade-insecure-requests' => '1',
  'connection' => 'keep-alive',
  'host' => 'pingshen.hbhb.vip',
  'content-type' => '',
  'content-length' => '',
)
[ info ] [ PARAM ] array (
)
[ info ] [ VIEW ] /www/wwwroot/pingshen/application/admin/view/achievement/acList.html [ array (
) ]
---------------------------------------------------------------
[2020-03-06T11:30:31+08:00] 125.120.45.52 POST pingshen.hbhb.vip/admin/achievement/aclist.html
[运行时间：0.237024s] [吞吐率：4.22req/s] [内存消耗：3,080.45kb] [文件加载：77]
[ info ] [ LANG ] /www/wwwroot/pingshen/thinkphp/lang/zh-cn.php
[ info ] [ LANG ] /www/wwwroot/pingshen/application/admin//lang/zh-cn.php
[ info ] [ ROUTE ] array (
)
[ info ] [ HEADER ] array (
  'cookie' => 'skin=0; PHPSESSID=a3nlle5c0naj617reqskitndob',
  'accept-language' => 'zh-CN,zh;q=0.9',
  'accept-encoding' => 'gzip, deflate',
  'referer' => 'http://pingshen.hbhb.vip/admin/achievement/aclist.html',
  'content-type' => 'application/x-www-form-urlencoded; charset=UTF-8',
  'user-agent' => 'Mozilla/5.0 (Windows NT 10.0; Win64; x64) AppleWebKit/537.36 (KHTML, like Gecko) Chrome/72.0.3626.119 Safari/537.36',
  'x-requested-with' => 'XMLHttpRequest',
  'origin' => 'http://pingshen.hbhb.vip',
  'accept' => 'application/json, text/javascript, */*; q=0.01',
  'content-length' => '15',
  'connection' => 'keep-alive',
  'host' => 'pingshen.hbhb.vip',
)
[ info ] [ PARAM ] array (
  'page' => '1',
  'limit' => '10',
)
[ info ] [ DB ] INIT mysql
[ sql ] [ DB ] CONNECT:[ UseTime:0.009147s ] mysql:host=47.97.169.58;port=3306;dbname=pingshen;charset=utf8
[ sql ] [ SQL ] SHOW COLUMNS FROM `achievement` [ RunTime:0.007411s ]
[ sql ] [ SQL ] SELECT * FROM `achievement` `a` LEFT JOIN `users` `u` ON `u`.`id`=`a`.`uid` GROUP BY `uid`,`sign` [ RunTime:0.008449s ]
[ sql ] [ SQL ] SHOW COLUMNS FROM `users` [ RunTime:0.007391s ]
[ sql ] [ SQL ] SELECT `nickname` FROM `users` WHERE  `id` = 1 LIMIT 1 [ RunTime:0.005996s ]
[ sql ] [ SQL ] SELECT `nickname` FROM `users` WHERE  `id` = 1 LIMIT 1 [ RunTime:0.006003s ]
[ sql ] [ SQL ] SELECT `nickname` FROM `users` WHERE  `id` = 1 LIMIT 1 [ RunTime:0.005937s ]
[ sql ] [ SQL ] SELECT `nickname` FROM `users` WHERE  `id` = 1 LIMIT 1 [ RunTime:0.005939s ]
[ sql ] [ SQL ] SELECT `nickname` FROM `users` WHERE  `id` = 1 LIMIT 1 [ RunTime:0.005933s ]
[ sql ] [ SQL ] SELECT `nickname` FROM `users` WHERE  `id` = 1 LIMIT 1 [ RunTime:0.005949s ]
[ sql ] [ SQL ] SELECT `nickname` FROM `users` WHERE  `id` = 1 LIMIT 1 [ RunTime:0.005965s ]
[ sql ] [ SQL ] SELECT `nickname` FROM `users` WHERE  `id` = 1 LIMIT 1 [ RunTime:0.005956s ]
[ sql ] [ SQL ] SELECT `nickname` FROM `users` WHERE  `id` = 2 LIMIT 1 [ RunTime:0.005969s ]
[ sql ] [ SQL ] SELECT `nickname` FROM `users` WHERE  `id` = 2 LIMIT 1 [ RunTime:0.005975s ]
[ sql ] [ SQL ] SELECT `nickname` FROM `users` WHERE  `id` = 2 LIMIT 1 [ RunTime:0.005960s ]
[ sql ] [ SQL ] SELECT `nickname` FROM `users` WHERE  `id` = 2 LIMIT 1 [ RunTime:0.005934s ]
[ sql ] [ SQL ] SELECT `nickname` FROM `users` WHERE  `id` = 3 LIMIT 1 [ RunTime:0.006037s ]
[ sql ] [ SQL ] SELECT `nickname` FROM `users` WHERE  `id` = 3 LIMIT 1 [ RunTime:0.006012s ]
[ sql ] [ SQL ] SELECT `nickname` FROM `users` WHERE  `id` = 3 LIMIT 1 [ RunTime:0.006027s ]
[ sql ] [ SQL ] SELECT `nickname` FROM `users` WHERE  `id` = 3 LIMIT 1 [ RunTime:0.005957s ]
[ sql ] [ SQL ] SELECT `nickname` FROM `users` WHERE  `id` = 4 LIMIT 1 [ RunTime:0.005934s ]
[ sql ] [ SQL ] SELECT `nickname` FROM `users` WHERE  `id` = 4 LIMIT 1 [ RunTime:0.005974s ]
[ sql ] [ SQL ] SELECT `nickname` FROM `users` WHERE  `id` = 5 LIMIT 1 [ RunTime:0.005963s ]
[ sql ] [ SQL ] SELECT `nickname` FROM `users` WHERE  `id` = 6 LIMIT 1 [ RunTime:0.005930s ]
[ sql ] [ SQL ] SELECT `nickname` FROM `users` WHERE  `id` = 6 LIMIT 1 [ RunTime:0.005985s ]
[ sql ] [ SQL ] SELECT `nickname` FROM `users` WHERE  `id` = 10 LIMIT 1 [ RunTime:0.005967s ]
[ sql ] [ SQL ] SELECT `nickname` FROM `users` WHERE  `id` = 16 LIMIT 1 [ RunTime:0.005964s ]
[ sql ] [ SQL ] SELECT `nickname` FROM `users` WHERE  `id` = 16 LIMIT 1 [ RunTime:0.006007s ]
[ sql ] [ SQL ] SELECT `nickname` FROM `users` WHERE  `id` = 17 LIMIT 1 [ RunTime:0.005978s ]
[ sql ] [ SQL ] SELECT `nickname` FROM `users` WHERE  `id` = 17 LIMIT 1 [ RunTime:0.006034s ]
[ sql ] [ SQL ] SELECT `nickname` FROM `users` WHERE  `id` = 18 LIMIT 1 [ RunTime:0.005964s ]
[ sql ] [ SQL ] SELECT `nickname` FROM `users` WHERE  `id` = 25 LIMIT 1 [ RunTime:0.005975s ]
[ sql ] [ SQL ] SELECT `nickname` FROM `users` WHERE  `id` = 28 LIMIT 1 [ RunTime:0.005988s ]
---------------------------------------------------------------
[2020-03-06T11:37:24+08:00] 125.120.45.52 GET pingshen.hbhb.vip/admin/users/userlist.html
[运行时间：0.022037s] [吞吐率：45.38req/s] [内存消耗：2,223.94kb] [文件加载：76]
[ info ] [ LANG ] /www/wwwroot/pingshen/thinkphp/lang/zh-cn.php
[ info ] [ LANG ] /www/wwwroot/pingshen/application/admin//lang/zh-cn.php
[ info ] [ ROUTE ] array (
)
[ info ] [ HEADER ] array (
  'cookie' => 'skin=0; PHPSESSID=a3nlle5c0naj617reqskitndob',
  'accept-language' => 'zh-CN,zh;q=0.9',
  'accept-encoding' => 'gzip, deflate',
  'referer' => 'http://pingshen.hbhb.vip/admin/index/index.html',
  'accept' => 'text/html,application/xhtml+xml,application/xml;q=0.9,image/webp,image/apng,*/*;q=0.8',
  'user-agent' => 'Mozilla/5.0 (Windows NT 10.0; Win64; x64) AppleWebKit/537.36 (KHTML, like Gecko) Chrome/72.0.3626.119 Safari/537.36',
  'upgrade-insecure-requests' => '1',
  'connection' => 'keep-alive',
  'host' => 'pingshen.hbhb.vip',
  'content-type' => '',
  'content-length' => '',
)
[ info ] [ PARAM ] array (
)
[ info ] [ VIEW ] /www/wwwroot/pingshen/application/admin/view/users/user_list.html [ array (
) ]
---------------------------------------------------------------
[2020-03-06T11:37:24+08:00] 125.120.45.52 POST pingshen.hbhb.vip/admin/users/userlist.html
[运行时间：0.049531s] [吞吐率：20.19req/s] [内存消耗：3,111.48kb] [文件加载：77]
[ info ] [ LANG ] /www/wwwroot/pingshen/thinkphp/lang/zh-cn.php
[ info ] [ LANG ] /www/wwwroot/pingshen/application/admin//lang/zh-cn.php
[ info ] [ ROUTE ] array (
)
[ info ] [ HEADER ] array (
  'cookie' => 'skin=0; PHPSESSID=a3nlle5c0naj617reqskitndob',
  'accept-language' => 'zh-CN,zh;q=0.9',
  'accept-encoding' => 'gzip, deflate',
  'referer' => 'http://pingshen.hbhb.vip/admin/users/userlist.html',
  'content-type' => 'application/x-www-form-urlencoded; charset=UTF-8',
  'user-agent' => 'Mozilla/5.0 (Windows NT 10.0; Win64; x64) AppleWebKit/537.36 (KHTML, like Gecko) Chrome/72.0.3626.119 Safari/537.36',
  'x-requested-with' => 'XMLHttpRequest',
  'origin' => 'http://pingshen.hbhb.vip',
  'accept' => 'application/json, text/javascript, */*; q=0.01',
  'content-length' => '15',
  'connection' => 'keep-alive',
  'host' => 'pingshen.hbhb.vip',
)
[ info ] [ PARAM ] array (
  'page' => '1',
  'limit' => '10',
)
[ info ] [ DB ] INIT mysql
[ sql ] [ DB ] CONNECT:[ UseTime:0.008813s ] mysql:host=47.97.169.58;port=3306;dbname=pingshen;charset=utf8
[ sql ] [ SQL ] SHOW COLUMNS FROM `users` [ RunTime:0.007553s ]
[ sql ] [ SQL ] SELECT * FROM `users` WHERE  ( `nickname` LIKE '%%' OR `email` LIKE '%%' OR `mobile` LIKE '%%' ) [ RunTime:0.006079s ]
---------------------------------------------------------------
[2020-03-06T17:15:32+08:00] 125.120.45.52 GET pingshen.hbhb.vip/
[运行时间：0.053833s] [吞吐率：18.58req/s] [内存消耗：3,140.67kb] [文件加载：84]
[ info ] [ LANG ] /www/wwwroot/pingshen/thinkphp/lang/zh-cn.php
[ info ] [ LANG ] /www/wwwroot/pingshen/application/admin//lang/zh-cn.php
[ info ] [ ROUTE ] array (
)
[ info ] [ HEADER ] array (
  'cookie' => 'PHPSESSID=a3nlle5c0naj617reqskitndob',
  'accept-language' => 'zh-CN,zh;q=0.9',
  'accept-encoding' => 'gzip, deflate',
  'accept' => 'text/html,application/xhtml+xml,application/xml;q=0.9,image/webp,image/apng,*/*;q=0.8',
  'user-agent' => 'Mozilla/5.0 (Windows NT 10.0; Win64; x64) AppleWebKit/537.36 (KHTML, like Gecko) Chrome/72.0.3626.119 Safari/537.36',
  'upgrade-insecure-requests' => '1',
  'purpose' => 'prefetch',
  'connection' => 'keep-alive',
  'host' => 'pingshen.hbhb.vip',
  'content-type' => '',
  'content-length' => '',
)
[ info ] [ PARAM ] array (
)
[ info ] [ DB ] INIT mysql
[ info ] [ VIEW ] /www/wwwroot/pingshen/application/admin/view/index/index.html [ array (
  0 => 'menus',
) ]
[ sql ] [ DB ] CONNECT:[ UseTime:0.009236s ] mysql:host=47.97.169.58;port=3306;dbname=pingshen;charset=utf8
[ sql ] [ SQL ] SHOW COLUMNS FROM `auth_rule` [ RunTime:0.007526s ]
[ sql ] [ SQL ] SELECT * FROM `auth_rule` WHERE  ( menustatus=1 ) ORDER BY `sort` [ RunTime:0.006249s ]
---------------------------------------------------------------
[2020-03-06T17:15:32+08:00] 125.120.45.52 GET pingshen.hbhb.vip/uploads/20180625/f266169c2956429d9aaea6cf6f1e51cb.jpg
[运行时间：0.015395s] [吞吐率：64.96req/s] [内存消耗：1,661.92kb] [文件加载：57]
[ info ] [ LANG ] /www/wwwroot/pingshen/thinkphp/lang/zh-cn.php
---------------------------------------------------------------
[2020-03-06T17:15:33+08:00] 125.120.45.52 GET pingshen.hbhb.vip/
[运行时间：0.022820s] [吞吐率：43.82req/s] [内存消耗：2,236.64kb] [文件加载：78]
[ info ] [ LANG ] /www/wwwroot/pingshen/thinkphp/lang/zh-cn.php
[ info ] [ LANG ] /www/wwwroot/pingshen/application/admin//lang/zh-cn.php
[ info ] [ ROUTE ] array (
)
[ info ] [ HEADER ] array (
  'cookie' => 'PHPSESSID=a3nlle5c0naj617reqskitndob; skin=0',
  'accept-language' => 'zh-CN,zh;q=0.9',
  'accept-encoding' => 'gzip, deflate',
  'accept' => 'text/html,application/xhtml+xml,application/xml;q=0.9,image/webp,image/apng,*/*;q=0.8',
  'user-agent' => 'Mozilla/5.0 (Windows NT 10.0; Win64; x64) AppleWebKit/537.36 (KHTML, like Gecko) Chrome/72.0.3626.119 Safari/537.36',
  'upgrade-insecure-requests' => '1',
  'connection' => 'keep-alive',
  'host' => 'pingshen.hbhb.vip',
  'content-type' => '',
  'content-length' => '',
)
[ info ] [ PARAM ] array (
)
[ info ] [ VIEW ] /www/wwwroot/pingshen/application/admin/view/index/index.html [ array (
  0 => 'menus',
) ]
---------------------------------------------------------------
[2020-03-06T17:15:33+08:00] 125.120.45.52 GET pingshen.hbhb.vip/admin/index/main.html
[运行时间：0.043883s] [吞吐率：22.79req/s] [内存消耗：3,098.02kb] [文件加载：84]
[ info ] [ LANG ] /www/wwwroot/pingshen/thinkphp/lang/zh-cn.php
[ info ] [ LANG ] /www/wwwroot/pingshen/application/admin//lang/zh-cn.php
[ info ] [ ROUTE ] array (
)
[ info ] [ HEADER ] array (
  'cookie' => 'skin=0; PHPSESSID=a3nlle5c0naj617reqskitndob; skin=0',
  'accept-language' => 'zh-CN,zh;q=0.9',
  'accept-encoding' => 'gzip, deflate',
  'referer' => 'http://pingshen.hbhb.vip/',
  'accept' => 'text/html,application/xhtml+xml,application/xml;q=0.9,image/webp,image/apng,*/*;q=0.8',
  'user-agent' => 'Mozilla/5.0 (Windows NT 10.0; Win64; x64) AppleWebKit/537.36 (KHTML, like Gecko) Chrome/72.0.3626.119 Safari/537.36',
  'upgrade-insecure-requests' => '1',
  'connection' => 'keep-alive',
  'host' => 'pingshen.hbhb.vip',
  'content-type' => '',
  'content-length' => '',
)
[ info ] [ PARAM ] array (
)
[ info ] [ DB ] INIT mysql
[ info ] [ VIEW ] /www/wwwroot/pingshen/application/admin/view/index/main.html [ array (
  0 => 'config',
) ]
[ sql ] [ DB ] CONNECT:[ UseTime:0.009018s ] mysql:host=47.97.169.58;port=3306;dbname=pingshen;charset=utf8
[ sql ] [ SQL ] SELECT VERSION() AS ver [ RunTime:0.005867s ]
[ error ] [8]未定义数组索引: HTTP_CLIENT_IP[/www/wwwroot/pingshen/application/common.php:227]
[ error ] [8]未定义数组索引: HTTP_X_FORWARDED_FOR[/www/wwwroot/pingshen/application/common.php:229]
---------------------------------------------------------------
[2020-03-06T17:15:35+08:00] 125.120.45.52 GET pingshen.hbhb.vip/admin/standard/stlist.html
[运行时间：0.021356s] [吞吐率：46.83req/s] [内存消耗：2,220.30kb] [文件加载：76]
[ info ] [ LANG ] /www/wwwroot/pingshen/thinkphp/lang/zh-cn.php
[ info ] [ LANG ] /www/wwwroot/pingshen/application/admin//lang/zh-cn.php
[ info ] [ ROUTE ] array (
)
[ info ] [ HEADER ] array (
  'cookie' => 'PHPSESSID=a3nlle5c0naj617reqskitndob; skin=0',
  'accept-language' => 'zh-CN,zh;q=0.9',
  'accept-encoding' => 'gzip, deflate',
  'referer' => 'http://pingshen.hbhb.vip/',
  'accept' => 'text/html,application/xhtml+xml,application/xml;q=0.9,image/webp,image/apng,*/*;q=0.8',
  'user-agent' => 'Mozilla/5.0 (Windows NT 10.0; Win64; x64) AppleWebKit/537.36 (KHTML, like Gecko) Chrome/72.0.3626.119 Safari/537.36',
  'upgrade-insecure-requests' => '1',
  'connection' => 'keep-alive',
  'host' => 'pingshen.hbhb.vip',
  'content-type' => '',
  'content-length' => '',
)
[ info ] [ PARAM ] array (
)
[ info ] [ VIEW ] /www/wwwroot/pingshen/application/admin/view/standard/stList.html [ array (
) ]
---------------------------------------------------------------
[2020-03-06T17:15:35+08:00] 125.120.45.52 POST pingshen.hbhb.vip/admin/standard/stlist.html
[运行时间：0.048239s] [吞吐率：20.73req/s] [内存消耗：3,049.64kb] [文件加载：77]
[ info ] [ LANG ] /www/wwwroot/pingshen/thinkphp/lang/zh-cn.php
[ info ] [ LANG ] /www/wwwroot/pingshen/application/admin//lang/zh-cn.php
[ info ] [ ROUTE ] array (
)
[ info ] [ HEADER ] array (
  'cookie' => 'skin=0; PHPSESSID=a3nlle5c0naj617reqskitndob; skin=0',
  'accept-language' => 'zh-CN,zh;q=0.9',
  'accept-encoding' => 'gzip, deflate',
  'referer' => 'http://pingshen.hbhb.vip/admin/standard/stlist.html',
  'content-type' => 'application/x-www-form-urlencoded; charset=UTF-8',
  'user-agent' => 'Mozilla/5.0 (Windows NT 10.0; Win64; x64) AppleWebKit/537.36 (KHTML, like Gecko) Chrome/72.0.3626.119 Safari/537.36',
  'x-requested-with' => 'XMLHttpRequest',
  'origin' => 'http://pingshen.hbhb.vip',
  'accept' => 'application/json, text/javascript, */*; q=0.01',
  'content-length' => '15',
  'connection' => 'keep-alive',
  'host' => 'pingshen.hbhb.vip',
)
[ info ] [ PARAM ] array (
  'page' => '1',
  'limit' => '10',
)
[ info ] [ DB ] INIT mysql
[ sql ] [ DB ] CONNECT:[ UseTime:0.008967s ] mysql:host=47.97.169.58;port=3306;dbname=pingshen;charset=utf8
[ sql ] [ SQL ] SHOW COLUMNS FROM `standard` [ RunTime:0.007367s ]
[ sql ] [ SQL ] SELECT * FROM `standard` [ RunTime:0.006002s ]
---------------------------------------------------------------
[2020-03-06T17:15:36+08:00] 125.120.45.52 GET pingshen.hbhb.vip/admin/standard/stadd.html
[运行时间：0.022001s] [吞吐率：45.45req/s] [内存消耗：2,227.90kb] [文件加载：77]
[ info ] [ LANG ] /www/wwwroot/pingshen/thinkphp/lang/zh-cn.php
[ info ] [ LANG ] /www/wwwroot/pingshen/application/admin//lang/zh-cn.php
[ info ] [ ROUTE ] array (
)
[ info ] [ HEADER ] array (
  'cookie' => 'skin=0; PHPSESSID=a3nlle5c0naj617reqskitndob; skin=0',
  'accept-language' => 'zh-CN,zh;q=0.9',
  'accept-encoding' => 'gzip, deflate',
  'referer' => 'http://pingshen.hbhb.vip/admin/standard/stlist.html',
  'accept' => 'text/html,application/xhtml+xml,application/xml;q=0.9,image/webp,image/apng,*/*;q=0.8',
  'user-agent' => 'Mozilla/5.0 (Windows NT 10.0; Win64; x64) AppleWebKit/537.36 (KHTML, like Gecko) Chrome/72.0.3626.119 Safari/537.36',
  'upgrade-insecure-requests' => '1',
  'connection' => 'keep-alive',
  'host' => 'pingshen.hbhb.vip',
  'content-type' => '',
  'content-length' => '',
)
[ info ] [ PARAM ] array (
)
[ info ] [ VIEW ] /www/wwwroot/pingshen/application/admin/view/standard/stAdd.html [ array (
  0 => 'info',
) ]
---------------------------------------------------------------
[2020-03-06T17:15:38+08:00] 125.120.45.52 GET pingshen.hbhb.vip/admin/department/score.html
[运行时间：0.020368s] [吞吐率：49.10req/s] [内存消耗：2,150.82kb] [文件加载：73]
[ info ] [ LANG ] /www/wwwroot/pingshen/thinkphp/lang/zh-cn.php
[ info ] [ LANG ] /www/wwwroot/pingshen/application/admin//lang/zh-cn.php
[ info ] [ ROUTE ] array (
)
[ info ] [ HEADER ] array (
  'cookie' => 'PHPSESSID=a3nlle5c0naj617reqskitndob; skin=0',
  'accept-language' => 'zh-CN,zh;q=0.9',
  'accept-encoding' => 'gzip, deflate',
  'referer' => 'http://pingshen.hbhb.vip/',
  'accept' => 'text/html,application/xhtml+xml,application/xml;q=0.9,image/webp,image/apng,*/*;q=0.8',
  'user-agent' => 'Mozilla/5.0 (Windows NT 10.0; Win64; x64) AppleWebKit/537.36 (KHTML, like Gecko) Chrome/72.0.3626.119 Safari/537.36',
  'upgrade-insecure-requests' => '1',
  'connection' => 'keep-alive',
  'host' => 'pingshen.hbhb.vip',
  'content-type' => '',
  'content-length' => '',
)
[ info ] [ PARAM ] array (
)
[ info ] [ VIEW ] /www/wwwroot/pingshen/thinkphp/tpl/dispatch_jump.tpl [ array (
  0 => 'code',
  1 => 'msg',
  2 => 'data',
  3 => 'url',
  4 => 'wait',
) ]
---------------------------------------------------------------
[2020-03-06T17:15:39+08:00] 125.120.45.52 GET pingshen.hbhb.vip/admin/department/delist.html
[运行时间：0.022113s] [吞吐率：45.22req/s] [内存消耗：2,220.17kb] [文件加载：76]
[ info ] [ LANG ] /www/wwwroot/pingshen/thinkphp/lang/zh-cn.php
[ info ] [ LANG ] /www/wwwroot/pingshen/application/admin//lang/zh-cn.php
[ info ] [ ROUTE ] array (
)
[ info ] [ HEADER ] array (
  'cookie' => 'PHPSESSID=a3nlle5c0naj617reqskitndob; skin=0',
  'accept-language' => 'zh-CN,zh;q=0.9',
  'accept-encoding' => 'gzip, deflate',
  'referer' => 'http://pingshen.hbhb.vip/',
  'accept' => 'text/html,application/xhtml+xml,application/xml;q=0.9,image/webp,image/apng,*/*;q=0.8',
  'user-agent' => 'Mozilla/5.0 (Windows NT 10.0; Win64; x64) AppleWebKit/537.36 (KHTML, like Gecko) Chrome/72.0.3626.119 Safari/537.36',
  'upgrade-insecure-requests' => '1',
  'connection' => 'keep-alive',
  'host' => 'pingshen.hbhb.vip',
  'content-type' => '',
  'content-length' => '',
)
[ info ] [ PARAM ] array (
)
[ info ] [ VIEW ] /www/wwwroot/pingshen/application/admin/view/department/deList.html [ array (
) ]
---------------------------------------------------------------
[2020-03-06T17:15:39+08:00] 125.120.45.52 POST pingshen.hbhb.vip/admin/department/delist.html
[运行时间：0.047658s] [吞吐率：20.98req/s] [内存消耗：3,048.69kb] [文件加载：77]
[ info ] [ LANG ] /www/wwwroot/pingshen/thinkphp/lang/zh-cn.php
[ info ] [ LANG ] /www/wwwroot/pingshen/application/admin//lang/zh-cn.php
[ info ] [ ROUTE ] array (
)
[ info ] [ HEADER ] array (
  'cookie' => 'skin=0; PHPSESSID=a3nlle5c0naj617reqskitndob; skin=0',
  'accept-language' => 'zh-CN,zh;q=0.9',
  'accept-encoding' => 'gzip, deflate',
  'referer' => 'http://pingshen.hbhb.vip/admin/department/delist.html',
  'content-type' => 'application/x-www-form-urlencoded; charset=UTF-8',
  'user-agent' => 'Mozilla/5.0 (Windows NT 10.0; Win64; x64) AppleWebKit/537.36 (KHTML, like Gecko) Chrome/72.0.3626.119 Safari/537.36',
  'x-requested-with' => 'XMLHttpRequest',
  'origin' => 'http://pingshen.hbhb.vip',
  'accept' => 'application/json, text/javascript, */*; q=0.01',
  'content-length' => '15',
  'connection' => 'keep-alive',
  'host' => 'pingshen.hbhb.vip',
)
[ info ] [ PARAM ] array (
  'page' => '1',
  'limit' => '10',
)
[ info ] [ DB ] INIT mysql
[ sql ] [ DB ] CONNECT:[ UseTime:0.008989s ] mysql:host=47.97.169.58;port=3306;dbname=pingshen;charset=utf8
[ sql ] [ SQL ] SHOW COLUMNS FROM `department` [ RunTime:0.007295s ]
[ sql ] [ SQL ] SELECT * FROM `department` [ RunTime:0.005947s ]
---------------------------------------------------------------
[2020-03-06T17:15:41+08:00] 125.120.45.52 GET pingshen.hbhb.vip/
[运行时间：0.023510s] [吞吐率：42.54req/s] [内存消耗：2,236.64kb] [文件加载：78]
[ info ] [ LANG ] /www/wwwroot/pingshen/thinkphp/lang/zh-cn.php
[ info ] [ LANG ] /www/wwwroot/pingshen/application/admin//lang/zh-cn.php
[ info ] [ ROUTE ] array (
)
[ info ] [ HEADER ] array (
  'cookie' => 'PHPSESSID=a3nlle5c0naj617reqskitndob; skin=0',
  'accept-language' => 'zh-CN,zh;q=0.9',
  'accept-encoding' => 'gzip, deflate',
  'accept' => 'text/html,application/xhtml+xml,application/xml;q=0.9,image/webp,image/apng,*/*;q=0.8',
  'user-agent' => 'Mozilla/5.0 (Windows NT 10.0; Win64; x64) AppleWebKit/537.36 (KHTML, like Gecko) Chrome/72.0.3626.119 Safari/537.36',
  'upgrade-insecure-requests' => '1',
  'connection' => 'keep-alive',
  'host' => 'pingshen.hbhb.vip',
  'content-type' => '',
  'content-length' => '',
)
[ info ] [ PARAM ] array (
)
[ info ] [ VIEW ] /www/wwwroot/pingshen/application/admin/view/index/index.html [ array (
  0 => 'menus',
) ]
---------------------------------------------------------------
[2020-03-06T17:15:41+08:00] 125.120.45.52 GET pingshen.hbhb.vip/admin/index/main.html
[运行时间：0.043943s] [吞吐率：22.76req/s] [内存消耗：3,098.02kb] [文件加载：84]
[ info ] [ LANG ] /www/wwwroot/pingshen/thinkphp/lang/zh-cn.php
[ info ] [ LANG ] /www/wwwroot/pingshen/application/admin//lang/zh-cn.php
[ info ] [ ROUTE ] array (
)
[ info ] [ HEADER ] array (
  'cookie' => 'skin=0; PHPSESSID=a3nlle5c0naj617reqskitndob; skin=0',
  'accept-language' => 'zh-CN,zh;q=0.9',
  'accept-encoding' => 'gzip, deflate',
  'referer' => 'http://pingshen.hbhb.vip/',
  'accept' => 'text/html,application/xhtml+xml,application/xml;q=0.9,image/webp,image/apng,*/*;q=0.8',
  'user-agent' => 'Mozilla/5.0 (Windows NT 10.0; Win64; x64) AppleWebKit/537.36 (KHTML, like Gecko) Chrome/72.0.3626.119 Safari/537.36',
  'upgrade-insecure-requests' => '1',
  'connection' => 'keep-alive',
  'host' => 'pingshen.hbhb.vip',
  'content-type' => '',
  'content-length' => '',
)
[ info ] [ PARAM ] array (
)
[ info ] [ DB ] INIT mysql
[ info ] [ VIEW ] /www/wwwroot/pingshen/application/admin/view/index/main.html [ array (
  0 => 'config',
) ]
[ sql ] [ DB ] CONNECT:[ UseTime:0.009282s ] mysql:host=47.97.169.58;port=3306;dbname=pingshen;charset=utf8
[ sql ] [ SQL ] SELECT VERSION() AS ver [ RunTime:0.006095s ]
[ error ] [8]未定义数组索引: HTTP_CLIENT_IP[/www/wwwroot/pingshen/application/common.php:227]
[ error ] [8]未定义数组索引: HTTP_X_FORWARDED_FOR[/www/wwwroot/pingshen/application/common.php:229]
---------------------------------------------------------------
[2020-03-06T17:15:43+08:00] 125.120.45.52 GET pingshen.hbhb.vip/admin/department/delist.html
[运行时间：0.022147s] [吞吐率：45.15req/s] [内存消耗：2,220.30kb] [文件加载：76]
[ info ] [ LANG ] /www/wwwroot/pingshen/thinkphp/lang/zh-cn.php
[ info ] [ LANG ] /www/wwwroot/pingshen/application/admin//lang/zh-cn.php
[ info ] [ ROUTE ] array (
)
[ info ] [ HEADER ] array (
  'cookie' => 'skin=0; PHPSESSID=a3nlle5c0naj617reqskitndob; skin=0',
  'accept-language' => 'zh-CN,zh;q=0.9',
  'accept-encoding' => 'gzip, deflate',
  'referer' => 'http://pingshen.hbhb.vip/',
  'accept' => 'text/html,application/xhtml+xml,application/xml;q=0.9,image/webp,image/apng,*/*;q=0.8',
  'user-agent' => 'Mozilla/5.0 (Windows NT 10.0; Win64; x64) AppleWebKit/537.36 (KHTML, like Gecko) Chrome/72.0.3626.119 Safari/537.36',
  'upgrade-insecure-requests' => '1',
  'connection' => 'keep-alive',
  'host' => 'pingshen.hbhb.vip',
  'content-type' => '',
  'content-length' => '',
)
[ info ] [ PARAM ] array (
)
[ info ] [ VIEW ] /www/wwwroot/pingshen/application/admin/view/department/deList.html [ array (
) ]
---------------------------------------------------------------
[2020-03-06T17:15:43+08:00] 125.120.45.52 POST pingshen.hbhb.vip/admin/department/delist.html
[运行时间：0.049405s] [吞吐率：20.24req/s] [内存消耗：3,048.69kb] [文件加载：77]
[ info ] [ LANG ] /www/wwwroot/pingshen/thinkphp/lang/zh-cn.php
[ info ] [ LANG ] /www/wwwroot/pingshen/application/admin//lang/zh-cn.php
[ info ] [ ROUTE ] array (
)
[ info ] [ HEADER ] array (
  'cookie' => 'skin=0; PHPSESSID=a3nlle5c0naj617reqskitndob; skin=0',
  'accept-language' => 'zh-CN,zh;q=0.9',
  'accept-encoding' => 'gzip, deflate',
  'referer' => 'http://pingshen.hbhb.vip/admin/department/delist.html',
  'content-type' => 'application/x-www-form-urlencoded; charset=UTF-8',
  'user-agent' => 'Mozilla/5.0 (Windows NT 10.0; Win64; x64) AppleWebKit/537.36 (KHTML, like Gecko) Chrome/72.0.3626.119 Safari/537.36',
  'x-requested-with' => 'XMLHttpRequest',
  'origin' => 'http://pingshen.hbhb.vip',
  'accept' => 'application/json, text/javascript, */*; q=0.01',
  'content-length' => '15',
  'connection' => 'keep-alive',
  'host' => 'pingshen.hbhb.vip',
)
[ info ] [ PARAM ] array (
  'page' => '1',
  'limit' => '10',
)
[ info ] [ DB ] INIT mysql
[ sql ] [ DB ] CONNECT:[ UseTime:0.009296s ] mysql:host=47.97.169.58;port=3306;dbname=pingshen;charset=utf8
[ sql ] [ SQL ] SHOW COLUMNS FROM `department` [ RunTime:0.007440s ]
[ sql ] [ SQL ] SELECT * FROM `department` [ RunTime:0.006157s ]
---------------------------------------------------------------
[2020-03-06T17:15:44+08:00] 125.120.45.52 GET pingshen.hbhb.vip/admin/department/deadd.html
[运行时间：0.022518s] [吞吐率：44.41req/s] [内存消耗：2,266.64kb] [文件加载：80]
[ info ] [ LANG ] /www/wwwroot/pingshen/thinkphp/lang/zh-cn.php
[ info ] [ LANG ] /www/wwwroot/pingshen/application/admin//lang/zh-cn.php
[ info ] [ ROUTE ] array (
)
[ info ] [ HEADER ] array (
  'cookie' => 'skin=0; PHPSESSID=a3nlle5c0naj617reqskitndob; skin=0',
  'accept-language' => 'zh-CN,zh;q=0.9',
  'accept-encoding' => 'gzip, deflate',
  'referer' => 'http://pingshen.hbhb.vip/admin/department/delist.html',
  'accept' => 'text/html,application/xhtml+xml,application/xml;q=0.9,image/webp,image/apng,*/*;q=0.8',
  'user-agent' => 'Mozilla/5.0 (Windows NT 10.0; Win64; x64) AppleWebKit/537.36 (KHTML, like Gecko) Chrome/72.0.3626.119 Safari/537.36',
  'upgrade-insecure-requests' => '1',
  'connection' => 'keep-alive',
  'host' => 'pingshen.hbhb.vip',
  'content-type' => '',
  'content-length' => '',
)
[ info ] [ PARAM ] array (
)
[ info ] [ VIEW ] /www/wwwroot/pingshen/application/admin/view/department/deAdd.html [ array (
  0 => 'info',
) ]
[ error ] [8]未定义变量: title[/www/wwwroot/pingshen/runtime/temp/198ace95ef316a6ea6ef1354b530b3d5.php:20]
---------------------------------------------------------------
[2020-03-06T17:15:45+08:00] 125.120.45.52 GET pingshen.hbhb.vip/admin/department/delist.html
[运行时间：0.021825s] [吞吐率：45.82req/s] [内存消耗：2,220.42kb] [文件加载：76]
[ info ] [ LANG ] /www/wwwroot/pingshen/thinkphp/lang/zh-cn.php
[ info ] [ LANG ] /www/wwwroot/pingshen/application/admin//lang/zh-cn.php
[ info ] [ ROUTE ] array (
)
[ info ] [ HEADER ] array (
  'cookie' => 'skin=0; PHPSESSID=a3nlle5c0naj617reqskitndob; skin=0',
  'accept-language' => 'zh-CN,zh;q=0.9',
  'accept-encoding' => 'gzip, deflate',
  'referer' => 'http://pingshen.hbhb.vip/admin/department/deadd.html',
  'accept' => 'text/html,application/xhtml+xml,application/xml;q=0.9,image/webp,image/apng,*/*;q=0.8',
  'user-agent' => 'Mozilla/5.0 (Windows NT 10.0; Win64; x64) AppleWebKit/537.36 (KHTML, like Gecko) Chrome/72.0.3626.119 Safari/537.36',
  'upgrade-insecure-requests' => '1',
  'connection' => 'keep-alive',
  'host' => 'pingshen.hbhb.vip',
  'content-type' => '',
  'content-length' => '',
)
[ info ] [ PARAM ] array (
)
[ info ] [ VIEW ] /www/wwwroot/pingshen/application/admin/view/department/deList.html [ array (
) ]
---------------------------------------------------------------
[2020-03-06T17:15:45+08:00] 125.120.45.52 POST pingshen.hbhb.vip/admin/department/delist.html
[运行时间：0.048685s] [吞吐率：20.54req/s] [内存消耗：3,048.69kb] [文件加载：77]
[ info ] [ LANG ] /www/wwwroot/pingshen/thinkphp/lang/zh-cn.php
[ info ] [ LANG ] /www/wwwroot/pingshen/application/admin//lang/zh-cn.php
[ info ] [ ROUTE ] array (
)
[ info ] [ HEADER ] array (
  'cookie' => 'skin=0; PHPSESSID=a3nlle5c0naj617reqskitndob; skin=0',
  'accept-language' => 'zh-CN,zh;q=0.9',
  'accept-encoding' => 'gzip, deflate',
  'referer' => 'http://pingshen.hbhb.vip/admin/department/delist.html',
  'content-type' => 'application/x-www-form-urlencoded; charset=UTF-8',
  'user-agent' => 'Mozilla/5.0 (Windows NT 10.0; Win64; x64) AppleWebKit/537.36 (KHTML, like Gecko) Chrome/72.0.3626.119 Safari/537.36',
  'x-requested-with' => 'XMLHttpRequest',
  'origin' => 'http://pingshen.hbhb.vip',
  'accept' => 'application/json, text/javascript, */*; q=0.01',
  'content-length' => '15',
  'connection' => 'keep-alive',
  'host' => 'pingshen.hbhb.vip',
)
[ info ] [ PARAM ] array (
  'page' => '1',
  'limit' => '10',
)
[ info ] [ DB ] INIT mysql
[ sql ] [ DB ] CONNECT:[ UseTime:0.008869s ] mysql:host=47.97.169.58;port=3306;dbname=pingshen;charset=utf8
[ sql ] [ SQL ] SHOW COLUMNS FROM `department` [ RunTime:0.007208s ]
[ sql ] [ SQL ] SELECT * FROM `department` [ RunTime:0.005898s ]
---------------------------------------------------------------
[2020-03-06T17:15:47+08:00] 125.120.45.52 GET pingshen.hbhb.vip/admin/department/deedit.html?id=1
[运行时间：0.050699s] [吞吐率：19.72req/s] [内存消耗：3,112.28kb] [文件加载：81]
[ info ] [ LANG ] /www/wwwroot/pingshen/thinkphp/lang/zh-cn.php
[ info ] [ LANG ] /www/wwwroot/pingshen/application/admin//lang/zh-cn.php
[ info ] [ ROUTE ] array (
)
[ info ] [ HEADER ] array (
  'cookie' => 'skin=0; PHPSESSID=a3nlle5c0naj617reqskitndob; skin=0',
  'accept-language' => 'zh-CN,zh;q=0.9',
  'accept-encoding' => 'gzip, deflate',
  'referer' => 'http://pingshen.hbhb.vip/admin/department/delist.html',
  'accept' => 'text/html,application/xhtml+xml,application/xml;q=0.9,image/webp,image/apng,*/*;q=0.8',
  'user-agent' => 'Mozilla/5.0 (Windows NT 10.0; Win64; x64) AppleWebKit/537.36 (KHTML, like Gecko) Chrome/72.0.3626.119 Safari/537.36',
  'upgrade-insecure-requests' => '1',
  'connection' => 'keep-alive',
  'host' => 'pingshen.hbhb.vip',
  'content-type' => '',
  'content-length' => '',
)
[ info ] [ PARAM ] array (
  'id' => '1',
)
[ info ] [ DB ] INIT mysql
[ info ] [ VIEW ] /www/wwwroot/pingshen/application/admin/view/department/deAdd.html [ array (
  0 => 'info',
  1 => 'title',
) ]
[ sql ] [ DB ] CONNECT:[ UseTime:0.009072s ] mysql:host=47.97.169.58;port=3306;dbname=pingshen;charset=utf8
[ sql ] [ SQL ] SHOW COLUMNS FROM `department` [ RunTime:0.007368s ]
[ sql ] [ SQL ] SELECT * FROM `department` WHERE  `id` = 1 LIMIT 1 [ RunTime:0.006050s ]
---------------------------------------------------------------
[2020-03-06T17:15:48+08:00] 125.120.45.52 GET pingshen.hbhb.vip/admin/department/delist.html
[运行时间：0.021185s] [吞吐率：47.20req/s] [内存消耗：2,220.42kb] [文件加载：76]
[ info ] [ LANG ] /www/wwwroot/pingshen/thinkphp/lang/zh-cn.php
[ info ] [ LANG ] /www/wwwroot/pingshen/application/admin//lang/zh-cn.php
[ info ] [ ROUTE ] array (
)
[ info ] [ HEADER ] array (
  'cookie' => 'skin=0; PHPSESSID=a3nlle5c0naj617reqskitndob; skin=0',
  'accept-language' => 'zh-CN,zh;q=0.9',
  'accept-encoding' => 'gzip, deflate',
  'referer' => 'http://pingshen.hbhb.vip/admin/department/deedit.html?id=1',
  'accept' => 'text/html,application/xhtml+xml,application/xml;q=0.9,image/webp,image/apng,*/*;q=0.8',
  'user-agent' => 'Mozilla/5.0 (Windows NT 10.0; Win64; x64) AppleWebKit/537.36 (KHTML, like Gecko) Chrome/72.0.3626.119 Safari/537.36',
  'upgrade-insecure-requests' => '1',
  'connection' => 'keep-alive',
  'host' => 'pingshen.hbhb.vip',
  'content-type' => '',
  'content-length' => '',
)
[ info ] [ PARAM ] array (
)
[ info ] [ VIEW ] /www/wwwroot/pingshen/application/admin/view/department/deList.html [ array (
) ]
---------------------------------------------------------------
[2020-03-06T17:15:48+08:00] 125.120.45.52 POST pingshen.hbhb.vip/admin/department/delist.html
[运行时间：0.048312s] [吞吐率：20.70req/s] [内存消耗：3,048.69kb] [文件加载：77]
[ info ] [ LANG ] /www/wwwroot/pingshen/thinkphp/lang/zh-cn.php
[ info ] [ LANG ] /www/wwwroot/pingshen/application/admin//lang/zh-cn.php
[ info ] [ ROUTE ] array (
)
[ info ] [ HEADER ] array (
  'cookie' => 'skin=0; PHPSESSID=a3nlle5c0naj617reqskitndob; skin=0',
  'accept-language' => 'zh-CN,zh;q=0.9',
  'accept-encoding' => 'gzip, deflate',
  'referer' => 'http://pingshen.hbhb.vip/admin/department/delist.html',
  'content-type' => 'application/x-www-form-urlencoded; charset=UTF-8',
  'user-agent' => 'Mozilla/5.0 (Windows NT 10.0; Win64; x64) AppleWebKit/537.36 (KHTML, like Gecko) Chrome/72.0.3626.119 Safari/537.36',
  'x-requested-with' => 'XMLHttpRequest',
  'origin' => 'http://pingshen.hbhb.vip',
  'accept' => 'application/json, text/javascript, */*; q=0.01',
  'content-length' => '15',
  'connection' => 'keep-alive',
  'host' => 'pingshen.hbhb.vip',
)
[ info ] [ PARAM ] array (
  'page' => '1',
  'limit' => '10',
)
[ info ] [ DB ] INIT mysql
[ sql ] [ DB ] CONNECT:[ UseTime:0.009045s ] mysql:host=47.97.169.58;port=3306;dbname=pingshen;charset=utf8
[ sql ] [ SQL ] SHOW COLUMNS FROM `department` [ RunTime:0.007412s ]
[ sql ] [ SQL ] SELECT * FROM `department` [ RunTime:0.006029s ]
---------------------------------------------------------------
[2020-03-06T17:15:50+08:00] 125.120.45.52 GET pingshen.hbhb.vip/admin/users/userlist.html
[运行时间：0.020990s] [吞吐率：47.64req/s] [内存消耗：2,223.81kb] [文件加载：76]
[ info ] [ LANG ] /www/wwwroot/pingshen/thinkphp/lang/zh-cn.php
[ info ] [ LANG ] /www/wwwroot/pingshen/application/admin//lang/zh-cn.php
[ info ] [ ROUTE ] array (
)
[ info ] [ HEADER ] array (
  'cookie' => 'skin=0; PHPSESSID=a3nlle5c0naj617reqskitndob; skin=0',
  'accept-language' => 'zh-CN,zh;q=0.9',
  'accept-encoding' => 'gzip, deflate',
  'referer' => 'http://pingshen.hbhb.vip/',
  'accept' => 'text/html,application/xhtml+xml,application/xml;q=0.9,image/webp,image/apng,*/*;q=0.8',
  'user-agent' => 'Mozilla/5.0 (Windows NT 10.0; Win64; x64) AppleWebKit/537.36 (KHTML, like Gecko) Chrome/72.0.3626.119 Safari/537.36',
  'upgrade-insecure-requests' => '1',
  'connection' => 'keep-alive',
  'host' => 'pingshen.hbhb.vip',
  'content-type' => '',
  'content-length' => '',
)
[ info ] [ PARAM ] array (
)
[ info ] [ VIEW ] /www/wwwroot/pingshen/application/admin/view/users/user_list.html [ array (
) ]
---------------------------------------------------------------
[2020-03-06T17:15:50+08:00] 125.120.45.52 POST pingshen.hbhb.vip/admin/users/userlist.html
[运行时间：0.048364s] [吞吐率：20.68req/s] [内存消耗：3,111.55kb] [文件加载：77]
[ info ] [ LANG ] /www/wwwroot/pingshen/thinkphp/lang/zh-cn.php
[ info ] [ LANG ] /www/wwwroot/pingshen/application/admin//lang/zh-cn.php
[ info ] [ ROUTE ] array (
)
[ info ] [ HEADER ] array (
  'cookie' => 'skin=0; PHPSESSID=a3nlle5c0naj617reqskitndob; skin=0',
  'accept-language' => 'zh-CN,zh;q=0.9',
  'accept-encoding' => 'gzip, deflate',
  'referer' => 'http://pingshen.hbhb.vip/admin/users/userlist.html',
  'content-type' => 'application/x-www-form-urlencoded; charset=UTF-8',
  'user-agent' => 'Mozilla/5.0 (Windows NT 10.0; Win64; x64) AppleWebKit/537.36 (KHTML, like Gecko) Chrome/72.0.3626.119 Safari/537.36',
  'x-requested-with' => 'XMLHttpRequest',
  'origin' => 'http://pingshen.hbhb.vip',
  'accept' => 'application/json, text/javascript, */*; q=0.01',
  'content-length' => '15',
  'connection' => 'keep-alive',
  'host' => 'pingshen.hbhb.vip',
)
[ info ] [ PARAM ] array (
  'page' => '1',
  'limit' => '10',
)
[ info ] [ DB ] INIT mysql
[ sql ] [ DB ] CONNECT:[ UseTime:0.008921s ] mysql:host=47.97.169.58;port=3306;dbname=pingshen;charset=utf8
[ sql ] [ SQL ] SHOW COLUMNS FROM `users` [ RunTime:0.007398s ]
[ sql ] [ SQL ] SELECT * FROM `users` WHERE  ( `nickname` LIKE '%%' OR `email` LIKE '%%' OR `mobile` LIKE '%%' ) [ RunTime:0.006186s ]
---------------------------------------------------------------
[2020-03-06T17:15:52+08:00] 125.120.45.52 GET pingshen.hbhb.vip/admin/standard/stlist.html
[运行时间：0.022418s] [吞吐率：44.61req/s] [内存消耗：2,220.42kb] [文件加载：76]
[ info ] [ LANG ] /www/wwwroot/pingshen/thinkphp/lang/zh-cn.php
[ info ] [ LANG ] /www/wwwroot/pingshen/application/admin//lang/zh-cn.php
[ info ] [ ROUTE ] array (
)
[ info ] [ HEADER ] array (
  'cookie' => 'skin=0; PHPSESSID=a3nlle5c0naj617reqskitndob; skin=0',
  'accept-language' => 'zh-CN,zh;q=0.9',
  'accept-encoding' => 'gzip, deflate',
  'referer' => 'http://pingshen.hbhb.vip/',
  'accept' => 'text/html,application/xhtml+xml,application/xml;q=0.9,image/webp,image/apng,*/*;q=0.8',
  'user-agent' => 'Mozilla/5.0 (Windows NT 10.0; Win64; x64) AppleWebKit/537.36 (KHTML, like Gecko) Chrome/72.0.3626.119 Safari/537.36',
  'upgrade-insecure-requests' => '1',
  'connection' => 'keep-alive',
  'host' => 'pingshen.hbhb.vip',
  'content-type' => '',
  'content-length' => '',
)
[ info ] [ PARAM ] array (
)
[ info ] [ VIEW ] /www/wwwroot/pingshen/application/admin/view/standard/stList.html [ array (
) ]
---------------------------------------------------------------
[2020-03-06T17:15:53+08:00] 125.120.45.52 POST pingshen.hbhb.vip/admin/standard/stlist.html
[运行时间：0.047258s] [吞吐率：21.16req/s] [内存消耗：3,049.64kb] [文件加载：77]
[ info ] [ LANG ] /www/wwwroot/pingshen/thinkphp/lang/zh-cn.php
[ info ] [ LANG ] /www/wwwroot/pingshen/application/admin//lang/zh-cn.php
[ info ] [ ROUTE ] array (
)
[ info ] [ HEADER ] array (
  'cookie' => 'skin=0; PHPSESSID=a3nlle5c0naj617reqskitndob; skin=0',
  'accept-language' => 'zh-CN,zh;q=0.9',
  'accept-encoding' => 'gzip, deflate',
  'referer' => 'http://pingshen.hbhb.vip/admin/standard/stlist.html',
  'content-type' => 'application/x-www-form-urlencoded; charset=UTF-8',
  'user-agent' => 'Mozilla/5.0 (Windows NT 10.0; Win64; x64) AppleWebKit/537.36 (KHTML, like Gecko) Chrome/72.0.3626.119 Safari/537.36',
  'x-requested-with' => 'XMLHttpRequest',
  'origin' => 'http://pingshen.hbhb.vip',
  'accept' => 'application/json, text/javascript, */*; q=0.01',
  'content-length' => '15',
  'connection' => 'keep-alive',
  'host' => 'pingshen.hbhb.vip',
)
[ info ] [ PARAM ] array (
  'page' => '1',
  'limit' => '10',
)
[ info ] [ DB ] INIT mysql
[ sql ] [ DB ] CONNECT:[ UseTime:0.008711s ] mysql:host=47.97.169.58;port=3306;dbname=pingshen;charset=utf8
[ sql ] [ SQL ] SHOW COLUMNS FROM `standard` [ RunTime:0.007010s ]
[ sql ] [ SQL ] SELECT * FROM `standard` [ RunTime:0.005771s ]
---------------------------------------------------------------
[2020-03-06T17:15:54+08:00] 125.120.45.52 GET pingshen.hbhb.vip/admin/standard/stadd.html
[运行时间：0.021683s] [吞吐率：46.12req/s] [内存消耗：2,227.90kb] [文件加载：77]
[ info ] [ LANG ] /www/wwwroot/pingshen/thinkphp/lang/zh-cn.php
[ info ] [ LANG ] /www/wwwroot/pingshen/application/admin//lang/zh-cn.php
[ info ] [ ROUTE ] array (
)
[ info ] [ HEADER ] array (
  'cookie' => 'skin=0; PHPSESSID=a3nlle5c0naj617reqskitndob; skin=0',
  'accept-language' => 'zh-CN,zh;q=0.9',
  'accept-encoding' => 'gzip, deflate',
  'referer' => 'http://pingshen.hbhb.vip/admin/standard/stlist.html',
  'accept' => 'text/html,application/xhtml+xml,application/xml;q=0.9,image/webp,image/apng,*/*;q=0.8',
  'user-agent' => 'Mozilla/5.0 (Windows NT 10.0; Win64; x64) AppleWebKit/537.36 (KHTML, like Gecko) Chrome/72.0.3626.119 Safari/537.36',
  'upgrade-insecure-requests' => '1',
  'connection' => 'keep-alive',
  'host' => 'pingshen.hbhb.vip',
  'content-type' => '',
  'content-length' => '',
)
[ info ] [ PARAM ] array (
)
[ info ] [ VIEW ] /www/wwwroot/pingshen/application/admin/view/standard/stAdd.html [ array (
  0 => 'info',
) ]
---------------------------------------------------------------
[2020-03-06T17:15:55+08:00] 125.120.45.52 GET pingshen.hbhb.vip/admin/standard/stlist.html
[运行时间：0.020947s] [吞吐率：47.74req/s] [内存消耗：2,220.55kb] [文件加载：76]
[ info ] [ LANG ] /www/wwwroot/pingshen/thinkphp/lang/zh-cn.php
[ info ] [ LANG ] /www/wwwroot/pingshen/application/admin//lang/zh-cn.php
[ info ] [ ROUTE ] array (
)
[ info ] [ HEADER ] array (
  'cookie' => 'skin=0; PHPSESSID=a3nlle5c0naj617reqskitndob; skin=0',
  'accept-language' => 'zh-CN,zh;q=0.9',
  'accept-encoding' => 'gzip, deflate',
  'referer' => 'http://pingshen.hbhb.vip/admin/standard/stadd.html',
  'accept' => 'text/html,application/xhtml+xml,application/xml;q=0.9,image/webp,image/apng,*/*;q=0.8',
  'user-agent' => 'Mozilla/5.0 (Windows NT 10.0; Win64; x64) AppleWebKit/537.36 (KHTML, like Gecko) Chrome/72.0.3626.119 Safari/537.36',
  'upgrade-insecure-requests' => '1',
  'connection' => 'keep-alive',
  'host' => 'pingshen.hbhb.vip',
  'content-type' => '',
  'content-length' => '',
)
[ info ] [ PARAM ] array (
)
[ info ] [ VIEW ] /www/wwwroot/pingshen/application/admin/view/standard/stList.html [ array (
) ]
---------------------------------------------------------------
[2020-03-06T17:15:55+08:00] 125.120.45.52 POST pingshen.hbhb.vip/admin/standard/stlist.html
[运行时间：0.048303s] [吞吐率：20.70req/s] [内存消耗：3,049.64kb] [文件加载：77]
[ info ] [ LANG ] /www/wwwroot/pingshen/thinkphp/lang/zh-cn.php
[ info ] [ LANG ] /www/wwwroot/pingshen/application/admin//lang/zh-cn.php
[ info ] [ ROUTE ] array (
)
[ info ] [ HEADER ] array (
  'cookie' => 'skin=0; PHPSESSID=a3nlle5c0naj617reqskitndob; skin=0',
  'accept-language' => 'zh-CN,zh;q=0.9',
  'accept-encoding' => 'gzip, deflate',
  'referer' => 'http://pingshen.hbhb.vip/admin/standard/stlist.html',
  'content-type' => 'application/x-www-form-urlencoded; charset=UTF-8',
  'user-agent' => 'Mozilla/5.0 (Windows NT 10.0; Win64; x64) AppleWebKit/537.36 (KHTML, like Gecko) Chrome/72.0.3626.119 Safari/537.36',
  'x-requested-with' => 'XMLHttpRequest',
  'origin' => 'http://pingshen.hbhb.vip',
  'accept' => 'application/json, text/javascript, */*; q=0.01',
  'content-length' => '15',
  'connection' => 'keep-alive',
  'host' => 'pingshen.hbhb.vip',
)
[ info ] [ PARAM ] array (
  'page' => '1',
  'limit' => '10',
)
[ info ] [ DB ] INIT mysql
[ sql ] [ DB ] CONNECT:[ UseTime:0.009239s ] mysql:host=47.97.169.58;port=3306;dbname=pingshen;charset=utf8
[ sql ] [ SQL ] SHOW COLUMNS FROM `standard` [ RunTime:0.007385s ]
[ sql ] [ SQL ] SELECT * FROM `standard` [ RunTime:0.006187s ]
---------------------------------------------------------------
[2020-03-06T17:15:56+08:00] 125.120.45.52 GET pingshen.hbhb.vip/admin/achievement/aclist.html
[运行时间：0.022951s] [吞吐率：43.57req/s] [内存消耗：2,229.69kb] [文件加载：76]
[ info ] [ LANG ] /www/wwwroot/pingshen/thinkphp/lang/zh-cn.php
[ info ] [ LANG ] /www/wwwroot/pingshen/application/admin//lang/zh-cn.php
[ info ] [ ROUTE ] array (
)
[ info ] [ HEADER ] array (
  'cookie' => 'skin=0; PHPSESSID=a3nlle5c0naj617reqskitndob; skin=0',
  'accept-language' => 'zh-CN,zh;q=0.9',
  'accept-encoding' => 'gzip, deflate',
  'referer' => 'http://pingshen.hbhb.vip/',
  'accept' => 'text/html,application/xhtml+xml,application/xml;q=0.9,image/webp,image/apng,*/*;q=0.8',
  'user-agent' => 'Mozilla/5.0 (Windows NT 10.0; Win64; x64) AppleWebKit/537.36 (KHTML, like Gecko) Chrome/72.0.3626.119 Safari/537.36',
  'upgrade-insecure-requests' => '1',
  'connection' => 'keep-alive',
  'host' => 'pingshen.hbhb.vip',
  'content-type' => '',
  'content-length' => '',
)
[ info ] [ PARAM ] array (
)
[ info ] [ VIEW ] /www/wwwroot/pingshen/application/admin/view/achievement/acList.html [ array (
) ]
---------------------------------------------------------------
[2020-03-06T17:15:56+08:00] 125.120.45.52 POST pingshen.hbhb.vip/admin/achievement/aclist.html
[运行时间：0.119742s] [吞吐率：8.35req/s] [内存消耗：3,069.98kb] [文件加载：77]
[ info ] [ LANG ] /www/wwwroot/pingshen/thinkphp/lang/zh-cn.php
[ info ] [ LANG ] /www/wwwroot/pingshen/application/admin//lang/zh-cn.php
[ info ] [ ROUTE ] array (
)
[ info ] [ HEADER ] array (
  'cookie' => 'skin=0; PHPSESSID=a3nlle5c0naj617reqskitndob; skin=0',
  'accept-language' => 'zh-CN,zh;q=0.9',
  'accept-encoding' => 'gzip, deflate',
  'referer' => 'http://pingshen.hbhb.vip/admin/achievement/aclist.html',
  'content-type' => 'application/x-www-form-urlencoded; charset=UTF-8',
  'user-agent' => 'Mozilla/5.0 (Windows NT 10.0; Win64; x64) AppleWebKit/537.36 (KHTML, like Gecko) Chrome/72.0.3626.119 Safari/537.36',
  'x-requested-with' => 'XMLHttpRequest',
  'origin' => 'http://pingshen.hbhb.vip',
  'accept' => 'application/json, text/javascript, */*; q=0.01',
  'content-length' => '15',
  'connection' => 'keep-alive',
  'host' => 'pingshen.hbhb.vip',
)
[ info ] [ PARAM ] array (
  'page' => '1',
  'limit' => '10',
)
[ info ] [ DB ] INIT mysql
[ sql ] [ DB ] CONNECT:[ UseTime:0.008588s ] mysql:host=47.97.169.58;port=3306;dbname=pingshen;charset=utf8
[ sql ] [ SQL ] SHOW COLUMNS FROM `achievement` [ RunTime:0.007051s ]
[ sql ] [ SQL ] SELECT * FROM `achievement` `a` LEFT JOIN `users` `u` ON `u`.`id`=`a`.`uid` GROUP BY `uid`,`sign` [ RunTime:0.007361s ]
[ sql ] [ SQL ] SHOW COLUMNS FROM `users` [ RunTime:0.006730s ]
[ sql ] [ SQL ] SELECT `nickname` FROM `users` WHERE  `id` = 2 LIMIT 1 [ RunTime:0.005700s ]
[ sql ] [ SQL ] SELECT `nickname` FROM `users` WHERE  `id` = 2 LIMIT 1 [ RunTime:0.005663s ]
[ sql ] [ SQL ] SELECT `nickname` FROM `users` WHERE  `id` = 2 LIMIT 1 [ RunTime:0.005678s ]
[ sql ] [ SQL ] SELECT `nickname` FROM `users` WHERE  `id` = 4 LIMIT 1 [ RunTime:0.005642s ]
[ sql ] [ SQL ] SELECT `nickname` FROM `users` WHERE  `id` = 4 LIMIT 1 [ RunTime:0.005627s ]
[ sql ] [ SQL ] SELECT `nickname` FROM `users` WHERE  `id` = 6 LIMIT 1 [ RunTime:0.005650s ]
[ sql ] [ SQL ] SELECT `nickname` FROM `users` WHERE  `id` = 6 LIMIT 1 [ RunTime:0.005649s ]
[ sql ] [ SQL ] SELECT `nickname` FROM `users` WHERE  `id` = 16 LIMIT 1 [ RunTime:0.005657s ]
[ sql ] [ SQL ] SELECT `nickname` FROM `users` WHERE  `id` = 16 LIMIT 1 [ RunTime:0.005643s ]
[ sql ] [ SQL ] SELECT `nickname` FROM `users` WHERE  `id` = 17 LIMIT 1 [ RunTime:0.005637s ]
[ sql ] [ SQL ] SELECT `nickname` FROM `users` WHERE  `id` = 17 LIMIT 1 [ RunTime:0.005671s ]
---------------------------------------------------------------
[2020-03-06T17:15:58+08:00] 125.120.45.52 GET pingshen.hbhb.vip/admin/achievement/acdlist.html?id=17&uid=17&sign=2
[运行时间：0.021628s] [吞吐率：46.24req/s] [内存消耗：2,231.30kb] [文件加载：76]
[ info ] [ LANG ] /www/wwwroot/pingshen/thinkphp/lang/zh-cn.php
[ info ] [ LANG ] /www/wwwroot/pingshen/application/admin//lang/zh-cn.php
[ info ] [ ROUTE ] array (
)
[ info ] [ HEADER ] array (
  'cookie' => 'skin=0; PHPSESSID=a3nlle5c0naj617reqskitndob; skin=0',
  'accept-language' => 'zh-CN,zh;q=0.9',
  'accept-encoding' => 'gzip, deflate',
  'referer' => 'http://pingshen.hbhb.vip/admin/achievement/aclist.html',
  'accept' => 'text/html,application/xhtml+xml,application/xml;q=0.9,image/webp,image/apng,*/*;q=0.8',
  'user-agent' => 'Mozilla/5.0 (Windows NT 10.0; Win64; x64) AppleWebKit/537.36 (KHTML, like Gecko) Chrome/72.0.3626.119 Safari/537.36',
  'upgrade-insecure-requests' => '1',
  'connection' => 'keep-alive',
  'host' => 'pingshen.hbhb.vip',
  'content-type' => '',
  'content-length' => '',
)
[ info ] [ PARAM ] array (
  'id' => '17',
  'uid' => '17',
  'sign' => '2',
)
[ info ] [ VIEW ] /www/wwwroot/pingshen/application/admin/view/achievement/acdList.html [ array (
  0 => 'uid',
  1 => 'sign',
) ]
---------------------------------------------------------------
[2020-03-06T17:15:58+08:00] 125.120.45.52 POST pingshen.hbhb.vip/admin/achievement/acdlist.html?uid=17&sign=2
[运行时间：0.216837s] [吞吐率：4.61req/s] [内存消耗：3,078.45kb] [文件加载：77]
[ info ] [ LANG ] /www/wwwroot/pingshen/thinkphp/lang/zh-cn.php
[ info ] [ LANG ] /www/wwwroot/pingshen/application/admin//lang/zh-cn.php
[ info ] [ ROUTE ] array (
)
[ info ] [ HEADER ] array (
  'cookie' => 'skin=0; PHPSESSID=a3nlle5c0naj617reqskitndob; skin=0',
  'accept-language' => 'zh-CN,zh;q=0.9',
  'accept-encoding' => 'gzip, deflate',
  'referer' => 'http://pingshen.hbhb.vip/admin/achievement/acdlist.html?id=17&uid=17&sign=2',
  'content-type' => 'application/x-www-form-urlencoded; charset=UTF-8',
  'user-agent' => 'Mozilla/5.0 (Windows NT 10.0; Win64; x64) AppleWebKit/537.36 (KHTML, like Gecko) Chrome/72.0.3626.119 Safari/537.36',
  'x-requested-with' => 'XMLHttpRequest',
  'origin' => 'http://pingshen.hbhb.vip',
  'accept' => 'application/json, text/javascript, */*; q=0.01',
  'content-length' => '15',
  'connection' => 'keep-alive',
  'host' => 'pingshen.hbhb.vip',
)
[ info ] [ PARAM ] array (
  'uid' => '17',
  'sign' => '2',
  'page' => '1',
  'limit' => '12',
)
[ info ] [ DB ] INIT mysql
[ sql ] [ DB ] CONNECT:[ UseTime:0.009115s ] mysql:host=47.97.169.58;port=3306;dbname=pingshen;charset=utf8
[ sql ] [ SQL ] SHOW COLUMNS FROM `achievement` [ RunTime:0.007419s ]
[ sql ] [ SQL ] SELECT COUNT(*) AS tp_count FROM `achievement` WHERE  `uid` = 17  AND `sign` = '2' [ RunTime:0.006104s ]
[ sql ] [ SQL ] SELECT * FROM `achievement` WHERE  `uid` = 17  AND `sign` = '2' LIMIT 0,12 [ RunTime:0.006130s ]
[ sql ] [ SQL ] SHOW COLUMNS FROM `users` [ RunTime:0.007305s ]
[ sql ] [ SQL ] SELECT `nickname` FROM `users` WHERE  `id` = 17 LIMIT 1 [ RunTime:0.006089s ]
[ sql ] [ SQL ] SHOW COLUMNS FROM `department` [ RunTime:0.007017s ]
[ sql ] [ SQL ] SELECT `class_name` FROM `department` WHERE  `id` = 1 LIMIT 1 [ RunTime:0.006054s ]
[ sql ] [ SQL ] SELECT `nickname` FROM `users` WHERE  `id` = 17 LIMIT 1 [ RunTime:0.006050s ]
[ sql ] [ SQL ] SELECT `class_name` FROM `department` WHERE  `id` = 3 LIMIT 1 [ RunTime:0.005997s ]
[ sql ] [ SQL ] SELECT `nickname` FROM `users` WHERE  `id` = 17 LIMIT 1 [ RunTime:0.006003s ]
[ sql ] [ SQL ] SELECT `class_name` FROM `department` WHERE  `id` = 2 LIMIT 1 [ RunTime:0.006013s ]
[ sql ] [ SQL ] SELECT `nickname` FROM `users` WHERE  `id` = 17 LIMIT 1 [ RunTime:0.006006s ]
[ sql ] [ SQL ] SELECT `class_name` FROM `department` WHERE  `id` = 4 LIMIT 1 [ RunTime:0.006021s ]
[ sql ] [ SQL ] SELECT `nickname` FROM `users` WHERE  `id` = 17 LIMIT 1 [ RunTime:0.005995s ]
[ sql ] [ SQL ] SELECT `class_name` FROM `department` WHERE  `id` = 5 LIMIT 1 [ RunTime:0.006087s ]
[ sql ] [ SQL ] SELECT `nickname` FROM `users` WHERE  `id` = 17 LIMIT 1 [ RunTime:0.005983s ]
[ sql ] [ SQL ] SELECT `class_name` FROM `department` WHERE  `id` = 6 LIMIT 1 [ RunTime:0.006017s ]
[ sql ] [ SQL ] SELECT `nickname` FROM `users` WHERE  `id` = 17 LIMIT 1 [ RunTime:0.006010s ]
[ sql ] [ SQL ] SELECT `class_name` FROM `department` WHERE  `id` = 7 LIMIT 1 [ RunTime:0.005998s ]
[ sql ] [ SQL ] SELECT `nickname` FROM `users` WHERE  `id` = 17 LIMIT 1 [ RunTime:0.006027s ]
[ sql ] [ SQL ] SELECT `class_name` FROM `department` WHERE  `id` = 8 LIMIT 1 [ RunTime:0.005994s ]
[ sql ] [ SQL ] SELECT `nickname` FROM `users` WHERE  `id` = 17 LIMIT 1 [ RunTime:0.006023s ]
[ sql ] [ SQL ] SELECT `class_name` FROM `department` WHERE  `id` = 9 LIMIT 1 [ RunTime:0.005997s ]
[ sql ] [ SQL ] SELECT `nickname` FROM `users` WHERE  `id` = 17 LIMIT 1 [ RunTime:0.005981s ]
[ sql ] [ SQL ] SELECT `class_name` FROM `department` WHERE  `id` = 10 LIMIT 1 [ RunTime:0.005980s ]
[ sql ] [ SQL ] SELECT `nickname` FROM `users` WHERE  `id` = 17 LIMIT 1 [ RunTime:0.005987s ]
[ sql ] [ SQL ] SELECT `class_name` FROM `department` WHERE  `id` = 11 LIMIT 1 [ RunTime:0.006002s ]
[ sql ] [ SQL ] SELECT `nickname` FROM `users` WHERE  `id` = 17 LIMIT 1 [ RunTime:0.005987s ]
[ sql ] [ SQL ] SELECT `class_name` FROM `department` WHERE  `id` = 12 LIMIT 1 [ RunTime:0.005993s ]
---------------------------------------------------------------
[2020-03-06T17:15:59+08:00] 125.120.45.52 GET pingshen.hbhb.vip/admin/achievement/aclist.html
[运行时间：0.022023s] [吞吐率：45.41req/s] [内存消耗：2,229.81kb] [文件加载：76]
[ info ] [ LANG ] /www/wwwroot/pingshen/thinkphp/lang/zh-cn.php
[ info ] [ LANG ] /www/wwwroot/pingshen/application/admin//lang/zh-cn.php
[ info ] [ ROUTE ] array (
)
[ info ] [ HEADER ] array (
  'cookie' => 'skin=0; PHPSESSID=a3nlle5c0naj617reqskitndob; skin=0',
  'accept-language' => 'zh-CN,zh;q=0.9',
  'accept-encoding' => 'gzip, deflate',
  'referer' => 'http://pingshen.hbhb.vip/admin/achievement/acdlist.html?id=17&uid=17&sign=2',
  'accept' => 'text/html,application/xhtml+xml,application/xml;q=0.9,image/webp,image/apng,*/*;q=0.8',
  'user-agent' => 'Mozilla/5.0 (Windows NT 10.0; Win64; x64) AppleWebKit/537.36 (KHTML, like Gecko) Chrome/72.0.3626.119 Safari/537.36',
  'upgrade-insecure-requests' => '1',
  'connection' => 'keep-alive',
  'host' => 'pingshen.hbhb.vip',
  'content-type' => '',
  'content-length' => '',
)
[ info ] [ PARAM ] array (
)
[ info ] [ VIEW ] /www/wwwroot/pingshen/application/admin/view/achievement/acList.html [ array (
) ]
---------------------------------------------------------------
[2020-03-06T17:15:59+08:00] 125.120.45.52 POST pingshen.hbhb.vip/admin/achievement/aclist.html
[运行时间：0.123345s] [吞吐率：8.11req/s] [内存消耗：3,069.98kb] [文件加载：77]
[ info ] [ LANG ] /www/wwwroot/pingshen/thinkphp/lang/zh-cn.php
[ info ] [ LANG ] /www/wwwroot/pingshen/application/admin//lang/zh-cn.php
[ info ] [ ROUTE ] array (
)
[ info ] [ HEADER ] array (
  'cookie' => 'skin=0; PHPSESSID=a3nlle5c0naj617reqskitndob; skin=0',
  'accept-language' => 'zh-CN,zh;q=0.9',
  'accept-encoding' => 'gzip, deflate',
  'referer' => 'http://pingshen.hbhb.vip/admin/achievement/aclist.html',
  'content-type' => 'application/x-www-form-urlencoded; charset=UTF-8',
  'user-agent' => 'Mozilla/5.0 (Windows NT 10.0; Win64; x64) AppleWebKit/537.36 (KHTML, like Gecko) Chrome/72.0.3626.119 Safari/537.36',
  'x-requested-with' => 'XMLHttpRequest',
  'origin' => 'http://pingshen.hbhb.vip',
  'accept' => 'application/json, text/javascript, */*; q=0.01',
  'content-length' => '15',
  'connection' => 'keep-alive',
  'host' => 'pingshen.hbhb.vip',
)
[ info ] [ PARAM ] array (
  'page' => '1',
  'limit' => '10',
)
[ info ] [ DB ] INIT mysql
[ sql ] [ DB ] CONNECT:[ UseTime:0.008936s ] mysql:host=47.97.169.58;port=3306;dbname=pingshen;charset=utf8
[ sql ] [ SQL ] SHOW COLUMNS FROM `achievement` [ RunTime:0.007255s ]
[ sql ] [ SQL ] SELECT * FROM `achievement` `a` LEFT JOIN `users` `u` ON `u`.`id`=`a`.`uid` GROUP BY `uid`,`sign` [ RunTime:0.007531s ]
[ sql ] [ SQL ] SHOW COLUMNS FROM `users` [ RunTime:0.007137s ]
[ sql ] [ SQL ] SELECT `nickname` FROM `users` WHERE  `id` = 2 LIMIT 1 [ RunTime:0.005924s ]
[ sql ] [ SQL ] SELECT `nickname` FROM `users` WHERE  `id` = 2 LIMIT 1 [ RunTime:0.005842s ]
[ sql ] [ SQL ] SELECT `nickname` FROM `users` WHERE  `id` = 2 LIMIT 1 [ RunTime:0.005830s ]
[ sql ] [ SQL ] SELECT `nickname` FROM `users` WHERE  `id` = 4 LIMIT 1 [ RunTime:0.005859s ]
[ sql ] [ SQL ] SELECT `nickname` FROM `users` WHERE  `id` = 4 LIMIT 1 [ RunTime:0.005839s ]
[ sql ] [ SQL ] SELECT `nickname` FROM `users` WHERE  `id` = 6 LIMIT 1 [ RunTime:0.005847s ]
[ sql ] [ SQL ] SELECT `nickname` FROM `users` WHERE  `id` = 6 LIMIT 1 [ RunTime:0.005894s ]
[ sql ] [ SQL ] SELECT `nickname` FROM `users` WHERE  `id` = 16 LIMIT 1 [ RunTime:0.005813s ]
[ sql ] [ SQL ] SELECT `nickname` FROM `users` WHERE  `id` = 16 LIMIT 1 [ RunTime:0.005792s ]
[ sql ] [ SQL ] SELECT `nickname` FROM `users` WHERE  `id` = 17 LIMIT 1 [ RunTime:0.005846s ]
[ sql ] [ SQL ] SELECT `nickname` FROM `users` WHERE  `id` = 17 LIMIT 1 [ RunTime:0.005817s ]
---------------------------------------------------------------
[2020-03-06T17:16:02+08:00] 125.120.45.52 GET pingshen.hbhb.vip/admin/department/deedit.html?id=1
[运行时间：0.049432s] [吞吐率：20.23req/s] [内存消耗：3,112.28kb] [文件加载：81]
[ info ] [ LANG ] /www/wwwroot/pingshen/thinkphp/lang/zh-cn.php
[ info ] [ LANG ] /www/wwwroot/pingshen/application/admin//lang/zh-cn.php
[ info ] [ ROUTE ] array (
)
[ info ] [ HEADER ] array (
  'cookie' => 'skin=0; PHPSESSID=a3nlle5c0naj617reqskitndob; skin=0',
  'accept-language' => 'zh-CN,zh;q=0.9',
  'accept-encoding' => 'gzip, deflate',
  'referer' => 'http://pingshen.hbhb.vip/admin/department/delist.html',
  'accept' => 'text/html,application/xhtml+xml,application/xml;q=0.9,image/webp,image/apng,*/*;q=0.8',
  'user-agent' => 'Mozilla/5.0 (Windows NT 10.0; Win64; x64) AppleWebKit/537.36 (KHTML, like Gecko) Chrome/72.0.3626.119 Safari/537.36',
  'upgrade-insecure-requests' => '1',
  'connection' => 'keep-alive',
  'host' => 'pingshen.hbhb.vip',
  'content-type' => '',
  'content-length' => '',
)
[ info ] [ PARAM ] array (
  'id' => '1',
)
[ info ] [ DB ] INIT mysql
[ info ] [ VIEW ] /www/wwwroot/pingshen/application/admin/view/department/deAdd.html [ array (
  0 => 'info',
  1 => 'title',
) ]
[ sql ] [ DB ] CONNECT:[ UseTime:0.008891s ] mysql:host=47.97.169.58;port=3306;dbname=pingshen;charset=utf8
[ sql ] [ SQL ] SHOW COLUMNS FROM `department` [ RunTime:0.007250s ]
[ sql ] [ SQL ] SELECT * FROM `department` WHERE  `id` = 1 LIMIT 1 [ RunTime:0.005959s ]
---------------------------------------------------------------
[2020-03-06T17:16:03+08:00] 125.120.45.52 GET pingshen.hbhb.vip/admin/department/delist.html
[运行时间：0.022662s] [吞吐率：44.13req/s] [内存消耗：2,220.42kb] [文件加载：76]
[ info ] [ LANG ] /www/wwwroot/pingshen/thinkphp/lang/zh-cn.php
[ info ] [ LANG ] /www/wwwroot/pingshen/application/admin//lang/zh-cn.php
[ info ] [ ROUTE ] array (
)
[ info ] [ HEADER ] array (
  'cookie' => 'skin=0; PHPSESSID=a3nlle5c0naj617reqskitndob; skin=0',
  'accept-language' => 'zh-CN,zh;q=0.9',
  'accept-encoding' => 'gzip, deflate',
  'referer' => 'http://pingshen.hbhb.vip/admin/department/deedit.html?id=1',
  'accept' => 'text/html,application/xhtml+xml,application/xml;q=0.9,image/webp,image/apng,*/*;q=0.8',
  'user-agent' => 'Mozilla/5.0 (Windows NT 10.0; Win64; x64) AppleWebKit/537.36 (KHTML, like Gecko) Chrome/72.0.3626.119 Safari/537.36',
  'upgrade-insecure-requests' => '1',
  'connection' => 'keep-alive',
  'host' => 'pingshen.hbhb.vip',
  'content-type' => '',
  'content-length' => '',
)
[ info ] [ PARAM ] array (
)
[ info ] [ VIEW ] /www/wwwroot/pingshen/application/admin/view/department/deList.html [ array (
) ]
---------------------------------------------------------------
[2020-03-06T17:16:03+08:00] 125.120.45.52 POST pingshen.hbhb.vip/admin/department/delist.html
[运行时间：0.050955s] [吞吐率：19.63req/s] [内存消耗：3,048.69kb] [文件加载：77]
[ info ] [ LANG ] /www/wwwroot/pingshen/thinkphp/lang/zh-cn.php
[ info ] [ LANG ] /www/wwwroot/pingshen/application/admin//lang/zh-cn.php
[ info ] [ ROUTE ] array (
)
[ info ] [ HEADER ] array (
  'cookie' => 'skin=0; PHPSESSID=a3nlle5c0naj617reqskitndob; skin=0',
  'accept-language' => 'zh-CN,zh;q=0.9',
  'accept-encoding' => 'gzip, deflate',
  'referer' => 'http://pingshen.hbhb.vip/admin/department/delist.html',
  'content-type' => 'application/x-www-form-urlencoded; charset=UTF-8',
  'user-agent' => 'Mozilla/5.0 (Windows NT 10.0; Win64; x64) AppleWebKit/537.36 (KHTML, like Gecko) Chrome/72.0.3626.119 Safari/537.36',
  'x-requested-with' => 'XMLHttpRequest',
  'origin' => 'http://pingshen.hbhb.vip',
  'accept' => 'application/json, text/javascript, */*; q=0.01',
  'content-length' => '15',
  'connection' => 'keep-alive',
  'host' => 'pingshen.hbhb.vip',
)
[ info ] [ PARAM ] array (
  'page' => '1',
  'limit' => '10',
)
[ info ] [ DB ] INIT mysql
[ sql ] [ DB ] CONNECT:[ UseTime:0.009441s ] mysql:host=47.97.169.58;port=3306;dbname=pingshen;charset=utf8
[ sql ] [ SQL ] SHOW COLUMNS FROM `department` [ RunTime:0.007573s ]
[ sql ] [ SQL ] SELECT * FROM `department` [ RunTime:0.006296s ]
