---------------------------------------------------------------
[2020-07-08T11:25:00+08:00] 122.234.238.0 GET pingshen.hbhb.vip/
[运行时间：0.024381s] [吞吐率：41.02req/s] [内存消耗：2,226.43kb] [文件加载：75]
[ info ] [ LANG ] /www/wwwroot/pingshen/thinkphp/lang/zh-cn.php
[ info ] [ LANG ] /www/wwwroot/pingshen/application/admin//lang/zh-cn.php
[ info ] [ ROUTE ] array (
)
[ info ] [ HEADER ] array (
  'accept-language' => 'zh-CN,zh;q=0.9',
  'accept-encoding' => 'gzip, deflate',
  'accept' => 'text/html,application/xhtml+xml,application/xml;q=0.9,image/webp,image/apng,*/*;q=0.8',
  'user-agent' => 'Mozilla/5.0 (Windows NT 10.0; Win64; x64) AppleWebKit/537.36 (KHTML, like Gecko) Chrome/72.0.3626.119 Safari/537.36',
  'upgrade-insecure-requests' => '1',
  'connection' => 'keep-alive',
  'host' => 'pingshen.hbhb.vip',
  'content-type' => '',
  'content-length' => '',
)
[ info ] [ PARAM ] array (
)
---------------------------------------------------------------
[2020-07-08T11:25:00+08:00] 122.234.238.0 GET pingshen.hbhb.vip/admin/login/index.html
[运行时间：0.022062s] [吞吐率：45.33req/s] [内存消耗：2,211.45kb] [文件加载：77]
[ info ] [ LANG ] /www/wwwroot/pingshen/thinkphp/lang/zh-cn.php
[ info ] [ LANG ] /www/wwwroot/pingshen/application/admin//lang/zh-cn.php
[ info ] [ ROUTE ] array (
)
[ info ] [ HEADER ] array (
  'cookie' => 'PHPSESSID=b6jnp5tsra70r869o16gf5d1lf',
  'accept-language' => 'zh-CN,zh;q=0.9',
  'accept-encoding' => 'gzip, deflate',
  'accept' => 'text/html,application/xhtml+xml,application/xml;q=0.9,image/webp,image/apng,*/*;q=0.8',
  'user-agent' => 'Mozilla/5.0 (Windows NT 10.0; Win64; x64) AppleWebKit/537.36 (KHTML, like Gecko) Chrome/72.0.3626.119 Safari/537.36',
  'upgrade-insecure-requests' => '1',
  'connection' => 'keep-alive',
  'host' => 'pingshen.hbhb.vip',
  'content-type' => '',
  'content-length' => '',
)
[ info ] [ PARAM ] array (
)
[ info ] [ VIEW ] /www/wwwroot/pingshen/application/admin/view/login/index.html [ array (
) ]
[ error ] [8]未定义变量: system[/www/wwwroot/pingshen/runtime/temp/b8b184884121afc82a66e9b20efb8822.php:37]
---------------------------------------------------------------
[2020-07-08T11:25:01+08:00] 122.234.238.0 POST pingshen.hbhb.vip/admin/login/index.html
[运行时间：0.081055s] [吞吐率：12.34req/s] [内存消耗：3,350.16kb] [文件加载：83]
[ info ] [ LANG ] /www/wwwroot/pingshen/thinkphp/lang/zh-cn.php
[ info ] [ LANG ] /www/wwwroot/pingshen/application/admin//lang/zh-cn.php
[ info ] [ ROUTE ] array (
)
[ info ] [ HEADER ] array (
  'cookie' => 'PHPSESSID=b6jnp5tsra70r869o16gf5d1lf',
  'accept-language' => 'zh-CN,zh;q=0.9',
  'accept-encoding' => 'gzip, deflate',
  'referer' => 'http://pingshen.hbhb.vip/admin/login/index.html',
  'content-type' => 'application/x-www-form-urlencoded; charset=UTF-8',
  'user-agent' => 'Mozilla/5.0 (Windows NT 10.0; Win64; x64) AppleWebKit/537.36 (KHTML, like Gecko) Chrome/72.0.3626.119 Safari/537.36',
  'x-requested-with' => 'XMLHttpRequest',
  'origin' => 'http://pingshen.hbhb.vip',
  'accept' => '*/*',
  'content-length' => '32',
  'connection' => 'keep-alive',
  'host' => 'pingshen.hbhb.vip',
)
[ info ] [ PARAM ] array (
  'username' => 'admin',
  'password' => 'admin123',
)
[ info ] [ DB ] INIT mysql
[ sql ] [ DB ] CONNECT:[ UseTime:0.009231s ] mysql:host=47.97.169.58;port=3306;dbname=pingshen;charset=utf8
[ sql ] [ SQL ] SHOW COLUMNS FROM `admin` [ RunTime:0.008030s ]
[ sql ] [ SQL ] SELECT * FROM `admin` WHERE  `username` = 'admin' LIMIT 1 [ RunTime:0.027606s ]
---------------------------------------------------------------
[2020-07-08T11:25:03+08:00] 122.234.238.0 GET pingshen.hbhb.vip/admin/index/index.html
[运行时间：0.112420s] [吞吐率：8.90req/s] [内存消耗：3,142.34kb] [文件加载：84]
[ info ] [ LANG ] /www/wwwroot/pingshen/thinkphp/lang/zh-cn.php
[ info ] [ LANG ] /www/wwwroot/pingshen/application/admin//lang/zh-cn.php
[ info ] [ ROUTE ] array (
)
[ info ] [ HEADER ] array (
  'cookie' => 'PHPSESSID=b6jnp5tsra70r869o16gf5d1lf',
  'accept-language' => 'zh-CN,zh;q=0.9',
  'accept-encoding' => 'gzip, deflate',
  'referer' => 'http://pingshen.hbhb.vip/admin/login/index.html',
  'accept' => 'text/html,application/xhtml+xml,application/xml;q=0.9,image/webp,image/apng,*/*;q=0.8',
  'user-agent' => 'Mozilla/5.0 (Windows NT 10.0; Win64; x64) AppleWebKit/537.36 (KHTML, like Gecko) Chrome/72.0.3626.119 Safari/537.36',
  'upgrade-insecure-requests' => '1',
  'connection' => 'keep-alive',
  'host' => 'pingshen.hbhb.vip',
  'content-type' => '',
  'content-length' => '',
)
[ info ] [ PARAM ] array (
)
[ info ] [ DB ] INIT mysql
[ info ] [ VIEW ] /www/wwwroot/pingshen/application/admin/view/index/index.html [ array (
  0 => 'menus',
) ]
[ sql ] [ DB ] CONNECT:[ UseTime:0.009437s ] mysql:host=47.97.169.58;port=3306;dbname=pingshen;charset=utf8
[ sql ] [ SQL ] SHOW COLUMNS FROM `auth_rule` [ RunTime:0.008290s ]
[ sql ] [ SQL ] SELECT * FROM `auth_rule` WHERE  ( menustatus=1 ) ORDER BY `sort` [ RunTime:0.025294s ]
---------------------------------------------------------------
[2020-07-08T11:25:03+08:00] 122.234.238.0 GET pingshen.hbhb.vip/uploads/20180625/f266169c2956429d9aaea6cf6f1e51cb.jpg
[运行时间：0.016337s] [吞吐率：61.21req/s] [内存消耗：1,661.92kb] [文件加载：57]
[ info ] [ LANG ] /www/wwwroot/pingshen/thinkphp/lang/zh-cn.php
---------------------------------------------------------------
[2020-07-08T11:25:03+08:00] 122.234.238.0 GET pingshen.hbhb.vip/admin/index/main.html
[运行时间：0.069605s] [吞吐率：14.37req/s] [内存消耗：3,098.14kb] [文件加载：84]
[ info ] [ LANG ] /www/wwwroot/pingshen/thinkphp/lang/zh-cn.php
[ info ] [ LANG ] /www/wwwroot/pingshen/application/admin//lang/zh-cn.php
[ info ] [ ROUTE ] array (
)
[ info ] [ HEADER ] array (
  'cookie' => 'skin=0; PHPSESSID=b6jnp5tsra70r869o16gf5d1lf',
  'accept-language' => 'zh-CN,zh;q=0.9',
  'accept-encoding' => 'gzip, deflate',
  'referer' => 'http://pingshen.hbhb.vip/admin/index/index.html',
  'accept' => 'text/html,application/xhtml+xml,application/xml;q=0.9,image/webp,image/apng,*/*;q=0.8',
  'user-agent' => 'Mozilla/5.0 (Windows NT 10.0; Win64; x64) AppleWebKit/537.36 (KHTML, like Gecko) Chrome/72.0.3626.119 Safari/537.36',
  'upgrade-insecure-requests' => '1',
  'connection' => 'keep-alive',
  'host' => 'pingshen.hbhb.vip',
  'content-type' => '',
  'content-length' => '',
)
[ info ] [ PARAM ] array (
)
[ info ] [ DB ] INIT mysql
[ info ] [ VIEW ] /www/wwwroot/pingshen/application/admin/view/index/main.html [ array (
  0 => 'config',
) ]
[ sql ] [ DB ] CONNECT:[ UseTime:0.009054s ] mysql:host=47.97.169.58;port=3306;dbname=pingshen;charset=utf8
[ sql ] [ SQL ] SELECT VERSION() AS ver [ RunTime:0.005945s ]
[ error ] [8]未定义数组索引: HTTP_CLIENT_IP[/www/wwwroot/pingshen/application/common.php:227]
[ error ] [8]未定义数组索引: HTTP_X_FORWARDED_FOR[/www/wwwroot/pingshen/application/common.php:229]
---------------------------------------------------------------
[2020-07-08T11:25:19+08:00] 122.234.238.0 GET pingshen.hbhb.vip/admin/standard/stlist.html
[运行时间：0.079666s] [吞吐率：12.55req/s] [内存消耗：2,220.42kb] [文件加载：76]
[ info ] [ LANG ] /www/wwwroot/pingshen/thinkphp/lang/zh-cn.php
[ info ] [ LANG ] /www/wwwroot/pingshen/application/admin//lang/zh-cn.php
[ info ] [ ROUTE ] array (
)
[ info ] [ HEADER ] array (
  'cookie' => 'PHPSESSID=b6jnp5tsra70r869o16gf5d1lf',
  'accept-language' => 'zh-CN,zh;q=0.9',
  'accept-encoding' => 'gzip, deflate',
  'referer' => 'http://pingshen.hbhb.vip/admin/index/index.html',
  'accept' => 'text/html,application/xhtml+xml,application/xml;q=0.9,image/webp,image/apng,*/*;q=0.8',
  'user-agent' => 'Mozilla/5.0 (Windows NT 10.0; Win64; x64) AppleWebKit/537.36 (KHTML, like Gecko) Chrome/72.0.3626.119 Safari/537.36',
  'upgrade-insecure-requests' => '1',
  'connection' => 'keep-alive',
  'host' => 'pingshen.hbhb.vip',
  'content-type' => '',
  'content-length' => '',
)
[ info ] [ PARAM ] array (
)
[ info ] [ VIEW ] /www/wwwroot/pingshen/application/admin/view/standard/stList.html [ array (
) ]
---------------------------------------------------------------
[2020-07-08T11:25:19+08:00] 122.234.238.0 POST pingshen.hbhb.vip/admin/standard/stlist.html
[运行时间：0.050048s] [吞吐率：19.98req/s] [内存消耗：3,049.64kb] [文件加载：77]
[ info ] [ LANG ] /www/wwwroot/pingshen/thinkphp/lang/zh-cn.php
[ info ] [ LANG ] /www/wwwroot/pingshen/application/admin//lang/zh-cn.php
[ info ] [ ROUTE ] array (
)
[ info ] [ HEADER ] array (
  'cookie' => 'skin=0; PHPSESSID=b6jnp5tsra70r869o16gf5d1lf',
  'accept-language' => 'zh-CN,zh;q=0.9',
  'accept-encoding' => 'gzip, deflate',
  'referer' => 'http://pingshen.hbhb.vip/admin/standard/stlist.html',
  'content-type' => 'application/x-www-form-urlencoded; charset=UTF-8',
  'user-agent' => 'Mozilla/5.0 (Windows NT 10.0; Win64; x64) AppleWebKit/537.36 (KHTML, like Gecko) Chrome/72.0.3626.119 Safari/537.36',
  'x-requested-with' => 'XMLHttpRequest',
  'origin' => 'http://pingshen.hbhb.vip',
  'accept' => 'application/json, text/javascript, */*; q=0.01',
  'content-length' => '15',
  'connection' => 'keep-alive',
  'host' => 'pingshen.hbhb.vip',
)
[ info ] [ PARAM ] array (
  'page' => '1',
  'limit' => '10',
)
[ info ] [ DB ] INIT mysql
[ sql ] [ DB ] CONNECT:[ UseTime:0.009239s ] mysql:host=47.97.169.58;port=3306;dbname=pingshen;charset=utf8
[ sql ] [ SQL ] SHOW COLUMNS FROM `standard` [ RunTime:0.007975s ]
[ sql ] [ SQL ] SELECT * FROM `standard` [ RunTime:0.006109s ]
---------------------------------------------------------------
[2020-07-08T11:25:20+08:00] 122.234.238.0 GET pingshen.hbhb.vip/admin/standard/stadd.html
[运行时间：0.041942s] [吞吐率：23.84req/s] [内存消耗：2,227.90kb] [文件加载：77]
[ info ] [ LANG ] /www/wwwroot/pingshen/thinkphp/lang/zh-cn.php
[ info ] [ LANG ] /www/wwwroot/pingshen/application/admin//lang/zh-cn.php
[ info ] [ ROUTE ] array (
)
[ info ] [ HEADER ] array (
  'cookie' => 'skin=0; PHPSESSID=b6jnp5tsra70r869o16gf5d1lf',
  'accept-language' => 'zh-CN,zh;q=0.9',
  'accept-encoding' => 'gzip, deflate',
  'referer' => 'http://pingshen.hbhb.vip/admin/standard/stlist.html',
  'accept' => 'text/html,application/xhtml+xml,application/xml;q=0.9,image/webp,image/apng,*/*;q=0.8',
  'user-agent' => 'Mozilla/5.0 (Windows NT 10.0; Win64; x64) AppleWebKit/537.36 (KHTML, like Gecko) Chrome/72.0.3626.119 Safari/537.36',
  'upgrade-insecure-requests' => '1',
  'connection' => 'keep-alive',
  'host' => 'pingshen.hbhb.vip',
  'content-type' => '',
  'content-length' => '',
)
[ info ] [ PARAM ] array (
)
[ info ] [ VIEW ] /www/wwwroot/pingshen/application/admin/view/standard/stAdd.html [ array (
  0 => 'info',
) ]
---------------------------------------------------------------
[2020-07-08T11:25:24+08:00] 122.234.238.0 GET pingshen.hbhb.vip/admin/standard/stlist.html
[运行时间：0.021494s] [吞吐率：46.52req/s] [内存消耗：2,220.55kb] [文件加载：76]
[ info ] [ LANG ] /www/wwwroot/pingshen/thinkphp/lang/zh-cn.php
[ info ] [ LANG ] /www/wwwroot/pingshen/application/admin//lang/zh-cn.php
[ info ] [ ROUTE ] array (
)
[ info ] [ HEADER ] array (
  'cookie' => 'skin=0; PHPSESSID=b6jnp5tsra70r869o16gf5d1lf',
  'accept-language' => 'zh-CN,zh;q=0.9',
  'accept-encoding' => 'gzip, deflate',
  'referer' => 'http://pingshen.hbhb.vip/admin/standard/stadd.html',
  'accept' => 'text/html,application/xhtml+xml,application/xml;q=0.9,image/webp,image/apng,*/*;q=0.8',
  'user-agent' => 'Mozilla/5.0 (Windows NT 10.0; Win64; x64) AppleWebKit/537.36 (KHTML, like Gecko) Chrome/72.0.3626.119 Safari/537.36',
  'upgrade-insecure-requests' => '1',
  'connection' => 'keep-alive',
  'host' => 'pingshen.hbhb.vip',
  'content-type' => '',
  'content-length' => '',
)
[ info ] [ PARAM ] array (
)
[ info ] [ VIEW ] /www/wwwroot/pingshen/application/admin/view/standard/stList.html [ array (
) ]
---------------------------------------------------------------
[2020-07-08T11:25:24+08:00] 122.234.238.0 POST pingshen.hbhb.vip/admin/standard/stlist.html
[运行时间：0.049200s] [吞吐率：20.33req/s] [内存消耗：3,049.64kb] [文件加载：77]
[ info ] [ LANG ] /www/wwwroot/pingshen/thinkphp/lang/zh-cn.php
[ info ] [ LANG ] /www/wwwroot/pingshen/application/admin//lang/zh-cn.php
[ info ] [ ROUTE ] array (
)
[ info ] [ HEADER ] array (
  'cookie' => 'skin=0; PHPSESSID=b6jnp5tsra70r869o16gf5d1lf',
  'accept-language' => 'zh-CN,zh;q=0.9',
  'accept-encoding' => 'gzip, deflate',
  'referer' => 'http://pingshen.hbhb.vip/admin/standard/stlist.html',
  'content-type' => 'application/x-www-form-urlencoded; charset=UTF-8',
  'user-agent' => 'Mozilla/5.0 (Windows NT 10.0; Win64; x64) AppleWebKit/537.36 (KHTML, like Gecko) Chrome/72.0.3626.119 Safari/537.36',
  'x-requested-with' => 'XMLHttpRequest',
  'origin' => 'http://pingshen.hbhb.vip',
  'accept' => 'application/json, text/javascript, */*; q=0.01',
  'content-length' => '15',
  'connection' => 'keep-alive',
  'host' => 'pingshen.hbhb.vip',
)
[ info ] [ PARAM ] array (
  'page' => '1',
  'limit' => '10',
)
[ info ] [ DB ] INIT mysql
[ sql ] [ DB ] CONNECT:[ UseTime:0.008832s ] mysql:host=47.97.169.58;port=3306;dbname=pingshen;charset=utf8
[ sql ] [ SQL ] SHOW COLUMNS FROM `standard` [ RunTime:0.007678s ]
[ sql ] [ SQL ] SELECT * FROM `standard` [ RunTime:0.005870s ]
---------------------------------------------------------------
[2020-07-08T11:28:07+08:00] 122.234.238.0 GET pingshen.hbhb.vip/admin/achievement/aclist.html
[运行时间：0.103202s] [吞吐率：9.69req/s] [内存消耗：2,239.50kb] [文件加载：76]
[ info ] [ LANG ] /www/wwwroot/pingshen/thinkphp/lang/zh-cn.php
[ info ] [ LANG ] /www/wwwroot/pingshen/application/admin//lang/zh-cn.php
[ info ] [ ROUTE ] array (
)
[ info ] [ HEADER ] array (
  'cookie' => 'PHPSESSID=b6jnp5tsra70r869o16gf5d1lf',
  'accept-language' => 'zh-CN,zh;q=0.9',
  'accept-encoding' => 'gzip, deflate',
  'referer' => 'http://pingshen.hbhb.vip/admin/index/index.html',
  'accept' => 'text/html,application/xhtml+xml,application/xml;q=0.9,image/webp,image/apng,*/*;q=0.8',
  'user-agent' => 'Mozilla/5.0 (Windows NT 10.0; Win64; x64) AppleWebKit/537.36 (KHTML, like Gecko) Chrome/72.0.3626.119 Safari/537.36',
  'upgrade-insecure-requests' => '1',
  'connection' => 'keep-alive',
  'host' => 'pingshen.hbhb.vip',
  'content-type' => '',
  'content-length' => '',
)
[ info ] [ PARAM ] array (
)
[ info ] [ VIEW ] /www/wwwroot/pingshen/application/admin/view/achievement/acList.html [ array (
) ]
---------------------------------------------------------------
[2020-07-08T11:28:08+08:00] 122.234.238.0 POST pingshen.hbhb.vip/admin/achievement/aclist.html
[运行时间：0.202093s] [吞吐率：4.95req/s] [内存消耗：3,082.70kb] [文件加载：77]
[ info ] [ LANG ] /www/wwwroot/pingshen/thinkphp/lang/zh-cn.php
[ info ] [ LANG ] /www/wwwroot/pingshen/application/admin//lang/zh-cn.php
[ info ] [ ROUTE ] array (
)
[ info ] [ HEADER ] array (
  'cookie' => 'skin=0; PHPSESSID=b6jnp5tsra70r869o16gf5d1lf',
  'accept-language' => 'zh-CN,zh;q=0.9',
  'accept-encoding' => 'gzip, deflate',
  'referer' => 'http://pingshen.hbhb.vip/admin/achievement/aclist.html',
  'content-type' => 'application/x-www-form-urlencoded; charset=UTF-8',
  'user-agent' => 'Mozilla/5.0 (Windows NT 10.0; Win64; x64) AppleWebKit/537.36 (KHTML, like Gecko) Chrome/72.0.3626.119 Safari/537.36',
  'x-requested-with' => 'XMLHttpRequest',
  'origin' => 'http://pingshen.hbhb.vip',
  'accept' => 'application/json, text/javascript, */*; q=0.01',
  'content-length' => '15',
  'connection' => 'keep-alive',
  'host' => 'pingshen.hbhb.vip',
)
[ info ] [ PARAM ] array (
  'page' => '1',
  'limit' => '10',
)
[ info ] [ DB ] INIT mysql
[ sql ] [ DB ] CONNECT:[ UseTime:0.008644s ] mysql:host=47.97.169.58;port=3306;dbname=pingshen;charset=utf8
[ sql ] [ SQL ] SHOW COLUMNS FROM `achievement` [ RunTime:0.007709s ]
[ sql ] [ SQL ] SELECT * FROM `achievement` `a` LEFT JOIN `users` `u` ON `u`.`id`=`a`.`uid` GROUP BY `uid`,`sign` [ RunTime:0.058925s ]
[ sql ] [ SQL ] SHOW COLUMNS FROM `users` [ RunTime:0.007502s ]
[ sql ] [ SQL ] SELECT `nickname` FROM `users` WHERE  `id` = 2 LIMIT 1 [ RunTime:0.005709s ]
[ sql ] [ SQL ] SELECT `nickname` FROM `users` WHERE  `id` = 2 LIMIT 1 [ RunTime:0.005694s ]
[ sql ] [ SQL ] SELECT `nickname` FROM `users` WHERE  `id` = 2 LIMIT 1 [ RunTime:0.005670s ]
[ sql ] [ SQL ] SELECT `nickname` FROM `users` WHERE  `id` = 2 LIMIT 1 [ RunTime:0.005666s ]
[ sql ] [ SQL ] SELECT `nickname` FROM `users` WHERE  `id` = 2 LIMIT 1 [ RunTime:0.005664s ]
[ sql ] [ SQL ] SELECT `nickname` FROM `users` WHERE  `id` = 4 LIMIT 1 [ RunTime:0.005676s ]
[ sql ] [ SQL ] SELECT `nickname` FROM `users` WHERE  `id` = 4 LIMIT 1 [ RunTime:0.005657s ]
[ sql ] [ SQL ] SELECT `nickname` FROM `users` WHERE  `id` = 6 LIMIT 1 [ RunTime:0.005619s ]
[ sql ] [ SQL ] SELECT `nickname` FROM `users` WHERE  `id` = 6 LIMIT 1 [ RunTime:0.005669s ]
[ sql ] [ SQL ] SELECT `nickname` FROM `users` WHERE  `id` = 16 LIMIT 1 [ RunTime:0.005665s ]
[ sql ] [ SQL ] SELECT `nickname` FROM `users` WHERE  `id` = 16 LIMIT 1 [ RunTime:0.005652s ]
[ sql ] [ SQL ] SELECT `nickname` FROM `users` WHERE  `id` = 17 LIMIT 1 [ RunTime:0.005669s ]
[ sql ] [ SQL ] SELECT `nickname` FROM `users` WHERE  `id` = 17 LIMIT 1 [ RunTime:0.005645s ]
[ sql ] [ SQL ] SELECT `nickname` FROM `users` WHERE  `id` = 33 LIMIT 1 [ RunTime:0.005672s ]
[ sql ] [ SQL ] SELECT `nickname` FROM `users` WHERE  `id` = 33 LIMIT 1 [ RunTime:0.005640s ]
[ sql ] [ SQL ] SELECT `nickname` FROM `users` WHERE  `id` = 43 LIMIT 1 [ RunTime:0.005665s ]
---------------------------------------------------------------
[2020-07-08T11:28:09+08:00] 122.234.238.0 GET pingshen.hbhb.vip/admin/achievement/acflist.html
[运行时间：0.052045s] [吞吐率：19.21req/s] [内存消耗：2,238.60kb] [文件加载：76]
[ info ] [ LANG ] /www/wwwroot/pingshen/thinkphp/lang/zh-cn.php
[ info ] [ LANG ] /www/wwwroot/pingshen/application/admin//lang/zh-cn.php
[ info ] [ ROUTE ] array (
)
[ info ] [ HEADER ] array (
  'cookie' => 'skin=0; PHPSESSID=b6jnp5tsra70r869o16gf5d1lf',
  'accept-language' => 'zh-CN,zh;q=0.9',
  'accept-encoding' => 'gzip, deflate',
  'referer' => 'http://pingshen.hbhb.vip/admin/index/index.html',
  'accept' => 'text/html,application/xhtml+xml,application/xml;q=0.9,image/webp,image/apng,*/*;q=0.8',
  'user-agent' => 'Mozilla/5.0 (Windows NT 10.0; Win64; x64) AppleWebKit/537.36 (KHTML, like Gecko) Chrome/72.0.3626.119 Safari/537.36',
  'upgrade-insecure-requests' => '1',
  'connection' => 'keep-alive',
  'host' => 'pingshen.hbhb.vip',
  'content-type' => '',
  'content-length' => '',
)
[ info ] [ PARAM ] array (
)
[ info ] [ VIEW ] /www/wwwroot/pingshen/application/admin/view/achievement/acfList.html [ array (
) ]
---------------------------------------------------------------
[2020-07-08T11:28:10+08:00] 122.234.238.0 GET pingshen.hbhb.vip/admin/department/delist.html
[运行时间：0.070339s] [吞吐率：14.22req/s] [内存消耗：2,220.30kb] [文件加载：76]
[ info ] [ LANG ] /www/wwwroot/pingshen/thinkphp/lang/zh-cn.php
[ info ] [ LANG ] /www/wwwroot/pingshen/application/admin//lang/zh-cn.php
[ info ] [ ROUTE ] array (
)
[ info ] [ HEADER ] array (
  'cookie' => 'PHPSESSID=b6jnp5tsra70r869o16gf5d1lf',
  'accept-language' => 'zh-CN,zh;q=0.9',
  'accept-encoding' => 'gzip, deflate',
  'referer' => 'http://pingshen.hbhb.vip/admin/index/index.html',
  'accept' => 'text/html,application/xhtml+xml,application/xml;q=0.9,image/webp,image/apng,*/*;q=0.8',
  'user-agent' => 'Mozilla/5.0 (Windows NT 10.0; Win64; x64) AppleWebKit/537.36 (KHTML, like Gecko) Chrome/72.0.3626.119 Safari/537.36',
  'upgrade-insecure-requests' => '1',
  'connection' => 'keep-alive',
  'host' => 'pingshen.hbhb.vip',
  'content-type' => '',
  'content-length' => '',
)
[ info ] [ PARAM ] array (
)
[ info ] [ VIEW ] /www/wwwroot/pingshen/application/admin/view/department/deList.html [ array (
) ]
---------------------------------------------------------------
[2020-07-08T11:28:10+08:00] 122.234.238.0 POST pingshen.hbhb.vip/admin/department/delist.html
[运行时间：0.050834s] [吞吐率：19.67req/s] [内存消耗：3,049.89kb] [文件加载：77]
[ info ] [ LANG ] /www/wwwroot/pingshen/thinkphp/lang/zh-cn.php
[ info ] [ LANG ] /www/wwwroot/pingshen/application/admin//lang/zh-cn.php
[ info ] [ ROUTE ] array (
)
[ info ] [ HEADER ] array (
  'cookie' => 'skin=0; PHPSESSID=b6jnp5tsra70r869o16gf5d1lf',
  'accept-language' => 'zh-CN,zh;q=0.9',
  'accept-encoding' => 'gzip, deflate',
  'referer' => 'http://pingshen.hbhb.vip/admin/department/delist.html',
  'content-type' => 'application/x-www-form-urlencoded; charset=UTF-8',
  'user-agent' => 'Mozilla/5.0 (Windows NT 10.0; Win64; x64) AppleWebKit/537.36 (KHTML, like Gecko) Chrome/72.0.3626.119 Safari/537.36',
  'x-requested-with' => 'XMLHttpRequest',
  'origin' => 'http://pingshen.hbhb.vip',
  'accept' => 'application/json, text/javascript, */*; q=0.01',
  'content-length' => '15',
  'connection' => 'keep-alive',
  'host' => 'pingshen.hbhb.vip',
)
[ info ] [ PARAM ] array (
  'page' => '1',
  'limit' => '10',
)
[ info ] [ DB ] INIT mysql
[ sql ] [ DB ] CONNECT:[ UseTime:0.008837s ] mysql:host=47.97.169.58;port=3306;dbname=pingshen;charset=utf8
[ sql ] [ SQL ] SHOW COLUMNS FROM `department` [ RunTime:0.008015s ]
[ sql ] [ SQL ] SELECT * FROM `department` [ RunTime:0.005889s ]
---------------------------------------------------------------
[2020-07-08T11:28:10+08:00] 122.234.238.0 POST pingshen.hbhb.vip/admin/achievement/acflist.html
[运行时间：1.018187s] [吞吐率：0.98req/s] [内存消耗：3,195.79kb] [文件加载：77]
[ info ] [ LANG ] /www/wwwroot/pingshen/thinkphp/lang/zh-cn.php
[ info ] [ LANG ] /www/wwwroot/pingshen/application/admin//lang/zh-cn.php
[ info ] [ ROUTE ] array (
)
[ info ] [ HEADER ] array (
  'cookie' => 'skin=0; PHPSESSID=b6jnp5tsra70r869o16gf5d1lf',
  'accept-language' => 'zh-CN,zh;q=0.9',
  'accept-encoding' => 'gzip, deflate',
  'referer' => 'http://pingshen.hbhb.vip/admin/achievement/acflist.html',
  'content-type' => 'application/x-www-form-urlencoded; charset=UTF-8',
  'user-agent' => 'Mozilla/5.0 (Windows NT 10.0; Win64; x64) AppleWebKit/537.36 (KHTML, like Gecko) Chrome/72.0.3626.119 Safari/537.36',
  'x-requested-with' => 'XMLHttpRequest',
  'origin' => 'http://pingshen.hbhb.vip',
  'accept' => 'application/json, text/javascript, */*; q=0.01',
  'content-length' => '15',
  'connection' => 'keep-alive',
  'host' => 'pingshen.hbhb.vip',
)
[ info ] [ PARAM ] array (
  'page' => '1',
  'limit' => '12',
)
[ info ] [ DB ] INIT mysql
[ sql ] [ DB ] CONNECT:[ UseTime:0.008707s ] mysql:host=47.97.169.58;port=3306;dbname=pingshen;charset=utf8
[ sql ] [ SQL ] SHOW COLUMNS FROM `achievement` [ RunTime:0.007643s ]
[ sql ] [ SQL ] SELECT * FROM `achievement` `a` LEFT JOIN `department` `d` ON `d`.`id`=`a`.`c_id` GROUP BY `sign`,`c_id` [ RunTime:0.047916s ]
[ sql ] [ SQL ] SELECT * FROM `achievement` `a` LEFT JOIN `users` `u` ON `u`.`id`=`a`.`uid` WHERE  `sign` = '1'  AND `c_id` = 1  AND `uid` IN (2,4,6,16,17) [ RunTime:0.006149s ]
[ sql ] [ SQL ] SHOW COLUMNS FROM `department` [ RunTime:0.007179s ]
[ sql ] [ SQL ] SELECT `id` FROM `department` WHERE  `c_user` LIKE '%Takers%' [ RunTime:0.005715s ]
[ sql ] [ SQL ] SELECT `id` FROM `department` WHERE  `c_user` LIKE '%Lesley%' [ RunTime:0.005722s ]
[ sql ] [ SQL ] SELECT `id` FROM `department` WHERE  `c_user` LIKE '%屠宇飞%' [ RunTime:0.005716s ]
[ sql ] [ SQL ] SELECT `id` FROM `department` WHERE  `c_user` LIKE '%盛华%' [ RunTime:0.005734s ]
[ sql ] [ SQL ] SELECT * FROM `achievement` `a` LEFT JOIN `users` `u` ON `u`.`id`=`a`.`uid` WHERE  `sign` = '1'  AND `c_id` = 2  AND `uid` IN (2,4,6,16,17) [ RunTime:0.006048s ]
[ sql ] [ SQL ] SELECT `id` FROM `department` WHERE  `c_user` LIKE '%Takers%' [ RunTime:0.005699s ]
[ sql ] [ SQL ] SELECT `id` FROM `department` WHERE  `c_user` LIKE '%Lesley%' [ RunTime:0.005696s ]
[ sql ] [ SQL ] SELECT `id` FROM `department` WHERE  `c_user` LIKE '%屠宇飞%' [ RunTime:0.005708s ]
[ sql ] [ SQL ] SELECT `id` FROM `department` WHERE  `c_user` LIKE '%盛华%' [ RunTime:0.005708s ]
[ sql ] [ SQL ] SELECT * FROM `achievement` `a` LEFT JOIN `users` `u` ON `u`.`id`=`a`.`uid` WHERE  `sign` = '1'  AND `c_id` = 3  AND `uid` IN (2,4,6,16,17) [ RunTime:0.005948s ]
[ sql ] [ SQL ] SELECT `id` FROM `department` WHERE  `c_user` LIKE '%Takers%' [ RunTime:0.005698s ]
[ sql ] [ SQL ] SELECT `id` FROM `department` WHERE  `c_user` LIKE '%Lesley%' [ RunTime:0.005726s ]
[ sql ] [ SQL ] SELECT `id` FROM `department` WHERE  `c_user` LIKE '%屠宇飞%' [ RunTime:0.005714s ]
[ sql ] [ SQL ] SELECT `id` FROM `department` WHERE  `c_user` LIKE '%盛华%' [ RunTime:0.005693s ]
[ sql ] [ SQL ] SELECT * FROM `achievement` `a` LEFT JOIN `users` `u` ON `u`.`id`=`a`.`uid` WHERE  `sign` = '1'  AND `c_id` = 4  AND `uid` IN (2,4,6,16,17) [ RunTime:0.005993s ]
[ sql ] [ SQL ] SELECT `id` FROM `department` WHERE  `c_user` LIKE '%Takers%' [ RunTime:0.005712s ]
[ sql ] [ SQL ] SELECT `id` FROM `department` WHERE  `c_user` LIKE '%Lesley%' [ RunTime:0.005684s ]
[ sql ] [ SQL ] SELECT `id` FROM `department` WHERE  `c_user` LIKE '%屠宇飞%' [ RunTime:0.005682s ]
[ sql ] [ SQL ] SELECT `id` FROM `department` WHERE  `c_user` LIKE '%盛华%' [ RunTime:0.005729s ]
[ sql ] [ SQL ] SELECT * FROM `achievement` `a` LEFT JOIN `users` `u` ON `u`.`id`=`a`.`uid` WHERE  `sign` = '1'  AND `c_id` = 5  AND `uid` IN (2,4,6,16,17) [ RunTime:0.005956s ]
[ sql ] [ SQL ] SELECT `id` FROM `department` WHERE  `c_user` LIKE '%Takers%' [ RunTime:0.005687s ]
[ sql ] [ SQL ] SELECT `id` FROM `department` WHERE  `c_user` LIKE '%Lesley%' [ RunTime:0.005718s ]
[ sql ] [ SQL ] SELECT `id` FROM `department` WHERE  `c_user` LIKE '%屠宇飞%' [ RunTime:0.005717s ]
[ sql ] [ SQL ] SELECT `id` FROM `department` WHERE  `c_user` LIKE '%盛华%' [ RunTime:0.005689s ]
[ sql ] [ SQL ] SELECT * FROM `achievement` `a` LEFT JOIN `users` `u` ON `u`.`id`=`a`.`uid` WHERE  `sign` = '1'  AND `c_id` = 6  AND `uid` IN (2,4,6,16,17) [ RunTime:0.005993s ]
[ sql ] [ SQL ] SELECT `id` FROM `department` WHERE  `c_user` LIKE '%Takers%' [ RunTime:0.005803s ]
[ sql ] [ SQL ] SELECT `id` FROM `department` WHERE  `c_user` LIKE '%Lesley%' [ RunTime:0.005722s ]
[ sql ] [ SQL ] SELECT `id` FROM `department` WHERE  `c_user` LIKE '%屠宇飞%' [ RunTime:0.005736s ]
[ sql ] [ SQL ] SELECT `id` FROM `department` WHERE  `c_user` LIKE '%盛华%' [ RunTime:0.005780s ]
[ sql ] [ SQL ] SELECT * FROM `achievement` `a` LEFT JOIN `users` `u` ON `u`.`id`=`a`.`uid` WHERE  `sign` = '1'  AND `c_id` = 7  AND `uid` IN (2,4,6,16,17) [ RunTime:0.005971s ]
[ sql ] [ SQL ] SELECT `id` FROM `department` WHERE  `c_user` LIKE '%Takers%' [ RunTime:0.005726s ]
[ sql ] [ SQL ] SELECT `id` FROM `department` WHERE  `c_user` LIKE '%Lesley%' [ RunTime:0.005741s ]
[ sql ] [ SQL ] SELECT `id` FROM `department` WHERE  `c_user` LIKE '%屠宇飞%' [ RunTime:0.005761s ]
[ sql ] [ SQL ] SELECT `id` FROM `department` WHERE  `c_user` LIKE '%盛华%' [ RunTime:0.005704s ]
[ sql ] [ SQL ] SELECT * FROM `achievement` `a` LEFT JOIN `users` `u` ON `u`.`id`=`a`.`uid` WHERE  `sign` = '1'  AND `c_id` = 8  AND `uid` IN (2,4,6,16,17) [ RunTime:0.006097s ]
[ sql ] [ SQL ] SELECT `id` FROM `department` WHERE  `c_user` LIKE '%Takers%' [ RunTime:0.005728s ]
[ sql ] [ SQL ] SELECT `id` FROM `department` WHERE  `c_user` LIKE '%Lesley%' [ RunTime:0.005689s ]
[ sql ] [ SQL ] SELECT `id` FROM `department` WHERE  `c_user` LIKE '%屠宇飞%' [ RunTime:0.005725s ]
[ sql ] [ SQL ] SELECT `id` FROM `department` WHERE  `c_user` LIKE '%盛华%' [ RunTime:0.005712s ]
[ sql ] [ SQL ] SELECT * FROM `achievement` `a` LEFT JOIN `users` `u` ON `u`.`id`=`a`.`uid` WHERE  `sign` = '1'  AND `c_id` = 9  AND `uid` IN (2,4,6,16,17) [ RunTime:0.005987s ]
[ sql ] [ SQL ] SELECT `id` FROM `department` WHERE  `c_user` LIKE '%Takers%' [ RunTime:0.005727s ]
[ sql ] [ SQL ] SELECT `id` FROM `department` WHERE  `c_user` LIKE '%Lesley%' [ RunTime:0.005712s ]
[ sql ] [ SQL ] SELECT `id` FROM `department` WHERE  `c_user` LIKE '%屠宇飞%' [ RunTime:0.005725s ]
[ sql ] [ SQL ] SELECT `id` FROM `department` WHERE  `c_user` LIKE '%盛华%' [ RunTime:0.005693s ]
[ sql ] [ SQL ] SELECT * FROM `achievement` `a` LEFT JOIN `users` `u` ON `u`.`id`=`a`.`uid` WHERE  `sign` = '1'  AND `c_id` = 10  AND `uid` IN (2,4,6,16,17) [ RunTime:0.005962s ]
[ sql ] [ SQL ] SELECT `id` FROM `department` WHERE  `c_user` LIKE '%Takers%' [ RunTime:0.005723s ]
[ sql ] [ SQL ] SELECT `id` FROM `department` WHERE  `c_user` LIKE '%Lesley%' [ RunTime:0.005732s ]
[ sql ] [ SQL ] SELECT `id` FROM `department` WHERE  `c_user` LIKE '%屠宇飞%' [ RunTime:0.005726s ]
[ sql ] [ SQL ] SELECT `id` FROM `department` WHERE  `c_user` LIKE '%盛华%' [ RunTime:0.005716s ]
[ sql ] [ SQL ] SELECT * FROM `achievement` `a` LEFT JOIN `users` `u` ON `u`.`id`=`a`.`uid` WHERE  `sign` = '1'  AND `c_id` = 11  AND `uid` IN (2,4,6,16,17) [ RunTime:0.006013s ]
[ sql ] [ SQL ] SELECT `id` FROM `department` WHERE  `c_user` LIKE '%Takers%' [ RunTime:0.005781s ]
[ sql ] [ SQL ] SELECT `id` FROM `department` WHERE  `c_user` LIKE '%Lesley%' [ RunTime:0.005804s ]
[ sql ] [ SQL ] SELECT `id` FROM `department` WHERE  `c_user` LIKE '%屠宇飞%' [ RunTime:0.005829s ]
[ sql ] [ SQL ] SELECT `id` FROM `department` WHERE  `c_user` LIKE '%盛华%' [ RunTime:0.005823s ]
[ sql ] [ SQL ] SELECT * FROM `achievement` `a` LEFT JOIN `users` `u` ON `u`.`id`=`a`.`uid` WHERE  `sign` = '1'  AND `c_id` = 12  AND `uid` IN (2,4,6,16,17) [ RunTime:0.006057s ]
[ sql ] [ SQL ] SELECT `id` FROM `department` WHERE  `c_user` LIKE '%Lesley%' [ RunTime:0.005737s ]
[ sql ] [ SQL ] SELECT `id` FROM `department` WHERE  `c_user` LIKE '%Takers%' [ RunTime:0.005717s ]
[ sql ] [ SQL ] SELECT `id` FROM `department` WHERE  `c_user` LIKE '%屠宇飞%' [ RunTime:0.005751s ]
[ sql ] [ SQL ] SELECT `id` FROM `department` WHERE  `c_user` LIKE '%盛华%' [ RunTime:0.005716s ]
[ sql ] [ SQL ] SELECT * FROM `achievement` `a` LEFT JOIN `users` `u` ON `u`.`id`=`a`.`uid` WHERE  `sign` = '2'  AND `c_id` = 1  AND `uid` IN (2,4,6,16,17) [ RunTime:0.006015s ]
[ sql ] [ SQL ] SELECT `id` FROM `department` WHERE  `c_user` LIKE '%Lesley%' [ RunTime:0.005686s ]
[ sql ] [ SQL ] SELECT `id` FROM `department` WHERE  `c_user` LIKE '%Takers%' [ RunTime:0.005718s ]
[ sql ] [ SQL ] SELECT `id` FROM `department` WHERE  `c_user` LIKE '%盛华%' [ RunTime:0.005802s ]
[ sql ] [ SQL ] SELECT `id` FROM `department` WHERE  `c_user` LIKE '%屠宇飞%' [ RunTime:0.005723s ]
[ sql ] [ SQL ] SELECT * FROM `achievement` `a` LEFT JOIN `users` `u` ON `u`.`id`=`a`.`uid` WHERE  `sign` = '2'  AND `c_id` = 2  AND `uid` IN (2,4,6,16,17) [ RunTime:0.006018s ]
[ sql ] [ SQL ] SELECT `id` FROM `department` WHERE  `c_user` LIKE '%Lesley%' [ RunTime:0.005770s ]
[ sql ] [ SQL ] SELECT `id` FROM `department` WHERE  `c_user` LIKE '%Takers%' [ RunTime:0.005723s ]
[ sql ] [ SQL ] SELECT `id` FROM `department` WHERE  `c_user` LIKE '%盛华%' [ RunTime:0.005706s ]
[ sql ] [ SQL ] SELECT `id` FROM `department` WHERE  `c_user` LIKE '%屠宇飞%' [ RunTime:0.005709s ]
[ sql ] [ SQL ] SELECT * FROM `achievement` `a` LEFT JOIN `users` `u` ON `u`.`id`=`a`.`uid` WHERE  `sign` = '2'  AND `c_id` = 3  AND `uid` IN (2,4,6,16,17) [ RunTime:0.006014s ]
[ sql ] [ SQL ] SELECT `id` FROM `department` WHERE  `c_user` LIKE '%Lesley%' [ RunTime:0.005812s ]
[ sql ] [ SQL ] SELECT `id` FROM `department` WHERE  `c_user` LIKE '%Takers%' [ RunTime:0.005739s ]
[ sql ] [ SQL ] SELECT `id` FROM `department` WHERE  `c_user` LIKE '%盛华%' [ RunTime:0.005849s ]
[ sql ] [ SQL ] SELECT `id` FROM `department` WHERE  `c_user` LIKE '%屠宇飞%' [ RunTime:0.005836s ]
[ sql ] [ SQL ] SELECT * FROM `achievement` `a` LEFT JOIN `users` `u` ON `u`.`id`=`a`.`uid` WHERE  `sign` = '2'  AND `c_id` = 4  AND `uid` IN (2,4,6,16,17) [ RunTime:0.006278s ]
[ sql ] [ SQL ] SELECT `id` FROM `department` WHERE  `c_user` LIKE '%Lesley%' [ RunTime:0.005796s ]
[ sql ] [ SQL ] SELECT `id` FROM `department` WHERE  `c_user` LIKE '%Takers%' [ RunTime:0.005761s ]
[ sql ] [ SQL ] SELECT `id` FROM `department` WHERE  `c_user` LIKE '%盛华%' [ RunTime:0.005701s ]
[ sql ] [ SQL ] SELECT `id` FROM `department` WHERE  `c_user` LIKE '%屠宇飞%' [ RunTime:0.005725s ]
[ sql ] [ SQL ] SELECT * FROM `achievement` `a` LEFT JOIN `users` `u` ON `u`.`id`=`a`.`uid` WHERE  `sign` = '2'  AND `c_id` = 5  AND `uid` IN (2,4,6,16,17) [ RunTime:0.006163s ]
[ sql ] [ SQL ] SELECT `id` FROM `department` WHERE  `c_user` LIKE '%Lesley%' [ RunTime:0.005769s ]
[ sql ] [ SQL ] SELECT `id` FROM `department` WHERE  `c_user` LIKE '%Takers%' [ RunTime:0.005724s ]
[ sql ] [ SQL ] SELECT `id` FROM `department` WHERE  `c_user` LIKE '%盛华%' [ RunTime:0.005733s ]
[ sql ] [ SQL ] SELECT `id` FROM `department` WHERE  `c_user` LIKE '%屠宇飞%' [ RunTime:0.005717s ]
[ sql ] [ SQL ] SELECT * FROM `achievement` `a` LEFT JOIN `users` `u` ON `u`.`id`=`a`.`uid` WHERE  `sign` = '2'  AND `c_id` = 6  AND `uid` IN (2,4,6,16,17) [ RunTime:0.005966s ]
[ sql ] [ SQL ] SELECT `id` FROM `department` WHERE  `c_user` LIKE '%Lesley%' [ RunTime:0.005729s ]
[ sql ] [ SQL ] SELECT `id` FROM `department` WHERE  `c_user` LIKE '%Takers%' [ RunTime:0.005750s ]
[ sql ] [ SQL ] SELECT `id` FROM `department` WHERE  `c_user` LIKE '%盛华%' [ RunTime:0.005797s ]
[ sql ] [ SQL ] SELECT `id` FROM `department` WHERE  `c_user` LIKE '%屠宇飞%' [ RunTime:0.005706s ]
[ sql ] [ SQL ] SELECT * FROM `achievement` `a` LEFT JOIN `users` `u` ON `u`.`id`=`a`.`uid` WHERE  `sign` = '2'  AND `c_id` = 7  AND `uid` IN (2,4,6,16,17) [ RunTime:0.005992s ]
[ sql ] [ SQL ] SELECT `id` FROM `department` WHERE  `c_user` LIKE '%Lesley%' [ RunTime:0.005712s ]
[ sql ] [ SQL ] SELECT `id` FROM `department` WHERE  `c_user` LIKE '%Takers%' [ RunTime:0.005724s ]
[ sql ] [ SQL ] SELECT `id` FROM `department` WHERE  `c_user` LIKE '%盛华%' [ RunTime:0.005724s ]
[ sql ] [ SQL ] SELECT `id` FROM `department` WHERE  `c_user` LIKE '%屠宇飞%' [ RunTime:0.005709s ]
[ sql ] [ SQL ] SELECT * FROM `achievement` `a` LEFT JOIN `users` `u` ON `u`.`id`=`a`.`uid` WHERE  `sign` = '2'  AND `c_id` = 8  AND `uid` IN (2,4,6,16,17) [ RunTime:0.005980s ]
[ sql ] [ SQL ] SELECT `id` FROM `department` WHERE  `c_user` LIKE '%Lesley%' [ RunTime:0.005711s ]
[ sql ] [ SQL ] SELECT `id` FROM `department` WHERE  `c_user` LIKE '%Takers%' [ RunTime:0.005738s ]
[ sql ] [ SQL ] SELECT `id` FROM `department` WHERE  `c_user` LIKE '%盛华%' [ RunTime:0.005697s ]
[ sql ] [ SQL ] SELECT `id` FROM `department` WHERE  `c_user` LIKE '%屠宇飞%' [ RunTime:0.005738s ]
[ sql ] [ SQL ] SELECT * FROM `achievement` `a` LEFT JOIN `users` `u` ON `u`.`id`=`a`.`uid` WHERE  `sign` = '2'  AND `c_id` = 9  AND `uid` IN (2,4,6,16,17) [ RunTime:0.006027s ]
[ sql ] [ SQL ] SELECT `id` FROM `department` WHERE  `c_user` LIKE '%Lesley%' [ RunTime:0.005716s ]
[ sql ] [ SQL ] SELECT `id` FROM `department` WHERE  `c_user` LIKE '%Takers%' [ RunTime:0.005706s ]
[ sql ] [ SQL ] SELECT `id` FROM `department` WHERE  `c_user` LIKE '%盛华%' [ RunTime:0.005739s ]
[ sql ] [ SQL ] SELECT `id` FROM `department` WHERE  `c_user` LIKE '%屠宇飞%' [ RunTime:0.005722s ]
[ sql ] [ SQL ] SELECT * FROM `achievement` `a` LEFT JOIN `users` `u` ON `u`.`id`=`a`.`uid` WHERE  `sign` = '2'  AND `c_id` = 10  AND `uid` IN (2,4,6,16,17) [ RunTime:0.005979s ]
[ sql ] [ SQL ] SELECT `id` FROM `department` WHERE  `c_user` LIKE '%Lesley%' [ RunTime:0.005825s ]
[ sql ] [ SQL ] SELECT `id` FROM `department` WHERE  `c_user` LIKE '%Takers%' [ RunTime:0.005757s ]
[ sql ] [ SQL ] SELECT `id` FROM `department` WHERE  `c_user` LIKE '%盛华%' [ RunTime:0.005722s ]
[ sql ] [ SQL ] SELECT `id` FROM `department` WHERE  `c_user` LIKE '%屠宇飞%' [ RunTime:0.005739s ]
[ sql ] [ SQL ] SELECT * FROM `achievement` `a` LEFT JOIN `users` `u` ON `u`.`id`=`a`.`uid` WHERE  `sign` = '2'  AND `c_id` = 11  AND `uid` IN (2,4,6,16,17) [ RunTime:0.005959s ]
[ sql ] [ SQL ] SELECT `id` FROM `department` WHERE  `c_user` LIKE '%Lesley%' [ RunTime:0.005720s ]
[ sql ] [ SQL ] SELECT `id` FROM `department` WHERE  `c_user` LIKE '%Takers%' [ RunTime:0.005714s ]
[ sql ] [ SQL ] SELECT `id` FROM `department` WHERE  `c_user` LIKE '%盛华%' [ RunTime:0.005722s ]
[ sql ] [ SQL ] SELECT `id` FROM `department` WHERE  `c_user` LIKE '%屠宇飞%' [ RunTime:0.005714s ]
[ sql ] [ SQL ] SELECT * FROM `achievement` `a` LEFT JOIN `users` `u` ON `u`.`id`=`a`.`uid` WHERE  `sign` = '2'  AND `c_id` = 12  AND `uid` IN (2,4,6,16,17) [ RunTime:0.006053s ]
[ sql ] [ SQL ] SELECT `id` FROM `department` WHERE  `c_user` LIKE '%Lesley%' [ RunTime:0.005712s ]
[ sql ] [ SQL ] SELECT `id` FROM `department` WHERE  `c_user` LIKE '%Takers%' [ RunTime:0.005745s ]
[ sql ] [ SQL ] SELECT `id` FROM `department` WHERE  `c_user` LIKE '%盛华%' [ RunTime:0.005782s ]
[ sql ] [ SQL ] SELECT `id` FROM `department` WHERE  `c_user` LIKE '%屠宇飞%' [ RunTime:0.005718s ]
[ sql ] [ SQL ] SELECT * FROM `achievement` `a` LEFT JOIN `users` `u` ON `u`.`id`=`a`.`uid` WHERE  `sign` = '3'  AND `c_id` = 1  AND `uid` IN (2,4,6,16,17) [ RunTime:0.005992s ]
[ sql ] [ SQL ] SELECT * FROM `achievement` `a` LEFT JOIN `users` `u` ON `u`.`id`=`a`.`uid` WHERE  `sign` = '3'  AND `c_id` = 2  AND `uid` IN (2,4,6,16,17) [ RunTime:0.006009s ]
[ sql ] [ SQL ] SELECT * FROM `achievement` `a` LEFT JOIN `users` `u` ON `u`.`id`=`a`.`uid` WHERE  `sign` = '3'  AND `c_id` = 3  AND `uid` IN (2,4,6,16,17) [ RunTime:0.005944s ]
[ sql ] [ SQL ] SELECT * FROM `achievement` `a` LEFT JOIN `users` `u` ON `u`.`id`=`a`.`uid` WHERE  `sign` = '3'  AND `c_id` = 4  AND `uid` IN (2,4,6,16,17) [ RunTime:0.006053s ]
[ sql ] [ SQL ] SELECT * FROM `achievement` `a` LEFT JOIN `users` `u` ON `u`.`id`=`a`.`uid` WHERE  `sign` = '3'  AND `c_id` = 5  AND `uid` IN (2,4,6,16,17) [ RunTime:0.005890s ]
[ sql ] [ SQL ] SELECT * FROM `achievement` `a` LEFT JOIN `users` `u` ON `u`.`id`=`a`.`uid` WHERE  `sign` = '3'  AND `c_id` = 6  AND `uid` IN (2,4,6,16,17) [ RunTime:0.005942s ]
[ sql ] [ SQL ] SELECT * FROM `achievement` `a` LEFT JOIN `users` `u` ON `u`.`id`=`a`.`uid` WHERE  `sign` = '3'  AND `c_id` = 7  AND `uid` IN (2,4,6,16,17) [ RunTime:0.005902s ]
[ sql ] [ SQL ] SELECT * FROM `achievement` `a` LEFT JOIN `users` `u` ON `u`.`id`=`a`.`uid` WHERE  `sign` = '3'  AND `c_id` = 8  AND `uid` IN (2,4,6,16,17) [ RunTime:0.005959s ]
[ sql ] [ SQL ] SELECT * FROM `achievement` `a` LEFT JOIN `users` `u` ON `u`.`id`=`a`.`uid` WHERE  `sign` = '3'  AND `c_id` = 9  AND `uid` IN (2,4,6,16,17) [ RunTime:0.005938s ]
[ sql ] [ SQL ] SELECT * FROM `achievement` `a` LEFT JOIN `users` `u` ON `u`.`id`=`a`.`uid` WHERE  `sign` = '3'  AND `c_id` = 10  AND `uid` IN (2,4,6,16,17) [ RunTime:0.005919s ]
[ sql ] [ SQL ] SELECT * FROM `achievement` `a` LEFT JOIN `users` `u` ON `u`.`id`=`a`.`uid` WHERE  `sign` = '3'  AND `c_id` = 11  AND `uid` IN (2,4,6,16,17) [ RunTime:0.005903s ]
[ sql ] [ SQL ] SELECT * FROM `achievement` `a` LEFT JOIN `users` `u` ON `u`.`id`=`a`.`uid` WHERE  `sign` = '3'  AND `c_id` = 12  AND `uid` IN (2,4,6,16,17) [ RunTime:0.005896s ]
[ sql ] [ SQL ] SELECT * FROM `achievement` `a` LEFT JOIN `users` `u` ON `u`.`id`=`a`.`uid` WHERE  `sign` = '4'  AND `c_id` = 1  AND `uid` IN (2,4,6,16,17) [ RunTime:0.005940s ]
[ sql ] [ SQL ] SELECT * FROM `achievement` `a` LEFT JOIN `users` `u` ON `u`.`id`=`a`.`uid` WHERE  `sign` = '4'  AND `c_id` = 2  AND `uid` IN (2,4,6,16,17) [ RunTime:0.005904s ]
[ sql ] [ SQL ] SELECT * FROM `achievement` `a` LEFT JOIN `users` `u` ON `u`.`id`=`a`.`uid` WHERE  `sign` = '4'  AND `c_id` = 3  AND `uid` IN (2,4,6,16,17) [ RunTime:0.005912s ]
[ sql ] [ SQL ] SELECT * FROM `achievement` `a` LEFT JOIN `users` `u` ON `u`.`id`=`a`.`uid` WHERE  `sign` = '4'  AND `c_id` = 4  AND `uid` IN (2,4,6,16,17) [ RunTime:0.005900s ]
[ sql ] [ SQL ] SELECT * FROM `achievement` `a` LEFT JOIN `users` `u` ON `u`.`id`=`a`.`uid` WHERE  `sign` = '4'  AND `c_id` = 5  AND `uid` IN (2,4,6,16,17) [ RunTime:0.005901s ]
[ sql ] [ SQL ] SELECT * FROM `achievement` `a` LEFT JOIN `users` `u` ON `u`.`id`=`a`.`uid` WHERE  `sign` = '4'  AND `c_id` = 6  AND `uid` IN (2,4,6,16,17) [ RunTime:0.005907s ]
[ sql ] [ SQL ] SELECT * FROM `achievement` `a` LEFT JOIN `users` `u` ON `u`.`id`=`a`.`uid` WHERE  `sign` = '4'  AND `c_id` = 7  AND `uid` IN (2,4,6,16,17) [ RunTime:0.005935s ]
[ sql ] [ SQL ] SELECT * FROM `achievement` `a` LEFT JOIN `users` `u` ON `u`.`id`=`a`.`uid` WHERE  `sign` = '4'  AND `c_id` = 8  AND `uid` IN (2,4,6,16,17) [ RunTime:0.005908s ]
[ sql ] [ SQL ] SELECT * FROM `achievement` `a` LEFT JOIN `users` `u` ON `u`.`id`=`a`.`uid` WHERE  `sign` = '4'  AND `c_id` = 9  AND `uid` IN (2,4,6,16,17) [ RunTime:0.005919s ]
[ sql ] [ SQL ] SELECT * FROM `achievement` `a` LEFT JOIN `users` `u` ON `u`.`id`=`a`.`uid` WHERE  `sign` = '4'  AND `c_id` = 10  AND `uid` IN (2,4,6,16,17) [ RunTime:0.005914s ]
[ sql ] [ SQL ] SELECT * FROM `achievement` `a` LEFT JOIN `users` `u` ON `u`.`id`=`a`.`uid` WHERE  `sign` = '4'  AND `c_id` = 11  AND `uid` IN (2,4,6,16,17) [ RunTime:0.005900s ]
[ sql ] [ SQL ] SELECT * FROM `achievement` `a` LEFT JOIN `users` `u` ON `u`.`id`=`a`.`uid` WHERE  `sign` = '4'  AND `c_id` = 12  AND `uid` IN (2,4,6,16,17) [ RunTime:0.005908s ]
[ sql ] [ SQL ] SELECT * FROM `achievement` `a` LEFT JOIN `users` `u` ON `u`.`id`=`a`.`uid` WHERE  `sign` = '5'  AND `c_id` = 1  AND `uid` IN (2,4,6,16,17) [ RunTime:0.005911s ]
[ sql ] [ SQL ] SELECT * FROM `achievement` `a` LEFT JOIN `users` `u` ON `u`.`id`=`a`.`uid` WHERE  `sign` = '5'  AND `c_id` = 2  AND `uid` IN (2,4,6,16,17) [ RunTime:0.005904s ]
[ sql ] [ SQL ] SELECT * FROM `achievement` `a` LEFT JOIN `users` `u` ON `u`.`id`=`a`.`uid` WHERE  `sign` = '5'  AND `c_id` = 3  AND `uid` IN (2,4,6,16,17) [ RunTime:0.005924s ]
[ sql ] [ SQL ] SELECT * FROM `achievement` `a` LEFT JOIN `users` `u` ON `u`.`id`=`a`.`uid` WHERE  `sign` = '5'  AND `c_id` = 4  AND `uid` IN (2,4,6,16,17) [ RunTime:0.006005s ]
[ sql ] [ SQL ] SELECT * FROM `achievement` `a` LEFT JOIN `users` `u` ON `u`.`id`=`a`.`uid` WHERE  `sign` = '5'  AND `c_id` = 5  AND `uid` IN (2,4,6,16,17) [ RunTime:0.005935s ]
[ sql ] [ SQL ] SELECT * FROM `achievement` `a` LEFT JOIN `users` `u` ON `u`.`id`=`a`.`uid` WHERE  `sign` = '5'  AND `c_id` = 6  AND `uid` IN (2,4,6,16,17) [ RunTime:0.005923s ]
[ sql ] [ SQL ] SELECT * FROM `achievement` `a` LEFT JOIN `users` `u` ON `u`.`id`=`a`.`uid` WHERE  `sign` = '5'  AND `c_id` = 7  AND `uid` IN (2,4,6,16,17) [ RunTime:0.005953s ]
[ sql ] [ SQL ] SELECT * FROM `achievement` `a` LEFT JOIN `users` `u` ON `u`.`id`=`a`.`uid` WHERE  `sign` = '5'  AND `c_id` = 8  AND `uid` IN (2,4,6,16,17) [ RunTime:0.005910s ]
[ sql ] [ SQL ] SELECT * FROM `achievement` `a` LEFT JOIN `users` `u` ON `u`.`id`=`a`.`uid` WHERE  `sign` = '5'  AND `c_id` = 9  AND `uid` IN (2,4,6,16,17) [ RunTime:0.005920s ]
[ sql ] [ SQL ] SELECT * FROM `achievement` `a` LEFT JOIN `users` `u` ON `u`.`id`=`a`.`uid` WHERE  `sign` = '5'  AND `c_id` = 10  AND `uid` IN (2,4,6,16,17) [ RunTime:0.005913s ]
[ sql ] [ SQL ] SELECT * FROM `achievement` `a` LEFT JOIN `users` `u` ON `u`.`id`=`a`.`uid` WHERE  `sign` = '5'  AND `c_id` = 11  AND `uid` IN (2,4,6,16,17) [ RunTime:0.005914s ]
---------------------------------------------------------------
[2020-07-08T11:28:11+08:00] 122.234.238.0 GET pingshen.hbhb.vip/admin/users/userlist.html
[运行时间：0.046440s] [吞吐率：21.53req/s] [内存消耗：2,223.81kb] [文件加载：76]
[ info ] [ LANG ] /www/wwwroot/pingshen/thinkphp/lang/zh-cn.php
[ info ] [ LANG ] /www/wwwroot/pingshen/application/admin//lang/zh-cn.php
[ info ] [ ROUTE ] array (
)
[ info ] [ HEADER ] array (
  'cookie' => 'PHPSESSID=b6jnp5tsra70r869o16gf5d1lf',
  'accept-language' => 'zh-CN,zh;q=0.9',
  'accept-encoding' => 'gzip, deflate',
  'referer' => 'http://pingshen.hbhb.vip/admin/index/index.html',
  'accept' => 'text/html,application/xhtml+xml,application/xml;q=0.9,image/webp,image/apng,*/*;q=0.8',
  'user-agent' => 'Mozilla/5.0 (Windows NT 10.0; Win64; x64) AppleWebKit/537.36 (KHTML, like Gecko) Chrome/72.0.3626.119 Safari/537.36',
  'upgrade-insecure-requests' => '1',
  'connection' => 'keep-alive',
  'host' => 'pingshen.hbhb.vip',
  'content-type' => '',
  'content-length' => '',
)
[ info ] [ PARAM ] array (
)
[ info ] [ VIEW ] /www/wwwroot/pingshen/application/admin/view/users/user_list.html [ array (
) ]
---------------------------------------------------------------
[2020-07-08T11:28:11+08:00] 122.234.238.0 POST pingshen.hbhb.vip/admin/users/userlist.html
[运行时间：0.052012s] [吞吐率：19.23req/s] [内存消耗：3,148.63kb] [文件加载：77]
[ info ] [ LANG ] /www/wwwroot/pingshen/thinkphp/lang/zh-cn.php
[ info ] [ LANG ] /www/wwwroot/pingshen/application/admin//lang/zh-cn.php
[ info ] [ ROUTE ] array (
)
[ info ] [ HEADER ] array (
  'cookie' => 'skin=0; PHPSESSID=b6jnp5tsra70r869o16gf5d1lf',
  'accept-language' => 'zh-CN,zh;q=0.9',
  'accept-encoding' => 'gzip, deflate',
  'referer' => 'http://pingshen.hbhb.vip/admin/users/userlist.html',
  'content-type' => 'application/x-www-form-urlencoded; charset=UTF-8',
  'user-agent' => 'Mozilla/5.0 (Windows NT 10.0; Win64; x64) AppleWebKit/537.36 (KHTML, like Gecko) Chrome/72.0.3626.119 Safari/537.36',
  'x-requested-with' => 'XMLHttpRequest',
  'origin' => 'http://pingshen.hbhb.vip',
  'accept' => 'application/json, text/javascript, */*; q=0.01',
  'content-length' => '15',
  'connection' => 'keep-alive',
  'host' => 'pingshen.hbhb.vip',
)
[ info ] [ PARAM ] array (
  'page' => '1',
  'limit' => '10',
)
[ info ] [ DB ] INIT mysql
[ sql ] [ DB ] CONNECT:[ UseTime:0.008955s ] mysql:host=47.97.169.58;port=3306;dbname=pingshen;charset=utf8
[ sql ] [ SQL ] SHOW COLUMNS FROM `users` [ RunTime:0.007937s ]
[ sql ] [ SQL ] SELECT * FROM `users` WHERE  ( `nickname` LIKE '%%' OR `email` LIKE '%%' OR `mobile` LIKE '%%' ) [ RunTime:0.008926s ]
---------------------------------------------------------------
[2020-07-08T11:28:13+08:00] 122.234.238.0 GET pingshen.hbhb.vip/admin/img/index.html
[运行时间：0.020756s] [吞吐率：48.18req/s] [内存消耗：2,124.27kb] [文件加载：71]
[ info ] [ LANG ] /www/wwwroot/pingshen/thinkphp/lang/zh-cn.php
[ info ] [ LANG ] /www/wwwroot/pingshen/application/admin//lang/zh-cn.php
[ info ] [ ROUTE ] array (
)
[ info ] [ HEADER ] array (
  'cookie' => 'PHPSESSID=b6jnp5tsra70r869o16gf5d1lf',
  'accept-language' => 'zh-CN,zh;q=0.9',
  'accept-encoding' => 'gzip, deflate',
  'referer' => 'http://pingshen.hbhb.vip/admin/index/index.html',
  'accept' => 'text/html,application/xhtml+xml,application/xml;q=0.9,image/webp,image/apng,*/*;q=0.8',
  'user-agent' => 'Mozilla/5.0 (Windows NT 10.0; Win64; x64) AppleWebKit/537.36 (KHTML, like Gecko) Chrome/72.0.3626.119 Safari/537.36',
  'upgrade-insecure-requests' => '1',
  'connection' => 'keep-alive',
  'host' => 'pingshen.hbhb.vip',
  'content-type' => '',
  'content-length' => '',
)
[ info ] [ PARAM ] array (
)
---------------------------------------------------------------
[2020-07-08T11:28:17+08:00] 122.234.238.0 GET pingshen.hbhb.vip/admin/auth/adminlist.html
[运行时间：0.035688s] [吞吐率：28.02req/s] [内存消耗：2,291.27kb] [文件加载：79]
[ info ] [ LANG ] /www/wwwroot/pingshen/thinkphp/lang/zh-cn.php
[ info ] [ LANG ] /www/wwwroot/pingshen/application/admin//lang/zh-cn.php
[ info ] [ ROUTE ] array (
)
[ info ] [ HEADER ] array (
  'cookie' => 'PHPSESSID=b6jnp5tsra70r869o16gf5d1lf',
  'accept-language' => 'zh-CN,zh;q=0.9',
  'accept-encoding' => 'gzip, deflate',
  'referer' => 'http://pingshen.hbhb.vip/admin/index/index.html',
  'accept' => 'text/html,application/xhtml+xml,application/xml;q=0.9,image/webp,image/apng,*/*;q=0.8',
  'user-agent' => 'Mozilla/5.0 (Windows NT 10.0; Win64; x64) AppleWebKit/537.36 (KHTML, like Gecko) Chrome/72.0.3626.119 Safari/537.36',
  'upgrade-insecure-requests' => '1',
  'connection' => 'keep-alive',
  'host' => 'pingshen.hbhb.vip',
  'content-type' => '',
  'content-length' => '',
)
[ info ] [ PARAM ] array (
)
[ info ] [ VIEW ] /www/wwwroot/pingshen/application/admin/view/auth/admin_list.html [ array (
) ]
---------------------------------------------------------------
[2020-07-08T11:28:17+08:00] 122.234.238.0 POST pingshen.hbhb.vip/admin/auth/adminlist.html
[运行时间：0.051996s] [吞吐率：19.23req/s] [内存消耗：3,119.49kb] [文件加载：80]
[ info ] [ LANG ] /www/wwwroot/pingshen/thinkphp/lang/zh-cn.php
[ info ] [ LANG ] /www/wwwroot/pingshen/application/admin//lang/zh-cn.php
[ info ] [ ROUTE ] array (
)
[ info ] [ HEADER ] array (
  'cookie' => 'skin=0; PHPSESSID=b6jnp5tsra70r869o16gf5d1lf',
  'accept-language' => 'zh-CN,zh;q=0.9',
  'accept-encoding' => 'gzip, deflate',
  'referer' => 'http://pingshen.hbhb.vip/admin/auth/adminlist.html',
  'content-type' => 'application/x-www-form-urlencoded; charset=UTF-8',
  'user-agent' => 'Mozilla/5.0 (Windows NT 10.0; Win64; x64) AppleWebKit/537.36 (KHTML, like Gecko) Chrome/72.0.3626.119 Safari/537.36',
  'x-requested-with' => 'XMLHttpRequest',
  'origin' => 'http://pingshen.hbhb.vip',
  'accept' => 'application/json, text/javascript, */*; q=0.01',
  'content-length' => '15',
  'connection' => 'keep-alive',
  'host' => 'pingshen.hbhb.vip',
)
[ info ] [ PARAM ] array (
  'page' => '1',
  'limit' => '10',
)
[ info ] [ DB ] INIT mysql
[ sql ] [ DB ] CONNECT:[ UseTime:0.008912s ] mysql:host=47.97.169.58;port=3306;dbname=pingshen;charset=utf8
[ sql ] [ SQL ] SHOW COLUMNS FROM `admin` [ RunTime:0.007924s ]
[ sql ] [ SQL ] SELECT `a`.*,`ag`.`title` FROM `admin` `a` LEFT JOIN `auth_group` `ag` ON `a`.`group_id`=`ag`.`group_id` [ RunTime:0.005999s ]
