---------------------------------------------------------------
[2019-12-12T11:28:41+08:00] 127.0.0.1 GET tp.zytest.com/
[运行时间：0.112588s] [吞吐率：8.88req/s] [内存消耗：1,784.55kb] [文件加载：72]
[ info ] [ LANG ] D:\wwwroot\tp_base\thinkphp\lang\zh-cn.php
[ info ] [ LANG ] D:\wwwroot\tp_base\application\admin\\lang\zh-cn.php
[ info ] [ ROUTE ] array (
)
[ info ] [ HEADER ] array (
  'accept-language' => 'zh-CN,zh;q=0.9,en;q=0.8',
  'accept-encoding' => 'gzip, deflate',
  'accept' => 'text/html,application/xhtml+xml,application/xml;q=0.9,image/webp,image/apng,*/*;q=0.8,application/signed-exchange;v=b3',
  'user-agent' => 'Mozilla/5.0 (Windows NT 10.0; Win64; x64) AppleWebKit/537.36 (KHTML, like Gecko) Chrome/77.0.3865.90 Safari/537.36',
  'upgrade-insecure-requests' => '1',
  'connection' => 'keep-alive',
  'host' => 'tp.zytest.com',
  'content-length' => '',
  'content-type' => '',
)
[ info ] [ PARAM ] array (
)
---------------------------------------------------------------
[2019-12-12T11:28:41+08:00] 127.0.0.1 GET tp.zytest.com/admin/login/index.html
[运行时间：0.116998s] [吞吐率：8.55req/s] [内存消耗：1,958.46kb] [文件加载：79]
[ info ] [ LANG ] D:\wwwroot\tp_base\thinkphp\lang\zh-cn.php
[ info ] [ LANG ] D:\wwwroot\tp_base\application\admin\\lang\zh-cn.php
[ info ] [ ROUTE ] array (
)
[ info ] [ HEADER ] array (
  'cookie' => 'PHPSESSID=1hq39n1ohnbiek3lrg6mfm2ig6',
  'accept-language' => 'zh-CN,zh;q=0.9,en;q=0.8',
  'accept-encoding' => 'gzip, deflate',
  'accept' => 'text/html,application/xhtml+xml,application/xml;q=0.9,image/webp,image/apng,*/*;q=0.8,application/signed-exchange;v=b3',
  'user-agent' => 'Mozilla/5.0 (Windows NT 10.0; Win64; x64) AppleWebKit/537.36 (KHTML, like Gecko) Chrome/77.0.3865.90 Safari/537.36',
  'upgrade-insecure-requests' => '1',
  'connection' => 'keep-alive',
  'host' => 'tp.zytest.com',
  'content-length' => '',
  'content-type' => '',
)
[ info ] [ PARAM ] array (
)
[ info ] [ VIEW ] D:\wwwroot\tp_base\application\admin\view\login\index.html [ array (
) ]
[ error ] [8]未定义变量: system[D:\wwwroot\tp_base\runtime\temp\4a90cb76ccb98640c395d460e471865b.php:37]
---------------------------------------------------------------
[2019-12-12T11:28:46+08:00] 127.0.0.1 POST tp.zytest.com/admin/login/index.html
[运行时间：2.928625s] [吞吐率：0.34req/s] [内存消耗：2,737.88kb] [文件加载：81]
[ info ] [ LANG ] D:\wwwroot\tp_base\thinkphp\lang\zh-cn.php
[ info ] [ LANG ] D:\wwwroot\tp_base\application\admin\\lang\zh-cn.php
[ info ] [ ROUTE ] array (
)
[ info ] [ HEADER ] array (
  'cookie' => 'thinkphp_show_page_trace=0|0; PHPSESSID=1hq39n1ohnbiek3lrg6mfm2ig6',
  'accept-language' => 'zh-CN,zh;q=0.9,en;q=0.8',
  'accept-encoding' => 'gzip, deflate',
  'referer' => 'http://tp.zytest.com/admin/login/index.html',
  'content-type' => 'application/x-www-form-urlencoded; charset=UTF-8',
  'user-agent' => 'Mozilla/5.0 (Windows NT 10.0; Win64; x64) AppleWebKit/537.36 (KHTML, like Gecko) Chrome/77.0.3865.90 Safari/537.36',
  'x-requested-with' => 'XMLHttpRequest',
  'origin' => 'http://tp.zytest.com',
  'accept' => '*/*',
  'content-length' => '32',
  'connection' => 'keep-alive',
  'host' => 'tp.zytest.com',
)
[ info ] [ PARAM ] array (
  'username' => 'admin',
  'password' => 'admin123',
)
[ info ] [ DB ] INIT mysql
[ sql ] [ DB ] CONNECT:[ UseTime:1.117872s ] mysql:host=3.115.122.30;port=3306;dbname=buguniao;charset=utf8
[ sql ] [ SQL ] SHOW COLUMNS FROM `admin` [ RunTime:1.175500s ]
[ sql ] [ SQL ] SELECT * FROM `admin` WHERE  `username` = 'admin' LIMIT 1 [ RunTime:0.428152s ]
---------------------------------------------------------------
[2019-12-12T11:31:03+08:00] 127.0.0.1 GET tp.zytest.com/admin/login/index.html
[运行时间：0.064780s] [吞吐率：15.44req/s] [内存消耗：1,766.12kb] [文件加载：71]
[ info ] [ LANG ] D:\wwwroot\tp_base\thinkphp\lang\zh-cn.php
[ info ] [ LANG ] D:\wwwroot\tp_base\application\admin\\lang\zh-cn.php
[ info ] [ ROUTE ] array (
)
[ info ] [ HEADER ] array (
  'cookie' => 'thinkphp_show_page_trace=0|0; PHPSESSID=1hq39n1ohnbiek3lrg6mfm2ig6',
  'accept-language' => 'zh-CN,zh;q=0.9,en;q=0.8',
  'accept-encoding' => 'gzip, deflate',
  'accept' => 'text/html,application/xhtml+xml,application/xml;q=0.9,image/webp,image/apng,*/*;q=0.8,application/signed-exchange;v=b3',
  'user-agent' => 'Mozilla/5.0 (Windows NT 10.0; Win64; x64) AppleWebKit/537.36 (KHTML, like Gecko) Chrome/77.0.3865.90 Safari/537.36',
  'upgrade-insecure-requests' => '1',
  'cache-control' => 'max-age=0',
  'connection' => 'keep-alive',
  'host' => 'tp.zytest.com',
  'content-length' => '',
  'content-type' => '',
)
[ info ] [ PARAM ] array (
)
---------------------------------------------------------------
[2019-12-12T11:31:03+08:00] 127.0.0.1 GET tp.zytest.com/
[运行时间：0.250025s] [吞吐率：4.00req/s] [内存消耗：2,763.85kb] [文件加载：85]
[ info ] [ LANG ] D:\wwwroot\tp_base\thinkphp\lang\zh-cn.php
[ info ] [ LANG ] D:\wwwroot\tp_base\application\admin\\lang\zh-cn.php
[ info ] [ ROUTE ] array (
)
[ info ] [ HEADER ] array (
  'cookie' => 'PHPSESSID=1hq39n1ohnbiek3lrg6mfm2ig6',
  'accept-language' => 'zh-CN,zh;q=0.9,en;q=0.8',
  'accept-encoding' => 'gzip, deflate',
  'accept' => 'text/html,application/xhtml+xml,application/xml;q=0.9,image/webp,image/apng,*/*;q=0.8,application/signed-exchange;v=b3',
  'user-agent' => 'Mozilla/5.0 (Windows NT 10.0; Win64; x64) AppleWebKit/537.36 (KHTML, like Gecko) Chrome/77.0.3865.90 Safari/537.36',
  'upgrade-insecure-requests' => '1',
  'connection' => 'keep-alive',
  'host' => 'tp.zytest.com',
  'content-length' => '',
  'content-type' => '',
)
[ info ] [ PARAM ] array (
)
[ info ] [ DB ] INIT mysql
[ info ] [ VIEW ] D:\wwwroot\tp_base\application\admin\view\index\index.html [ array (
  0 => 'menus',
) ]
[ sql ] [ DB ] CONNECT:[ UseTime:0.002629s ] mysql:host=127.0.0.1;port=3306;dbname=tp_base;charset=utf8
[ sql ] [ SQL ] SHOW COLUMNS FROM `auth_rule` [ RunTime:0.141875s ]
[ sql ] [ SQL ] SELECT * FROM `auth_rule` WHERE  ( menustatus=1 ) ORDER BY `sort` [ RunTime:0.000856s ]
---------------------------------------------------------------
[2019-12-12T11:31:03+08:00] 127.0.0.1 GET tp.zytest.com/uploads/20180625/f266169c2956429d9aaea6cf6f1e51cb.jpg
[运行时间：0.090986s] [吞吐率：10.99req/s] [内存消耗：1,447.37kb] [文件加载：60]
[ info ] [ LANG ] D:\wwwroot\tp_base\thinkphp\lang\zh-cn.php
---------------------------------------------------------------
[2019-12-12T11:31:04+08:00] 127.0.0.1 GET tp.zytest.com/admin/index/main.html
[运行时间：0.250536s] [吞吐率：3.99req/s] [内存消耗：2,681.56kb] [文件加载：82]
[ info ] [ LANG ] D:\wwwroot\tp_base\thinkphp\lang\zh-cn.php
[ info ] [ LANG ] D:\wwwroot\tp_base\application\admin\\lang\zh-cn.php
[ info ] [ ROUTE ] array (
)
[ info ] [ HEADER ] array (
  'cookie' => 'PHPSESSID=1hq39n1ohnbiek3lrg6mfm2ig6; skin=0',
  'accept-language' => 'zh-CN,zh;q=0.9,en;q=0.8',
  'accept-encoding' => 'gzip, deflate',
  'referer' => 'http://tp.zytest.com/',
  'accept' => 'text/html,application/xhtml+xml,application/xml;q=0.9,image/webp,image/apng,*/*;q=0.8,application/signed-exchange;v=b3',
  'user-agent' => 'Mozilla/5.0 (Windows NT 10.0; Win64; x64) AppleWebKit/537.36 (KHTML, like Gecko) Chrome/77.0.3865.90 Safari/537.36',
  'upgrade-insecure-requests' => '1',
  'connection' => 'keep-alive',
  'host' => 'tp.zytest.com',
  'content-length' => '',
  'content-type' => '',
)
[ info ] [ PARAM ] array (
)
[ info ] [ DB ] INIT mysql
[ info ] [ VIEW ] D:\wwwroot\tp_base\application\admin\view\index\main.html [ array (
  0 => 'config',
) ]
[ sql ] [ DB ] CONNECT:[ UseTime:0.001926s ] mysql:host=127.0.0.1;port=3306;dbname=tp_base;charset=utf8
[ sql ] [ SQL ] SELECT VERSION() AS ver [ RunTime:0.033336s ]
