---------------------------------------------------------------
[2020-04-06T10:34:27+08:00] 47.101.198.24 GET pingshen.hbhb.vip/
[运行时间：0.020969s] [吞吐率：47.69req/s] [内存消耗：2,225.12kb] [文件加载：75]
[ info ] [ LANG ] /www/wwwroot/pingshen/thinkphp/lang/zh-cn.php
[ info ] [ LANG ] /www/wwwroot/pingshen/application/admin//lang/zh-cn.php
[ info ] [ ROUTE ] array (
)
[ info ] [ HEADER ] array (
  'accept-encoding' => 'gzip',
  'connection' => 'Keep-Alive',
  'host' => 'pingshen.hbhb.vip',
  'user-agent' => 'Mozilla/5.0 (X11; Ubuntu; Linux x86_64; rv:36.0) Gecko/20100101 Firefox/36.0',
  'content-type' => '',
  'content-length' => '',
)
[ info ] [ PARAM ] array (
)
---------------------------------------------------------------
[2020-04-06T10:34:27+08:00] 47.101.198.24 GET pingshen.hbhb.vip/admin/login/index.html
[运行时间：0.020880s] [吞吐率：47.89req/s] [内存消耗：2,210.23kb] [文件加载：77]
[ info ] [ LANG ] /www/wwwroot/pingshen/thinkphp/lang/zh-cn.php
[ info ] [ LANG ] /www/wwwroot/pingshen/application/admin//lang/zh-cn.php
[ info ] [ ROUTE ] array (
)
[ info ] [ HEADER ] array (
  'accept-encoding' => 'gzip',
  'connection' => 'Keep-Alive',
  'host' => 'pingshen.hbhb.vip',
  'user-agent' => 'Mozilla/5.0 (X11; Ubuntu; Linux x86_64; rv:36.0) Gecko/20100101 Firefox/36.0',
  'content-type' => '',
  'content-length' => '',
)
[ info ] [ PARAM ] array (
)
[ info ] [ VIEW ] /www/wwwroot/pingshen/application/admin/view/login/index.html [ array (
) ]
[ error ] [8]未定义变量: system[/www/wwwroot/pingshen/runtime/temp/b8b184884121afc82a66e9b20efb8822.php:37]
---------------------------------------------------------------
[2020-04-06T10:34:28+08:00] 47.101.198.24 GET pingshen.hbhb.vip/admin/index/index.html
[运行时间：0.021234s] [吞吐率：47.09req/s] [内存消耗：2,225.32kb] [文件加载：75]
[ info ] [ LANG ] /www/wwwroot/pingshen/thinkphp/lang/zh-cn.php
[ info ] [ LANG ] /www/wwwroot/pingshen/application/admin//lang/zh-cn.php
[ info ] [ ROUTE ] array (
)
[ info ] [ HEADER ] array (
  'accept-encoding' => 'gzip',
  'connection' => 'Keep-Alive',
  'host' => 'pingshen.hbhb.vip',
  'user-agent' => 'Mozilla/5.0 (X11; Ubuntu; Linux x86_64; rv:36.0) Gecko/20100101 Firefox/36.0',
  'content-type' => '',
  'content-length' => '',
)
[ info ] [ PARAM ] array (
)
---------------------------------------------------------------
[2020-04-06T10:34:28+08:00] 47.101.198.24 GET pingshen.hbhb.vip/admin/login/index.html
[运行时间：0.020903s] [吞吐率：47.84req/s] [内存消耗：2,210.23kb] [文件加载：77]
[ info ] [ LANG ] /www/wwwroot/pingshen/thinkphp/lang/zh-cn.php
[ info ] [ LANG ] /www/wwwroot/pingshen/application/admin//lang/zh-cn.php
[ info ] [ ROUTE ] array (
)
[ info ] [ HEADER ] array (
  'accept-encoding' => 'gzip',
  'connection' => 'Keep-Alive',
  'host' => 'pingshen.hbhb.vip',
  'user-agent' => 'Mozilla/5.0 (X11; Ubuntu; Linux x86_64; rv:36.0) Gecko/20100101 Firefox/36.0',
  'content-type' => '',
  'content-length' => '',
)
[ info ] [ PARAM ] array (
)
[ info ] [ VIEW ] /www/wwwroot/pingshen/application/admin/view/login/index.html [ array (
) ]
[ error ] [8]未定义变量: system[/www/wwwroot/pingshen/runtime/temp/b8b184884121afc82a66e9b20efb8822.php:37]
---------------------------------------------------------------
[2020-04-06T22:18:46+08:00] 175.24.110.151 POST pingshen.hbhb.vip/api/users/wxlogin
[运行时间：0.310017s] [吞吐率：3.23req/s] [内存消耗：3,775.59kb] [文件加载：90]
[ info ] [ LANG ] /www/wwwroot/pingshen/thinkphp/lang/zh-cn.php
[ info ] [ ROUTE ] array (
)
[ info ] [ HEADER ] array (
  'x-wx-cascade-timeout' => '10000',
  'content-type' => 'application/json',
  'user-agent' => 'Mozilla/5.0 (iPhone; CPU iPhone OS 11_0 like Mac OS X) AppleWebKit/604.1.38 (KHTML, like Gecko) Version/11.0 Mobile/15A372 Safari/604.1 MicroMessenger/6.5 mpcrawler',
  'referer' => 'https://servicewechat.com/wx700e406bf204d191/1/page-frame.html',
  'host' => 'pingshen.hbhb.vip',
  'content-length' => '43',
  'connection' => 'keep-alive',
  'accept-encoding' => 'gzip, deflate',
  'accept' => '*/*',
)
[ info ] [ PARAM ] array (
  'code' => '061HmDle2Yr4EI0MV9je27Cmle2HmDlB',
)
[ info ] [ DB ] INIT mysql
[ error ] [8]未定义数组索引: openid[/www/wwwroot/pingshen/application/api/controller/Base.php:33]
[ error ] [8]未定义数组索引: errcode[/www/wwwroot/pingshen/application/api/controller/Users.php:28]
[ error ] [8]未定义数组索引: errcode[/www/wwwroot/pingshen/application/api/controller/Users.php:28]
[ sql ] [ DB ] CONNECT:[ UseTime:0.009333s ] mysql:host=47.97.169.58;port=3306;dbname=pingshen;charset=utf8
[ sql ] [ SQL ] SHOW COLUMNS FROM `weixin_user` [ RunTime:0.007866s ]
[ sql ] [ SQL ] SELECT * FROM `weixin_user` WHERE  `openid` = 'oqBTY5ToZ3uCZ2vWX8Xgr9i6Yk4I' LIMIT 1 [ RunTime:0.006320s ]
---------------------------------------------------------------
[2020-04-06T22:18:46+08:00] 175.24.85.137 POST pingshen.hbhb.vip/api/users/reg
[运行时间：0.141221s] [吞吐率：7.08req/s] [内存消耗：3,555.35kb] [文件加载：94]
[ info ] [ LANG ] /www/wwwroot/pingshen/thinkphp/lang/zh-cn.php
[ info ] [ ROUTE ] array (
)
[ info ] [ HEADER ] array (
  'x-wx-cascade-timeout' => '10000',
  'content-type' => 'application/json',
  'user-agent' => 'Mozilla/5.0 (iPhone; CPU iPhone OS 11_0 like Mac OS X) AppleWebKit/604.1.38 (KHTML, like Gecko) Version/11.0 Mobile/15A372 Safari/604.1 MicroMessenger/6.5 mpcrawler',
  'referer' => 'https://servicewechat.com/wx700e406bf204d191/1/page-frame.html',
  'host' => 'pingshen.hbhb.vip',
  'content-length' => '224',
  'connection' => 'keep-alive',
  'accept-encoding' => 'gzip, deflate',
  'accept' => '*/*',
)
[ info ] [ PARAM ] array (
  'nickName' => '李莹茜',
  'gender' => '0',
  'language' => 'zh_CN',
  'city' => '',
  'province' => '',
  'country' => '',
  'avatarUrl' => 'https://wx.qlogo.cn/mmhead/0aicg3c4PLTAZCicoIibUvs4VgFJ8qIyV6iaFeOIuKFMWwQ/132',
  'openid' => 'oqBTY5ToZ3uCZ2vWX8Xgr9i6Yk4I',
)
[ info ] [ DB ] INIT mysql
[ error ] [8]未定义数组索引: nickname[/www/wwwroot/pingshen/application/api/controller/Users.php:49]
[ error ] [8]未定义数组索引: avatarurl[/www/wwwroot/pingshen/application/api/controller/Users.php:50]
[ error ] [8]未定义数组索引: u[/www/wwwroot/pingshen/application/api/controller/Users.php:72]
[ error ] [8192]Non-static method app\api\model\Token::create_unique() should not be called statically[/www/wwwroot/pingshen/application/api/model/Token.php:37]
[ sql ] [ DB ] CONNECT:[ UseTime:0.009015s ] mysql:host=47.97.169.58;port=3306;dbname=pingshen;charset=utf8
[ sql ] [ SQL ] SHOW COLUMNS FROM `weixin_user` [ RunTime:0.007579s ]
[ sql ] [ SQL ] SELECT * FROM `weixin_user` WHERE  `openid` = 'oqBTY5ToZ3uCZ2vWX8Xgr9i6Yk4I' LIMIT 1 [ RunTime:0.006102s ]
[ sql ] [ SQL ] INSERT INTO `weixin_user` (`gender` , `language` , `city` , `province` , `country` , `openid` , `nickname` , `avatarurl`) VALUES ('0' , 'zh_CN' , '' , '' , '' , 'oqBTY5ToZ3uCZ2vWX8Xgr9i6Yk4I' , '李莹茜' , 'https://wx.qlogo.cn/mmhead/0aicg3c4PLTAZCicoIibUvs4VgFJ8qIyV6iaFeOIuKFMWwQ/132') [ RunTime:0.006063s ]
[ sql ] [ SQL ] SELECT * FROM `weixin_user` WHERE  `openid` = 'oqBTY5ToZ3uCZ2vWX8Xgr9i6Yk4I' LIMIT 1 [ RunTime:0.006128s ]
[ sql ] [ SQL ] SHOW COLUMNS FROM `users` [ RunTime:0.007591s ]
[ sql ] [ SQL ] SELECT * FROM `users` WHERE  `openid` = 'oqBTY5ToZ3uCZ2vWX8Xgr9i6Yk4I' ORDER BY `id` DESC LIMIT 1 [ RunTime:0.006300s ]
[ sql ] [ SQL ] INSERT INTO `users` (`city` , `province` , `country` , `openid` , `nickname` , `headimg` , `sex` , `parent_id`) VALUES ('' , '' , '' , 'oqBTY5ToZ3uCZ2vWX8Xgr9i6Yk4I' , '李莹茜' , 'https://wx.qlogo.cn/mmhead/0aicg3c4PLTAZCicoIibUvs4VgFJ8qIyV6iaFeOIuKFMWwQ/132' , 0 , 0) [ RunTime:0.006035s ]
[ sql ] [ SQL ] UPDATE `weixin_user`  SET `userid` = 56  WHERE  `openid` = 'oqBTY5ToZ3uCZ2vWX8Xgr9i6Yk4I' [ RunTime:0.006211s ]
[ sql ] [ SQL ] UPDATE `users`  SET `sex` = 0 , `country` = '' , `province` = '' , `city` = ''  WHERE  `id` = 56 [ RunTime:0.006037s ]
[ sql ] [ SQL ] SELECT * FROM `users` WHERE  `id` = 56 LIMIT 1 [ RunTime:0.006159s ]
