---------------------------------------------------------------
[2020-04-27T17:06:20+08:00] 122.233.104.6 GET pingshen.hbhb.vip/admin/index/index.html
[运行时间：0.021592s] [吞吐率：46.31req/s] [内存消耗：2,227.12kb] [文件加载：75]
[ info ] [ LANG ] /www/wwwroot/pingshen/thinkphp/lang/zh-cn.php
[ info ] [ LANG ] /www/wwwroot/pingshen/application/admin//lang/zh-cn.php
[ info ] [ ROUTE ] array (
)
[ info ] [ HEADER ] array (
  'cookie' => '__guid=45053733.3000308160523766000.1581945795151.1138',
  'accept-language' => 'zh-CN,zh;q=0.9',
  'accept-encoding' => 'gzip, deflate, br',
  'sec-fetch-mode' => 'navigate',
  'sec-fetch-site' => 'none',
  'accept' => 'text/html,application/xhtml+xml,application/xml;q=0.9,image/webp,image/apng,*/*;q=0.8,application/signed-exchange;v=b3',
  'sec-fetch-user' => '?1',
  'user-agent' => 'Mozilla/5.0 (Windows NT 6.1; WOW64) AppleWebKit/537.36 (KHTML, like Gecko) Chrome/78.0.3904.108 Safari/537.36',
  'upgrade-insecure-requests' => '1',
  'host' => 'pingshen.hbhb.vip',
  'content-type' => '',
  'content-length' => '',
)
[ info ] [ PARAM ] array (
)
---------------------------------------------------------------
[2020-04-27T17:06:20+08:00] 122.233.104.6 GET pingshen.hbhb.vip/admin/login/index.html
[运行时间：0.021917s] [吞吐率：45.63req/s] [内存消耗：2,212.16kb] [文件加载：77]
[ info ] [ LANG ] /www/wwwroot/pingshen/thinkphp/lang/zh-cn.php
[ info ] [ LANG ] /www/wwwroot/pingshen/application/admin//lang/zh-cn.php
[ info ] [ ROUTE ] array (
)
[ info ] [ HEADER ] array (
  'cookie' => '__guid=45053733.3000308160523766000.1581945795151.1138; PHPSESSID=5fojn88lp91ofh2g1v3ovh2ft4',
  'accept-language' => 'zh-CN,zh;q=0.9',
  'accept-encoding' => 'gzip, deflate, br',
  'sec-fetch-mode' => 'navigate',
  'sec-fetch-site' => 'none',
  'accept' => 'text/html,application/xhtml+xml,application/xml;q=0.9,image/webp,image/apng,*/*;q=0.8,application/signed-exchange;v=b3',
  'sec-fetch-user' => '?1',
  'user-agent' => 'Mozilla/5.0 (Windows NT 6.1; WOW64) AppleWebKit/537.36 (KHTML, like Gecko) Chrome/78.0.3904.108 Safari/537.36',
  'upgrade-insecure-requests' => '1',
  'host' => 'pingshen.hbhb.vip',
  'content-type' => '',
  'content-length' => '',
)
[ info ] [ PARAM ] array (
)
[ info ] [ VIEW ] /www/wwwroot/pingshen/application/admin/view/login/index.html [ array (
) ]
[ error ] [8]未定义变量: system[/www/wwwroot/pingshen/runtime/temp/b8b184884121afc82a66e9b20efb8822.php:37]
---------------------------------------------------------------
[2020-04-27T17:06:22+08:00] 122.233.104.6 POST pingshen.hbhb.vip/admin/login/index.html
[运行时间：0.062806s] [吞吐率：15.92req/s] [内存消耗：3,350.57kb] [文件加载：83]
[ info ] [ LANG ] /www/wwwroot/pingshen/thinkphp/lang/zh-cn.php
[ info ] [ LANG ] /www/wwwroot/pingshen/application/admin//lang/zh-cn.php
[ info ] [ ROUTE ] array (
)
[ info ] [ HEADER ] array (
  'cookie' => '__guid=45053733.3000308160523766000.1581945795151.1138; PHPSESSID=5fojn88lp91ofh2g1v3ovh2ft4; monitor_count=1',
  'accept-language' => 'zh-CN,zh;q=0.9',
  'accept-encoding' => 'gzip, deflate, br',
  'referer' => 'https://pingshen.hbhb.vip/admin/login/index.html',
  'sec-fetch-mode' => 'cors',
  'sec-fetch-site' => 'same-origin',
  'content-type' => 'application/x-www-form-urlencoded; charset=UTF-8',
  'user-agent' => 'Mozilla/5.0 (Windows NT 6.1; WOW64) AppleWebKit/537.36 (KHTML, like Gecko) Chrome/78.0.3904.108 Safari/537.36',
  'x-requested-with' => 'XMLHttpRequest',
  'origin' => 'https://pingshen.hbhb.vip',
  'accept' => '*/*',
  'content-length' => '32',
  'host' => 'pingshen.hbhb.vip',
)
[ info ] [ PARAM ] array (
  'username' => 'admin',
  'password' => 'admin123',
)
[ info ] [ DB ] INIT mysql
[ sql ] [ DB ] CONNECT:[ UseTime:0.009041s ] mysql:host=47.97.169.58;port=3306;dbname=pingshen;charset=utf8
[ sql ] [ SQL ] SHOW COLUMNS FROM `admin` [ RunTime:0.007605s ]
[ sql ] [ SQL ] SELECT * FROM `admin` WHERE  `username` = 'admin' LIMIT 1 [ RunTime:0.016872s ]
---------------------------------------------------------------
[2020-04-27T17:06:24+08:00] 122.233.104.6 GET pingshen.hbhb.vip/admin/index/index.html
[运行时间：0.074963s] [吞吐率：13.34req/s] [内存消耗：3,143.04kb] [文件加载：84]
[ info ] [ LANG ] /www/wwwroot/pingshen/thinkphp/lang/zh-cn.php
[ info ] [ LANG ] /www/wwwroot/pingshen/application/admin//lang/zh-cn.php
[ info ] [ ROUTE ] array (
)
[ info ] [ HEADER ] array (
  'cookie' => '__guid=45053733.3000308160523766000.1581945795151.1138; PHPSESSID=5fojn88lp91ofh2g1v3ovh2ft4; monitor_count=1',
  'accept-language' => 'zh-CN,zh;q=0.9',
  'accept-encoding' => 'gzip, deflate, br',
  'referer' => 'https://pingshen.hbhb.vip/admin/login/index.html',
  'sec-fetch-mode' => 'navigate',
  'sec-fetch-site' => 'same-origin',
  'accept' => 'text/html,application/xhtml+xml,application/xml;q=0.9,image/webp,image/apng,*/*;q=0.8,application/signed-exchange;v=b3',
  'sec-fetch-user' => '?1',
  'user-agent' => 'Mozilla/5.0 (Windows NT 6.1; WOW64) AppleWebKit/537.36 (KHTML, like Gecko) Chrome/78.0.3904.108 Safari/537.36',
  'upgrade-insecure-requests' => '1',
  'host' => 'pingshen.hbhb.vip',
  'content-type' => '',
  'content-length' => '',
)
[ info ] [ PARAM ] array (
)
[ info ] [ DB ] INIT mysql
[ info ] [ VIEW ] /www/wwwroot/pingshen/application/admin/view/index/index.html [ array (
  0 => 'menus',
) ]
[ sql ] [ DB ] CONNECT:[ UseTime:0.008669s ] mysql:host=47.97.169.58;port=3306;dbname=pingshen;charset=utf8
[ sql ] [ SQL ] SHOW COLUMNS FROM `auth_rule` [ RunTime:0.007560s ]
[ sql ] [ SQL ] SELECT * FROM `auth_rule` WHERE  ( menustatus=1 ) ORDER BY `sort` [ RunTime:0.007370s ]
---------------------------------------------------------------
[2020-04-27T17:06:24+08:00] 122.233.104.6 GET pingshen.hbhb.vip/uploads/20180625/f266169c2956429d9aaea6cf6f1e51cb.jpg
[运行时间：0.016405s] [吞吐率：60.96req/s] [内存消耗：1,661.92kb] [文件加载：57]
[ info ] [ LANG ] /www/wwwroot/pingshen/thinkphp/lang/zh-cn.php
---------------------------------------------------------------
[2020-04-27T17:06:24+08:00] 122.233.104.6 GET pingshen.hbhb.vip/admin/index/main.html
[运行时间：0.055270s] [吞吐率：18.09req/s] [内存消耗：3,098.68kb] [文件加载：84]
[ info ] [ LANG ] /www/wwwroot/pingshen/thinkphp/lang/zh-cn.php
[ info ] [ LANG ] /www/wwwroot/pingshen/application/admin//lang/zh-cn.php
[ info ] [ ROUTE ] array (
)
[ info ] [ HEADER ] array (
  'cookie' => 'skin=0; __guid=45053733.3000308160523766000.1581945795151.1138; PHPSESSID=5fojn88lp91ofh2g1v3ovh2ft4; monitor_count=2',
  'accept-language' => 'zh-CN,zh;q=0.9',
  'accept-encoding' => 'gzip, deflate, br',
  'referer' => 'https://pingshen.hbhb.vip/admin/index/index.html',
  'sec-fetch-mode' => 'nested-navigate',
  'sec-fetch-site' => 'same-origin',
  'accept' => 'text/html,application/xhtml+xml,application/xml;q=0.9,image/webp,image/apng,*/*;q=0.8,application/signed-exchange;v=b3',
  'user-agent' => 'Mozilla/5.0 (Windows NT 6.1; WOW64) AppleWebKit/537.36 (KHTML, like Gecko) Chrome/78.0.3904.108 Safari/537.36',
  'upgrade-insecure-requests' => '1',
  'host' => 'pingshen.hbhb.vip',
  'content-type' => '',
  'content-length' => '',
)
[ info ] [ PARAM ] array (
)
[ info ] [ DB ] INIT mysql
[ info ] [ VIEW ] /www/wwwroot/pingshen/application/admin/view/index/main.html [ array (
  0 => 'config',
) ]
[ sql ] [ DB ] CONNECT:[ UseTime:0.009064s ] mysql:host=47.97.169.58;port=3306;dbname=pingshen;charset=utf8
[ sql ] [ SQL ] SELECT VERSION() AS ver [ RunTime:0.005911s ]
[ error ] [8]未定义数组索引: HTTP_CLIENT_IP[/www/wwwroot/pingshen/application/common.php:227]
[ error ] [8]未定义数组索引: HTTP_X_FORWARDED_FOR[/www/wwwroot/pingshen/application/common.php:229]
---------------------------------------------------------------
[2020-04-27T17:06:28+08:00] 122.233.104.6 GET pingshen.hbhb.vip/admin/users/userlist.html
[运行时间：0.033484s] [吞吐率：29.87req/s] [内存消耗：2,224.48kb] [文件加载：76]
[ info ] [ LANG ] /www/wwwroot/pingshen/thinkphp/lang/zh-cn.php
[ info ] [ LANG ] /www/wwwroot/pingshen/application/admin//lang/zh-cn.php
[ info ] [ ROUTE ] array (
)
[ info ] [ HEADER ] array (
  'cookie' => '__guid=45053733.3000308160523766000.1581945795151.1138; PHPSESSID=5fojn88lp91ofh2g1v3ovh2ft4; monitor_count=2',
  'accept-language' => 'zh-CN,zh;q=0.9',
  'accept-encoding' => 'gzip, deflate, br',
  'referer' => 'https://pingshen.hbhb.vip/admin/index/index.html',
  'sec-fetch-mode' => 'nested-navigate',
  'sec-fetch-site' => 'same-origin',
  'accept' => 'text/html,application/xhtml+xml,application/xml;q=0.9,image/webp,image/apng,*/*;q=0.8,application/signed-exchange;v=b3',
  'user-agent' => 'Mozilla/5.0 (Windows NT 6.1; WOW64) AppleWebKit/537.36 (KHTML, like Gecko) Chrome/78.0.3904.108 Safari/537.36',
  'upgrade-insecure-requests' => '1',
  'host' => 'pingshen.hbhb.vip',
  'content-type' => '',
  'content-length' => '',
)
[ info ] [ PARAM ] array (
)
[ info ] [ VIEW ] /www/wwwroot/pingshen/application/admin/view/users/user_list.html [ array (
) ]
---------------------------------------------------------------
[2020-04-27T17:06:28+08:00] 122.233.104.6 POST pingshen.hbhb.vip/admin/users/userlist.html
[运行时间：0.047967s] [吞吐率：20.85req/s] [内存消耗：3,142.38kb] [文件加载：77]
[ info ] [ LANG ] /www/wwwroot/pingshen/thinkphp/lang/zh-cn.php
[ info ] [ LANG ] /www/wwwroot/pingshen/application/admin//lang/zh-cn.php
[ info ] [ ROUTE ] array (
)
[ info ] [ HEADER ] array (
  'cookie' => 'skin=0; __guid=45053733.3000308160523766000.1581945795151.1138; PHPSESSID=5fojn88lp91ofh2g1v3ovh2ft4; monitor_count=2',
  'accept-language' => 'zh-CN,zh;q=0.9',
  'accept-encoding' => 'gzip, deflate, br',
  'referer' => 'https://pingshen.hbhb.vip/admin/users/userlist.html',
  'sec-fetch-mode' => 'cors',
  'sec-fetch-site' => 'same-origin',
  'content-type' => 'application/x-www-form-urlencoded; charset=UTF-8',
  'user-agent' => 'Mozilla/5.0 (Windows NT 6.1; WOW64) AppleWebKit/537.36 (KHTML, like Gecko) Chrome/78.0.3904.108 Safari/537.36',
  'x-requested-with' => 'XMLHttpRequest',
  'origin' => 'https://pingshen.hbhb.vip',
  'accept' => 'application/json, text/javascript, */*; q=0.01',
  'content-length' => '15',
  'host' => 'pingshen.hbhb.vip',
)
[ info ] [ PARAM ] array (
  'page' => '1',
  'limit' => '10',
)
[ info ] [ DB ] INIT mysql
[ sql ] [ DB ] CONNECT:[ UseTime:0.008001s ] mysql:host=47.97.169.58;port=3306;dbname=pingshen;charset=utf8
[ sql ] [ SQL ] SHOW COLUMNS FROM `users` [ RunTime:0.007198s ]
[ sql ] [ SQL ] SELECT * FROM `users` WHERE  ( `nickname` LIKE '%%' OR `email` LIKE '%%' OR `mobile` LIKE '%%' ) [ RunTime:0.005590s ]
---------------------------------------------------------------
[2020-04-27T17:06:32+08:00] 122.233.104.6 POST pingshen.hbhb.vip/admin/users/userstate.html
[运行时间：0.058370s] [吞吐率：17.13req/s] [内存消耗：3,075.57kb] [文件加载：79]
[ info ] [ LANG ] /www/wwwroot/pingshen/thinkphp/lang/zh-cn.php
[ info ] [ LANG ] /www/wwwroot/pingshen/application/admin//lang/zh-cn.php
[ info ] [ ROUTE ] array (
)
[ info ] [ HEADER ] array (
  'cookie' => 'skin=0; __guid=45053733.3000308160523766000.1581945795151.1138; PHPSESSID=5fojn88lp91ofh2g1v3ovh2ft4; monitor_count=2',
  'accept-language' => 'zh-CN,zh;q=0.9',
  'accept-encoding' => 'gzip, deflate, br',
  'referer' => 'https://pingshen.hbhb.vip/admin/users/userlist.html',
  'sec-fetch-mode' => 'cors',
  'sec-fetch-site' => 'same-origin',
  'content-type' => 'application/x-www-form-urlencoded; charset=UTF-8',
  'user-agent' => 'Mozilla/5.0 (Windows NT 6.1; WOW64) AppleWebKit/537.36 (KHTML, like Gecko) Chrome/78.0.3904.108 Safari/537.36',
  'x-requested-with' => 'XMLHttpRequest',
  'origin' => 'https://pingshen.hbhb.vip',
  'accept' => '*/*',
  'content-length' => '14',
  'host' => 'pingshen.hbhb.vip',
)
[ info ] [ PARAM ] array (
  'id' => '55',
  'status' => '1',
)
[ info ] [ DB ] INIT mysql
[ sql ] [ DB ] CONNECT:[ UseTime:0.008421s ] mysql:host=47.97.169.58;port=3306;dbname=pingshen;charset=utf8
[ sql ] [ SQL ] SHOW COLUMNS FROM `users` [ RunTime:0.007429s ]
[ sql ] [ SQL ] UPDATE `users`  SET `status` = 1  WHERE  ( id=55 ) [ RunTime:0.015622s ]
---------------------------------------------------------------
[2020-04-27T17:06:32+08:00] 122.233.104.6 POST pingshen.hbhb.vip/admin/users/userlist.html
[运行时间：0.049719s] [吞吐率：20.11req/s] [内存消耗：3,142.38kb] [文件加载：77]
[ info ] [ LANG ] /www/wwwroot/pingshen/thinkphp/lang/zh-cn.php
[ info ] [ LANG ] /www/wwwroot/pingshen/application/admin//lang/zh-cn.php
[ info ] [ ROUTE ] array (
)
[ info ] [ HEADER ] array (
  'cookie' => 'skin=0; __guid=45053733.3000308160523766000.1581945795151.1138; PHPSESSID=5fojn88lp91ofh2g1v3ovh2ft4; monitor_count=2',
  'accept-language' => 'zh-CN,zh;q=0.9',
  'accept-encoding' => 'gzip, deflate, br',
  'referer' => 'https://pingshen.hbhb.vip/admin/users/userlist.html',
  'sec-fetch-mode' => 'cors',
  'sec-fetch-site' => 'same-origin',
  'content-type' => 'application/x-www-form-urlencoded; charset=UTF-8',
  'user-agent' => 'Mozilla/5.0 (Windows NT 6.1; WOW64) AppleWebKit/537.36 (KHTML, like Gecko) Chrome/78.0.3904.108 Safari/537.36',
  'x-requested-with' => 'XMLHttpRequest',
  'origin' => 'https://pingshen.hbhb.vip',
  'accept' => 'application/json, text/javascript, */*; q=0.01',
  'content-length' => '15',
  'host' => 'pingshen.hbhb.vip',
)
[ info ] [ PARAM ] array (
  'page' => '1',
  'limit' => '10',
)
[ info ] [ DB ] INIT mysql
[ sql ] [ DB ] CONNECT:[ UseTime:0.009301s ] mysql:host=47.97.169.58;port=3306;dbname=pingshen;charset=utf8
[ sql ] [ SQL ] SHOW COLUMNS FROM `users` [ RunTime:0.007914s ]
[ sql ] [ SQL ] SELECT * FROM `users` WHERE  ( `nickname` LIKE '%%' OR `email` LIKE '%%' OR `mobile` LIKE '%%' ) [ RunTime:0.006464s ]
---------------------------------------------------------------
[2020-04-27T17:06:36+08:00] 122.233.104.6 POST pingshen.hbhb.vip/admin/users/userstate.html
[运行时间：0.055469s] [吞吐率：18.03req/s] [内存消耗：3,075.57kb] [文件加载：79]
[ info ] [ LANG ] /www/wwwroot/pingshen/thinkphp/lang/zh-cn.php
[ info ] [ LANG ] /www/wwwroot/pingshen/application/admin//lang/zh-cn.php
[ info ] [ ROUTE ] array (
)
[ info ] [ HEADER ] array (
  'cookie' => 'skin=0; __guid=45053733.3000308160523766000.1581945795151.1138; PHPSESSID=5fojn88lp91ofh2g1v3ovh2ft4; monitor_count=2',
  'accept-language' => 'zh-CN,zh;q=0.9',
  'accept-encoding' => 'gzip, deflate, br',
  'referer' => 'https://pingshen.hbhb.vip/admin/users/userlist.html',
  'sec-fetch-mode' => 'cors',
  'sec-fetch-site' => 'same-origin',
  'content-type' => 'application/x-www-form-urlencoded; charset=UTF-8',
  'user-agent' => 'Mozilla/5.0 (Windows NT 6.1; WOW64) AppleWebKit/537.36 (KHTML, like Gecko) Chrome/78.0.3904.108 Safari/537.36',
  'x-requested-with' => 'XMLHttpRequest',
  'origin' => 'https://pingshen.hbhb.vip',
  'accept' => '*/*',
  'content-length' => '14',
  'host' => 'pingshen.hbhb.vip',
)
[ info ] [ PARAM ] array (
  'id' => '59',
  'status' => '1',
)
[ info ] [ DB ] INIT mysql
[ sql ] [ DB ] CONNECT:[ UseTime:0.009172s ] mysql:host=47.97.169.58;port=3306;dbname=pingshen;charset=utf8
[ sql ] [ SQL ] SHOW COLUMNS FROM `users` [ RunTime:0.007928s ]
[ sql ] [ SQL ] UPDATE `users`  SET `status` = 1  WHERE  ( id=59 ) [ RunTime:0.010919s ]
---------------------------------------------------------------
[2020-04-27T17:06:36+08:00] 122.233.104.6 POST pingshen.hbhb.vip/admin/users/userlist.html
[运行时间：0.049991s] [吞吐率：20.00req/s] [内存消耗：3,142.38kb] [文件加载：77]
[ info ] [ LANG ] /www/wwwroot/pingshen/thinkphp/lang/zh-cn.php
[ info ] [ LANG ] /www/wwwroot/pingshen/application/admin//lang/zh-cn.php
[ info ] [ ROUTE ] array (
)
[ info ] [ HEADER ] array (
  'cookie' => 'skin=0; __guid=45053733.3000308160523766000.1581945795151.1138; PHPSESSID=5fojn88lp91ofh2g1v3ovh2ft4; monitor_count=2',
  'accept-language' => 'zh-CN,zh;q=0.9',
  'accept-encoding' => 'gzip, deflate, br',
  'referer' => 'https://pingshen.hbhb.vip/admin/users/userlist.html',
  'sec-fetch-mode' => 'cors',
  'sec-fetch-site' => 'same-origin',
  'content-type' => 'application/x-www-form-urlencoded; charset=UTF-8',
  'user-agent' => 'Mozilla/5.0 (Windows NT 6.1; WOW64) AppleWebKit/537.36 (KHTML, like Gecko) Chrome/78.0.3904.108 Safari/537.36',
  'x-requested-with' => 'XMLHttpRequest',
  'origin' => 'https://pingshen.hbhb.vip',
  'accept' => 'application/json, text/javascript, */*; q=0.01',
  'content-length' => '15',
  'host' => 'pingshen.hbhb.vip',
)
[ info ] [ PARAM ] array (
  'page' => '1',
  'limit' => '10',
)
[ info ] [ DB ] INIT mysql
[ sql ] [ DB ] CONNECT:[ UseTime:0.009286s ] mysql:host=47.97.169.58;port=3306;dbname=pingshen;charset=utf8
[ sql ] [ SQL ] SHOW COLUMNS FROM `users` [ RunTime:0.007900s ]
[ sql ] [ SQL ] SELECT * FROM `users` WHERE  ( `nickname` LIKE '%%' OR `email` LIKE '%%' OR `mobile` LIKE '%%' ) [ RunTime:0.006468s ]
---------------------------------------------------------------
[2020-04-27T17:06:38+08:00] 122.233.104.6 POST pingshen.hbhb.vip/admin/users/userstate.html
[运行时间：0.054964s] [吞吐率：18.19req/s] [内存消耗：3,075.57kb] [文件加载：79]
[ info ] [ LANG ] /www/wwwroot/pingshen/thinkphp/lang/zh-cn.php
[ info ] [ LANG ] /www/wwwroot/pingshen/application/admin//lang/zh-cn.php
[ info ] [ ROUTE ] array (
)
[ info ] [ HEADER ] array (
  'cookie' => 'skin=0; __guid=45053733.3000308160523766000.1581945795151.1138; PHPSESSID=5fojn88lp91ofh2g1v3ovh2ft4; monitor_count=2',
  'accept-language' => 'zh-CN,zh;q=0.9',
  'accept-encoding' => 'gzip, deflate, br',
  'referer' => 'https://pingshen.hbhb.vip/admin/users/userlist.html',
  'sec-fetch-mode' => 'cors',
  'sec-fetch-site' => 'same-origin',
  'content-type' => 'application/x-www-form-urlencoded; charset=UTF-8',
  'user-agent' => 'Mozilla/5.0 (Windows NT 6.1; WOW64) AppleWebKit/537.36 (KHTML, like Gecko) Chrome/78.0.3904.108 Safari/537.36',
  'x-requested-with' => 'XMLHttpRequest',
  'origin' => 'https://pingshen.hbhb.vip',
  'accept' => '*/*',
  'content-length' => '14',
  'host' => 'pingshen.hbhb.vip',
)
[ info ] [ PARAM ] array (
  'id' => '58',
  'status' => '1',
)
[ info ] [ DB ] INIT mysql
[ sql ] [ DB ] CONNECT:[ UseTime:0.009005s ] mysql:host=47.97.169.58;port=3306;dbname=pingshen;charset=utf8
[ sql ] [ SQL ] SHOW COLUMNS FROM `users` [ RunTime:0.007894s ]
[ sql ] [ SQL ] UPDATE `users`  SET `status` = 1  WHERE  ( id=58 ) [ RunTime:0.010302s ]
---------------------------------------------------------------
[2020-04-27T17:06:38+08:00] 122.233.104.6 POST pingshen.hbhb.vip/admin/users/userlist.html
[运行时间：0.050026s] [吞吐率：19.99req/s] [内存消耗：3,142.38kb] [文件加载：77]
[ info ] [ LANG ] /www/wwwroot/pingshen/thinkphp/lang/zh-cn.php
[ info ] [ LANG ] /www/wwwroot/pingshen/application/admin//lang/zh-cn.php
[ info ] [ ROUTE ] array (
)
[ info ] [ HEADER ] array (
  'cookie' => 'skin=0; __guid=45053733.3000308160523766000.1581945795151.1138; PHPSESSID=5fojn88lp91ofh2g1v3ovh2ft4; monitor_count=2',
  'accept-language' => 'zh-CN,zh;q=0.9',
  'accept-encoding' => 'gzip, deflate, br',
  'referer' => 'https://pingshen.hbhb.vip/admin/users/userlist.html',
  'sec-fetch-mode' => 'cors',
  'sec-fetch-site' => 'same-origin',
  'content-type' => 'application/x-www-form-urlencoded; charset=UTF-8',
  'user-agent' => 'Mozilla/5.0 (Windows NT 6.1; WOW64) AppleWebKit/537.36 (KHTML, like Gecko) Chrome/78.0.3904.108 Safari/537.36',
  'x-requested-with' => 'XMLHttpRequest',
  'origin' => 'https://pingshen.hbhb.vip',
  'accept' => 'application/json, text/javascript, */*; q=0.01',
  'content-length' => '15',
  'host' => 'pingshen.hbhb.vip',
)
[ info ] [ PARAM ] array (
  'page' => '1',
  'limit' => '10',
)
[ info ] [ DB ] INIT mysql
[ sql ] [ DB ] CONNECT:[ UseTime:0.009208s ] mysql:host=47.97.169.58;port=3306;dbname=pingshen;charset=utf8
[ sql ] [ SQL ] SHOW COLUMNS FROM `users` [ RunTime:0.007957s ]
[ sql ] [ SQL ] SELECT * FROM `users` WHERE  ( `nickname` LIKE '%%' OR `email` LIKE '%%' OR `mobile` LIKE '%%' ) [ RunTime:0.006450s ]
---------------------------------------------------------------
[2020-04-27T17:06:41+08:00] 122.233.104.6 POST pingshen.hbhb.vip/admin/users/userstate.html
[运行时间：0.054476s] [吞吐率：18.36req/s] [内存消耗：3,075.57kb] [文件加载：79]
[ info ] [ LANG ] /www/wwwroot/pingshen/thinkphp/lang/zh-cn.php
[ info ] [ LANG ] /www/wwwroot/pingshen/application/admin//lang/zh-cn.php
[ info ] [ ROUTE ] array (
)
[ info ] [ HEADER ] array (
  'cookie' => 'skin=0; __guid=45053733.3000308160523766000.1581945795151.1138; PHPSESSID=5fojn88lp91ofh2g1v3ovh2ft4; monitor_count=2',
  'accept-language' => 'zh-CN,zh;q=0.9',
  'accept-encoding' => 'gzip, deflate, br',
  'referer' => 'https://pingshen.hbhb.vip/admin/users/userlist.html',
  'sec-fetch-mode' => 'cors',
  'sec-fetch-site' => 'same-origin',
  'content-type' => 'application/x-www-form-urlencoded; charset=UTF-8',
  'user-agent' => 'Mozilla/5.0 (Windows NT 6.1; WOW64) AppleWebKit/537.36 (KHTML, like Gecko) Chrome/78.0.3904.108 Safari/537.36',
  'x-requested-with' => 'XMLHttpRequest',
  'origin' => 'https://pingshen.hbhb.vip',
  'accept' => '*/*',
  'content-length' => '14',
  'host' => 'pingshen.hbhb.vip',
)
[ info ] [ PARAM ] array (
  'id' => '57',
  'status' => '1',
)
[ info ] [ DB ] INIT mysql
[ sql ] [ DB ] CONNECT:[ UseTime:0.008945s ] mysql:host=47.97.169.58;port=3306;dbname=pingshen;charset=utf8
[ sql ] [ SQL ] SHOW COLUMNS FROM `users` [ RunTime:0.007870s ]
[ sql ] [ SQL ] UPDATE `users`  SET `status` = 1  WHERE  ( id=57 ) [ RunTime:0.010051s ]
---------------------------------------------------------------
[2020-04-27T17:06:41+08:00] 122.233.104.6 POST pingshen.hbhb.vip/admin/users/userlist.html
[运行时间：0.049655s] [吞吐率：20.14req/s] [内存消耗：3,142.38kb] [文件加载：77]
[ info ] [ LANG ] /www/wwwroot/pingshen/thinkphp/lang/zh-cn.php
[ info ] [ LANG ] /www/wwwroot/pingshen/application/admin//lang/zh-cn.php
[ info ] [ ROUTE ] array (
)
[ info ] [ HEADER ] array (
  'cookie' => 'skin=0; __guid=45053733.3000308160523766000.1581945795151.1138; PHPSESSID=5fojn88lp91ofh2g1v3ovh2ft4; monitor_count=2',
  'accept-language' => 'zh-CN,zh;q=0.9',
  'accept-encoding' => 'gzip, deflate, br',
  'referer' => 'https://pingshen.hbhb.vip/admin/users/userlist.html',
  'sec-fetch-mode' => 'cors',
  'sec-fetch-site' => 'same-origin',
  'content-type' => 'application/x-www-form-urlencoded; charset=UTF-8',
  'user-agent' => 'Mozilla/5.0 (Windows NT 6.1; WOW64) AppleWebKit/537.36 (KHTML, like Gecko) Chrome/78.0.3904.108 Safari/537.36',
  'x-requested-with' => 'XMLHttpRequest',
  'origin' => 'https://pingshen.hbhb.vip',
  'accept' => 'application/json, text/javascript, */*; q=0.01',
  'content-length' => '15',
  'host' => 'pingshen.hbhb.vip',
)
[ info ] [ PARAM ] array (
  'page' => '1',
  'limit' => '10',
)
[ info ] [ DB ] INIT mysql
[ sql ] [ DB ] CONNECT:[ UseTime:0.008378s ] mysql:host=47.97.169.58;port=3306;dbname=pingshen;charset=utf8
[ sql ] [ SQL ] SHOW COLUMNS FROM `users` [ RunTime:0.007447s ]
[ sql ] [ SQL ] SELECT * FROM `users` WHERE  ( `nickname` LIKE '%%' OR `email` LIKE '%%' OR `mobile` LIKE '%%' ) [ RunTime:0.005855s ]
---------------------------------------------------------------
[2020-04-27T17:06:45+08:00] 122.233.104.6 POST pingshen.hbhb.vip/admin/users/userstate.html
[运行时间：0.055205s] [吞吐率：18.11req/s] [内存消耗：3,075.57kb] [文件加载：79]
[ info ] [ LANG ] /www/wwwroot/pingshen/thinkphp/lang/zh-cn.php
[ info ] [ LANG ] /www/wwwroot/pingshen/application/admin//lang/zh-cn.php
[ info ] [ ROUTE ] array (
)
[ info ] [ HEADER ] array (
  'cookie' => 'skin=0; __guid=45053733.3000308160523766000.1581945795151.1138; PHPSESSID=5fojn88lp91ofh2g1v3ovh2ft4; monitor_count=2',
  'accept-language' => 'zh-CN,zh;q=0.9',
  'accept-encoding' => 'gzip, deflate, br',
  'referer' => 'https://pingshen.hbhb.vip/admin/users/userlist.html',
  'sec-fetch-mode' => 'cors',
  'sec-fetch-site' => 'same-origin',
  'content-type' => 'application/x-www-form-urlencoded; charset=UTF-8',
  'user-agent' => 'Mozilla/5.0 (Windows NT 6.1; WOW64) AppleWebKit/537.36 (KHTML, like Gecko) Chrome/78.0.3904.108 Safari/537.36',
  'x-requested-with' => 'XMLHttpRequest',
  'origin' => 'https://pingshen.hbhb.vip',
  'accept' => '*/*',
  'content-length' => '14',
  'host' => 'pingshen.hbhb.vip',
)
[ info ] [ PARAM ] array (
  'id' => '56',
  'status' => '1',
)
[ info ] [ DB ] INIT mysql
[ sql ] [ DB ] CONNECT:[ UseTime:0.009245s ] mysql:host=47.97.169.58;port=3306;dbname=pingshen;charset=utf8
[ sql ] [ SQL ] SHOW COLUMNS FROM `users` [ RunTime:0.008099s ]
[ sql ] [ SQL ] UPDATE `users`  SET `status` = 1  WHERE  ( id=56 ) [ RunTime:0.010983s ]
---------------------------------------------------------------
[2020-04-27T17:06:45+08:00] 122.233.104.6 POST pingshen.hbhb.vip/admin/users/userlist.html
[运行时间：0.050681s] [吞吐率：19.73req/s] [内存消耗：3,142.38kb] [文件加载：77]
[ info ] [ LANG ] /www/wwwroot/pingshen/thinkphp/lang/zh-cn.php
[ info ] [ LANG ] /www/wwwroot/pingshen/application/admin//lang/zh-cn.php
[ info ] [ ROUTE ] array (
)
[ info ] [ HEADER ] array (
  'cookie' => 'skin=0; __guid=45053733.3000308160523766000.1581945795151.1138; PHPSESSID=5fojn88lp91ofh2g1v3ovh2ft4; monitor_count=2',
  'accept-language' => 'zh-CN,zh;q=0.9',
  'accept-encoding' => 'gzip, deflate, br',
  'referer' => 'https://pingshen.hbhb.vip/admin/users/userlist.html',
  'sec-fetch-mode' => 'cors',
  'sec-fetch-site' => 'same-origin',
  'content-type' => 'application/x-www-form-urlencoded; charset=UTF-8',
  'user-agent' => 'Mozilla/5.0 (Windows NT 6.1; WOW64) AppleWebKit/537.36 (KHTML, like Gecko) Chrome/78.0.3904.108 Safari/537.36',
  'x-requested-with' => 'XMLHttpRequest',
  'origin' => 'https://pingshen.hbhb.vip',
  'accept' => 'application/json, text/javascript, */*; q=0.01',
  'content-length' => '15',
  'host' => 'pingshen.hbhb.vip',
)
[ info ] [ PARAM ] array (
  'page' => '1',
  'limit' => '10',
)
[ info ] [ DB ] INIT mysql
[ sql ] [ DB ] CONNECT:[ UseTime:0.009705s ] mysql:host=47.97.169.58;port=3306;dbname=pingshen;charset=utf8
[ sql ] [ SQL ] SHOW COLUMNS FROM `users` [ RunTime:0.008205s ]
[ sql ] [ SQL ] SELECT * FROM `users` WHERE  ( `nickname` LIKE '%%' OR `email` LIKE '%%' OR `mobile` LIKE '%%' ) [ RunTime:0.006769s ]
---------------------------------------------------------------
[2020-04-27T19:05:47+08:00] 47.100.124.106 GET pingshen.hbhb.vip/
[运行时间：0.020252s] [吞吐率：49.38req/s] [内存消耗：2,225.12kb] [文件加载：75]
[ info ] [ LANG ] /www/wwwroot/pingshen/thinkphp/lang/zh-cn.php
[ info ] [ LANG ] /www/wwwroot/pingshen/application/admin//lang/zh-cn.php
[ info ] [ ROUTE ] array (
)
[ info ] [ HEADER ] array (
  'accept-encoding' => 'gzip',
  'connection' => 'Keep-Alive',
  'host' => 'pingshen.hbhb.vip',
  'user-agent' => 'Mozilla/5.0 chrome(windows nt/Windows NT;)Chrome',
  'content-type' => '',
  'content-length' => '',
)
[ info ] [ PARAM ] array (
)
---------------------------------------------------------------
[2020-04-27T19:05:47+08:00] 47.100.124.106 GET pingshen.hbhb.vip/admin/login/index.html
[运行时间：0.020885s] [吞吐率：47.88req/s] [内存消耗：2,210.23kb] [文件加载：77]
[ info ] [ LANG ] /www/wwwroot/pingshen/thinkphp/lang/zh-cn.php
[ info ] [ LANG ] /www/wwwroot/pingshen/application/admin//lang/zh-cn.php
[ info ] [ ROUTE ] array (
)
[ info ] [ HEADER ] array (
  'accept-encoding' => 'gzip',
  'connection' => 'Keep-Alive',
  'host' => 'pingshen.hbhb.vip',
  'user-agent' => 'Mozilla/5.0 chrome(windows nt/Windows NT;)Chrome',
  'content-type' => '',
  'content-length' => '',
)
[ info ] [ PARAM ] array (
)
[ info ] [ VIEW ] /www/wwwroot/pingshen/application/admin/view/login/index.html [ array (
) ]
[ error ] [8]未定义变量: system[/www/wwwroot/pingshen/runtime/temp/b8b184884121afc82a66e9b20efb8822.php:37]
---------------------------------------------------------------
[2020-04-27T19:05:49+08:00] 47.100.124.106 GET pingshen.hbhb.vip/admin/index/index.html
[运行时间：0.020945s] [吞吐率：47.74req/s] [内存消耗：2,225.32kb] [文件加载：75]
[ info ] [ LANG ] /www/wwwroot/pingshen/thinkphp/lang/zh-cn.php
[ info ] [ LANG ] /www/wwwroot/pingshen/application/admin//lang/zh-cn.php
[ info ] [ ROUTE ] array (
)
[ info ] [ HEADER ] array (
  'accept-encoding' => 'gzip',
  'connection' => 'Keep-Alive',
  'host' => 'pingshen.hbhb.vip',
  'user-agent' => 'Mozilla/5.0 chrome(windows nt/Windows NT;)Chrome',
  'content-type' => '',
  'content-length' => '',
)
[ info ] [ PARAM ] array (
)
---------------------------------------------------------------
[2020-04-27T19:05:49+08:00] 47.100.124.106 GET pingshen.hbhb.vip/admin/login/index.html
[运行时间：0.020804s] [吞吐率：48.07req/s] [内存消耗：2,210.23kb] [文件加载：77]
[ info ] [ LANG ] /www/wwwroot/pingshen/thinkphp/lang/zh-cn.php
[ info ] [ LANG ] /www/wwwroot/pingshen/application/admin//lang/zh-cn.php
[ info ] [ ROUTE ] array (
)
[ info ] [ HEADER ] array (
  'accept-encoding' => 'gzip',
  'connection' => 'Keep-Alive',
  'host' => 'pingshen.hbhb.vip',
  'user-agent' => 'Mozilla/5.0 chrome(windows nt/Windows NT;)Chrome',
  'content-type' => '',
  'content-length' => '',
)
[ info ] [ PARAM ] array (
)
[ info ] [ VIEW ] /www/wwwroot/pingshen/application/admin/view/login/index.html [ array (
) ]
[ error ] [8]未定义变量: system[/www/wwwroot/pingshen/runtime/temp/b8b184884121afc82a66e9b20efb8822.php:37]
---------------------------------------------------------------
[2020-04-27T21:15:48+08:00] 107.179.19.68 GET pingshen.hbhb.vip/wp-login.php
[运行时间：0.020679s] [吞吐率：48.36req/s] [内存消耗：2,116.72kb] [文件加载：69]
[ info ] [ LANG ] /www/wwwroot/pingshen/thinkphp/lang/zh-cn.php
[ info ] [ ROUTE ] array (
)
[ info ] [ HEADER ] array (
  'connection' => 'close',
  'accept-encoding' => 'gzip',
  'user-agent' => 'Mozilla/5.0 (X11; Ubuntu; Linux x86_64; rv:62.0) Gecko/20100101 Firefox/62.0',
  'host' => 'pingshen.hbhb.vip',
  'content-type' => '',
  'content-length' => '',
)
[ info ] [ PARAM ] array (
)
---------------------------------------------------------------
[2020-04-27T22:53:40+08:00] 106.15.192.48 GET pingshen.hbhb.vip/
[运行时间：0.021338s] [吞吐率：46.86req/s] [内存消耗：2,225.12kb] [文件加载：75]
[ info ] [ LANG ] /www/wwwroot/pingshen/thinkphp/lang/zh-cn.php
[ info ] [ LANG ] /www/wwwroot/pingshen/application/admin//lang/zh-cn.php
[ info ] [ ROUTE ] array (
)
[ info ] [ HEADER ] array (
  'accept-encoding' => 'gzip',
  'connection' => 'Keep-Alive',
  'host' => 'pingshen.hbhb.vip',
  'user-agent' => 'Mozilla/5.0 chrome(windows nt/Windows NT;)Chrome',
  'content-type' => '',
  'content-length' => '',
)
[ info ] [ PARAM ] array (
)
---------------------------------------------------------------
[2020-04-27T22:53:40+08:00] 106.15.192.48 GET pingshen.hbhb.vip/admin/login/index.html
[运行时间：0.020743s] [吞吐率：48.21req/s] [内存消耗：2,210.23kb] [文件加载：77]
[ info ] [ LANG ] /www/wwwroot/pingshen/thinkphp/lang/zh-cn.php
[ info ] [ LANG ] /www/wwwroot/pingshen/application/admin//lang/zh-cn.php
[ info ] [ ROUTE ] array (
)
[ info ] [ HEADER ] array (
  'accept-encoding' => 'gzip',
  'connection' => 'Keep-Alive',
  'host' => 'pingshen.hbhb.vip',
  'user-agent' => 'Mozilla/5.0 chrome(windows nt/Windows NT;)Chrome',
  'content-type' => '',
  'content-length' => '',
)
[ info ] [ PARAM ] array (
)
[ info ] [ VIEW ] /www/wwwroot/pingshen/application/admin/view/login/index.html [ array (
) ]
[ error ] [8]未定义变量: system[/www/wwwroot/pingshen/runtime/temp/b8b184884121afc82a66e9b20efb8822.php:37]
---------------------------------------------------------------
[2020-04-27T22:53:42+08:00] 106.15.192.48 GET pingshen.hbhb.vip/admin/index/index.html
[运行时间：0.020607s] [吞吐率：48.53req/s] [内存消耗：2,225.32kb] [文件加载：75]
[ info ] [ LANG ] /www/wwwroot/pingshen/thinkphp/lang/zh-cn.php
[ info ] [ LANG ] /www/wwwroot/pingshen/application/admin//lang/zh-cn.php
[ info ] [ ROUTE ] array (
)
[ info ] [ HEADER ] array (
  'accept-encoding' => 'gzip',
  'connection' => 'Keep-Alive',
  'host' => 'pingshen.hbhb.vip',
  'user-agent' => 'Mozilla/5.0 chrome(windows nt/Windows NT;)Chrome',
  'content-type' => '',
  'content-length' => '',
)
[ info ] [ PARAM ] array (
)
---------------------------------------------------------------
[2020-04-27T22:53:42+08:00] 106.15.192.48 GET pingshen.hbhb.vip/admin/login/index.html
[运行时间：0.020841s] [吞吐率：47.98req/s] [内存消耗：2,210.23kb] [文件加载：77]
[ info ] [ LANG ] /www/wwwroot/pingshen/thinkphp/lang/zh-cn.php
[ info ] [ LANG ] /www/wwwroot/pingshen/application/admin//lang/zh-cn.php
[ info ] [ ROUTE ] array (
)
[ info ] [ HEADER ] array (
  'accept-encoding' => 'gzip',
  'connection' => 'Keep-Alive',
  'host' => 'pingshen.hbhb.vip',
  'user-agent' => 'Mozilla/5.0 chrome(windows nt/Windows NT;)Chrome',
  'content-type' => '',
  'content-length' => '',
)
[ info ] [ PARAM ] array (
)
[ info ] [ VIEW ] /www/wwwroot/pingshen/application/admin/view/login/index.html [ array (
) ]
[ error ] [8]未定义变量: system[/www/wwwroot/pingshen/runtime/temp/b8b184884121afc82a66e9b20efb8822.php:37]
