---------------------------------------------------------------
[2020-06-27T19:36:09+08:00] 209.17.96.66 GET pingshen.hbhb.vip/
[运行时间：0.021994s] [吞吐率：45.47req/s] [内存消耗：2,224.85kb] [文件加载：75]
[ info ] [ LANG ] /www/wwwroot/pingshen/thinkphp/lang/zh-cn.php
[ info ] [ LANG ] /www/wwwroot/pingshen/application/admin//lang/zh-cn.php
[ info ] [ ROUTE ] array (
)
[ info ] [ HEADER ] array (
  'user-agent' => 'Mozilla/5.0 (compatible; Nimbostratus-Bot/v1.3.2; http://cloudsystemnetworks.com)',
  'host' => 'pingshen.hbhb.vip',
  'content-type' => '',
  'content-length' => '',
)
[ info ] [ PARAM ] array (
)
---------------------------------------------------------------
[2020-06-27T20:35:56+08:00] 47.101.45.115 GET pingshen.hbhb.vip/
[运行时间：0.020808s] [吞吐率：48.06req/s] [内存消耗：2,225.05kb] [文件加载：75]
[ info ] [ LANG ] /www/wwwroot/pingshen/thinkphp/lang/zh-cn.php
[ info ] [ LANG ] /www/wwwroot/pingshen/application/admin//lang/zh-cn.php
[ info ] [ ROUTE ] array (
)
[ info ] [ HEADER ] array (
  'accept-encoding' => 'gzip',
  'connection' => 'Keep-Alive',
  'host' => 'pingshen.hbhb.vip',
  'user-agent' => 'Mozilla/5.0 (Linux/Android/android/iphone;)',
  'content-type' => '',
  'content-length' => '',
)
[ info ] [ PARAM ] array (
)
---------------------------------------------------------------
[2020-06-27T20:35:56+08:00] 47.101.45.115 GET pingshen.hbhb.vip/admin/login/index.html
[运行时间：0.020752s] [吞吐率：48.19req/s] [内存消耗：2,210.16kb] [文件加载：77]
[ info ] [ LANG ] /www/wwwroot/pingshen/thinkphp/lang/zh-cn.php
[ info ] [ LANG ] /www/wwwroot/pingshen/application/admin//lang/zh-cn.php
[ info ] [ ROUTE ] array (
)
[ info ] [ HEADER ] array (
  'accept-encoding' => 'gzip',
  'connection' => 'Keep-Alive',
  'host' => 'pingshen.hbhb.vip',
  'user-agent' => 'Mozilla/5.0 (Linux/Android/android/iphone;)',
  'content-type' => '',
  'content-length' => '',
)
[ info ] [ PARAM ] array (
)
[ info ] [ VIEW ] /www/wwwroot/pingshen/application/admin/view/login/index.html [ array (
) ]
[ error ] [8]未定义变量: system[/www/wwwroot/pingshen/runtime/temp/b8b184884121afc82a66e9b20efb8822.php:37]
---------------------------------------------------------------
[2020-06-27T20:35:58+08:00] 47.101.45.115 GET pingshen.hbhb.vip/admin/index/index.html
[运行时间：0.020819s] [吞吐率：48.03req/s] [内存消耗：2,225.26kb] [文件加载：75]
[ info ] [ LANG ] /www/wwwroot/pingshen/thinkphp/lang/zh-cn.php
[ info ] [ LANG ] /www/wwwroot/pingshen/application/admin//lang/zh-cn.php
[ info ] [ ROUTE ] array (
)
[ info ] [ HEADER ] array (
  'accept-encoding' => 'gzip',
  'connection' => 'Keep-Alive',
  'host' => 'pingshen.hbhb.vip',
  'user-agent' => 'Mozilla/5.0 (Linux/Android/android/iphone;)',
  'content-type' => '',
  'content-length' => '',
)
[ info ] [ PARAM ] array (
)
---------------------------------------------------------------
[2020-06-27T20:35:58+08:00] 47.101.45.115 GET pingshen.hbhb.vip/admin/login/index.html
[运行时间：0.020844s] [吞吐率：47.98req/s] [内存消耗：2,210.16kb] [文件加载：77]
[ info ] [ LANG ] /www/wwwroot/pingshen/thinkphp/lang/zh-cn.php
[ info ] [ LANG ] /www/wwwroot/pingshen/application/admin//lang/zh-cn.php
[ info ] [ ROUTE ] array (
)
[ info ] [ HEADER ] array (
  'accept-encoding' => 'gzip',
  'connection' => 'Keep-Alive',
  'host' => 'pingshen.hbhb.vip',
  'user-agent' => 'Mozilla/5.0 (Linux/Android/android/iphone;)',
  'content-type' => '',
  'content-length' => '',
)
[ info ] [ PARAM ] array (
)
[ info ] [ VIEW ] /www/wwwroot/pingshen/application/admin/view/login/index.html [ array (
) ]
[ error ] [8]未定义变量: system[/www/wwwroot/pingshen/runtime/temp/b8b184884121afc82a66e9b20efb8822.php:37]
